## 开始执行... 2021-08-25 10:30:01


🔔资产变化强化版, 开始!

====================共131个京东账号Cookie=========

==================脚本执行- 北京时间(UTC+8)：2021/8/25 上午10:30:01=====================



********开始【京东账号1】-小东_******

2021-08-25日过期京豆：0

2021-08-26日过期京豆：0

2021-08-27日过期京豆：0

2021-08-28日过期京豆：0

2021-08-29日过期京豆：0

2021-08-30日过期京豆：0

2021-08-31日过期京豆：0


==============📣系统通知📣==============
资产变化强化版
📣=============账号1=============📣
账号名称：-小东_
今日收入：106京豆 🐶
昨日收入：200京豆 🐶
昨日支出：0京豆 🐶
当前京豆：3231(今日将过期0)京豆🐶
京喜牧场：0枚鸡蛋
极速金币：190103金币(≈19.0103元)
京东赚赚：45250金币(≈4.525元)
京东秒杀：3280秒秒币(≈3.28元)
东东农场：4升调和油,进度45.18%,79天后可兑🍉
京喜工厂：当前未开始生产商品,请手动去京东APP->游戏与互动->查看更多->京喜工厂 开启活动🏭
东东工厂：华为-礼品1 蓝牙音箱 剩余8;电力投入情况 1800000/4580000;当前总电力:3801524 ;完成度:83%🏭
东东萌宠：成人声波 电动牙刷,勋章3/5块(5.6%)
🧧🧧🧧🧧红包明细🧧🧧🧧🧧
当前总红包：22.93(今日总过期0.00)元 🧧
京喜红包：11.21(今日将过期0.00)元 🧧
极速红包：0.02(今日将过期0.00)元 🧧
京东红包：11.70(今日将过期0.00)元 🧧
健康红包：0.00(今日将过期0.00)元 🧧



********开始【京东账号2】jd_152183bwj******

2021-08-25日过期京豆：0

2021-08-26日过期京豆：0

2021-08-27日过期京豆：0

2021-08-28日过期京豆：0

2021-08-29日过期京豆：0

2021-08-30日过期京豆：0

2021-08-31日过期京豆：0


==============📣系统通知📣==============
资产变化强化版
📣=============账号2=============📣
账号名称：jd_152183bwj
今日收入：142京豆 🐶
昨日收入：114京豆 🐶
昨日支出：0京豆 🐶
当前京豆：5770(今日将过期0)京豆🐶
京喜牧场：322枚鸡蛋
极速金币：473255金币(≈47.3255元)
京东赚赚：54700金币(≈5.47元)
京东秒杀：3470秒秒币(≈3.47元)
东东农场：20斤大米,进度44.05%,72天后可兑🍉
京喜工厂：undefined ,已经可兑换，请手动兑换🏭
东东工厂：华为-礼品1 蓝牙音箱 剩余8;电力投入情况 3000000/4580000;当前总电力:3806193 ;完成度:83%🏭
东东萌宠：全自动 晴雨伞,勋章4/5块(86.5%)
🧧🧧🧧🧧红包明细🧧🧧🧧🧧
当前总红包：25.64(今日总过期6.05)元 🧧
京喜红包：17.49(今日将过期2.65)元 🧧
极速红包：0.22(今日将过期0.00)元 🧧
京东红包：7.93(今日将过期3.40)元 🧧
健康红包：0.00(今日将过期0.00)元 🧧



********开始【京东账号3】tryxd22******

2021-08-25日过期京豆：0

2021-08-26日过期京豆：8

2021-08-27日过期京豆：0

2021-08-28日过期京豆：0

2021-08-29日过期京豆：0

2021-08-30日过期京豆：0

2021-08-31日过期京豆：0


==============📣系统通知📣==============
资产变化强化版
📣=============账号3=============📣
账号名称：tryxd22
今日收入：84京豆 🐶
昨日收入：75京豆 🐶
昨日支出：0京豆 🐶
当前京豆：6162(今日将过期0)京豆🐶
京喜牧场：0枚鸡蛋
极速金币：385195金币(≈38.5195元)
京东赚赚：287200金币(≈28.72元)
东东农场：4升调和油,进度63.00%,45天后可兑🍉
京喜工厂：当前未开始生产商品,请手动去京东APP->游戏与互动->查看更多->京喜工厂 开启活动🏭
东东工厂：华为-礼品1 蓝牙音箱 剩余8;电力投入情况 100000/4580000;当前总电力:3103298 ;完成度:68%🏭
东东萌宠：全自动 晴雨伞,勋章4/5块(20.5%)
🧧🧧🧧🧧红包明细🧧🧧🧧🧧
当前总红包：9.45(今日总过期0.09)元 🧧
京喜红包：8.47(今日将过期0.00)元 🧧
极速红包：0.09(今日将过期0.09)元 🧧
京东红包：0.89(今日将过期0.00)元 🧧
健康红包：0.00(今日将过期0.00)元 🧧



********开始【京东账号4】jd_157282zts******

2021-08-25日过期京豆：0

2021-08-26日过期京豆：0

2021-08-27日过期京豆：0

2021-08-28日过期京豆：0

2021-08-29日过期京豆：0

2021-08-30日过期京豆：0

2021-08-31日过期京豆：5


==============📣系统通知📣==============
资产变化强化版
📣=============账号4=============📣
账号名称：jd_157282zts
今日收入：244京豆 🐶
昨日收入：190京豆 🐶
昨日支出：0京豆 🐶
当前京豆：721(今日将过期0)京豆🐶
极速金币：324063金币(≈32.4063元)
京东赚赚：83100金币(≈8.31元)
京东秒杀：4740秒秒币(≈4.74元)
东东农场：4升调和油,进度81.40%,19天后可兑🍉
京喜工厂：当前未开始生产商品,请手动去京东APP->游戏与互动->查看更多->京喜工厂 开启活动🏭
东东工厂：当前未选择商品(或未开启活动) , 请到京东APP=>首页=>京东电器=>(底栏)东东工厂 选择商品!🏭
🧧🧧🧧🧧红包明细🧧🧧🧧🧧
当前总红包：8.08(今日总过期1.13)元 🧧
京喜红包：7.46(今日将过期0.75)元 🧧
极速红包：0.22(今日将过期0.08)元 🧧
京东红包：0.40(今日将过期0.30)元 🧧
健康红包：0.00(今日将过期0.00)元 🧧



********开始【京东账号5】北风一号吹******

2021-08-25日过期京豆：0

2021-08-26日过期京豆：0

2021-08-27日过期京豆：0

2021-08-28日过期京豆：0

2021-08-29日过期京豆：0

2021-08-30日过期京豆：0

2021-08-31日过期京豆：5


==============📣系统通知📣==============
资产变化强化版
📣=============账号5=============📣
账号名称：北风一号吹
今日收入：312京豆 🐶
昨日收入：138京豆 🐶
昨日支出：-1000京豆 🐶
当前京豆：3365(今日将过期0)京豆🐶
京喜牧场：0枚鸡蛋
极速金币：135800金币(≈13.58元)
京东赚赚：66000金币(≈6.6元)
京东秒杀：5180秒秒币(≈5.18元)
东东农场：4升调和油,进度24.77%,50天后可兑🍉
京喜工厂：undefined ,已经可兑换，请手动兑换🏭
东东工厂：当前未选择商品(或未开启活动) , 请到京东APP=>首页=>京东电器=>(底栏)东东工厂 选择商品!🏭
东东萌宠：全自动 晴雨伞,勋章4/5块(14.1%)
🧧🧧🧧🧧红包明细🧧🧧🧧🧧
当前总红包：14.82(今日总过期2.30)元 🧧
京喜红包：4.20(今日将过期1.85)元 🧧
极速红包：10.27(今日将过期0.27)元 🧧
京东红包：0.35(今日将过期0.18)元 🧧
健康红包：0.00(今日将过期0.00)元 🧧



********开始【京东账号6】jd_135270jzp******

2021-08-25日过期京豆：0

2021-08-26日过期京豆：0

2021-08-27日过期京豆：0

2021-08-28日过期京豆：0

2021-08-29日过期京豆：0

2021-08-30日过期京豆：0

2021-08-31日过期京豆：0


==============📣系统通知📣==============
资产变化强化版
📣=============账号6=============📣
账号名称：jd_135270jzp
今日收入：195京豆 🐶
昨日收入：135京豆 🐶
昨日支出：0京豆 🐶
当前京豆：2543(今日将过期0)京豆🐶
京喜牧场：22枚鸡蛋
极速金币：330669金币(≈33.0669元)
京东赚赚：86000金币(≈8.6元)
京东秒杀：7550秒秒币(≈7.55元)
东东农场：3斤雪花梨,进度93.00%,3天后可兑🍉
京喜工厂：当前未开始生产商品,请手动去京东APP->游戏与互动->查看更多->京喜工厂 开启活动🏭
东东工厂：当前未选择商品(或未开启活动) , 请到京东APP=>首页=>京东电器=>(底栏)东东工厂 选择商品!🏭
东东萌宠：全自动 晴雨伞,勋章4/5块(6.6%)
🧧🧧🧧🧧红包明细🧧🧧🧧🧧
当前总红包：7.33(今日总过期1.80)元 🧧
京喜红包：3.91(今日将过期1.20)元 🧧
极速红包：0.33(今日将过期0.33)元 🧧
京东红包：3.09(今日将过期0.27)元 🧧
健康红包：0.00(今日将过期0.00)元 🧧



********开始【京东账号7】Ronxy_******

2021-08-25日过期京豆：0

2021-08-26日过期京豆：0

2021-08-27日过期京豆：5

2021-08-28日过期京豆：5

2021-08-29日过期京豆：5

2021-08-30日过期京豆：0

2021-08-31日过期京豆：0


==============📣系统通知📣==============
资产变化强化版
📣=============账号7=============📣
账号名称：Ronxy_
今日收入：122京豆 🐶
昨日收入：242京豆 🐶
昨日支出：0京豆 🐶
当前京豆：14459(今日将过期0)京豆🐶
京喜牧场：0枚鸡蛋
极速金币：579904金币(≈57.9904元)
京东赚赚：79200金币(≈7.92元)
京东秒杀：1840秒秒币(≈1.84元)
东东农场：1.5斤大连樱桃,进度100.00%
京喜工厂：当前未开始生产商品,请手动去京东APP->游戏与互动->查看更多->京喜工厂 开启活动🏭
东东工厂：华为-礼品1 蓝牙音箱 剩余8;电力投入情况 100000/4580000;当前总电力:3104309 ;完成度:68%🏭
东东萌宠：宠物衣服小恐龙款,勋章2/4块(41.9%)
🧧🧧🧧🧧红包明细🧧🧧🧧🧧
当前总红包：11.20(今日总过期2.52)元 🧧
京喜红包：6.30(今日将过期2.12)元 🧧
极速红包：0.32(今日将过期0.02)元 🧧
京东红包：4.58(今日将过期0.38)元 🧧
健康红包：0.00(今日将过期0.00)元 🧧



********开始【京东账号8】趁早_o******

2021-08-25日过期京豆：0

2021-08-26日过期京豆：5

2021-08-27日过期京豆：5

2021-08-28日过期京豆：5

2021-08-29日过期京豆：5

2021-08-30日过期京豆：5

2021-08-31日过期京豆：5


==============📣系统通知📣==============
资产变化强化版
📣=============账号8=============📣
账号名称：趁早_o
今日收入：131京豆 🐶
昨日收入：139京豆 🐶
昨日支出：0京豆 🐶
当前京豆：1290(今日将过期0)京豆🐶
京喜牧场：0枚鸡蛋
极速金币：130845金币(≈13.0845元)
京东赚赚：142050金币(≈14.205元)
京东秒杀：12500秒秒币(≈12.5元)
东东农场：3盒龙虾尾,进度13.64%,79天后可兑🍉
京喜工厂：洁柔抽纸24包 ,进度:100.00%🏭
东东工厂：当前未选择商品(或未开启活动) , 请到京东APP=>首页=>京东电器=>(底栏)东东工厂 选择商品!🏭
东东萌宠：2只装 大号收纳袋,勋章4/4块(100%)
🧧🧧🧧🧧红包明细🧧🧧🧧🧧
当前总红包：0.67(今日总过期0.48)元 🧧
京喜红包：0.04(今日将过期0.02)元 🧧
极速红包：0.36(今日将过期0.29)元 🧧
京东红包：0.27(今日将过期0.17)元 🧧
健康红包：0.00(今日将过期0.00)元 🧧



********开始【京东账号9】小森呀_******

2021-08-25日过期京豆：0

2021-08-26日过期京豆：0

2021-08-27日过期京豆：0

2021-08-28日过期京豆：0

2021-08-29日过期京豆：0

2021-08-30日过期京豆：0

2021-08-31日过期京豆：0


==============📣系统通知📣==============
资产变化强化版
📣=============账号9=============📣
账号名称：小森呀_
今日收入：134京豆 🐶
昨日收入：123京豆 🐶
昨日支出：0京豆 🐶
当前京豆：3606(今日将过期0)京豆🐶
极速金币：298451金币(≈29.8451元)
京东赚赚：89100金币(≈8.91元)
京东秒杀：8870秒秒币(≈8.87元)
东东农场：3盒龙虾尾,进度33.68%,121天后可兑🍉
京喜工厂：${$.productName} ,已经超时失效, 请选择新商品进行制造🏭
东东工厂：当前未选择商品(或未开启活动) , 请到京东APP=>首页=>京东电器=>(底栏)东东工厂 选择商品!🏭
🧧🧧🧧🧧红包明细🧧🧧🧧🧧
当前总红包：0.79(今日总过期0.56)元 🧧
京喜红包：0.25(今日将过期0.12)元 🧧
极速红包：0.26(今日将过期0.26)元 🧧
京东红包：0.28(今日将过期0.18)元 🧧
健康红包：0.00(今日将过期0.00)元 🧧



********开始【京东账号10】CUHKkruSkztY******

2021-08-25日过期京豆：0

2021-08-26日过期京豆：0

2021-08-27日过期京豆：0

2021-08-28日过期京豆：5

2021-08-29日过期京豆：5

2021-08-30日过期京豆：5

2021-08-31日过期京豆：5


==============📣系统通知📣==============
资产变化强化版
📣=============账号10=============📣
账号名称：CUHKkruSkztY
今日收入：127京豆 🐶
昨日收入：150京豆 🐶
昨日支出：0京豆 🐶
当前京豆：1868(今日将过期0)京豆🐶
京喜牧场：0枚鸡蛋
极速金币：75373金币(≈7.5373元)
京东赚赚：55400金币(≈5.54元)
京东秒杀：4040秒秒币(≈4.04元)
东东农场：3盒龙虾尾,进度100.00%
京喜工厂：当前未开始生产商品,请手动去京东APP->游戏与互动->查看更多->京喜工厂 开启活动🏭
东东工厂：当前未选择商品(或未开启活动) , 请到京东APP=>首页=>京东电器=>(底栏)东东工厂 选择商品!🏭
东东萌宠：3层抽纸巾30包,勋章2/4块(90.7%)
🧧🧧🧧🧧红包明细🧧🧧🧧🧧
当前总红包：0.62(今日总过期0.48)元 🧧
京喜红包：0.04(今日将过期0.02)元 🧧
极速红包：0.19(今日将过期0.19)元 🧧
京东红包：0.39(今日将过期0.27)元 🧧
健康红包：0.00(今日将过期0.00)元 🧧



********开始【京东账号11】Bhiaa******

2021-08-25日过期京豆：0

2021-08-26日过期京豆：0

2021-08-27日过期京豆：0

2021-08-28日过期京豆：0

2021-08-29日过期京豆：0

2021-08-30日过期京豆：0

2021-08-31日过期京豆：5


==============📣系统通知📣==============
资产变化强化版
📣=============账号11=============📣
账号名称：Bhiaa
今日收入：151京豆 🐶
昨日收入：214京豆 🐶
昨日支出：-2000京豆 🐶
当前京豆：13489(今日将过期0)京豆🐶
京喜牧场：0枚鸡蛋
极速金币：594563金币(≈59.4563元)
京东赚赚：184400金币(≈18.44元)
京东秒杀：4375秒秒币(≈4.375元)
东东农场：3盒龙虾尾,进度44.55%,64天后可兑🍉
京喜工厂：当前未开始生产商品,请手动去京东APP->游戏与互动->查看更多->京喜工厂 开启活动🏭
东东工厂：华为-礼品1 蓝牙音箱 剩余8;电力投入情况 1500000/4580000;当前总电力:3571838 ;完成度:78%🏭
东东萌宠：全自动 晴雨伞,勋章3/5块(47%)
🧧🧧🧧🧧红包明细🧧🧧🧧🧧
当前总红包：2.89(今日总过期1.68)元 🧧
京喜红包：2.40(今日将过期1.29)元 🧧
极速红包：0.09(今日将过期0.09)元 🧧
京东红包：0.40(今日将过期0.30)元 🧧
健康红包：0.00(今日将过期0.00)元 🧧



********开始【京东账号12】jd_187020egq******

2021-08-25日过期京豆：0

2021-08-26日过期京豆：0

2021-08-27日过期京豆：0

2021-08-28日过期京豆：0

2021-08-29日过期京豆：0

2021-08-30日过期京豆：0

2021-08-31日过期京豆：0


==============📣系统通知📣==============
资产变化强化版
📣=============账号12=============📣
账号名称：jd_187020egq
今日收入：141京豆 🐶
昨日收入：122京豆 🐶
昨日支出：0京豆 🐶
当前京豆：1776(今日将过期0)京豆🐶
极速金币：188704金币(≈18.8704元)
京东赚赚：56000金币(≈5.6元)
东东农场：USB电风扇,进度93.75%,明天可兑🍉
京喜工厂：当前未开始生产商品,请手动去京东APP->游戏与互动->查看更多->京喜工厂 开启活动🏭
东东工厂：当前未选择商品(或未开启活动) , 请到京东APP=>首页=>京东电器=>(底栏)东东工厂 选择商品!🏭
东东萌宠：2只装 大号收纳袋,勋章2/4块(9.5%)
🧧🧧🧧🧧红包明细🧧🧧🧧🧧
当前总红包：1.01(今日总过期0.40)元 🧧
京喜红包：0.34(今日将过期0.12)元 🧧
极速红包：0.40(今日将过期0.16)元 🧧
京东红包：0.27(今日将过期0.12)元 🧧
健康红包：0.00(今日将过期0.00)元 🧧



********开始【京东账号13】大浈******

2021-08-25日过期京豆：0

2021-08-26日过期京豆：0

2021-08-27日过期京豆：0

2021-08-28日过期京豆：0

2021-08-29日过期京豆：0

2021-08-30日过期京豆：0

2021-08-31日过期京豆：0


==============📣系统通知📣==============
资产变化强化版
📣=============账号13=============📣
账号名称：大浈
今日收入：113京豆 🐶
昨日收入：124京豆 🐶
昨日支出：0京豆 🐶
当前京豆：3176(今日将过期0)京豆🐶
极速金币：12710金币(≈1.271元)
京东赚赚：139050金币(≈13.905元)
京东秒杀：13480秒秒币(≈13.48元)
东东农场：4升调和油,进度22.14%,113天后可兑🍉
京喜工厂：当前未开始生产商品,请手动去京东APP->游戏与互动->查看更多->京喜工厂 开启活动🏭
东东工厂：当前未选择商品(或未开启活动) , 请到京东APP=>首页=>京东电器=>(底栏)东东工厂 选择商品!🏭
东东萌宠：超大容量保温杯,勋章2/4块(48.9%)
🧧🧧🧧🧧红包明细🧧🧧🧧🧧
当前总红包：0.54(今日总过期0.30)元 🧧
京喜红包：0.07(今日将过期0.03)元 🧧
极速红包：0.00(今日将过期0.00)元 🧧
京东红包：0.47(今日将过期0.27)元 🧧
健康红包：0.00(今日将过期0.00)元 🧧



********开始【京东账号14】jd_138554uuq******

2021-08-25日过期京豆：0

2021-08-26日过期京豆：0

2021-08-27日过期京豆：0

2021-08-28日过期京豆：0

2021-08-29日过期京豆：0

2021-08-30日过期京豆：0

2021-08-31日过期京豆：0


==============📣系统通知📣==============
资产变化强化版
📣=============账号14=============📣
账号名称：jd_138554uuq
今日收入：90京豆 🐶
昨日收入：66京豆 🐶
昨日支出：0京豆 🐶
当前京豆：780(今日将过期0)京豆🐶
京喜牧场：0枚鸡蛋
极速金币：255021金币(≈25.5021元)
京东赚赚：113100金币(≈11.31元)
东东农场：20斤大米,进度28.13%,43天后可兑🍉
京喜工厂：当前未开始生产商品,请手动去京东APP->游戏与互动->查看更多->京喜工厂 开启活动🏭
东东工厂：当前未选择商品(或未开启活动) , 请到京东APP=>首页=>京东电器=>(底栏)东东工厂 选择商品!🏭
东东萌宠：声波电动牙刷,勋章3/4块(82.7%)
🧧🧧🧧🧧红包明细🧧🧧🧧🧧
当前总红包：1.50(今日总过期0.79)元 🧧
京喜红包：0.93(今日将过期0.43)元 🧧
极速红包：0.19(今日将过期0.16)元 🧧
京东红包：0.38(今日将过期0.20)元 🧧
健康红包：0.00(今日将过期0.00)元 🧧



********开始【京东账号15】jd_NYuxfBKcYuZO******

2021-08-25日过期京豆：0

2021-08-26日过期京豆：0

2021-08-27日过期京豆：0

2021-08-28日过期京豆：0

2021-08-29日过期京豆：0

2021-08-30日过期京豆：0

2021-08-31日过期京豆：0


==============📣系统通知📣==============
资产变化强化版
📣=============账号15=============📣
账号名称：jd_NYuxfBKcYuZO
今日收入：134京豆 🐶
昨日收入：6000京豆 🐶
昨日支出：-6000京豆 🐶
当前京豆：134(今日将过期0)京豆🐶
京喜牧场：20枚鸡蛋
极速金币：26996金币(≈2.6996元)
京东赚赚：117600金币(≈11.76元)
京东秒杀：11240秒秒币(≈11.24元)
东东农场：11.6斤洗衣液,进度45.38%,28天后可兑🍉
京喜工厂：当前未开始生产商品,请手动去京东APP->游戏与互动->查看更多->京喜工厂 开启活动🏭
东东工厂：当前未选择商品(或未开启活动) , 请到京东APP=>首页=>京东电器=>(底栏)东东工厂 选择商品!🏭
东东萌宠：全自动 晴雨伞,勋章2/5块(16.5%)
🧧🧧🧧🧧红包明细🧧🧧🧧🧧
当前总红包：1.38(今日总过期0.12)元 🧧
京喜红包：0.86(今日将过期0.12)元 🧧
极速红包：0.00(今日将过期0.00)元 🧧
京东红包：0.52(今日将过期0.00)元 🧧
健康红包：0.00(今日将过期0.00)元 🧧



********开始【京东账号16】jd_KxPdrSStDTFp******

2021-08-25日过期京豆：0

2021-08-26日过期京豆：0

2021-08-27日过期京豆：0

2021-08-28日过期京豆：0

2021-08-29日过期京豆：0

2021-08-30日过期京豆：0

2021-08-31日过期京豆：0


==============📣系统通知📣==============
资产变化强化版
📣=============账号16=============📣
账号名称：jd_KxPdrSStDTFp
今日收入：126京豆 🐶
昨日收入：82京豆 🐶
昨日支出：0京豆 🐶
当前京豆：1132(今日将过期0)京豆🐶
极速金币：159146金币(≈15.9146元)
京东赚赚：58300金币(≈5.83元)
东东农场：5斤小麦粉,进度100.00%
京喜工厂：当前未开始生产商品,请手动去京东APP->游戏与互动->查看更多->京喜工厂 开启活动🏭
东东工厂：当前未选择商品(或未开启活动) , 请到京东APP=>首页=>京东电器=>(底栏)东东工厂 选择商品!🏭
东东萌宠：全自动 晴雨伞,勋章2/5块(16.4%)
🧧🧧🧧🧧红包明细🧧🧧🧧🧧
当前总红包：2.73(今日总过期1.67)元 🧧
京喜红包：2.59(今日将过期1.55)元 🧧
极速红包：0.00(今日将过期0.00)元 🧧
京东红包：0.14(今日将过期0.12)元 🧧
健康红包：0.00(今日将过期0.00)元 🧧



********开始【京东账号17】jd_6cb3c0ff32055******

2021-08-25日过期京豆：0

2021-08-26日过期京豆：0

2021-08-27日过期京豆：0

2021-08-28日过期京豆：0

2021-08-29日过期京豆：0

2021-08-30日过期京豆：0

2021-08-31日过期京豆：0


==============📣系统通知📣==============
资产变化强化版
📣=============账号17=============📣
账号名称：jd_6cb3c0ff32055
今日收入：199京豆 🐶
昨日收入：148京豆 🐶
昨日支出：-2000京豆 🐶
当前京豆：434(今日将过期0)京豆🐶
极速金币：340572金币(≈34.0572元)
京东赚赚：103400金币(≈10.34元)
京东秒杀：3880秒秒币(≈3.88元)
东东农场：20斤大米,进度24.13%,28天后可兑🍉
京喜工厂：当前未开始生产商品,请手动去京东APP->游戏与互动->查看更多->京喜工厂 开启活动🏭
东东工厂：当前未选择商品(或未开启活动) , 请到京东APP=>首页=>京东电器=>(底栏)东东工厂 选择商品!🏭
东东萌宠：全自动 晴雨伞,勋章2/5块(14.1%)
🧧🧧🧧🧧红包明细🧧🧧🧧🧧
当前总红包：0.28(今日总过期0.14)元 🧧
京喜红包：0.04(今日将过期0.02)元 🧧
极速红包：0.00(今日将过期0.00)元 🧧
京东红包：0.24(今日将过期0.12)元 🧧
健康红包：0.00(今日将过期0.00)元 🧧



********开始【京东账号18】jd_TKUdSdwtfjaJ******

2021-08-25日过期京豆：0

2021-08-26日过期京豆：0

2021-08-27日过期京豆：0

2021-08-28日过期京豆：0

2021-08-29日过期京豆：0

2021-08-30日过期京豆：0

2021-08-31日过期京豆：0


==============📣系统通知📣==============
资产变化强化版
📣=============账号18=============📣
账号名称：jd_TKUdSdwtfjaJ
今日收入：142京豆 🐶
昨日收入：72京豆 🐶
昨日支出：0京豆 🐶
当前京豆：658(今日将过期0)京豆🐶
京喜牧场：21枚鸡蛋
极速金币：217215金币(≈21.7215元)
京东赚赚：113500金币(≈11.35元)
东东农场：3册口才三绝,进度100.00%
京喜工厂：不锈钢多用盆 ,进度:100.00%🏭
东东工厂：当前未选择商品(或未开启活动) , 请到京东APP=>首页=>京东电器=>(底栏)东东工厂 选择商品!🏭
东东萌宠：全自动 晴雨伞,勋章2/5块(12.3%)
🧧🧧🧧🧧红包明细🧧🧧🧧🧧
当前总红包：1.05(今日总过期0.18)元 🧧
京喜红包：0.86(今日将过期0.06)元 🧧
极速红包：0.00(今日将过期0.00)元 🧧
京东红包：0.19(今日将过期0.12)元 🧧
健康红包：0.00(今日将过期0.00)元 🧧



********开始【京东账号19】小久久诶丶******

2021-08-25日过期京豆：0

2021-08-26日过期京豆：0

2021-08-27日过期京豆：0

2021-08-28日过期京豆：0

2021-08-29日过期京豆：0

2021-08-30日过期京豆：0

2021-08-31日过期京豆：0


==============📣系统通知📣==============
资产变化强化版
📣=============账号19=============📣
账号名称：小久久诶丶
今日收入：234京豆 🐶
昨日收入：1221京豆 🐶
昨日支出：-10京豆 🐶
当前京豆：7022(今日将过期0)京豆🐶
京喜牧场：0枚鸡蛋
极速金币：112666金币(≈11.2666元)
京东赚赚：96000金币(≈9.6元)
京东秒杀：9195秒秒币(≈9.195元)
东东农场：96卷卷纸,进度97.00%,明天可兑🍉
京喜工厂：当前未开始生产商品,请手动去京东APP->游戏与互动->查看更多->京喜工厂 开启活动🏭
东东工厂：当前未选择商品(或未开启活动) , 请到京东APP=>首页=>京东电器=>(底栏)东东工厂 选择商品!🏭
东东萌宠：全自动 晴雨伞,勋章2/5块(16.9%)
🧧🧧🧧🧧红包明细🧧🧧🧧🧧
当前总红包：6.39(今日总过期3.93)元 🧧
京喜红包：5.44(今日将过期3.65)元 🧧
极速红包：0.11(今日将过期0.11)元 🧧
京东红包：0.84(今日将过期0.17)元 🧧
健康红包：0.00(今日将过期0.00)元 🧧



********开始【京东账号20】还有两张运费券******

2021-08-25日过期京豆：7

2021-08-26日过期京豆：7

2021-08-27日过期京豆：0

2021-08-28日过期京豆：0

2021-08-29日过期京豆：0

2021-08-30日过期京豆：0

2021-08-31日过期京豆：0


==============📣系统通知📣==============
资产变化强化版
📣=============账号20=============📣
账号名称：还有两张运费券
今日收入：97京豆 🐶
昨日收入：57京豆 🐶
昨日支出：0京豆 🐶
当前京豆：5528(今日将过期7)京豆🐶
京喜牧场：0枚鸡蛋
极速金币：153535金币(≈15.3535元)
京东赚赚：74500金币(≈7.45元)
京东秒杀：6460秒秒币(≈6.46元)
东东农场：4升调和油,进度24.14%,83天后可兑🍉
京喜工厂：当前未开始生产商品,请手动去京东APP->游戏与互动->查看更多->京喜工厂 开启活动🏭
东东工厂：当前未选择商品(或未开启活动) , 请到京东APP=>首页=>京东电器=>(底栏)东东工厂 选择商品!🏭
东东萌宠：USB充电风扇,勋章3/4块(35.9%)
🧧🧧🧧🧧红包明细🧧🧧🧧🧧
当前总红包：11.68(今日总过期0.87)元 🧧
京喜红包：0.99(今日将过期0.51)元 🧧
极速红包：10.19(今日将过期0.09)元 🧧
京东红包：0.50(今日将过期0.27)元 🧧
健康红包：0.00(今日将过期0.00)元 🧧



********开始【京东账号21】莫得钱钱的大男孩******

2021-08-25日过期京豆：0

2021-08-26日过期京豆：0

2021-08-27日过期京豆：0

2021-08-28日过期京豆：0

2021-08-29日过期京豆：0

2021-08-30日过期京豆：0

2021-08-31日过期京豆：0


==============📣系统通知📣==============
资产变化强化版
📣=============账号21=============📣
账号名称：莫得钱钱的大男孩
今日收入：172京豆 🐶
昨日收入：72京豆 🐶
昨日支出：0京豆 🐶
当前京豆：5724(今日将过期0)京豆🐶
京喜牧场：0枚鸡蛋
极速金币：420465金币(≈42.0465元)
京东赚赚：97100金币(≈9.71元)
东东农场：4升调和油,进度40.00%,47天后可兑🍉
京喜工厂：当前未开始生产商品,请手动去京东APP->游戏与互动->查看更多->京喜工厂 开启活动🏭
东东工厂：华为-礼品1 蓝牙音箱 剩余8;电力投入情况 0/4580000;当前总电力:2260005 ;完成度:49%🏭
东东萌宠：成人声波 电动牙刷,勋章2/5块(90.1%)
🧧🧧🧧🧧红包明细🧧🧧🧧🧧
当前总红包：0.64(今日总过期0.47)元 🧧
京喜红包：0.04(今日将过期0.02)元 🧧
极速红包：0.33(今日将过期0.33)元 🧧
京东红包：0.27(今日将过期0.12)元 🧧
健康红包：0.00(今日将过期0.00)元 🧧



********开始【京东账号22】纯白暖冬******

2021-08-25日过期京豆：0

2021-08-26日过期京豆：0

2021-08-27日过期京豆：0

2021-08-28日过期京豆：0

2021-08-29日过期京豆：5

2021-08-30日过期京豆：5

2021-08-31日过期京豆：5


==============📣系统通知📣==============
资产变化强化版
📣=============账号22=============📣
账号名称：纯白暖冬
今日收入：141京豆 🐶
昨日收入：107京豆 🐶
昨日支出：0京豆 🐶
当前京豆：2520(今日将过期0)京豆🐶
京喜牧场：0枚鸡蛋
极速金币：432945金币(≈43.2945元)
京东赚赚：139500金币(≈13.95元)
京东秒杀：13530秒秒币(≈13.53元)
京喜工厂：香辣小鱼干 ,进度:100.00%🏭
东东工厂：当前未选择商品(或未开启活动) , 请到京东APP=>首页=>京东电器=>(底栏)东东工厂 选择商品!🏭
🧧🧧🧧🧧红包明细🧧🧧🧧🧧
当前总红包：0.44(今日总过期0.27)元 🧧
京喜红包：0.04(今日将过期0.03)元 🧧
极速红包：0.07(今日将过期0.07)元 🧧
京东红包：0.33(今日将过期0.17)元 🧧
健康红包：0.00(今日将过期0.00)元 🧧



********开始【京东账号23】GUYOU7468******

2021-08-25日过期京豆：0

2021-08-26日过期京豆：0

2021-08-27日过期京豆：0

2021-08-28日过期京豆：0

2021-08-29日过期京豆：0

2021-08-30日过期京豆：0

2021-08-31日过期京豆：0


==============📣系统通知📣==============
资产变化强化版
📣=============账号23=============📣
账号名称：GUYOU7468
今日收入：166京豆 🐶
昨日收入：91京豆 🐶
昨日支出：-5000京豆 🐶
当前京豆：881(今日将过期0)京豆🐶
京喜牧场：0枚鸡蛋
极速金币：626402金币(≈62.6402元)
京东赚赚：160400金币(≈16.04元)
京东秒杀：15725秒秒币(≈15.725元)
东东农场：2斤青芒果,进度100.00%
京喜工厂：当前未开始生产商品,请手动去京东APP->游戏与互动->查看更多->京喜工厂 开启活动🏭
东东工厂：当前未选择商品(或未开启活动) , 请到京东APP=>首页=>京东电器=>(底栏)东东工厂 选择商品!🏭
🧧🧧🧧🧧红包明细🧧🧧🧧🧧
当前总红包：2.07(今日总过期0.86)元 🧧
京喜红包：1.92(今日将过期0.84)元 🧧
极速红包：0.08(今日将过期0.02)元 🧧
京东红包：0.07(今日将过期0.00)元 🧧
健康红包：0.00(今日将过期0.00)元 🧧



********开始【京东账号24】她是猪丶******

2021-08-25日过期京豆：0

2021-08-26日过期京豆：0

2021-08-27日过期京豆：0

2021-08-28日过期京豆：0

2021-08-29日过期京豆：0

2021-08-30日过期京豆：0

2021-08-31日过期京豆：5


==============📣系统通知📣==============
资产变化强化版
📣=============账号24=============📣
账号名称：她是猪丶
今日收入：133京豆 🐶
昨日收入：313京豆 🐶
昨日支出：0京豆 🐶
当前京豆：908(今日将过期0)京豆🐶
极速金币：185163金币(≈18.5163元)
京东赚赚：46300金币(≈4.63元)
京东秒杀：3880秒秒币(≈3.88元)
京喜工厂：当前未开始生产商品,请手动去京东APP->游戏与互动->查看更多->京喜工厂 开启活动🏭
东东工厂：当前未选择商品(或未开启活动) , 请到京东APP=>首页=>京东电器=>(底栏)东东工厂 选择商品!🏭
🧧🧧🧧🧧红包明细🧧🧧🧧🧧
当前总红包：1.75(今日总过期0.46)元 🧧
京喜红包：1.15(今日将过期0.14)元 🧧
极速红包：0.23(今日将过期0.05)元 🧧
京东红包：0.37(今日将过期0.27)元 🧧
健康红包：0.00(今日将过期0.00)元 🧧



********开始【京东账号25】海岸边的海岸******

2021-08-25日过期京豆：0

2021-08-26日过期京豆：0

2021-08-27日过期京豆：0

2021-08-28日过期京豆：0

2021-08-29日过期京豆：5

2021-08-30日过期京豆：5

2021-08-31日过期京豆：5


==============📣系统通知📣==============
资产变化强化版
📣=============账号25=============📣
账号名称：海岸边的海岸
今日收入：137京豆 🐶
昨日收入：82京豆 🐶
昨日支出：0京豆 🐶
当前京豆：791(今日将过期0)京豆🐶
极速金币：158434金币(≈15.8434元)
京东赚赚：350750金币(≈35.075元)
京东秒杀：13310秒秒币(≈13.31元)
东东农场：3斤甜瓜,进度100.00%
京喜工厂：小鱼仔10包 ,进度:100.00%🏭
东东工厂：当前未选择商品(或未开启活动) , 请到京东APP=>首页=>京东电器=>(底栏)东东工厂 选择商品!🏭
🧧🧧🧧🧧红包明细🧧🧧🧧🧧
当前总红包：0.63(今日总过期0.40)元 🧧
京喜红包：0.25(今日将过期0.12)元 🧧
极速红包：0.11(今日将过期0.11)元 🧧
京东红包：0.27(今日将过期0.17)元 🧧
健康红包：0.00(今日将过期0.00)元 🧧



********开始【京东账号26】呃shenma******

2021-08-25日过期京豆：2

2021-08-26日过期京豆：0

2021-08-27日过期京豆：0

2021-08-28日过期京豆：0

2021-08-29日过期京豆：5

2021-08-30日过期京豆：5

2021-08-31日过期京豆：5


==============📣系统通知📣==============
资产变化强化版
📣=============账号26=============📣
账号名称：呃shenma
今日收入：133京豆 🐶
昨日收入：79京豆 🐶
昨日支出：0京豆 🐶
当前京豆：3309(今日将过期2)京豆🐶
极速金币：116595金币(≈11.6595元)
京东赚赚：349500金币(≈34.95元)
京东秒杀：13340秒秒币(≈13.34元)
东东农场：3斤柑橘,进度100.00%
京喜工厂：抽纸4包 ,进度:100.00%🏭
东东工厂：当前未选择商品(或未开启活动) , 请到京东APP=>首页=>京东电器=>(底栏)东东工厂 选择商品!🏭
东东萌宠：超大容量保温杯,勋章4/4块(100%)
🧧🧧🧧🧧红包明细🧧🧧🧧🧧
当前总红包：0.51(今日总过期0.36)元 🧧
京喜红包：0.07(今日将过期0.03)元 🧧
极速红包：0.14(今日将过期0.13)元 🧧
京东红包：0.30(今日将过期0.20)元 🧧
健康红包：0.00(今日将过期0.00)元 🧧



********开始【京东账号27】长大八百标兵******

2021-08-25日过期京豆：0

2021-08-26日过期京豆：0

2021-08-27日过期京豆：0

2021-08-28日过期京豆：0

2021-08-29日过期京豆：0

2021-08-30日过期京豆：0

2021-08-31日过期京豆：0


==============📣系统通知📣==============
资产变化强化版
📣=============账号27=============📣
账号名称：长大八百标兵
今日收入：96京豆 🐶
昨日收入：84京豆 🐶
昨日支出：0京豆 🐶
当前京豆：19(今日将过期0)京豆🐶
京喜牧场：239枚鸡蛋
极速金币：28061金币(≈2.8061元)
京东赚赚：103300金币(≈10.33元)
京东秒杀：6620秒秒币(≈6.62元)
东东农场：1.5斤大连樱桃,进度60.59%,43天后可兑🍉
京喜工厂：可口可乐4瓶 ,进度:61.30% ,预计:6.41天可兑换🏭
东东工厂：当前未选择商品(或未开启活动) , 请到京东APP=>首页=>京东电器=>(底栏)东东工厂 选择商品!🏭
东东萌宠：USB充电风扇,勋章4/4块(100%)
🧧🧧🧧🧧红包明细🧧🧧🧧🧧
当前总红包：0.08(今日总过期0.00)元 🧧
京喜红包：0.08(今日将过期0.00)元 🧧
极速红包：0.00(今日将过期0.00)元 🧧
京东红包：0.00(今日将过期0.00)元 🧧
健康红包：0.00(今日将过期0.00)元 🧧



********开始【京东账号28】人生充满绝望******

2021-08-25日过期京豆：0

2021-08-26日过期京豆：0

2021-08-27日过期京豆：0

2021-08-28日过期京豆：0

2021-08-29日过期京豆：0

2021-08-30日过期京豆：0

2021-08-31日过期京豆：0


==============📣系统通知📣==============
资产变化强化版
📣=============账号28=============📣
账号名称：人生充满绝望
今日收入：140京豆 🐶
昨日收入：95京豆 🐶
昨日支出：0京豆 🐶
当前京豆：3094(今日将过期0)京豆🐶
极速金币：243239金币(≈24.3239元)
京东赚赚：159250金币(≈15.925元)
京东秒杀：15550秒秒币(≈15.55元)
东东农场：11.6斤洗衣液,进度73.92%,17天后可兑🍉
京喜工厂：双层加厚蒸锅 ,进度:100.00%🏭
东东工厂：华为-礼品1 蓝牙音箱 剩余8;电力投入情况 2300000/4580000;当前总电力:3386019 ;完成度:74%🏭
东东萌宠：2只装 大号收纳袋,勋章2/4块(38.9%)
🧧🧧🧧🧧红包明细🧧🧧🧧🧧
当前总红包：0.46(今日总过期0.39)元 🧧
京喜红包：0.05(今日将过期0.01)元 🧧
极速红包：0.20(今日将过期0.20)元 🧧
京东红包：0.21(今日将过期0.18)元 🧧
健康红包：0.00(今日将过期0.00)元 🧧



********开始【京东账号29】男一号杨爸******

2021-08-25日过期京豆：0

2021-08-26日过期京豆：0

2021-08-27日过期京豆：0

2021-08-28日过期京豆：0

2021-08-29日过期京豆：0

2021-08-30日过期京豆：0

2021-08-31日过期京豆：0

异常：{"code":0,"data":{"bizCode":-1001,"bizMsg":"活动太火爆啦","success":false},"msg":"调用成功"}

==============📣系统通知📣==============
资产变化强化版
📣=============账号29=============📣
账号名称：男一号杨爸
今日收入：0京豆 🐶
昨日收入：7京豆 🐶
昨日支出：0京豆 🐶
当前京豆：680(今日将过期0)京豆🐶
京喜牧场：0枚鸡蛋
极速金币：425808金币(≈42.5808元)
京东赚赚：156800金币(≈15.68元)
东东农场：11.6斤洗衣液,进度100.00%
京喜工厂：飘柔护发素 ,进度:100.00%🏭
东东萌宠：2只装 大号收纳袋,勋章2/4块(22.9%)
🧧🧧🧧🧧红包明细🧧🧧🧧🧧
当前总红包：0(今日总过期0.00)元 🧧
京喜红包：0.00(今日将过期0.00)元 🧧
极速红包：0.00(今日将过期0.00)元 🧧
京东红包：0.00(今日将过期0.00)元 🧧
健康红包：0.00(今日将过期0.00)元 🧧



********开始【京东账号30】jd_qdcLZhwxUxWk******

2021-08-25日过期京豆：0

2021-08-26日过期京豆：0

2021-08-27日过期京豆：0

2021-08-28日过期京豆：0

2021-08-29日过期京豆：5

2021-08-30日过期京豆：5

2021-08-31日过期京豆：5


==============📣系统通知📣==============
资产变化强化版
📣=============账号30=============📣
账号名称：jd_qdcLZhwxUxWk
今日收入：156京豆 🐶
昨日收入：112京豆 🐶
昨日支出：0京豆 🐶
当前京豆：993(今日将过期0)京豆🐶
京喜牧场：0枚鸡蛋
极速金币：172454金币(≈17.2454元)
京东赚赚：43000金币(≈4.3元)
京东秒杀：980秒秒币(≈0.98元)
东东农场：3盒龙虾尾,进度26.53%,78天后可兑🍉
京喜工厂：当前未开始生产商品,请手动去京东APP->游戏与互动->查看更多->京喜工厂 开启活动🏭
东东工厂：华为-礼品1 蓝牙音箱 剩余8;电力投入情况 0/4580000;当前总电力:959233 ;完成度:21%🏭
东东萌宠：宠物衣服小恐龙款,勋章2/4块(51.6%)
🧧🧧🧧🧧红包明细🧧🧧🧧🧧
当前总红包：0.64(今日总过期0.52)元 🧧
京喜红包：0.04(今日将过期0.02)元 🧧
极速红包：0.20(今日将过期0.20)元 🧧
京东红包：0.40(今日将过期0.30)元 🧧
健康红包：0.00(今日将过期0.00)元 🧧



********开始【京东账号31】皇上啊吉祥******

2021-08-25日过期京豆：0

2021-08-26日过期京豆：0

2021-08-27日过期京豆：0

2021-08-28日过期京豆：0

2021-08-29日过期京豆：0

2021-08-30日过期京豆：0

2021-08-31日过期京豆：0


==============📣系统通知📣==============
资产变化强化版
📣=============账号31=============📣
账号名称：皇上啊吉祥
今日收入：107京豆 🐶
昨日收入：109京豆 🐶
昨日支出：0京豆 🐶
当前京豆：3726(今日将过期0)京豆🐶
极速金币：652948金币(≈65.2948元)
京东赚赚：172150金币(≈17.215元)
东东农场：12册上下五千年,进度78.00%,16天后可兑🍉
京喜工厂：当前未开始生产商品,请手动去京东APP->游戏与互动->查看更多->京喜工厂 开启活动🏭
东东工厂：当前未选择商品(或未开启活动) , 请到京东APP=>首页=>京东电器=>(底栏)东东工厂 选择商品!🏭
东东萌宠：2只装 大号收纳袋,勋章3/4块(50.2%)
🧧🧧🧧🧧红包明细🧧🧧🧧🧧
当前总红包：0.42(今日总过期0.27)元 🧧
京喜红包：0.07(今日将过期0.04)元 🧧
极速红包：0.18(今日将过期0.11)元 🧧
京东红包：0.17(今日将过期0.12)元 🧧
健康红包：0.00(今日将过期0.00)元 🧧



********开始【京东账号32】李丶旧友******

2021-08-25日过期京豆：0

2021-08-26日过期京豆：0

2021-08-27日过期京豆：0

2021-08-28日过期京豆：0

2021-08-29日过期京豆：0

2021-08-30日过期京豆：0

2021-08-31日过期京豆：0


==============📣系统通知📣==============
资产变化强化版
📣=============账号32=============📣
账号名称：李丶旧友
今日收入：61京豆 🐶
昨日收入：68京豆 🐶
昨日支出：0京豆 🐶
当前京豆：4758(今日将过期0)京豆🐶
京喜牧场：29枚鸡蛋
极速金币：28565金币(≈2.8565元)
京东赚赚：211800金币(≈21.18元)
京东秒杀：15690秒秒币(≈15.69元)
东东农场：4升调和油,进度45.95%,78天后可兑🍉
京喜工厂：凤梨酥整箱 ,进度:21.34% ,预计:6.87天可兑换🏭
东东工厂：华为-礼品2 mini音箱 剩余19;电力投入情况 3100000/4580000;当前总电力:3224164 ;完成度:70%🏭
东东萌宠：成人声波 电动牙刷,勋章2/5块(37.4%)
🧧🧧🧧🧧红包明细🧧🧧🧧🧧
当前总红包：1.08(今日总过期0.00)元 🧧
京喜红包：0.74(今日将过期0.00)元 🧧
极速红包：0.11(今日将过期0.00)元 🧧
京东红包：0.23(今日将过期0.00)元 🧧
健康红包：0.00(今日将过期0.00)元 🧧



********开始【京东账号33】jd_403ff930050f4******

2021-08-25日过期京豆：0

2021-08-26日过期京豆：0

2021-08-27日过期京豆：0

2021-08-28日过期京豆：0

2021-08-29日过期京豆：0

2021-08-30日过期京豆：0

2021-08-31日过期京豆：0


==============📣系统通知📣==============
资产变化强化版
📣=============账号33=============📣
账号名称：jd_403ff930050f4
今日收入：87京豆 🐶
昨日收入：161京豆 🐶
昨日支出：0京豆 🐶
当前京豆：4450(今日将过期0)京豆🐶
极速金币：123858金币(≈12.3858元)
京东赚赚：156300金币(≈15.63元)
京东秒杀：15205秒秒币(≈15.205元)
东东农场：96卷卷纸,进度48.36%,70天后可兑🍉
京喜工厂：当前未开始生产商品,请手动去京东APP->游戏与互动->查看更多->京喜工厂 开启活动🏭
东东工厂：当前未选择商品(或未开启活动) , 请到京东APP=>首页=>京东电器=>(底栏)东东工厂 选择商品!🏭
东东萌宠：3层抽纸巾30包,勋章0/4块(0%)
🧧🧧🧧🧧红包明细🧧🧧🧧🧧
当前总红包：0.34(今日总过期0.22)元 🧧
京喜红包：0.09(今日将过期0.05)元 🧧
极速红包：0.00(今日将过期0.00)元 🧧
京东红包：0.25(今日将过期0.17)元 🧧
健康红包：0.00(今日将过期0.00)元 🧧



********开始【京东账号34】带带弟弟好吗l******

2021-08-25日过期京豆：0

2021-08-26日过期京豆：0

2021-08-27日过期京豆：0

2021-08-28日过期京豆：0

2021-08-29日过期京豆：0

2021-08-30日过期京豆：0

2021-08-31日过期京豆：0


==============📣系统通知📣==============
资产变化强化版
📣=============账号34=============📣
账号名称：带带弟弟好吗l
今日收入：142京豆 🐶
昨日收入：189京豆 🐶
昨日支出：0京豆 🐶
当前京豆：4286(今日将过期0)京豆🐶
极速金币：745304金币(≈74.5304元)
京东赚赚：176700金币(≈17.67元)
京东秒杀：17370秒秒币(≈17.37元)
东东农场：4升调和油,进度6.95%,136天后可兑🍉
京喜工厂：当前未开始生产商品,请手动去京东APP->游戏与互动->查看更多->京喜工厂 开启活动🏭
东东工厂：当前未选择商品(或未开启活动) , 请到京东APP=>首页=>京东电器=>(底栏)东东工厂 选择商品!🏭
东东萌宠：3层抽纸巾30包,勋章2/4块(8.2%)
🧧🧧🧧🧧红包明细🧧🧧🧧🧧
当前总红包：0.42(今日总过期0.12)元 🧧
京喜红包：0.18(今日将过期0.12)元 🧧
极速红包：0.17(今日将过期0.00)元 🧧
京东红包：0.07(今日将过期0.00)元 🧧
健康红包：0.00(今日将过期0.00)元 🧧



********开始【京东账号35】奎星阁******

2021-08-25日过期京豆：0

2021-08-26日过期京豆：0

2021-08-27日过期京豆：0

2021-08-28日过期京豆：0

2021-08-29日过期京豆：0

2021-08-30日过期京豆：0

2021-08-31日过期京豆：0


==============📣系统通知📣==============
资产变化强化版
📣=============账号35=============📣
账号名称：奎星阁
今日收入：118京豆 🐶
昨日收入：111京豆 🐶
昨日支出：-5000京豆 🐶
当前京豆：941(今日将过期0)京豆🐶
京喜牧场：28枚鸡蛋
极速金币：359165金币(≈35.9165元)
京东赚赚：179400金币(≈17.94元)
京东秒杀：9320秒秒币(≈9.32元)
东东农场：3斤蜜瓜,进度87.50%,3天后可兑🍉
京喜工厂：当前未开始生产商品,请手动去京东APP->游戏与互动->查看更多->京喜工厂 开启活动🏭
东东工厂：当前未选择商品(或未开启活动) , 请到京东APP=>首页=>京东电器=>(底栏)东东工厂 选择商品!🏭
东东萌宠：2只装 大号收纳袋,勋章2/4块(74.3%)
🧧🧧🧧🧧红包明细🧧🧧🧧🧧
当前总红包：4.48(今日总过期1.32)元 🧧
京喜红包：4.23(今日将过期1.14)元 🧧
极速红包：0.18(今日将过期0.18)元 🧧
京东红包：0.07(今日将过期0.00)元 🧧
健康红包：0.00(今日将过期0.00)元 🧧



********开始【京东账号36】无好感了******

2021-08-25日过期京豆：0

2021-08-26日过期京豆：0

2021-08-27日过期京豆：0

2021-08-28日过期京豆：0

2021-08-29日过期京豆：0

2021-08-30日过期京豆：0

2021-08-31日过期京豆：0


==============📣系统通知📣==============
资产变化强化版
📣=============账号36=============📣
账号名称：无好感了
今日收入：106京豆 🐶
昨日收入：84京豆 🐶
昨日支出：0京豆 🐶
当前京豆：3298(今日将过期0)京豆🐶
京喜牧场：1枚鸡蛋
极速金币：1140111金币(≈114.0111元)
京东赚赚：261300金币(≈26.13元)
京东秒杀：24530秒秒币(≈24.53元)
东东农场：2斤黄小米,进度100.00%
京喜工厂：男士挎包 ,进度:57.57% ,预计:7.71天可兑换🏭
东东工厂：当前未选择商品(或未开启活动) , 请到京东APP=>首页=>京东电器=>(底栏)东东工厂 选择商品!🏭
🧧🧧🧧🧧红包明细🧧🧧🧧🧧
当前总红包：2.15(今日总过期0.85)元 🧧
京喜红包：1.50(今日将过期0.54)元 🧧
极速红包：0.11(今日将过期0.03)元 🧧
京东红包：0.54(今日将过期0.28)元 🧧
健康红包：0.00(今日将过期0.00)元 🧧



********开始【京东账号37】山茶V******

2021-08-25日过期京豆：0

2021-08-26日过期京豆：0

2021-08-27日过期京豆：0

2021-08-28日过期京豆：0

2021-08-29日过期京豆：0

2021-08-30日过期京豆：0

2021-08-31日过期京豆：0


==============📣系统通知📣==============
资产变化强化版
📣=============账号37=============📣
账号名称：山茶V
今日收入：103京豆 🐶
昨日收入：108京豆 🐶
昨日支出：0京豆 🐶
当前京豆：2928(今日将过期0)京豆🐶
京喜牧场：0枚鸡蛋
极速金币：547658金币(≈54.7658元)
京东赚赚：129400金币(≈12.94元)
京东秒杀：12710秒秒币(≈12.71元)
东东农场：2.5斤苹果,进度100.00%
京喜工厂：当前未开始生产商品,请手动去京东APP->游戏与互动->查看更多->京喜工厂 开启活动🏭
东东工厂：当前未选择商品(或未开启活动) , 请到京东APP=>首页=>京东电器=>(底栏)东东工厂 选择商品!🏭
🧧🧧🧧🧧红包明细🧧🧧🧧🧧
当前总红包：2.32(今日总过期1.09)元 🧧
京喜红包：1.63(今日将过期0.64)元 🧧
极速红包：0.19(今日将过期0.18)元 🧧
京东红包：0.50(今日将过期0.27)元 🧧
健康红包：0.00(今日将过期0.00)元 🧧



********开始【京东账号38】六次迷雾******

2021-08-25日过期京豆：0

2021-08-26日过期京豆：0

2021-08-27日过期京豆：0

2021-08-28日过期京豆：0

2021-08-29日过期京豆：0

2021-08-30日过期京豆：0

2021-08-31日过期京豆：5


==============📣系统通知📣==============
资产变化强化版
📣=============账号38=============📣
账号名称：六次迷雾
今日收入：167京豆 🐶
昨日收入：159京豆 🐶
昨日支出：0京豆 🐶
当前京豆：1110(今日将过期0)京豆🐶
京喜牧场：246枚鸡蛋
极速金币：389382金币(≈38.9382元)
京东赚赚：265250金币(≈26.525元)
京东秒杀：10610秒秒币(≈10.61元)
东东农场：4升调和油,进度76.59%,15天后可兑🍉
京喜工厂：黑胶防晒伞 ,进度:52.57% ,预计:4.78天可兑换🏭
东东工厂：华为-礼品1 蓝牙音箱 剩余8;电力投入情况 600000/4580000;当前总电力:2662045 ;完成度:57.99999999999999%🏭
东东萌宠：全自动 晴雨伞,勋章5/5块(100%)
🧧🧧🧧🧧红包明细🧧🧧🧧🧧
当前总红包：2.92(今日总过期1.18)元 🧧
京喜红包：2.38(今日将过期0.80)元 🧧
极速红包：0.22(今日将过期0.19)元 🧧
京东红包：0.32(今日将过期0.19)元 🧧
健康红包：0.00(今日将过期0.00)元 🧧



********开始【京东账号39】jd_5d9e93cb86195******

2021-08-25日过期京豆：0

2021-08-26日过期京豆：0

2021-08-27日过期京豆：0

2021-08-28日过期京豆：0

2021-08-29日过期京豆：0

2021-08-30日过期京豆：0

2021-08-31日过期京豆：0


==============📣系统通知📣==============
资产变化强化版
📣=============账号39=============📣
账号名称：jd_5d9e93cb86195
今日收入：156京豆 🐶
昨日收入：97京豆 🐶
昨日支出：0京豆 🐶
当前京豆：2679(今日将过期0)京豆🐶
极速金币：125443金币(≈12.5443元)
京东赚赚：40500金币(≈4.05元)
东东农场：4升调和油,进度82.00%,6天后可兑🍉
京喜工厂：当前未开始生产商品,请手动去京东APP->游戏与互动->查看更多->京喜工厂 开启活动🏭
东东工厂：华为-礼品1 蓝牙音箱 剩余8;电力投入情况 0/4580000;当前总电力:807228 ;完成度:18%🏭
🧧🧧🧧🧧红包明细🧧🧧🧧🧧
当前总红包：1.46(今日总过期0.25)元 🧧
京喜红包：0.94(今日将过期0.02)元 🧧
极速红包：0.21(今日将过期0.11)元 🧧
京东红包：0.31(今日将过期0.12)元 🧧
健康红包：0.00(今日将过期0.00)元 🧧



********开始【京东账号40】忘了时间z******

2021-08-25日过期京豆：0

2021-08-26日过期京豆：0

2021-08-27日过期京豆：0

2021-08-28日过期京豆：0

2021-08-29日过期京豆：0

2021-08-30日过期京豆：0

2021-08-31日过期京豆：0


==============📣系统通知📣==============
资产变化强化版
📣=============账号40=============📣
账号名称：忘了时间z
今日收入：55京豆 🐶
昨日收入：67京豆 🐶
昨日支出：0京豆 🐶
当前京豆：42403(今日将过期0)京豆🐶
京喜牧场：0枚鸡蛋
极速金币：944094金币(≈94.4094元)
京东赚赚：213700金币(≈21.37元)
京东秒杀：3150秒秒币(≈3.15元)
东东农场：96卷卷纸,进度3.27%,81天后可兑🍉
京喜工厂：当前未开始生产商品,请手动去京东APP->游戏与互动->查看更多->京喜工厂 开启活动🏭
东东工厂：当前未选择商品(或未开启活动) , 请到京东APP=>首页=>京东电器=>(底栏)东东工厂 选择商品!🏭
东东萌宠：全自动 晴雨伞,勋章4/5块(21.6%)
🧧🧧🧧🧧红包明细🧧🧧🧧🧧
当前总红包：26.19(今日总过期1.09)元 🧧
京喜红包：0.04(今日将过期0.02)元 🧧
极速红包：0.84(今日将过期0.80)元 🧧
京东红包：25.31(今日将过期0.27)元 🧧
健康红包：0.00(今日将过期0.00)元 🧧



********开始【京东账号41】大菠萝啊啊吧阿******

2021-08-25日过期京豆：0

2021-08-26日过期京豆：0

2021-08-27日过期京豆：0

2021-08-28日过期京豆：0

2021-08-29日过期京豆：0

2021-08-30日过期京豆：0

2021-08-31日过期京豆：0


==============📣系统通知📣==============
资产变化强化版
📣=============账号41=============📣
账号名称：大菠萝啊啊吧阿
今日收入：123京豆 🐶
昨日收入：207京豆 🐶
昨日支出：0京豆 🐶
当前京豆：26502(今日将过期0)京豆🐶
京喜牧场：243枚鸡蛋
极速金币：318289金币(≈31.8289元)
京东赚赚：208700金币(≈20.87元)
京东秒杀：3235秒秒币(≈3.235元)
东东农场：4升调和油,进度2.91%,85天后可兑🍉
京喜工厂：当前未开始生产商品,请手动去京东APP->游戏与互动->查看更多->京喜工厂 开启活动🏭
东东工厂：当前未选择商品(或未开启活动) , 请到京东APP=>首页=>京东电器=>(底栏)东东工厂 选择商品!🏭
东东萌宠：全自动 晴雨伞,勋章4/5块(68.1%)
🧧🧧🧧🧧红包明细🧧🧧🧧🧧
当前总红包：3.49(今日总过期1.53)元 🧧
京喜红包：3.39(今日将过期1.53)元 🧧
极速红包：0.08(今日将过期0.00)元 🧧
京东红包：0.02(今日将过期0.00)元 🧧
健康红包：0.00(今日将过期0.00)元 🧧



********开始【京东账号42】雪-之-华******

2021-08-25日过期京豆：0

2021-08-26日过期京豆：0

2021-08-27日过期京豆：0

2021-08-28日过期京豆：0

2021-08-29日过期京豆：0

2021-08-30日过期京豆：0

2021-08-31日过期京豆：0


==============📣系统通知📣==============
资产变化强化版
📣=============账号42=============📣
账号名称：雪-之-华
今日收入：87京豆 🐶
昨日收入：111京豆 🐶
昨日支出：0京豆 🐶
当前京豆：3296(今日将过期0)京豆🐶
京喜牧场：57枚鸡蛋
极速金币：103561金币(≈10.3561元)
京东赚赚：34200金币(≈3.42元)
东东农场：4升调和油,进度22.47%,44天后可兑🍉
京喜工厂：双层加厚蒸锅 ,进度:95.40% ,预计:2.59天可兑换🏭
东东工厂：华为-礼品1 蓝牙音箱 剩余8;电力投入情况 400000/4580000;当前总电力:689427 ;完成度:15%🏭
东东萌宠：2只装 大号收纳袋,勋章2/4块(14.1%)
🧧🧧🧧🧧红包明细🧧🧧🧧🧧
当前总红包：3.43(今日总过期0.85)元 🧧
京喜红包：3.20(今日将过期0.73)元 🧧
极速红包：0.00(今日将过期0.00)元 🧧
京东红包：0.23(今日将过期0.12)元 🧧
健康红包：0.00(今日将过期0.00)元 🧧



********开始【京东账号43】jd_kngFJnBdMrAw******

2021-08-25日过期京豆：0

2021-08-26日过期京豆：0

2021-08-27日过期京豆：0

2021-08-28日过期京豆：0

2021-08-29日过期京豆：0

2021-08-30日过期京豆：0

2021-08-31日过期京豆：0


==============📣系统通知📣==============
资产变化强化版
📣=============账号43=============📣
账号名称：jd_kngFJnBdMrAw
今日收入：76京豆 🐶
昨日收入：142京豆 🐶
昨日支出：-5京豆 🐶
当前京豆：2009(今日将过期0)京豆🐶
京喜牧场：0枚鸡蛋
极速金币：91222金币(≈9.1222元)
京东赚赚：34200金币(≈3.42元)
京喜工厂：当前未开始生产商品,请手动去京东APP->游戏与互动->查看更多->京喜工厂 开启活动🏭
东东工厂：华为-礼品1 蓝牙音箱 剩余8;电力投入情况 0/4580000;当前总电力:689595 ;完成度:15%🏭
🧧🧧🧧🧧红包明细🧧🧧🧧🧧
当前总红包：0.43(今日总过期0.23)元 🧧
京喜红包：0.03(今日将过期0.01)元 🧧
极速红包：0.10(今日将过期0.10)元 🧧
京东红包：0.30(今日将过期0.12)元 🧧
健康红包：0.00(今日将过期0.00)元 🧧



********开始【京东账号44】克子大人******

2021-08-25日过期京豆：0

2021-08-26日过期京豆：0

2021-08-27日过期京豆：0

2021-08-28日过期京豆：0

2021-08-29日过期京豆：0

2021-08-30日过期京豆：0

2021-08-31日过期京豆：0


==============📣系统通知📣==============
资产变化强化版
📣=============账号44=============📣
账号名称：克子大人
今日收入：78京豆 🐶
昨日收入：154京豆 🐶
昨日支出：0京豆 🐶
当前京豆：11891(今日将过期0)京豆🐶
极速金币：789031金币(≈78.9031元)
京东赚赚：196550金币(≈19.655元)
京东秒杀：20165秒秒币(≈20.165元)
东东农场：3盒龙虾尾,进度69.18%,42天后可兑🍉
京喜工厂：当前未开始生产商品,请手动去京东APP->游戏与互动->查看更多->京喜工厂 开启活动🏭
东东工厂：华为-礼品2 mini音箱 剩余19;电力投入情况 0/4580000;当前总电力:3000134 ;完成度:66%🏭
东东萌宠：手持便携式小风扇,勋章3/4块(49.4%)
🧧🧧🧧🧧红包明细🧧🧧🧧🧧
当前总红包：0.68(今日总过期0.27)元 🧧
京喜红包：0.07(今日将过期0.03)元 🧧
极速红包：0.28(今日将过期0.06)元 🧧
京东红包：0.33(今日将过期0.18)元 🧧
健康红包：0.00(今日将过期0.00)元 🧧



********开始【京东账号45】遇事不决氪一单******

2021-08-25日过期京豆：0

2021-08-26日过期京豆：0

2021-08-27日过期京豆：0

2021-08-28日过期京豆：0

2021-08-29日过期京豆：0

2021-08-30日过期京豆：0

2021-08-31日过期京豆：0


==============📣系统通知📣==============
资产变化强化版
📣=============账号45=============📣
账号名称：遇事不决氪一单
今日收入：87京豆 🐶
昨日收入：122京豆 🐶
昨日支出：-1950京豆 🐶
当前京豆：21168(今日将过期0)京豆🐶
极速金币：135895金币(≈13.5895元)
京东赚赚：170550金币(≈17.055元)
京东秒杀：18080秒秒币(≈18.08元)
东东农场：3盒龙虾尾,进度4.36%,123天后可兑🍉
京喜工厂：当前未开始生产商品,请手动去京东APP->游戏与互动->查看更多->京喜工厂 开启活动🏭
东东工厂：当前未选择商品(或未开启活动) , 请到京东APP=>首页=>京东电器=>(底栏)东东工厂 选择商品!🏭
🧧🧧🧧🧧红包明细🧧🧧🧧🧧
当前总红包：100.52(今日总过期0.30)元 🧧
京喜红包：0.06(今日将过期0.02)元 🧧
极速红包：50.08(今日将过期0.08)元 🧧
京东红包：50.38(今日将过期0.20)元 🧧
健康红包：0.00(今日将过期0.00)元 🧧



********开始【京东账号46】余温犹存-******

2021-08-25日过期京豆：0

2021-08-26日过期京豆：0

2021-08-27日过期京豆：0

2021-08-28日过期京豆：0

2021-08-29日过期京豆：0

2021-08-30日过期京豆：0

2021-08-31日过期京豆：0


==============📣系统通知📣==============
资产变化强化版
📣=============账号46=============📣
账号名称：余温犹存-
今日收入：109京豆 🐶
昨日收入：145京豆 🐶
昨日支出：-1000京豆 🐶
当前京豆：335(今日将过期0)京豆🐶
京喜牧场：0枚鸡蛋
极速金币：99026金币(≈9.9026元)
京东赚赚：34200金币(≈3.42元)
京东秒杀：2420秒秒币(≈2.42元)
东东农场：3斤雪花梨,进度100.00%
京喜工厂：当前未开始生产商品,请手动去京东APP->游戏与互动->查看更多->京喜工厂 开启活动🏭
东东工厂：华为-礼品1 蓝牙音箱 剩余8;电力投入情况 0/4580000;当前总电力:667807 ;完成度:15%🏭
🧧🧧🧧🧧红包明细🧧🧧🧧🧧
当前总红包：0.44(今日总过期0.40)元 🧧
京喜红包：0.03(今日将过期0.01)元 🧧
极速红包：0.39(今日将过期0.39)元 🧧
京东红包：0.02(今日将过期0.00)元 🧧
健康红包：0.00(今日将过期0.00)元 🧧



********开始【京东账号47】The-Spectre23******

2021-08-25日过期京豆：5

2021-08-26日过期京豆：5

2021-08-27日过期京豆：5

2021-08-28日过期京豆：5

2021-08-29日过期京豆：5

2021-08-30日过期京豆：5

2021-08-31日过期京豆：0


==============📣系统通知📣==============
资产变化强化版
📣=============账号47=============📣
账号名称：The-Spectre23
今日收入：46京豆 🐶
昨日收入：106京豆 🐶
昨日支出：-5京豆 🐶
当前京豆：1201(今日将过期5)京豆🐶
京喜牧场：0枚鸡蛋
极速金币：113241金币(≈11.3241元)
京东赚赚：185150金币(≈18.515元)
京东秒杀：18090秒秒币(≈18.09元)
东东农场：3斤水蜜桃,进度51.33%,17天后可兑🍉
京喜工厂：当前未开始生产商品,请手动去京东APP->游戏与互动->查看更多->京喜工厂 开启活动🏭
东东工厂：当前未选择商品(或未开启活动) , 请到京东APP=>首页=>京东电器=>(底栏)东东工厂 选择商品!🏭
东东萌宠：超大容量保温杯,勋章0/4块(0%)
🧧🧧🧧🧧红包明细🧧🧧🧧🧧
当前总红包：0.62(今日总过期0.40)元 🧧
京喜红包：0.04(今日将过期0.02)元 🧧
极速红包：0.20(今日将过期0.10)元 🧧
京东红包：0.38(今日将过期0.28)元 🧧
健康红包：0.00(今日将过期0.00)元 🧧



********开始【京东账号48】超级超级可爱_******

2021-08-25日过期京豆：5

2021-08-26日过期京豆：5

2021-08-27日过期京豆：5

2021-08-28日过期京豆：5

2021-08-29日过期京豆：5

2021-08-30日过期京豆：0

2021-08-31日过期京豆：0


==============📣系统通知📣==============
资产变化强化版
📣=============账号48=============📣
账号名称：超级超级可爱_
今日收入：112京豆 🐶
昨日收入：218京豆 🐶
昨日支出：-5京豆 🐶
当前京豆：4507(今日将过期5)京豆🐶
极速金币：518332金币(≈51.8332元)
京东赚赚：331800金币(≈33.18元)
京东秒杀：21870秒秒币(≈21.87元)
东东农场：3斤雪花梨,进度44.00%,10天后可兑🍉
京喜工厂：${$.productName} ,已经超时失效, 请选择新商品进行制造🏭
东东工厂：华为-礼品2 mini音箱 剩余19;电力投入情况 100000/4580000;当前总电力:3107393 ;完成度:68%🏭
东东萌宠：全自动 晴雨伞,勋章4/5块(73%)
🧧🧧🧧🧧红包明细🧧🧧🧧🧧
当前总红包：1.92(今日总过期0.91)元 🧧
京喜红包：1.16(今日将过期0.53)元 🧧
极速红包：0.41(今日将过期0.10)元 🧧
京东红包：0.35(今日将过期0.28)元 🧧
健康红包：0.00(今日将过期0.00)元 🧧



********开始【京东账号49】是个捞仔xbhdi******

2021-08-25日过期京豆：0

2021-08-26日过期京豆：0

2021-08-27日过期京豆：0

2021-08-28日过期京豆：0

2021-08-29日过期京豆：0

2021-08-30日过期京豆：0

2021-08-31日过期京豆：0


==============📣系统通知📣==============
资产变化强化版
📣=============账号49=============📣
账号名称：是个捞仔xbhdi
今日收入：72京豆 🐶
昨日收入：157京豆 🐶
昨日支出：-2000京豆 🐶
当前京豆：425(今日将过期0)京豆🐶
京喜牧场：0枚鸡蛋
极速金币：280649金币(≈28.0649元)
京东赚赚：80000金币(≈8元)
东东农场：40包卤味礼包,进度32.25%,47天后可兑🍉
京喜工厂：当前未开始生产商品,请手动去京东APP->游戏与互动->查看更多->京喜工厂 开启活动🏭
东东工厂：当前未选择商品(或未开启活动) , 请到京东APP=>首页=>京东电器=>(底栏)东东工厂 选择商品!🏭
🧧🧧🧧🧧红包明细🧧🧧🧧🧧
当前总红包：0.45(今日总过期0.38)元 🧧
京喜红包：0.03(今日将过期0.01)元 🧧
极速红包：0.37(今日将过期0.37)元 🧧
京东红包：0.05(今日将过期0.00)元 🧧
健康红包：0.00(今日将过期0.00)元 🧧



********开始【京东账号50】在此长书******

2021-08-25日过期京豆：0

2021-08-26日过期京豆：0

2021-08-27日过期京豆：0

2021-08-28日过期京豆：0

2021-08-29日过期京豆：0

2021-08-30日过期京豆：0

2021-08-31日过期京豆：0


==============📣系统通知📣==============
资产变化强化版
📣=============账号50=============📣
账号名称：在此长书
今日收入：68京豆 🐶
昨日收入：126京豆 🐶
昨日支出：-2005京豆 🐶
当前京豆：617(今日将过期0)京豆🐶
极速金币：82973金币(≈8.2973元)
京东赚赚：32200金币(≈3.22元)
京东秒杀：2260秒秒币(≈2.26元)
东东农场：30支衣架,进度9.50%,51天后可兑🍉
京喜工厂：当前未开始生产商品,请手动去京东APP->游戏与互动->查看更多->京喜工厂 开启活动🏭
东东工厂：华为-礼品1 蓝牙音箱 剩余8;电力投入情况 300000/4580000;当前总电力:659872 ;完成度:14.000000000000002%🏭
🧧🧧🧧🧧红包明细🧧🧧🧧🧧
当前总红包：0.60(今日总过期0.39)元 🧧
京喜红包：0.19(今日将过期0.12)元 🧧
极速红包：0.30(今日将过期0.27)元 🧧
京东红包：0.11(今日将过期0.00)元 🧧
健康红包：0.00(今日将过期0.00)元 🧧



********开始【京东账号51】jd_NETpHmEriMHn******

2021-08-25日过期京豆：0

2021-08-26日过期京豆：0

2021-08-27日过期京豆：0

2021-08-28日过期京豆：5

2021-08-29日过期京豆：5

2021-08-30日过期京豆：5

2021-08-31日过期京豆：5


==============📣系统通知📣==============
资产变化强化版
📣=============账号51=============📣
账号名称：jd_NETpHmEriMHn
今日收入：83京豆 🐶
昨日收入：105京豆 🐶
昨日支出：0京豆 🐶
当前京豆：1025(今日将过期0)京豆🐶
极速金币：92836金币(≈9.2836元)
京东赚赚：32200金币(≈3.22元)
京东秒杀：2260秒秒币(≈2.26元)
京喜工厂：当前未开始生产商品,请手动去京东APP->游戏与互动->查看更多->京喜工厂 开启活动🏭
东东工厂：华为-礼品1 蓝牙音箱 剩余8;电力投入情况 0/4580000;当前总电力:661104 ;完成度:14.000000000000002%🏭
🧧🧧🧧🧧红包明细🧧🧧🧧🧧
当前总红包：0.77(今日总过期0.55)元 🧧
京喜红包：0.21(今日将过期0.11)元 🧧
极速红包：0.26(今日将过期0.26)元 🧧
京东红包：0.30(今日将过期0.18)元 🧧
健康红包：0.00(今日将过期0.00)元 🧧



********开始【京东账号52】夏虫轻语冰月******

2021-08-25日过期京豆：20

2021-08-26日过期京豆：9

2021-08-27日过期京豆：20

2021-08-28日过期京豆：20

2021-08-29日过期京豆：20

2021-08-30日过期京豆：0

2021-08-31日过期京豆：0


==============📣系统通知📣==============
资产变化强化版
📣=============账号52=============📣
账号名称：夏虫轻语冰月
今日收入：76京豆 🐶
昨日收入：88京豆 🐶
昨日支出：0京豆 🐶
当前京豆：6551(今日将过期20)京豆🐶
京喜牧场：0枚鸡蛋
极速金币：457221金币(≈45.7221元)
京东赚赚：124300金币(≈12.43元)
京东秒杀：15230秒秒币(≈15.23元)
东东农场：4L金龙鱼调和油,进度77.68%,40天后可兑🍉
京喜工厂：当前未开始生产商品,请手动去京东APP->游戏与互动->查看更多->京喜工厂 开启活动🏭
东东工厂：当前未选择商品(或未开启活动) , 请到京东APP=>首页=>京东电器=>(底栏)东东工厂 选择商品!🏭
🧧🧧🧧🧧红包明细🧧🧧🧧🧧
当前总红包：0.42(今日总过期0.33)元 🧧
京喜红包：0.03(今日将过期0.01)元 🧧
极速红包：0.10(今日将过期0.10)元 🧧
京东红包：0.29(今日将过期0.22)元 🧧
健康红包：0.00(今日将过期0.00)元 🧧



********开始【京东账号53】摸摸大201314******

2021-08-25日过期京豆：5

2021-08-26日过期京豆：5

2021-08-27日过期京豆：5

2021-08-28日过期京豆：5

2021-08-29日过期京豆：5

2021-08-30日过期京豆：5

2021-08-31日过期京豆：5


==============📣系统通知📣==============
资产变化强化版
📣=============账号53=============📣
账号名称：摸摸大201314
今日收入：100京豆 🐶
昨日收入：116京豆 🐶
昨日支出：-5京豆 🐶
当前京豆：4201(今日将过期5)京豆🐶
极速金币：452123金币(≈45.2123元)
京东赚赚：126800金币(≈12.68元)
京东秒杀：11910秒秒币(≈11.91元)
东东农场：3斤大蒜
京喜工厂：当前未开始生产商品,请手动去京东APP->游戏与互动->查看更多->京喜工厂 开启活动🏭
东东工厂：当前未选择商品(或未开启活动) , 请到京东APP=>首页=>京东电器=>(底栏)东东工厂 选择商品!🏭
🧧🧧🧧🧧红包明细🧧🧧🧧🧧
当前总红包：0.60(今日总过期0.30)元 🧧
京喜红包：0.06(今日将过期0.01)元 🧧
极速红包：0.11(今日将过期0.01)元 🧧
京东红包：0.43(今日将过期0.28)元 🧧
健康红包：0.00(今日将过期0.00)元 🧧



********开始【京东账号54】jd_131708ruh******

2021-08-25日过期京豆：0

2021-08-26日过期京豆：0

2021-08-27日过期京豆：0

2021-08-28日过期京豆：0

2021-08-29日过期京豆：20

2021-08-30日过期京豆：5

2021-08-31日过期京豆：5


==============📣系统通知📣==============
资产变化强化版
📣=============账号54=============📣
账号名称：jd_131708ruh
今日收入：92京豆 🐶
昨日收入：169京豆 🐶
昨日支出：0京豆 🐶
当前京豆：3334(今日将过期0)京豆🐶
极速金币：415387金币(≈41.5387元)
京东赚赚：116700金币(≈11.67元)
京东秒杀：11130秒秒币(≈11.13元)
东东农场：16套餐具,进度14.17%,113天后可兑🍉
京喜工厂：当前未开始生产商品,请手动去京东APP->游戏与互动->查看更多->京喜工厂 开启活动🏭
东东工厂：当前未选择商品(或未开启活动) , 请到京东APP=>首页=>京东电器=>(底栏)东东工厂 选择商品!🏭
东东萌宠：超大容量保温杯,勋章4/4块(100%)
🧧🧧🧧🧧红包明细🧧🧧🧧🧧
当前总红包：0.55(今日总过期0.31)元 🧧
京喜红包：0.07(今日将过期0.03)元 🧧
极速红包：0.03(今日将过期0.00)元 🧧
京东红包：0.45(今日将过期0.28)元 🧧
健康红包：0.00(今日将过期0.00)元 🧧



********开始【京东账号55】o爬爬爬o******

2021-08-25日过期京豆：0

2021-08-26日过期京豆：0

2021-08-27日过期京豆：0

2021-08-28日过期京豆：0

2021-08-29日过期京豆：5

2021-08-30日过期京豆：5

2021-08-31日过期京豆：5


==============📣系统通知📣==============
资产变化强化版
📣=============账号55=============📣
账号名称：o爬爬爬o
今日收入：68京豆 🐶
昨日收入：105京豆 🐶
昨日支出：0京豆 🐶
当前京豆：8946(今日将过期0)京豆🐶
京喜牧场：0枚鸡蛋
极速金币：267136金币(≈26.7136元)
京东赚赚：169800金币(≈16.98元)
京东秒杀：17120秒秒币(≈17.12元)
东东农场：4升调和油,进度72.73%,35天后可兑🍉
京喜工厂：当前未开始生产商品,请手动去京东APP->游戏与互动->查看更多->京喜工厂 开启活动🏭
东东工厂：当前未选择商品(或未开启活动) , 请到京东APP=>首页=>京东电器=>(底栏)东东工厂 选择商品!🏭
东东萌宠：全自动 晴雨伞,勋章2/5块(83%)
🧧🧧🧧🧧红包明细🧧🧧🧧🧧
当前总红包：0.49(今日总过期0.31)元 🧧
京喜红包：0.03(今日将过期0.01)元 🧧
极速红包：0.04(今日将过期0.03)元 🧧
京东红包：0.42(今日将过期0.27)元 🧧
健康红包：0.00(今日将过期0.00)元 🧧



********开始【京东账号56】jd_HquhXkyEIYkQ******

2021-08-25日过期京豆：5

2021-08-26日过期京豆：5

2021-08-27日过期京豆：5

2021-08-28日过期京豆：5

2021-08-29日过期京豆：5

2021-08-30日过期京豆：0

2021-08-31日过期京豆：0


==============📣系统通知📣==============
资产变化强化版
📣=============账号56=============📣
账号名称：jd_HquhXkyEIYkQ
今日收入：67京豆 🐶
昨日收入：124京豆 🐶
昨日支出：-5京豆 🐶
当前京豆：2034(今日将过期5)京豆🐶
京喜牧场：0枚鸡蛋
极速金币：20310金币(≈2.031元)
京东赚赚：34900金币(≈3.49元)
东东农场：3斤沃柑,进度100.00%
京喜工厂：当前未开始生产商品,请手动去京东APP->游戏与互动->查看更多->京喜工厂 开启活动🏭
东东工厂：华为-礼品1 蓝牙音箱 剩余8;电力投入情况 0/4580000;当前总电力:650782 ;完成度:14.000000000000002%🏭
东东萌宠：宠物衣服小恐龙款,勋章2/4块(40.5%)
🧧🧧🧧🧧红包明细🧧🧧🧧🧧
当前总红包：0.74(今日总过期0.66)元 🧧
京喜红包：0.04(今日将过期0.03)元 🧧
极速红包：0.41(今日将过期0.41)元 🧧
京东红包：0.29(今日将过期0.22)元 🧧
健康红包：0.00(今日将过期0.00)元 🧧



********开始【京东账号57】在此丿******

2021-08-25日过期京豆：0

2021-08-26日过期京豆：0

2021-08-27日过期京豆：0

2021-08-28日过期京豆：0

2021-08-29日过期京豆：0

2021-08-30日过期京豆：0

2021-08-31日过期京豆：0


==============📣系统通知📣==============
资产变化强化版
📣=============账号57=============📣
账号名称：在此丿
今日收入：124京豆 🐶
昨日收入：122京豆 🐶
昨日支出：0京豆 🐶
当前京豆：2877(今日将过期0)京豆🐶
京喜牧场：0枚鸡蛋
极速金币：456766金币(≈45.6766元)
京东赚赚：129100金币(≈12.91元)
京东秒杀：12265秒秒币(≈12.265元)
东东农场：1.5斤大连樱桃,进度57.27%,85天后可兑🍉
京喜工厂：可口可乐4瓶 ,进度:100.00%🏭
东东工厂：华为-礼品1 蓝牙音箱 剩余8;电力投入情况 2700000/4580000;当前总电力:2773820 ;完成度:61%🏭
东东萌宠：宠物衣服小恐龙款,勋章4/4块(100%)
🧧🧧🧧🧧红包明细🧧🧧🧧🧧
当前总红包：0.79(今日总过期0.32)元 🧧
京喜红包：0.03(今日将过期0.01)元 🧧
极速红包：0.25(今日将过期0.03)元 🧧
京东红包：0.51(今日将过期0.28)元 🧧
健康红包：0.00(今日将过期0.00)元 🧧



********开始【京东账号58】书剑挂天涯丶******

2021-08-25日过期京豆：0

2021-08-26日过期京豆：0

2021-08-27日过期京豆：0

2021-08-28日过期京豆：0

2021-08-29日过期京豆：5

2021-08-30日过期京豆：5

2021-08-31日过期京豆：5


==============📣系统通知📣==============
资产变化强化版
📣=============账号58=============📣
账号名称：书剑挂天涯丶
今日收入：81京豆 🐶
昨日收入：99京豆 🐶
昨日支出：0京豆 🐶
当前京豆：1667(今日将过期0)京豆🐶
极速金币：363011金币(≈36.3011元)
京东赚赚：97500金币(≈9.75元)
京东秒杀：9800秒秒币(≈9.8元)
东东农场：4斤木瓜
京喜工厂：当前未开始生产商品,请手动去京东APP->游戏与互动->查看更多->京喜工厂 开启活动🏭
东东工厂：当前未选择商品(或未开启活动) , 请到京东APP=>首页=>京东电器=>(底栏)东东工厂 选择商品!🏭
🧧🧧🧧🧧红包明细🧧🧧🧧🧧
当前总红包：0.94(今日总过期0.53)元 🧧
京喜红包：0.30(今日将过期0.11)元 🧧
极速红包：0.22(今日将过期0.15)元 🧧
京东红包：0.42(今日将过期0.27)元 🧧
健康红包：0.00(今日将过期0.00)元 🧧



********开始【京东账号59】oVvJAksDPbVT******

2021-08-25日过期京豆：5

2021-08-26日过期京豆：5

2021-08-27日过期京豆：5

2021-08-28日过期京豆：0

2021-08-29日过期京豆：0

2021-08-30日过期京豆：0

2021-08-31日过期京豆：0


==============📣系统通知📣==============
资产变化强化版
📣=============账号59=============📣
账号名称：oVvJAksDPbVT
今日收入：59京豆 🐶
昨日收入：131京豆 🐶
昨日支出：-5京豆 🐶
当前京豆：11409(今日将过期5)京豆🐶
京喜牧场：72枚鸡蛋
极速金币：349946金币(≈34.9946元)
京东赚赚：166100金币(≈16.61元)
京东秒杀：16470秒秒币(≈16.47元)
东东农场：20斤大米,进度44.09%,72天后可兑🍉
京喜工厂：当前未开始生产商品,请手动去京东APP->游戏与互动->查看更多->京喜工厂 开启活动🏭
东东工厂：当前未选择商品(或未开启活动) , 请到京东APP=>首页=>京东电器=>(底栏)东东工厂 选择商品!🏭
东东萌宠：超大容量保温杯,勋章4/4块(100%)
🧧🧧🧧🧧红包明细🧧🧧🧧🧧
当前总红包：1.93(今日总过期0.80)元 🧧
京喜红包：1.39(今日将过期0.41)元 🧧
极速红包：0.12(今日将过期0.12)元 🧧
京东红包：0.42(今日将过期0.27)元 🧧
健康红包：0.00(今日将过期0.00)元 🧧



********开始【京东账号60】BotokCODiUSA******

2021-08-25日过期京豆：0

2021-08-26日过期京豆：0

2021-08-27日过期京豆：0

2021-08-28日过期京豆：0

2021-08-29日过期京豆：0

2021-08-30日过期京豆：0

2021-08-31日过期京豆：0


==============📣系统通知📣==============
资产变化强化版
📣=============账号60=============📣
账号名称：BotokCODiUSA
今日收入：155京豆 🐶
昨日收入：98京豆 🐶
昨日支出：0京豆 🐶
当前京豆：2073(今日将过期0)京豆🐶
极速金币：86612金币(≈8.6612元)
京东赚赚：31900金币(≈3.19元)
京东秒杀：2260秒秒币(≈2.26元)
东东农场：4升调和油,进度45.50%,19天后可兑🍉
京喜工厂：当前未开始生产商品,请手动去京东APP->游戏与互动->查看更多->京喜工厂 开启活动🏭
东东工厂：华为-礼品1 蓝牙音箱 剩余8;电力投入情况 0/4580000;当前总电力:533960 ;完成度:12%🏭
🧧🧧🧧🧧红包明细🧧🧧🧧🧧
当前总红包：1.67(今日总过期0.37)元 🧧
京喜红包：1.06(今日将过期0.09)元 🧧
极速红包：0.28(今日将过期0.08)元 🧧
京东红包：0.33(今日将过期0.20)元 🧧
健康红包：0.00(今日将过期0.00)元 🧧



********开始【京东账号61】任世鹏鹏******

2021-08-25日过期京豆：5

2021-08-26日过期京豆：5

2021-08-27日过期京豆：5

2021-08-28日过期京豆：5

2021-08-29日过期京豆：5

2021-08-30日过期京豆：0

2021-08-31日过期京豆：0


==============📣系统通知📣==============
资产变化强化版
📣=============账号61=============📣
账号名称：任世鹏鹏
今日收入：84京豆 🐶
昨日收入：108京豆 🐶
昨日支出：-5京豆 🐶
当前京豆：2409(今日将过期5)京豆🐶
京喜牧场：1枚鸡蛋
极速金币：408013金币(≈40.8013元)
京东赚赚：123000金币(≈12.3元)
京东秒杀：12090秒秒币(≈12.09元)
东东农场：20斤大米,进度10.82%,163天后可兑🍉
京喜工厂：当前未开始生产商品,请手动去京东APP->游戏与互动->查看更多->京喜工厂 开启活动🏭
东东工厂：当前未选择商品(或未开启活动) , 请到京东APP=>首页=>京东电器=>(底栏)东东工厂 选择商品!🏭
东东萌宠：全遮光防晒伞,勋章4/5块(92.4%)
🧧🧧🧧🧧红包明细🧧🧧🧧🧧
当前总红包：2.12(今日总过期0.97)元 🧧
京喜红包：1.23(今日将过期0.62)元 🧧
极速红包：0.57(今日将过期0.18)元 🧧
京东红包：0.32(今日将过期0.17)元 🧧
健康红包：0.00(今日将过期0.00)元 🧧



********开始【京东账号62】jd_5df51381d398c******

2021-08-25日过期京豆：0

2021-08-26日过期京豆：0

2021-08-27日过期京豆：0

2021-08-28日过期京豆：0

2021-08-29日过期京豆：0

2021-08-30日过期京豆：0

2021-08-31日过期京豆：5


==============📣系统通知📣==============
资产变化强化版
📣=============账号62=============📣
账号名称：jd_5df51381d398c
今日收入：67京豆 🐶
昨日收入：82京豆 🐶
昨日支出：0京豆 🐶
当前京豆：1297(今日将过期0)京豆🐶
京喜牧场：23枚鸡蛋
极速金币：224476金币(≈22.4476元)
京东赚赚：74100金币(≈7.41元)
京东秒杀：6820秒秒币(≈6.82元)
东东农场：3斤水蜜桃,进度48.25%,12天后可兑🍉
京喜工厂：当前未开始生产商品,请手动去京东APP->游戏与互动->查看更多->京喜工厂 开启活动🏭
东东工厂：华为-礼品1 蓝牙音箱 剩余8;电力投入情况 400000/4580000;当前总电力:1643952 ;完成度:36%🏭
东东萌宠：3层抽纸巾30包,勋章1/4块(86%)
🧧🧧🧧🧧红包明细🧧🧧🧧🧧
当前总红包：7.14(今日总过期0.53)元 🧧
京喜红包：6.97(今日将过期0.43)元 🧧
极速红包：0.10(今日将过期0.10)元 🧧
京东红包：0.07(今日将过期0.00)元 🧧
健康红包：0.00(今日将过期0.00)元 🧧



********开始【京东账号63】宵夜mm******

2021-08-25日过期京豆：0

2021-08-26日过期京豆：0

2021-08-27日过期京豆：0

2021-08-28日过期京豆：0

2021-08-29日过期京豆：0

2021-08-30日过期京豆：0

2021-08-31日过期京豆：0


==============📣系统通知📣==============
资产变化强化版
📣=============账号63=============📣
账号名称：宵夜mm
今日收入：88京豆 🐶
昨日收入：201京豆 🐶
昨日支出：-1000京豆 🐶
当前京豆：1770(今日将过期0)京豆🐶
极速金币：59804金币(≈5.9804元)
京东赚赚：28600金币(≈2.86元)
京东秒杀：2100秒秒币(≈2.1元)
东东农场： 3斤芒果,进度15.00%,9天后可兑🍉
京喜工厂：当前未开始生产商品,请手动去京东APP->游戏与互动->查看更多->京喜工厂 开启活动🏭
东东工厂：华为-礼品1 蓝牙音箱 剩余8;电力投入情况 0/4580000;当前总电力:497606 ;完成度:11%🏭
🧧🧧🧧🧧红包明细🧧🧧🧧🧧
当前总红包：1.51(今日总过期0.28)元 🧧
京喜红包：1.14(今日将过期0.12)元 🧧
极速红包：0.14(今日将过期0.00)元 🧧
京东红包：0.23(今日将过期0.16)元 🧧
健康红包：0.00(今日将过期0.00)元 🧧



********开始【京东账号64】jd_183372xnn******

2021-08-25日过期京豆：0

2021-08-26日过期京豆：0

2021-08-27日过期京豆：0

2021-08-28日过期京豆：5

2021-08-29日过期京豆：5

2021-08-30日过期京豆：5

2021-08-31日过期京豆：5


==============📣系统通知📣==============
资产变化强化版
📣=============账号64=============📣
账号名称：jd_183372xnn
今日收入：53京豆 🐶
昨日收入：128京豆 🐶
昨日支出：0京豆 🐶
当前京豆：938(今日将过期0)京豆🐶
极速金币：48840金币(≈4.884元)
京东赚赚：26800金币(≈2.68元)
京东秒杀：1960秒秒币(≈1.96元)
京喜工厂：当前未开始生产商品,请手动去京东APP->游戏与互动->查看更多->京喜工厂 开启活动🏭
东东工厂：华为-礼品1 蓝牙音箱 剩余8;电力投入情况 0/4580000;当前总电力:450376 ;完成度:10%🏭
🧧🧧🧧🧧红包明细🧧🧧🧧🧧
当前总红包：3.82(今日总过期0.40)元 🧧
京喜红包：0.25(今日将过期0.12)元 🧧
极速红包：0.24(今日将过期0.10)元 🧧
京东红包：3.33(今日将过期0.18)元 🧧
健康红包：0.00(今日将过期0.00)元 🧧



********开始【京东账号65】初见磊******

2021-08-25日过期京豆：0

2021-08-26日过期京豆：0

2021-08-27日过期京豆：4

2021-08-28日过期京豆：16

2021-08-29日过期京豆：17

2021-08-30日过期京豆：0

2021-08-31日过期京豆：0


==============📣系统通知📣==============
资产变化强化版
📣=============账号65=============📣
账号名称：初见磊
今日收入：67京豆 🐶
昨日收入：126京豆 🐶
昨日支出：0京豆 🐶
当前京豆：25605(今日将过期0)京豆🐶
京喜牧场：338枚鸡蛋
极速金币：614529金币(≈61.4529元)
京东赚赚：158700金币(≈15.87元)
京东秒杀：16030秒秒币(≈16.03元)
东东农场：96卷卷纸,进度24.18%,93天后可兑🍉
京喜工厂：当前未开始生产商品,请手动去京东APP->游戏与互动->查看更多->京喜工厂 开启活动🏭
东东工厂：当前未选择商品(或未开启活动) , 请到京东APP=>首页=>京东电器=>(底栏)东东工厂 选择商品!🏭
东东萌宠：全遮光防晒伞,勋章4/5块(78.4%)
🧧🧧🧧🧧红包明细🧧🧧🧧🧧
当前总红包：2.28(今日总过期0.52)元 🧧
京喜红包：1.60(今日将过期0.24)元 🧧
极速红包：0.34(今日将过期0.01)元 🧧
京东红包：0.34(今日将过期0.27)元 🧧
健康红包：0.00(今日将过期0.00)元 🧧



********开始【京东账号66】都走吧丶******

2021-08-25日过期京豆：0

2021-08-26日过期京豆：0

2021-08-27日过期京豆：0

2021-08-28日过期京豆：0

2021-08-29日过期京豆：0

2021-08-30日过期京豆：0

2021-08-31日过期京豆：0


==============📣系统通知📣==============
资产变化强化版
📣=============账号66=============📣
账号名称：都走吧丶
今日收入：80京豆 🐶
昨日收入：127京豆 🐶
昨日支出：0京豆 🐶
当前京豆：15721(今日将过期0)京豆🐶
京喜牧场：21枚鸡蛋
极速金币：605852金币(≈60.5852元)
京东赚赚：156900金币(≈15.69元)
东东农场：20斤大米,进度81.82%,25天后可兑🍉
京喜工厂：维达抽纸5包 ,进度:100.00%🏭
东东工厂：当前未选择商品(或未开启活动) , 请到京东APP=>首页=>京东电器=>(底栏)东东工厂 选择商品!🏭
东东萌宠：全自动 晴雨伞,勋章3/5块(38.2%)
🧧🧧🧧🧧红包明细🧧🧧🧧🧧
当前总红包：1.35(今日总过期0.36)元 🧧
京喜红包：1.03(今日将过期0.14)元 🧧
极速红包：0.00(今日将过期0.00)元 🧧
京东红包：0.32(今日将过期0.22)元 🧧
健康红包：0.00(今日将过期0.00)元 🧧



********开始【京东账号67】龘丶孤岛******

2021-08-25日过期京豆：0

2021-08-26日过期京豆：0

2021-08-27日过期京豆：0

2021-08-28日过期京豆：0

2021-08-29日过期京豆：0

2021-08-30日过期京豆：0

2021-08-31日过期京豆：0


==============📣系统通知📣==============
资产变化强化版
📣=============账号67=============📣
账号名称：龘丶孤岛
今日收入：62京豆 🐶
昨日收入：132京豆 🐶
昨日支出：0京豆 🐶
当前京豆：11577(今日将过期0)京豆🐶
京喜牧场：128枚鸡蛋
极速金币：594446金币(≈59.4446元)
京东赚赚：158800金币(≈15.88元)
京东秒杀：14315秒秒币(≈14.315元)
东东农场：4升调和油,进度32.55%,78天后可兑🍉
京喜工厂：undefined ,已经可兑换，请手动兑换🏭
东东工厂：当前未选择商品(或未开启活动) , 请到京东APP=>首页=>京东电器=>(底栏)东东工厂 选择商品!🏭
东东萌宠：成人声波 电动牙刷,勋章3/5块(86.6%)
🧧🧧🧧🧧红包明细🧧🧧🧧🧧
当前总红包：2.03(今日总过期0.58)元 🧧
京喜红包：1.34(今日将过期0.34)元 🧧
极速红包：0.37(今日将过期0.07)元 🧧
京东红包：0.32(今日将过期0.17)元 🧧
健康红包：0.00(今日将过期0.00)元 🧧



********开始【京东账号68】突突突突y******

2021-08-25日过期京豆：5

2021-08-26日过期京豆：5

2021-08-27日过期京豆：5

2021-08-28日过期京豆：5

2021-08-29日过期京豆：0

2021-08-30日过期京豆：0

2021-08-31日过期京豆：0


==============📣系统通知📣==============
资产变化强化版
📣=============账号68=============📣
账号名称：突突突突y
今日收入：169京豆 🐶
昨日收入：200京豆 🐶
昨日支出：-5京豆 🐶
当前京豆：2032(今日将过期5)京豆🐶
京喜牧场：0枚鸡蛋
极速金币：90718金币(≈9.0718元)
京东赚赚：31900金币(≈3.19元)
东东农场：20斤大米,进度7.13%,86天后可兑🍉
京喜工厂：当前未开始生产商品,请手动去京东APP->游戏与互动->查看更多->京喜工厂 开启活动🏭
东东工厂：华为-礼品1 蓝牙音箱 剩余8;电力投入情况 0/4580000;当前总电力:552013 ;完成度:12%🏭
东东萌宠：全自动 晴雨伞,勋章2/5块(60.1%)
🧧🧧🧧🧧红包明细🧧🧧🧧🧧
当前总红包：26.29(今日总过期1.10)元 🧧
京喜红包：0.68(今日将过期0.66)元 🧧
极速红包：0.17(今日将过期0.10)元 🧧
京东红包：25.44(今日将过期0.34)元 🧧
健康红包：0.00(今日将过期0.00)元 🧧



********开始【京东账号69】方方还会笑******

2021-08-25日过期京豆：0

2021-08-26日过期京豆：0

2021-08-27日过期京豆：0

2021-08-28日过期京豆：0

2021-08-29日过期京豆：0

2021-08-30日过期京豆：0

2021-08-31日过期京豆：0


==============📣系统通知📣==============
资产变化强化版
📣=============账号69=============📣
账号名称：方方还会笑
今日收入：46京豆 🐶
昨日收入：77京豆 🐶
昨日支出：0京豆 🐶
当前京豆：3653(今日将过期0)京豆🐶
京喜牧场：337枚鸡蛋
极速金币：605168金币(≈60.5168元)
京东赚赚：163600金币(≈16.36元)
京东秒杀：10580秒秒币(≈10.58元)
东东农场：1.5斤大连樱桃,进度73.68%,31天后可兑🍉
京喜工厂：当前未开始生产商品,请手动去京东APP->游戏与互动->查看更多->京喜工厂 开启活动🏭
东东工厂：当前未选择商品(或未开启活动) , 请到京东APP=>首页=>京东电器=>(底栏)东东工厂 选择商品!🏭
东东萌宠：全自动 晴雨伞,勋章3/5块(7.3%)
🧧🧧🧧🧧红包明细🧧🧧🧧🧧
当前总红包：2.45(今日总过期0.77)元 🧧
京喜红包：1.93(今日将过期0.48)元 🧧
极速红包：0.11(今日将过期0.09)元 🧧
京东红包：0.41(今日将过期0.20)元 🧧
健康红包：0.00(今日将过期0.00)元 🧧



********开始【京东账号70】Niko___******

2021-08-25日过期京豆：0

2021-08-26日过期京豆：0

2021-08-27日过期京豆：0

2021-08-28日过期京豆：0

2021-08-29日过期京豆：0

2021-08-30日过期京豆：0

2021-08-31日过期京豆：0


==============📣系统通知📣==============
资产变化强化版
📣=============账号70=============📣
账号名称：Niko___
今日收入：75京豆 🐶
昨日收入：56京豆 🐶
昨日支出：0京豆 🐶
当前京豆：35142(今日将过期0)京豆🐶
京喜牧场：156枚鸡蛋
极速金币：1089794金币(≈108.9794元)
京东赚赚：260400金币(≈26.04元)
京东秒杀：24700秒秒币(≈24.7元)
东东农场：4升调和油,进度35.68%,82天后可兑🍉
京喜工厂：维达抽纸5包 ,进度:94.70% ,预计:2.65天可兑换🏭
东东工厂：华为-礼品1 蓝牙音箱 剩余8;电力投入情况 100000/4580000;当前总电力:3100726 ;完成度:68%🏭
东东萌宠：成人声波 电动牙刷,勋章4/5块(76.6%)
🧧🧧🧧🧧红包明细🧧🧧🧧🧧
当前总红包：1.57(今日总过期0.49)元 🧧
京喜红包：0.99(今日将过期0.00)元 🧧
极速红包：0.49(今日将过期0.49)元 🧧
京东红包：0.09(今日将过期0.00)元 🧧
健康红包：0.00(今日将过期0.00)元 🧧



********开始【京东账号71】jd_176023elb******

2021-08-25日过期京豆：0

2021-08-26日过期京豆：0

2021-08-27日过期京豆：0

2021-08-28日过期京豆：0

2021-08-29日过期京豆：0

2021-08-30日过期京豆：0

2021-08-31日过期京豆：0


==============📣系统通知📣==============
资产变化强化版
📣=============账号71=============📣
账号名称：jd_176023elb
今日收入：65京豆 🐶
昨日收入：92京豆 🐶
昨日支出：0京豆 🐶
当前京豆：37303(今日将过期0)京豆🐶
京喜牧场：374枚鸡蛋
极速金币：675189金币(≈67.5189元)
京东赚赚：161700金币(≈16.17元)
京东秒杀：13935秒秒币(≈13.935元)
东东农场：4斤木瓜,进度26.67%,21天后可兑🍉
京喜工厂：可口可乐4瓶 ,进度:100.00%🏭
东东工厂：当前未选择商品(或未开启活动) , 请到京东APP=>首页=>京东电器=>(底栏)东东工厂 选择商品!🏭
东东萌宠：全自动 晴雨伞,勋章1/5块(80.7%)
🧧🧧🧧🧧红包明细🧧🧧🧧🧧
当前总红包：2.52(今日总过期0.69)元 🧧
京喜红包：1.93(今日将过期0.41)元 🧧
极速红包：0.08(今日将过期0.00)元 🧧
京东红包：0.51(今日将过期0.28)元 🧧
健康红包：0.00(今日将过期0.00)元 🧧



********开始【京东账号72】jd_134356jlh******

2021-08-25日过期京豆：0

2021-08-26日过期京豆：0

2021-08-27日过期京豆：0

2021-08-28日过期京豆：0

2021-08-29日过期京豆：0

2021-08-30日过期京豆：0

2021-08-31日过期京豆：0


==============📣系统通知📣==============
资产变化强化版
📣=============账号72=============📣
账号名称：jd_134356jlh
今日收入：98京豆 🐶
昨日收入：94京豆 🐶
昨日支出：0京豆 🐶
当前京豆：1779(今日将过期0)京豆🐶
极速金币：59883金币(≈5.9883元)
京东赚赚：121650金币(≈12.165元)
京东秒杀：3680秒秒币(≈3.68元)
东东农场：2斤青芒果,进度100.00%
京喜工厂：当前未开始生产商品,请手动去京东APP->游戏与互动->查看更多->京喜工厂 开启活动🏭
东东工厂：当前未选择商品(或未开启活动) , 请到京东APP=>首页=>京东电器=>(底栏)东东工厂 选择商品!🏭
东东萌宠：成人声波 电动牙刷,勋章4/5块(55.4%)
🧧🧧🧧🧧红包明细🧧🧧🧧🧧
当前总红包：1.97(今日总过期0.71)元 🧧
京喜红包：1.12(今日将过期0.09)元 🧧
极速红包：0.30(今日将过期0.30)元 🧧
京东红包：0.55(今日将过期0.32)元 🧧
健康红包：0.00(今日将过期0.00)元 🧧



********开始【京东账号73】y159*****560******

2021-08-25日过期京豆：0

2021-08-26日过期京豆：0

2021-08-27日过期京豆：0

2021-08-28日过期京豆：0

2021-08-29日过期京豆：0

2021-08-30日过期京豆：0

2021-08-31日过期京豆：0


==============📣系统通知📣==============
资产变化强化版
📣=============账号73=============📣
账号名称：y159*****560
今日收入：155京豆 🐶
昨日收入：145京豆 🐶
昨日支出：0京豆 🐶
当前京豆：1985(今日将过期0)京豆🐶
极速金币：60885金币(≈6.0885元)
京东赚赚：75400金币(≈7.54元)
京东秒杀：6630秒秒币(≈6.63元)
东东农场：96卷卷纸,进度67.32%,39天后可兑🍉
京喜工厂：坚果组合 ,进度:100.00%🏭
东东工厂：当前未选择商品(或未开启活动) , 请到京东APP=>首页=>京东电器=>(底栏)东东工厂 选择商品!🏭
东东萌宠：声波电动牙刷,勋章3/4块(65%)
🧧🧧🧧🧧红包明细🧧🧧🧧🧧
当前总红包：1.03(今日总过期0.62)元 🧧
京喜红包：0.31(今日将过期0.13)元 🧧
极速红包：0.31(今日将过期0.31)元 🧧
京东红包：0.41(今日将过期0.18)元 🧧
健康红包：0.00(今日将过期0.00)元 🧧



********开始【京东账号74】Anmp******

2021-08-25日过期京豆：5

2021-08-26日过期京豆：5

2021-08-27日过期京豆：5

2021-08-28日过期京豆：5

2021-08-29日过期京豆：5

2021-08-30日过期京豆：0

2021-08-31日过期京豆：0


==============📣系统通知📣==============
资产变化强化版
📣=============账号74=============📣
账号名称：Anmp
今日收入：249京豆 🐶
昨日收入：104京豆 🐶
昨日支出：-5京豆 🐶
当前京豆：2507(今日将过期5)京豆🐶
京喜牧场：288枚鸡蛋
极速金币：38601金币(≈3.8601元)
京东赚赚：299800金币(≈29.98元)
京东秒杀：8840秒秒币(≈8.84元)
东东农场：4升调和油,进度86.95%,6天后可兑🍉
京喜工厂：当前未开始生产商品,请手动去京东APP->游戏与互动->查看更多->京喜工厂 开启活动🏭
东东工厂：华为-礼品2 mini音箱 剩余19;电力投入情况 0/4580000;当前总电力:1724270 ;完成度:38%🏭
东东萌宠：3层抽纸巾30包,勋章3/4块(6.7%)
🧧🧧🧧🧧红包明细🧧🧧🧧🧧
当前总红包：0.90(今日总过期0.00)元 🧧
京喜红包：0.83(今日将过期0.00)元 🧧
极速红包：0.00(今日将过期0.00)元 🧧
京东红包：0.07(今日将过期0.00)元 🧧
健康红包：0.00(今日将过期0.00)元 🧧



********开始【京东账号75】RECCCCB******

2021-08-25日过期京豆：5

2021-08-26日过期京豆：5

2021-08-27日过期京豆：5

2021-08-28日过期京豆：5

2021-08-29日过期京豆：5

2021-08-30日过期京豆：5

2021-08-31日过期京豆：5


==============📣系统通知📣==============
资产变化强化版
📣=============账号75=============📣
账号名称：RECCCCB
今日收入：108京豆 🐶
昨日收入：122京豆 🐶
昨日支出：0京豆 🐶
当前京豆：3917(今日将过期5)京豆🐶
京喜牧场：150枚鸡蛋
极速金币：112903金币(≈11.2903元)
京东赚赚：152450金币(≈15.245元)
京东秒杀：1940秒秒币(≈1.94元)
东东农场：1.5斤大连樱桃,进度66.68%,37天后可兑🍉
京喜工厂：中华牙膏2支 ,进度:90.91% ,预计:1.01天可兑换🏭
东东工厂：华为-礼品2 mini音箱 剩余19;电力投入情况 2300000/4580000;当前总电力:2311558 ;完成度:50%🏭
东东萌宠：全自动 晴雨伞,勋章3/5块(42.5%)
🧧🧧🧧🧧红包明细🧧🧧🧧🧧
当前总红包：3.56(今日总过期1.46)元 🧧
京喜红包：2.60(今日将过期0.83)元 🧧
极速红包：0.35(今日将过期0.35)元 🧧
京东红包：0.61(今日将过期0.28)元 🧧
健康红包：0.00(今日将过期0.00)元 🧧



********开始【京东账号76】东哥我兄弟来的******

2021-08-25日过期京豆：0

2021-08-26日过期京豆：0

2021-08-27日过期京豆：0

2021-08-28日过期京豆：0

2021-08-29日过期京豆：0

2021-08-30日过期京豆：0

2021-08-31日过期京豆：0


==============📣系统通知📣==============
资产变化强化版
📣=============账号76=============📣
账号名称：东哥我兄弟来的
今日收入：162京豆 🐶
昨日收入：157京豆 🐶
昨日支出：0京豆 🐶
当前京豆：927(今日将过期0)京豆🐶
京喜牧场：0枚鸡蛋
极速金币：159590金币(≈15.959元)
京东赚赚：183650金币(≈18.365元)
京东秒杀：18810秒秒币(≈18.81元)
东东农场：3盒龙虾尾,进度47.50%,67天后可兑🍉
京喜工厂：当前未开始生产商品,请手动去京东APP->游戏与互动->查看更多->京喜工厂 开启活动🏭
东东工厂：当前未选择商品(或未开启活动) , 请到京东APP=>首页=>京东电器=>(底栏)东东工厂 选择商品!🏭
东东萌宠：3层抽纸巾30包,勋章3/4块(25.7%)
🧧🧧🧧🧧红包明细🧧🧧🧧🧧
当前总红包：0.84(今日总过期0.59)元 🧧
京喜红包：0.03(今日将过期0.01)元 🧧
极速红包：0.30(今日将过期0.30)元 🧧
京东红包：0.51(今日将过期0.28)元 🧧
健康红包：0.00(今日将过期0.00)元 🧧



********开始【京东账号77】您老hi******

2021-08-25日过期京豆：0

2021-08-26日过期京豆：0

2021-08-27日过期京豆：0

2021-08-28日过期京豆：0

2021-08-29日过期京豆：0

2021-08-30日过期京豆：0

2021-08-31日过期京豆：0


==============📣系统通知📣==============
资产变化强化版
📣=============账号77=============📣
账号名称：您老hi
今日收入：188京豆 🐶
昨日收入：161京豆 🐶
昨日支出：0京豆 🐶
当前京豆：5083(今日将过期0)京豆🐶
京喜牧场：295枚鸡蛋
极速金币：991346金币(≈99.1346元)
京东赚赚：212500金币(≈21.25元)
京东秒杀：20360秒秒币(≈20.36元)
东东农场：96卷卷纸,进度73.45%,30天后可兑🍉
京喜工厂：卷纸16卷 ,进度:100.00%🏭
东东工厂：当前未选择商品(或未开启活动) , 请到京东APP=>首页=>京东电器=>(底栏)东东工厂 选择商品!🏭
东东萌宠：成人声波 电动牙刷,勋章5/5块(100%)
🧧🧧🧧🧧红包明细🧧🧧🧧🧧
当前总红包：0.71(今日总过期0.38)元 🧧
京喜红包：0.03(今日将过期0.01)元 🧧
极速红包：0.28(今日将过期0.20)元 🧧
京东红包：0.40(今日将过期0.17)元 🧧
健康红包：0.00(今日将过期0.00)元 🧧



********开始【京东账号78】jd_lwkbFyVBuQyA******

2021-08-25日过期京豆：0

2021-08-26日过期京豆：0

2021-08-27日过期京豆：0

2021-08-28日过期京豆：0

2021-08-29日过期京豆：0

2021-08-30日过期京豆：0

2021-08-31日过期京豆：0

异常：{"code":0,"data":{"bizCode":-1001,"bizMsg":"活动太火爆啦","success":false},"msg":"调用成功"}

==============📣系统通知📣==============
资产变化强化版
📣=============账号78=============📣
账号名称：jd_lwkbFyVBuQyA
今日收入：113京豆 🐶
昨日收入：94京豆 🐶
昨日支出：0京豆 🐶
当前京豆：1189(今日将过期0)京豆🐶
极速金币：50777金币(≈5.0777元)
京东赚赚：70300金币(≈7.03元)
东东农场：3盒龙虾尾,进度15.80%,74天后可兑🍉
京喜工厂：当前未开始生产商品,请手动去京东APP->游戏与互动->查看更多->京喜工厂 开启活动🏭
🧧🧧🧧🧧红包明细🧧🧧🧧🧧
当前总红包：0.22(今日总过期0.12)元 🧧
京喜红包：0.03(今日将过期0.00)元 🧧
极速红包：0.00(今日将过期0.00)元 🧧
京东红包：0.19(今日将过期0.12)元 🧧
健康红包：0.00(今日将过期0.00)元 🧧



********开始【京东账号79】jd_557dbcece7ccc******

2021-08-25日过期京豆：0

2021-08-26日过期京豆：0

2021-08-27日过期京豆：0

2021-08-28日过期京豆：0

2021-08-29日过期京豆：0

2021-08-30日过期京豆：0

2021-08-31日过期京豆：0


==============📣系统通知📣==============
资产变化强化版
📣=============账号79=============📣
账号名称：jd_557dbcece7ccc
今日收入：81京豆 🐶
昨日收入：89京豆 🐶
昨日支出：0京豆 🐶
当前京豆：1689(今日将过期0)京豆🐶
极速金币：272835金币(≈27.2835元)
京东赚赚：70200金币(≈7.02元)
京东秒杀：6120秒秒币(≈6.12元)
东东农场：3斤雪花梨,进度84.33%,8天后可兑🍉
京喜工厂：当前未开始生产商品,请手动去京东APP->游戏与互动->查看更多->京喜工厂 开启活动🏭
东东工厂：当前未选择商品(或未开启活动) , 请到京东APP=>首页=>京东电器=>(底栏)东东工厂 选择商品!🏭
东东萌宠：2只装 大号收纳袋,勋章3/4块(22%)
🧧🧧🧧🧧红包明细🧧🧧🧧🧧
当前总红包：1.73(今日总过期0.41)元 🧧
京喜红包：1.12(今日将过期0.14)元 🧧
极速红包：0.11(今日将过期0.00)元 🧧
京东红包：0.50(今日将过期0.27)元 🧧
健康红包：0.00(今日将过期0.00)元 🧧



********开始【京东账号80】kid14121412******

2021-08-25日过期京豆：0

2021-08-26日过期京豆：0

2021-08-27日过期京豆：0

2021-08-28日过期京豆：0

2021-08-29日过期京豆：0

2021-08-30日过期京豆：0

2021-08-31日过期京豆：0

异常：{"code":0,"data":{"bizCode":-1001,"bizMsg":"活动太火爆啦","success":false},"msg":"调用成功"}

==============📣系统通知📣==============
资产变化强化版
📣=============账号80=============📣
账号名称：kid14121412
今日收入：55京豆 🐶
昨日收入：47京豆 🐶
昨日支出：0京豆 🐶
当前京豆：875(今日将过期0)京豆🐶
京喜牧场：0枚鸡蛋
极速金币：17750金币(≈1.775元)
京东赚赚：70200金币(≈7.02元)
京东秒杀：6120秒秒币(≈6.12元)
东东农场：96卷卷纸,进度32.13%,56天后可兑🍉
京喜工厂：当前未开始生产商品,请手动去京东APP->游戏与互动->查看更多->京喜工厂 开启活动🏭
东东萌宠：狗狗零食牛肉水晶肠,勋章3/4块(24.5%)
🧧🧧🧧🧧红包明细🧧🧧🧧🧧
当前总红包：0.57(今日总过期0.27)元 🧧
京喜红包：0.03(今日将过期0.01)元 🧧
极速红包：0.11(今日将过期0.06)元 🧧
京东红包：0.43(今日将过期0.20)元 🧧
健康红包：0.00(今日将过期0.00)元 🧧



********开始【京东账号81】jd_7f95d793a368f******

2021-08-25日过期京豆：0

2021-08-26日过期京豆：0

2021-08-27日过期京豆：0

2021-08-28日过期京豆：0

2021-08-29日过期京豆：0

2021-08-30日过期京豆：0

2021-08-31日过期京豆：0


==============📣系统通知📣==============
资产变化强化版
📣=============账号81=============📣
账号名称：jd_7f95d793a368f
今日收入：69京豆 🐶
昨日收入：146京豆 🐶
昨日支出：0京豆 🐶
当前京豆：4603(今日将过期0)京豆🐶
京喜牧场：0枚鸡蛋
极速金币：113581金币(≈11.3581元)
京东赚赚：62000金币(≈6.2元)
京东秒杀：4680秒秒币(≈4.68元)
东东农场：4升调和油,进度35.27%,57天后可兑🍉
京喜工厂：当前未开始生产商品,请手动去京东APP->游戏与互动->查看更多->京喜工厂 开启活动🏭
东东工厂：当前未选择商品(或未开启活动) , 请到京东APP=>首页=>京东电器=>(底栏)东东工厂 选择商品!🏭
🧧🧧🧧🧧红包明细🧧🧧🧧🧧
当前总红包：0.97(今日总过期0.36)元 🧧
京喜红包：0.04(今日将过期0.02)元 🧧
极速红包：0.53(今日将过期0.17)元 🧧
京东红包：0.40(今日将过期0.17)元 🧧
健康红包：0.00(今日将过期0.00)元 🧧



********开始【京东账号82】2Yavi******

2021-08-25日过期京豆：0

2021-08-26日过期京豆：0

2021-08-27日过期京豆：2

2021-08-28日过期京豆：0

2021-08-29日过期京豆：0

2021-08-30日过期京豆：0

2021-08-31日过期京豆：0


==============📣系统通知📣==============
资产变化强化版
📣=============账号82=============📣
账号名称：2Yavi
今日收入：77京豆 🐶
昨日收入：80京豆 🐶
昨日支出：0京豆 🐶
当前京豆：4857(今日将过期0)京豆🐶
极速金币：1185539金币(≈118.5539元)
京东赚赚：302300金币(≈30.23元)
京东秒杀：27310秒秒币(≈27.31元)
东东农场：20斤大米,进度54.68%,55天后可兑🍉
京喜工厂：舒肤佳沐浴露 ,进度:100.00%🏭
东东工厂：当前未选择商品(或未开启活动) , 请到京东APP=>首页=>京东电器=>(底栏)东东工厂 选择商品!🏭
东东萌宠：全自动 晴雨伞,勋章5/5块(100%)
🧧🧧🧧🧧红包明细🧧🧧🧧🧧
当前总红包：1.02(今日总过期0.50)元 🧧
京喜红包：0.06(今日将过期0.02)元 🧧
极速红包：0.38(今日将过期0.13)元 🧧
京东红包：0.58(今日将过期0.35)元 🧧
健康红包：0.00(今日将过期0.00)元 🧧



********开始【京东账号83】女一号庞妈******

2021-08-25日过期京豆：0

2021-08-26日过期京豆：0

2021-08-27日过期京豆：0

2021-08-28日过期京豆：0

2021-08-29日过期京豆：0

2021-08-30日过期京豆：0

2021-08-31日过期京豆：0

异常：{"code":0,"data":{"bizCode":-1001,"bizMsg":"活动太火爆啦","success":false},"msg":"调用成功"}

==============📣系统通知📣==============
资产变化强化版
📣=============账号83=============📣
账号名称：女一号庞妈
今日收入：97京豆 🐶
昨日收入：113京豆 🐶
昨日支出：0京豆 🐶
当前京豆：2649(今日将过期0)京豆🐶
京喜牧场：0枚鸡蛋
极速金币：33816金币(≈3.3816元)
京东赚赚：97750金币(≈9.775元)
京东秒杀：6135秒秒币(≈6.135元)
东东农场：11.6斤洗衣液,进度73.75%,17天后可兑🍉
京喜工厂：当前未开始生产商品,请手动去京东APP->游戏与互动->查看更多->京喜工厂 开启活动🏭
东东萌宠：2只装 大号收纳袋,勋章2/4块(77%)
🧧🧧🧧🧧红包明细🧧🧧🧧🧧
当前总红包：0.46(今日总过期0.18)元 🧧
京喜红包：0.03(今日将过期0.01)元 🧧
极速红包：0.08(今日将过期0.00)元 🧧
京东红包：0.35(今日将过期0.17)元 🧧
健康红包：0.00(今日将过期0.00)元 🧧



********开始【京东账号84】如果我不是梁炽培******

2021-08-25日过期京豆：0

2021-08-26日过期京豆：0

2021-08-27日过期京豆：0

2021-08-28日过期京豆：0

2021-08-29日过期京豆：0

2021-08-30日过期京豆：0

2021-08-31日过期京豆：0


==============📣系统通知📣==============
资产变化强化版
📣=============账号84=============📣
账号名称：如果我不是梁炽培
今日收入：110京豆 🐶
昨日收入：91京豆 🐶
昨日支出：0京豆 🐶
当前京豆：18402(今日将过期0)京豆🐶
京喜牧场：163枚鸡蛋
极速金币：550962金币(≈55.0962元)
京东赚赚：147900金币(≈14.79元)
京东秒杀：13250秒秒币(≈13.25元)
东东农场：5个压缩毛巾,进度76.67%,9天后可兑🍉
京喜工厂：牙线棒2盒 ,进度:54.20% ,预计:4.96天可兑换🏭
东东工厂：当前未选择商品(或未开启活动) , 请到京东APP=>首页=>京东电器=>(底栏)东东工厂 选择商品!🏭
东东萌宠：成人声波 电动牙刷,勋章2/5块(67%)
🧧🧧🧧🧧红包明细🧧🧧🧧🧧
当前总红包：2.98(今日总过期0.93)元 🧧
京喜红包：2.34(今日将过期0.47)元 🧧
极速红包：0.08(今日将过期0.05)元 🧧
京东红包：0.56(今日将过期0.41)元 🧧
健康红包：0.00(今日将过期0.00)元 🧧



********开始【京东账号85】_柿子_******

2021-08-25日过期京豆：0

2021-08-26日过期京豆：0

2021-08-27日过期京豆：0

2021-08-28日过期京豆：0

2021-08-29日过期京豆：0

2021-08-30日过期京豆：0

2021-08-31日过期京豆：0


==============📣系统通知📣==============
资产变化强化版
📣=============账号85=============📣
账号名称：_柿子_
今日收入：168京豆 🐶
昨日收入：101京豆 🐶
昨日支出：0京豆 🐶
当前京豆：6276(今日将过期0)京豆🐶
京喜牧场：464枚鸡蛋
极速金币：196970金币(≈19.697元)
京东赚赚：167750金币(≈16.775元)
京东秒杀：14305秒秒币(≈14.305元)
东东农场：96卷卷纸,进度85.41%,16天后可兑🍉
京喜工厂：落日氛围灯 ,进度:35.16% ,预计:9.42天可兑换🏭
东东工厂：当前未选择商品(或未开启活动) , 请到京东APP=>首页=>京东电器=>(底栏)东东工厂 选择商品!🏭
东东萌宠：超大容量保温杯,勋章3/4块(34.1%)
🧧🧧🧧🧧红包明细🧧🧧🧧🧧
当前总红包：3.14(今日总过期0.79)元 🧧
京喜红包：2.66(今日将过期0.46)元 🧧
极速红包：0.17(今日将过期0.09)元 🧧
京东红包：0.31(今日将过期0.24)元 🧧
健康红包：0.00(今日将过期0.00)元 🧧



********开始【京东账号86】wangjunpe******

2021-08-25日过期京豆：0

2021-08-26日过期京豆：0

2021-08-27日过期京豆：0

2021-08-28日过期京豆：0

2021-08-29日过期京豆：0

2021-08-30日过期京豆：0

2021-08-31日过期京豆：0


==============📣系统通知📣==============
资产变化强化版
📣=============账号86=============📣
账号名称：wangjunpe
今日收入：158京豆 🐶
昨日收入：98京豆 🐶
昨日支出：0京豆 🐶
当前京豆：5909(今日将过期0)京豆🐶
极速金币：191493金币(≈19.1493元)
京东赚赚：49600金币(≈4.96元)
京东秒杀：4180秒秒币(≈4.18元)
东东农场：4升调和油,进度35.32%,45天后可兑🍉
京喜工厂：当前未开始生产商品,请手动去京东APP->游戏与互动->查看更多->京喜工厂 开启活动🏭
东东工厂：当前未选择商品(或未开启活动) , 请到京东APP=>首页=>京东电器=>(底栏)东东工厂 选择商品!🏭
东东萌宠：声波电动牙刷,勋章4/4块(100%)
🧧🧧🧧🧧红包明细🧧🧧🧧🧧
当前总红包：1.83(今日总过期0.68)元 🧧
京喜红包：1.12(今日将过期0.14)元 🧧
极速红包：0.24(今日将过期0.24)元 🧧
京东红包：0.47(今日将过期0.30)元 🧧
健康红包：0.00(今日将过期0.00)元 🧧



********开始【京东账号87】宏少qaq******

2021-08-25日过期京豆：0

2021-08-26日过期京豆：0

2021-08-27日过期京豆：0

2021-08-28日过期京豆：0

2021-08-29日过期京豆：0

2021-08-30日过期京豆：0

2021-08-31日过期京豆：0


==============📣系统通知📣==============
资产变化强化版
📣=============账号87=============📣
账号名称：宏少qaq
今日收入：205京豆 🐶
昨日收入：116京豆 🐶
昨日支出：-1000京豆 🐶
当前京豆：4846(今日将过期0)京豆🐶
京喜牧场：167枚鸡蛋
极速金币：488742金币(≈48.8742元)
京东赚赚：98500金币(≈9.85元)
京东秒杀：10820秒秒币(≈10.82元)
东东农场：4L金龙鱼调和油,进度85.40%,8天后可兑🍉
京喜工厂：中华牙膏2支 ,进度:100.00%🏭
东东工厂：华为-礼品1 蓝牙音箱 剩余8;电力投入情况 2600000/4580000;当前总电力:2723668 ;完成度:59%🏭
东东萌宠：2只装 大号收纳袋,勋章4/4块(100%)
🧧🧧🧧🧧红包明细🧧🧧🧧🧧
当前总红包：1.81(今日总过期0.37)元 🧧
京喜红包：1.29(今日将过期0.04)元 🧧
极速红包：0.42(今日将过期0.33)元 🧧
京东红包：0.10(今日将过期0.00)元 🧧
健康红包：0.00(今日将过期0.00)元 🧧



********开始【京东账号88】陈予森******

2021-08-25日过期京豆：0

2021-08-26日过期京豆：0

2021-08-27日过期京豆：0

2021-08-28日过期京豆：0

2021-08-29日过期京豆：5

2021-08-30日过期京豆：5

2021-08-31日过期京豆：5


==============📣系统通知📣==============
资产变化强化版
📣=============账号88=============📣
账号名称：陈予森
今日收入：132京豆 🐶
昨日收入：98京豆 🐶
昨日支出：0京豆 🐶
当前京豆：3835(今日将过期0)京豆🐶
极速金币：401254金币(≈40.1254元)
京东赚赚：103900金币(≈10.39元)
京东秒杀：10540秒秒币(≈10.54元)
东东农场：3斤新鲜脐橙,进度59.33%,16天后可兑🍉
京喜工厂：当前未开始生产商品,请手动去京东APP->游戏与互动->查看更多->京喜工厂 开启活动🏭
东东工厂：当前未选择商品(或未开启活动) , 请到京东APP=>首页=>京东电器=>(底栏)东东工厂 选择商品!🏭
🧧🧧🧧🧧红包明细🧧🧧🧧🧧
当前总红包：2.23(今日总过期0.44)元 🧧
京喜红包：1.18(今日将过期0.12)元 🧧
极速红包：0.27(今日将过期0.14)元 🧧
京东红包：0.78(今日将过期0.18)元 🧧
健康红包：0.00(今日将过期0.00)元 🧧



********开始【京东账号89】jd_187767cbu******

2021-08-25日过期京豆：0

2021-08-26日过期京豆：0

2021-08-27日过期京豆：0

2021-08-28日过期京豆：0

2021-08-29日过期京豆：5

2021-08-30日过期京豆：5

2021-08-31日过期京豆：5


==============📣系统通知📣==============
资产变化强化版
📣=============账号89=============📣
账号名称：jd_187767cbu
今日收入：100京豆 🐶
昨日收入：104京豆 🐶
昨日支出：0京豆 🐶
当前京豆：1172(今日将过期0)京豆🐶
极速金币：32112金币(≈3.2112元)
京东赚赚：99500金币(≈9.95元)
京东秒杀：10715秒秒币(≈10.715元)
东东农场：6桶酸辣粉,进度74.67%,9天后可兑🍉
京喜工厂：当前未开始生产商品,请手动去京东APP->游戏与互动->查看更多->京喜工厂 开启活动🏭
东东工厂：当前未选择商品(或未开启活动) , 请到京东APP=>首页=>京东电器=>(底栏)东东工厂 选择商品!🏭
🧧🧧🧧🧧红包明细🧧🧧🧧🧧
当前总红包：1.61(今日总过期0.44)元 🧧
京喜红包：1.09(今日将过期0.12)元 🧧
极速红包：0.06(今日将过期0.04)元 🧧
京东红包：0.46(今日将过期0.28)元 🧧
健康红包：0.00(今日将过期0.00)元 🧧



********开始【京东账号90】习惯性的等候******

2021-08-25日过期京豆：0

2021-08-26日过期京豆：0

2021-08-27日过期京豆：0

2021-08-28日过期京豆：0

2021-08-29日过期京豆：0

2021-08-30日过期京豆：0

2021-08-31日过期京豆：0


==============📣系统通知📣==============
资产变化强化版
📣=============账号90=============📣
账号名称：习惯性的等候
今日收入：121京豆 🐶
昨日收入：92京豆 🐶
昨日支出：0京豆 🐶
当前京豆：30757(今日将过期0)京豆🐶
京喜牧场：16枚鸡蛋
极速金币：321971金币(≈32.1971元)
京东赚赚：142400金币(≈14.24元)
京东秒杀：14560秒秒币(≈14.56元)
东东农场：3盒龙虾尾,进度54.45%,62天后可兑🍉
京喜工厂：${$.productName} ,已经超时失效, 请选择新商品进行制造🏭
东东工厂：当前未选择商品(或未开启活动) , 请到京东APP=>首页=>京东电器=>(底栏)东东工厂 选择商品!🏭
🧧🧧🧧🧧红包明细🧧🧧🧧🧧
当前总红包：0.62(今日总过期0.34)元 🧧
京喜红包：0.04(今日将过期0.02)元 🧧
极速红包：0.01(今日将过期0.00)元 🧧
京东红包：0.57(今日将过期0.32)元 🧧
健康红包：0.00(今日将过期0.00)元 🧧



********开始【京东账号91】jd3619******

2021-08-25日过期京豆：0

2021-08-26日过期京豆：0

2021-08-27日过期京豆：0

2021-08-28日过期京豆：0

2021-08-29日过期京豆：0

2021-08-30日过期京豆：0

2021-08-31日过期京豆：0


==============📣系统通知📣==============
资产变化强化版
📣=============账号91=============📣
账号名称：jd3619
今日收入：180京豆 🐶
昨日收入：185京豆 🐶
昨日支出：0京豆 🐶
当前京豆：40306(今日将过期0)京豆🐶
京喜牧场：74枚鸡蛋
极速金币：20039金币(≈2.0039元)
京东赚赚：64300金币(≈6.43元)
京东秒杀：385秒秒币(≈0.385元)
东东农场：16套餐具,进度58.75%,24天后可兑🍉
京喜工厂：双层加厚蒸锅 ,进度:67.08% ,预计:5.05天可兑换🏭
东东工厂：华为-礼品2 mini音箱 剩余19;电力投入情况 4200000/4580000;当前总电力:4255775 ;完成度:93%🏭
东东萌宠：超大容量保温杯,勋章3/4块(14.2%)
🧧🧧🧧🧧红包明细🧧🧧🧧🧧
当前总红包：8.76(今日总过期3.04)元 🧧
京喜红包：7.60(今日将过期2.15)元 🧧
极速红包：0.72(今日将过期0.62)元 🧧
京东红包：0.44(今日将过期0.27)元 🧧
健康红包：0.00(今日将过期0.00)元 🧧



********开始【京东账号92】wdp3619******

2021-08-25日过期京豆：0

2021-08-26日过期京豆：0

2021-08-27日过期京豆：0

2021-08-28日过期京豆：0

2021-08-29日过期京豆：0

2021-08-30日过期京豆：0

2021-08-31日过期京豆：5


==============📣系统通知📣==============
资产变化强化版
📣=============账号92=============📣
账号名称：wdp3619
今日收入：184京豆 🐶
昨日收入：163京豆 🐶
昨日支出：0京豆 🐶
当前京豆：12376(今日将过期0)京豆🐶
京喜牧场：71枚鸡蛋
极速金币：49584金币(≈4.9584元)
京东赚赚：34200金币(≈3.42元)
京东秒杀：1480秒秒币(≈1.48元)
东东农场：3斤苹果,进度72.50%,9天后可兑🍉
京喜工厂：双层加厚蒸锅 ,进度:99.40% ,预计:0.34天可兑换🏭
东东工厂：当前未选择商品(或未开启活动) , 请到京东APP=>首页=>京东电器=>(底栏)东东工厂 选择商品!🏭
东东萌宠：超大容量保温杯,勋章2/4块(32.5%)
🧧🧧🧧🧧红包明细🧧🧧🧧🧧
当前总红包：2.10(今日总过期0.11)元 🧧
京喜红包：1.34(今日将过期0.09)元 🧧
极速红包：0.57(今日将过期0.00)元 🧧
京东红包：0.19(今日将过期0.02)元 🧧
健康红包：0.00(今日将过期0.00)元 🧧



********开始【京东账号93】songgggggggggggg******

2021-08-25日过期京豆：0

2021-08-26日过期京豆：0

2021-08-27日过期京豆：0

2021-08-28日过期京豆：0

2021-08-29日过期京豆：5

2021-08-30日过期京豆：0

2021-08-31日过期京豆：0


==============📣系统通知📣==============
资产变化强化版
📣=============账号93=============📣
账号名称：songgggggggggggg
今日收入：101京豆 🐶
昨日收入：102京豆 🐶
昨日支出：0京豆 🐶
当前京豆：2060(今日将过期0)京豆🐶
极速金币：597589金币(≈59.7589元)
京东赚赚：145050金币(≈14.505元)
京东秒杀：15230秒秒币(≈15.23元)
京喜工厂：当前未开始生产商品,请手动去京东APP->游戏与互动->查看更多->京喜工厂 开启活动🏭
东东工厂：当前未选择商品(或未开启活动) , 请到京东APP=>首页=>京东电器=>(底栏)东东工厂 选择商品!🏭
🧧🧧🧧🧧红包明细🧧🧧🧧🧧
当前总红包：0.39(今日总过期0.20)元 🧧
京喜红包：0.07(今日将过期0.03)元 🧧
极速红包：0.00(今日将过期0.00)元 🧧
京东红包：0.32(今日将过期0.17)元 🧧
健康红包：0.00(今日将过期0.00)元 🧧



********开始【京东账号94】jd_136531eny******

2021-08-25日过期京豆：0

2021-08-26日过期京豆：0

2021-08-27日过期京豆：0

2021-08-28日过期京豆：0

2021-08-29日过期京豆：0

2021-08-30日过期京豆：0

2021-08-31日过期京豆：0


==============📣系统通知📣==============
资产变化强化版
📣=============账号94=============📣
账号名称：jd_136531eny
今日收入：61京豆 🐶
昨日收入：71京豆 🐶
昨日支出：0京豆 🐶
当前京豆：8620(今日将过期0)京豆🐶
京喜牧场：449枚鸡蛋
极速金币：128945金币(≈12.8945元)
京东赚赚：145250金币(≈14.525元)
京东秒杀：1900秒秒币(≈1.9元)
东东农场：4升调和油,进度68.41%,69天后可兑🍉
京喜工厂：金龙鱼菜籽油 ,进度:91.20% ,预计:1.12天可兑换🏭
东东工厂：华为-礼品2 mini音箱 剩余19;电力投入情况 3000000/4580000;当前总电力:3068406 ;完成度:67%🏭
东东萌宠：全自动 晴雨伞,勋章3/5块(64%)
🧧🧧🧧🧧红包明细🧧🧧🧧🧧
当前总红包：0.73(今日总过期0.41)元 🧧
京喜红包：0.22(今日将过期0.07)元 🧧
极速红包：0.00(今日将过期0.00)元 🧧
京东红包：0.51(今日将过期0.34)元 🧧
健康红包：0.00(今日将过期0.00)元 🧧



********开始【京东账号95】l--155******

2021-08-25日过期京豆：0

2021-08-26日过期京豆：0

2021-08-27日过期京豆：0

2021-08-28日过期京豆：0

2021-08-29日过期京豆：0

2021-08-30日过期京豆：0

2021-08-31日过期京豆：0


==============📣系统通知📣==============
资产变化强化版
📣=============账号95=============📣
账号名称：l--155
今日收入：42京豆 🐶
昨日收入：62京豆 🐶
昨日支出：0京豆 🐶
当前京豆：12263(今日将过期0)京豆🐶
京喜牧场：487枚鸡蛋
极速金币：65361金币(≈6.5361元)
京东赚赚：151000金币(≈15.1元)
东东农场：3盒龙虾尾,进度18.68%,179天后可兑🍉
京喜工厂：当前未开始生产商品,请手动去京东APP->游戏与互动->查看更多->京喜工厂 开启活动🏭
东东工厂：华为-礼品1 蓝牙音箱 剩余8;电力投入情况 3000000/4580000;当前总电力:3058232 ;完成度:67%🏭
东东萌宠：全自动 晴雨伞,勋章3/5块(70%)
🧧🧧🧧🧧红包明细🧧🧧🧧🧧
当前总红包：0.60(今日总过期0.19)元 🧧
京喜红包：0.03(今日将过期0.00)元 🧧
极速红包：0.20(今日将过期0.07)元 🧧
京东红包：0.37(今日将过期0.12)元 🧧
健康红包：0.00(今日将过期0.00)元 🧧



********开始【京东账号96】jd_4efd91598a200******

2021-08-25日过期京豆：0

2021-08-26日过期京豆：0

2021-08-27日过期京豆：0

2021-08-28日过期京豆：0

2021-08-29日过期京豆：5

2021-08-30日过期京豆：5

2021-08-31日过期京豆：5


==============📣系统通知📣==============
资产变化强化版
📣=============账号96=============📣
账号名称：jd_4efd91598a200
今日收入：117京豆 🐶
昨日收入：132京豆 🐶
昨日支出：0京豆 🐶
当前京豆：1079(今日将过期0)京豆🐶
极速金币：27476金币(≈2.7476元)
京东赚赚：18400金币(≈1.84元)
京东秒杀：1140秒秒币(≈1.14元)
东东农场：14包抽纸,进度75.33%,后天可兑🍉
京喜工厂：当前未开始生产商品,请手动去京东APP->游戏与互动->查看更多->京喜工厂 开启活动🏭
东东工厂：华为-礼品1 蓝牙音箱 剩余8;电力投入情况 0/4580000;当前总电力:271548 ;完成度:6%🏭
🧧🧧🧧🧧红包明细🧧🧧🧧🧧
当前总红包：0.67(今日总过期0.35)元 🧧
京喜红包：0.27(今日将过期0.10)元 🧧
极速红包：0.08(今日将过期0.08)元 🧧
京东红包：0.32(今日将过期0.17)元 🧧
健康红包：0.00(今日将过期0.00)元 🧧



********开始【京东账号97】jd_FMmRkEqVsaSp******

2021-08-25日过期京豆：0

2021-08-26日过期京豆：0

2021-08-27日过期京豆：0

2021-08-28日过期京豆：0

2021-08-29日过期京豆：5

2021-08-30日过期京豆：5

2021-08-31日过期京豆：5


==============📣系统通知📣==============
资产变化强化版
📣=============账号97=============📣
账号名称：jd_FMmRkEqVsaSp
今日收入：136京豆 🐶
昨日收入：111京豆 🐶
昨日支出：0京豆 🐶
当前京豆：1047(今日将过期0)京豆🐶
极速金币：26440金币(≈2.644元)
京东赚赚：18400金币(≈1.84元)
京东秒杀：1140秒秒币(≈1.14元)
东东农场：3斤雪花梨,进度84.00%,明天可兑🍉
京喜工厂：当前未开始生产商品,请手动去京东APP->游戏与互动->查看更多->京喜工厂 开启活动🏭
东东工厂：华为-礼品1 蓝牙音箱 剩余8;电力投入情况 0/4580000;当前总电力:224551 ;完成度:5%🏭
🧧🧧🧧🧧红包明细🧧🧧🧧🧧
当前总红包：0.74(今日总过期0.38)元 🧧
京喜红包：0.30(今日将过期0.13)元 🧧
极速红包：0.07(今日将过期0.07)元 🧧
京东红包：0.37(今日将过期0.18)元 🧧
健康红包：0.00(今日将过期0.00)元 🧧



********开始【京东账号98】坤大少呦丶******

2021-08-25日过期京豆：0

2021-08-26日过期京豆：0

2021-08-27日过期京豆：0

2021-08-28日过期京豆：0

2021-08-29日过期京豆：0

2021-08-30日过期京豆：0

2021-08-31日过期京豆：0


==============📣系统通知📣==============
资产变化强化版
📣=============账号98=============📣
账号名称：坤大少呦丶
今日收入：96京豆 🐶
昨日收入：77京豆 🐶
昨日支出：-1000京豆 🐶
当前京豆：11359(今日将过期0)京豆🐶
京喜牧场：107枚鸡蛋
极速金币：550010金币(≈55.001元)
京东赚赚：149700金币(≈14.97元)
京东秒杀：14650秒秒币(≈14.65元)
东东农场：移动电源,进度1.77%,103天后可兑🍉
京喜工厂：兔兔泡泡机 ,进度:21.33% ,预计:12.70天可兑换🏭
东东工厂：华为-礼品2 mini音箱 剩余19;电力投入情况 1100000/4580000;当前总电力:3669617 ;完成度:80%🏭
东东萌宠：超大容量保温杯,勋章2/4块(82.5%)
🧧🧧🧧🧧红包明细🧧🧧🧧🧧
当前总红包：0.87(今日总过期0.06)元 🧧
京喜红包：0.59(今日将过期0.00)元 🧧
极速红包：0.21(今日将过期0.06)元 🧧
京东红包：0.07(今日将过期0.00)元 🧧
健康红包：0.00(今日将过期0.00)元 🧧



********开始【京东账号99】简单点yb******

2021-08-25日过期京豆：0

2021-08-26日过期京豆：0

2021-08-27日过期京豆：0

2021-08-28日过期京豆：0

2021-08-29日过期京豆：5

2021-08-30日过期京豆：5

2021-08-31日过期京豆：5


==============📣系统通知📣==============
资产变化强化版
📣=============账号99=============📣
账号名称：简单点yb
今日收入：92京豆 🐶
昨日收入：79京豆 🐶
昨日支出：0京豆 🐶
当前京豆：1799(今日将过期0)京豆🐶
京喜牧场：0枚鸡蛋
极速金币：628864金币(≈62.8864元)
京东赚赚：164100金币(≈16.41元)
京东秒杀：17590秒秒币(≈17.59元)
东东农场：福尔摩斯全集,进度100.00%
京喜工厂：当前未开始生产商品,请手动去京东APP->游戏与互动->查看更多->京喜工厂 开启活动🏭
东东工厂：当前未选择商品(或未开启活动) , 请到京东APP=>首页=>京东电器=>(底栏)东东工厂 选择商品!🏭
东东萌宠：2只装 大号收纳袋,勋章3/4块(52.6%)
🧧🧧🧧🧧红包明细🧧🧧🧧🧧
当前总红包：0.62(今日总过期0.44)元 🧧
京喜红包：0.03(今日将过期0.00)元 🧧
极速红包：0.16(今日将过期0.16)元 🧧
京东红包：0.43(今日将过期0.28)元 🧧
健康红包：0.00(今日将过期0.00)元 🧧



********开始【京东账号100】jd_RQvkPfyRNOuZ******

2021-08-25日过期京豆：0

2021-08-26日过期京豆：0

2021-08-27日过期京豆：0

2021-08-28日过期京豆：0

2021-08-29日过期京豆：0

2021-08-30日过期京豆：0

2021-08-31日过期京豆：0

异常：{"code":0,"data":{"bizCode":-1001,"bizMsg":"活动太火爆啦","success":false},"msg":"调用成功"}

==============📣系统通知📣==============
资产变化强化版
📣=============账号100=============📣
账号名称：jd_RQvkPfyRNOuZ
今日收入：81京豆 🐶
昨日收入：62京豆 🐶
昨日支出：-4000京豆 🐶
当前京豆：6834(今日将过期0)京豆🐶
京喜牧场：0枚鸡蛋
极速金币：498086金币(≈49.8086元)
京东赚赚：146700金币(≈14.67元)
东东农场：3盒龙虾尾,进度8.14%,126天后可兑🍉
京喜工厂：当前未开始生产商品,请手动去京东APP->游戏与互动->查看更多->京喜工厂 开启活动🏭
东东萌宠：超大容量保温杯,勋章3/4块(19.4%)
🧧🧧🧧🧧红包明细🧧🧧🧧🧧
当前总红包：0.11(今日总过期0.02)元 🧧
京喜红包：0.04(今日将过期0.02)元 🧧
极速红包：0.00(今日将过期0.00)元 🧧
京东红包：0.07(今日将过期0.00)元 🧧
健康红包：0.00(今日将过期0.00)元 🧧



********开始【京东账号101】干掉熊猫做_国宝******

2021-08-25日过期京豆：0

2021-08-26日过期京豆：0

2021-08-27日过期京豆：0

2021-08-28日过期京豆：0

2021-08-29日过期京豆：0

2021-08-30日过期京豆：0

2021-08-31日过期京豆：0


==============📣系统通知📣==============
资产变化强化版
📣=============账号101=============📣
账号名称：干掉熊猫做_国宝
今日收入：35京豆 🐶
昨日收入：58京豆 🐶
昨日支出：0京豆 🐶
当前京豆：3921(今日将过期0)京豆🐶
极速金币：250317金币(≈25.0317元)
京东赚赚：108600金币(≈10.86元)
京东秒杀：10490秒秒币(≈10.49元)
东东农场：12枚百香果,进度100.00%
京喜工厂：当前未开始生产商品,请手动去京东APP->游戏与互动->查看更多->京喜工厂 开启活动🏭
东东工厂：当前未选择商品(或未开启活动) , 请到京东APP=>首页=>京东电器=>(底栏)东东工厂 选择商品!🏭
🧧🧧🧧🧧红包明细🧧🧧🧧🧧
当前总红包：1.05(今日总过期0.43)元 🧧
京喜红包：0.24(今日将过期0.11)元 🧧
极速红包：0.31(今日将过期0.05)元 🧧
京东红包：0.50(今日将过期0.27)元 🧧
健康红包：0.00(今日将过期0.00)元 🧧



********开始【京东账号102】jd_4a0cbd4b9e891******

2021-08-25日过期京豆：0

2021-08-26日过期京豆：0

2021-08-27日过期京豆：0

2021-08-28日过期京豆：0

2021-08-29日过期京豆：0

2021-08-30日过期京豆：0

2021-08-31日过期京豆：0


==============📣系统通知📣==============
资产变化强化版
📣=============账号102=============📣
账号名称：jd_4a0cbd4b9e891
今日收入：89京豆 🐶
昨日收入：74京豆 🐶
昨日支出：0京豆 🐶
当前京豆：924(今日将过期0)京豆🐶
极速金币：34202金币(≈3.4202元)
京东赚赚：17100金币(≈1.71元)
京喜工厂：当前未开始生产商品,请手动去京东APP->游戏与互动->查看更多->京喜工厂 开启活动🏭
东东工厂：华为-礼品1 蓝牙音箱 剩余8;电力投入情况 0/4580000;当前总电力:223996 ;完成度:5%🏭
🧧🧧🧧🧧红包明细🧧🧧🧧🧧
当前总红包：1.00(今日总过期0.41)元 🧧
京喜红包：0.06(今日将过期0.02)元 🧧
极速红包：0.49(今日将过期0.17)元 🧧
京东红包：0.45(今日将过期0.22)元 🧧
健康红包：0.00(今日将过期0.00)元 🧧



********开始【京东账号103】L2250608307******

2021-08-25日过期京豆：0

2021-08-26日过期京豆：0

2021-08-27日过期京豆：5

2021-08-28日过期京豆：5

2021-08-29日过期京豆：5

2021-08-30日过期京豆：5

2021-08-31日过期京豆：5

异常：{"code":0,"data":{"bizCode":-1001,"bizMsg":"活动太火爆啦","success":false},"msg":"调用成功"}

==============📣系统通知📣==============
资产变化强化版
📣=============账号103=============📣
账号名称：L2250608307
今日收入：106京豆 🐶
昨日收入：120京豆 🐶
昨日支出：0京豆 🐶
当前京豆：2719(今日将过期0)京豆🐶
京喜牧场：42枚鸡蛋
极速金币：34114金币(≈3.4114元)
京东赚赚：48700金币(≈4.87元)
东东农场：11.6斤洗衣液,进度46.50%,12天后可兑🍉
京喜工厂：undefined ,已经可兑换，请手动兑换🏭
东东萌宠：手持便携式小风扇,勋章2/4块(34.9%)
🧧🧧🧧🧧红包明细🧧🧧🧧🧧
当前总红包：11.08(今日总过期1.91)元 🧧
京喜红包：4.66(今日将过期1.79)元 🧧
极速红包：6.00(今日将过期0.00)元 🧧
京东红包：0.42(今日将过期0.12)元 🧧
健康红包：0.00(今日将过期0.00)元 🧧



********开始【京东账号104】李政景******

2021-08-25日过期京豆：0

2021-08-26日过期京豆：0

2021-08-27日过期京豆：0

2021-08-28日过期京豆：0

2021-08-29日过期京豆：0

2021-08-30日过期京豆：0

2021-08-31日过期京豆：0


==============📣系统通知📣==============
资产变化强化版
📣=============账号104=============📣
账号名称：李政景
今日收入：48京豆 🐶
昨日收入：50京豆 🐶
昨日支出：0京豆 🐶
当前京豆：10722(今日将过期0)京豆🐶
京喜牧场：196枚鸡蛋
极速金币：508493金币(≈50.8493元)
京东赚赚：140400金币(≈14.04元)
京东秒杀：14910秒秒币(≈14.91元)
东东农场：14包抽纸,进度10.17%,30天后可兑🍉
京喜工厂：洁柔抽纸24包 ,进度:100.00%🏭
东东工厂：当前未选择商品(或未开启活动) , 请到京东APP=>首页=>京东电器=>(底栏)东东工厂 选择商品!🏭
🧧🧧🧧🧧红包明细🧧🧧🧧🧧
当前总红包：1.68(今日总过期0.55)元 🧧
京喜红包：0.93(今日将过期0.26)元 🧧
极速红包：0.17(今日将过期0.11)元 🧧
京东红包：0.58(今日将过期0.18)元 🧧
健康红包：0.00(今日将过期0.00)元 🧧



********开始【京东账号105】忘了他芭******

2021-08-25日过期京豆：0

2021-08-26日过期京豆：0

2021-08-27日过期京豆：0

2021-08-28日过期京豆：0

2021-08-29日过期京豆：0

2021-08-30日过期京豆：0

2021-08-31日过期京豆：0

异常：{"code":0,"data":{"bizCode":-1001,"bizMsg":"活动太火爆啦","success":false},"msg":"调用成功"}

==============📣系统通知📣==============
资产变化强化版
📣=============账号105=============📣
账号名称：忘了他芭
今日收入：17京豆 🐶
昨日收入：35京豆 🐶
昨日支出：0京豆 🐶
当前京豆：1075(今日将过期0)京豆🐶
京喜牧场：0枚鸡蛋
极速金币：18239金币(≈1.8239元)
京东赚赚：58400金币(≈5.84元)
东东农场：4升调和油,进度37.60%,52天后可兑🍉
京喜工厂：当前未开始生产商品,请手动去京东APP->游戏与互动->查看更多->京喜工厂 开启活动🏭
东东萌宠：2只装 大号收纳袋,勋章2/4块(78.9%)
🧧🧧🧧🧧红包明细🧧🧧🧧🧧
当前总红包：0.30(今日总过期0.30)元 🧧
京喜红包：0.30(今日将过期0.30)元 🧧
极速红包：0.00(今日将过期0.00)元 🧧
京东红包：0.00(今日将过期0.00)元 🧧
健康红包：0.00(今日将过期0.00)元 🧧



********开始【京东账号106】小东西给爷爬******

2021-08-25日过期京豆：0

2021-08-26日过期京豆：0

2021-08-27日过期京豆：0

2021-08-28日过期京豆：0

2021-08-29日过期京豆：0

2021-08-30日过期京豆：0

2021-08-31日过期京豆：0


==============📣系统通知📣==============
资产变化强化版
📣=============账号106=============📣
账号名称：小东西给爷爬
今日收入：73京豆 🐶
昨日收入：84京豆 🐶
昨日支出：0京豆 🐶
当前京豆：2580(今日将过期0)京豆🐶
京喜牧场：238枚鸡蛋
极速金币：395501金币(≈39.5501元)
京东赚赚：128150金币(≈12.815元)
京东秒杀：675秒秒币(≈0.675元)
东东农场：5册励志丛书,进度85.83%,7天后可兑🍉
京喜工厂：当前未开始生产商品,请手动去京东APP->游戏与互动->查看更多->京喜工厂 开启活动🏭
东东工厂：当前未选择商品(或未开启活动) , 请到京东APP=>首页=>京东电器=>(底栏)东东工厂 选择商品!🏭
东东萌宠：宠物衣服小恐龙款,勋章3/4块(8.9%)
🧧🧧🧧🧧红包明细🧧🧧🧧🧧
当前总红包：2.61(今日总过期1.16)元 🧧
京喜红包：1.98(今日将过期0.81)元 🧧
极速红包：0.08(今日将过期0.08)元 🧧
京东红包：0.55(今日将过期0.27)元 🧧
健康红包：0.00(今日将过期0.00)元 🧧



********开始【京东账号107】jd_181304dtd******

2021-08-25日过期京豆：0

2021-08-26日过期京豆：0

2021-08-27日过期京豆：0

2021-08-28日过期京豆：0

2021-08-29日过期京豆：0

2021-08-30日过期京豆：0

2021-08-31日过期京豆：0

异常：{"code":0,"data":{"bizCode":-1001,"bizMsg":"活动太火爆啦","success":false},"msg":"调用成功"}

==============📣系统通知📣==============
资产变化强化版
📣=============账号107=============📣
账号名称：jd_181304dtd
今日收入：166京豆 🐶
昨日收入：163京豆 🐶
昨日支出：-4000京豆 🐶
当前京豆：1753(今日将过期0)京豆🐶
京喜牧场：0枚鸡蛋
极速金币：65859金币(≈6.5859元)
京东赚赚：29100金币(≈2.91元)
京东秒杀：1780秒秒币(≈1.78元)
东东农场：3斤雪花梨,进度100.00%
京喜工厂：当前未开始生产商品,请手动去京东APP->游戏与互动->查看更多->京喜工厂 开启活动🏭
东东萌宠：超大容量保温杯,勋章2/4块(26.4%)
🧧🧧🧧🧧红包明细🧧🧧🧧🧧
当前总红包：0.91(今日总过期0.59)元 🧧
京喜红包：0.25(今日将过期0.10)元 🧧
极速红包：0.21(今日将过期0.21)元 🧧
京东红包：0.45(今日将过期0.28)元 🧧
健康红包：0.00(今日将过期0.00)元 🧧



********开始【京东账号108】你自己玩吧我不玩******

2021-08-25日过期京豆：0

2021-08-26日过期京豆：0

2021-08-27日过期京豆：0

2021-08-28日过期京豆：0

2021-08-29日过期京豆：0

2021-08-30日过期京豆：0

2021-08-31日过期京豆：5


==============📣系统通知📣==============
资产变化强化版
📣=============账号108=============📣
账号名称：你自己玩吧我不玩
今日收入：197京豆 🐶
昨日收入：128京豆 🐶
昨日支出：0京豆 🐶
当前京豆：36478(今日将过期0)京豆🐶
京喜牧场：268枚鸡蛋
极速金币：259829金币(≈25.9829元)
京东赚赚：138250金币(≈13.825元)
京东秒杀：13475秒秒币(≈13.475元)
东东农场：3盒龙虾尾,进度81.50%,12天后可兑🍉
京喜工厂：高级香薰精油 ,进度:29.04% ,预计:8.99天可兑换🏭
东东工厂：华为-礼品1 蓝牙音箱 剩余8;电力投入情况 1300000/4580000;当前总电力:1403145 ;完成度:31%🏭
东东萌宠：全自动 晴雨伞,勋章3/5块(4.5%)
🧧🧧🧧🧧红包明细🧧🧧🧧🧧
当前总红包：7.86(今日总过期2.13)元 🧧
京喜红包：7.09(今日将过期1.69)元 🧧
极速红包：0.42(今日将过期0.16)元 🧧
京东红包：0.35(今日将过期0.28)元 🧧
健康红包：0.00(今日将过期0.00)元 🧧



********开始【京东账号109】jd_158567hmf******

2021-08-25日过期京豆：0

2021-08-26日过期京豆：0

2021-08-27日过期京豆：0

2021-08-28日过期京豆：0

2021-08-29日过期京豆：0

2021-08-30日过期京豆：0

2021-08-31日过期京豆：0


==============📣系统通知📣==============
资产变化强化版
📣=============账号109=============📣
账号名称：jd_158567hmf
今日收入：57京豆 🐶
昨日收入：87京豆 🐶
昨日支出：0京豆 🐶
当前京豆：2402(今日将过期0)京豆🐶
京喜牧场：219枚鸡蛋
极速金币：307341金币(≈30.7341元)
京东赚赚：121700金币(≈12.17元)
京东秒杀：11530秒秒币(≈11.53元)
东东农场：3盒龙虾尾,进度29.45%,86天后可兑🍉
京喜工厂：维达抽纸5包 ,进度:93.93% ,预计:3.03天可兑换🏭
东东工厂：当前未选择商品(或未开启活动) , 请到京东APP=>首页=>京东电器=>(底栏)东东工厂 选择商品!🏭
🧧🧧🧧🧧红包明细🧧🧧🧧🧧
当前总红包：1.84(今日总过期0.60)元 🧧
京喜红包：1.45(今日将过期0.28)元 🧧
极速红包：0.00(今日将过期0.00)元 🧧
京东红包：0.39(今日将过期0.32)元 🧧
健康红包：0.00(今日将过期0.00)元 🧧



********开始【京东账号110】小小33333770******

2021-08-25日过期京豆：0

2021-08-26日过期京豆：0

2021-08-27日过期京豆：0

2021-08-28日过期京豆：0

2021-08-29日过期京豆：0

2021-08-30日过期京豆：0

2021-08-31日过期京豆：0


==============📣系统通知📣==============
资产变化强化版
📣=============账号110=============📣
账号名称：小小33333770
今日收入：59京豆 🐶
昨日收入：89京豆 🐶
昨日支出：0京豆 🐶
当前京豆：594(今日将过期0)京豆🐶
京喜牧场：0枚鸡蛋
极速金币：211575金币(≈21.1575元)
京东赚赚：256800金币(≈25.68元)
京东秒杀：20910秒秒币(≈20.91元)
东东农场：4升调和油,进度49.95%,55天后可兑🍉
京喜工厂：舒肤佳沐浴露 ,进度:91.27% ,预计:2.11天可兑换🏭
东东工厂：当前未选择商品(或未开启活动) , 请到京东APP=>首页=>京东电器=>(底栏)东东工厂 选择商品!🏭
🧧🧧🧧🧧红包明细🧧🧧🧧🧧
当前总红包：0.66(今日总过期0.25)元 🧧
京喜红包：0.25(今日将过期0.07)元 🧧
极速红包：0.00(今日将过期0.00)元 🧧
京东红包：0.41(今日将过期0.18)元 🧧
健康红包：0.00(今日将过期0.00)元 🧧



********开始【京东账号111】jd_小橘子-******

2021-08-25日过期京豆：0

2021-08-26日过期京豆：0

2021-08-27日过期京豆：0

2021-08-28日过期京豆：0

2021-08-29日过期京豆：0

2021-08-30日过期京豆：0

2021-08-31日过期京豆：0


==============📣系统通知📣==============
资产变化强化版
📣=============账号111=============📣
账号名称：jd_小橘子-
今日收入：36京豆 🐶
昨日收入：68京豆 🐶
昨日支出：0京豆 🐶
当前京豆：5416(今日将过期0)京豆🐶
京喜牧场：441枚鸡蛋
极速金币：49789金币(≈4.9789元)
京东赚赚：136800金币(≈13.68元)
京东秒杀：1640秒秒币(≈1.64元)
东东农场：3盒龙虾尾,进度45.82%,108天后可兑🍉
京喜工厂：牙线棒2盒 ,进度:29.49% ,预计:7.63天可兑换🏭
东东工厂：华为-礼品1 蓝牙音箱 剩余8;电力投入情况 400000/4580000;当前总电力:3048969 ;完成度:67%🏭
东东萌宠：犬猫通用营养膏 120g,勋章2/5块(49%)
🧧🧧🧧🧧红包明细🧧🧧🧧🧧
当前总红包：0.94(今日总过期0.30)元 🧧
京喜红包：0.23(今日将过期0.05)元 🧧
极速红包：0.42(今日将过期0.08)元 🧧
京东红包：0.29(今日将过期0.17)元 🧧
健康红包：0.00(今日将过期0.00)元 🧧



********开始【京东账号112】UncleLuka******

2021-08-25日过期京豆：0

2021-08-26日过期京豆：0

2021-08-27日过期京豆：0

2021-08-28日过期京豆：0

2021-08-29日过期京豆：5

2021-08-30日过期京豆：5

2021-08-31日过期京豆：5


==============📣系统通知📣==============
资产变化强化版
📣=============账号112=============📣
账号名称：UncleLuka
今日收入：45京豆 🐶
昨日收入：79京豆 🐶
昨日支出：0京豆 🐶
当前京豆：1204(今日将过期0)京豆🐶
京喜牧场：310枚鸡蛋
极速金币：0金币(≈0元)
京东赚赚：100300金币(≈10.03元)
东东农场：20斤大米,进度8.00%,126天后可兑🍉
京喜工厂：洗脸巾2包 ,进度:32.69% ,预计:10.01天可兑换🏭
东东工厂：当前未选择商品(或未开启活动) , 请到京东APP=>首页=>京东电器=>(底栏)东东工厂 选择商品!🏭
东东萌宠：全自动 晴雨伞,勋章4/5块(31.3%)
🧧🧧🧧🧧红包明细🧧🧧🧧🧧
当前总红包：3.88(今日总过期1.79)元 🧧
京喜红包：3.55(今日将过期1.53)元 🧧
极速红包：0.04(今日将过期0.04)元 🧧
京东红包：0.29(今日将过期0.22)元 🧧
健康红包：0.00(今日将过期0.00)元 🧧



********开始【京东账号113】jd_oQenMGpUByJx******

2021-08-25日过期京豆：0

2021-08-26日过期京豆：0

2021-08-27日过期京豆：0

2021-08-28日过期京豆：0

2021-08-29日过期京豆：0

2021-08-30日过期京豆：0

2021-08-31日过期京豆：0


==============📣系统通知📣==============
资产变化强化版
📣=============账号113=============📣
账号名称：jd_oQenMGpUByJx
今日收入：70京豆 🐶
昨日收入：144京豆 🐶
昨日支出：0京豆 🐶
当前京豆：282(今日将过期0)京豆🐶
极速金币：7107金币(≈0.7107元)
京东赚赚：5300金币(≈0.53元)
京东秒杀：340秒秒币(≈0.34元)
东东农场：3斤苹果,进度31.00%,8天后可兑🍉
京喜工厂：当前未开始生产商品,请手动去京东APP->游戏与互动->查看更多->京喜工厂 开启活动🏭
东东工厂：华为-礼品2 mini音箱 剩余19;电力投入情况 0/4580000;当前总电力:46697 ;完成度:1%🏭
🧧🧧🧧🧧红包明细🧧🧧🧧🧧
当前总红包：1.76(今日总过期0.37)元 🧧
京喜红包：0.22(今日将过期0.10)元 🧧
极速红包：0.37(今日将过期0.09)元 🧧
京东红包：1.17(今日将过期0.18)元 🧧
健康红包：0.00(今日将过期0.00)元 🧧



********开始【京东账号114】南萧紫陌客******

2021-08-25日过期京豆：0

2021-08-26日过期京豆：0

2021-08-27日过期京豆：0

2021-08-28日过期京豆：0

2021-08-29日过期京豆：0

2021-08-30日过期京豆：5

2021-08-31日过期京豆：5


==============📣系统通知📣==============
资产变化强化版
📣=============账号114=============📣
账号名称：南萧紫陌客
今日收入：208京豆 🐶
昨日收入：136京豆 🐶
昨日支出：0京豆 🐶
当前京豆：988(今日将过期0)京豆🐶
极速金币：0金币(≈0元)
京东赚赚：46500金币(≈4.65元)
京东秒杀：5160秒秒币(≈5.16元)
京喜工厂：当前未开始生产商品,请手动去京东APP->游戏与互动->查看更多->京喜工厂 开启活动🏭
东东工厂：当前未选择商品(或未开启活动) , 请到京东APP=>首页=>京东电器=>(底栏)东东工厂 选择商品!🏭
🧧🧧🧧🧧红包明细🧧🧧🧧🧧
当前总红包：0.47(今日总过期0.18)元 🧧
京喜红包：0.20(今日将过期0.10)元 🧧
极速红包：0.20(今日将过期0.08)元 🧧
京东红包：0.07(今日将过期0.00)元 🧧
健康红包：0.00(今日将过期0.00)元 🧧



********开始【京东账号115】硕果蕾蕾2021******

2021-08-25日过期京豆：0

2021-08-26日过期京豆：0

2021-08-27日过期京豆：0

2021-08-28日过期京豆：0

2021-08-29日过期京豆：0

2021-08-30日过期京豆：5

2021-08-31日过期京豆：5


==============📣系统通知📣==============
资产变化强化版
📣=============账号115=============📣
账号名称：硕果蕾蕾2021
今日收入：126京豆 🐶
昨日收入：148京豆 🐶
昨日支出：0京豆 🐶
当前京豆：336(今日将过期0)京豆🐶
极速金币：0金币(≈0元)
京东赚赚：51000金币(≈5.1元)
京东秒杀：5025秒秒币(≈5.025元)
东东农场：8册十万个为什么,进度87.75%,后天可兑🍉
京喜工厂：铁艺小风扇 ,进度:100.00%🏭
东东工厂：当前未选择商品(或未开启活动) , 请到京东APP=>首页=>京东电器=>(底栏)东东工厂 选择商品!🏭
🧧🧧🧧🧧红包明细🧧🧧🧧🧧
当前总红包：1.13(今日总过期0.69)元 🧧
京喜红包：0.42(今日将过期0.30)元 🧧
极速红包：0.19(今日将过期0.02)元 🧧
京东红包：0.52(今日将过期0.37)元 🧧
健康红包：0.00(今日将过期0.00)元 🧧



********开始【京东账号116】你妹夫_******

2021-08-25日过期京豆：0

2021-08-26日过期京豆：0

2021-08-27日过期京豆：0

2021-08-28日过期京豆：5

2021-08-29日过期京豆：5

2021-08-30日过期京豆：0

2021-08-31日过期京豆：0


==============📣系统通知📣==============
资产变化强化版
📣=============账号116=============📣
账号名称：你妹夫_
今日收入：61京豆 🐶
昨日收入：161京豆 🐶
昨日支出：0京豆 🐶
当前京豆：7661(今日将过期0)京豆🐶
京喜牧场：232枚鸡蛋
极速金币：128152金币(≈12.8152元)
京东赚赚：361500金币(≈36.15元)
京东秒杀：2905秒秒币(≈2.905元)
东东农场：移动电源,进度27.77%,66天后可兑🍉
京喜工厂：复古小丝巾 ,进度:63.03% ,预计:3.72天可兑换🏭
东东工厂：当前未选择商品(或未开启活动) , 请到京东APP=>首页=>京东电器=>(底栏)东东工厂 选择商品!🏭
东东萌宠：超大容量保温杯,勋章2/4块(6.8%)
🧧🧧🧧🧧红包明细🧧🧧🧧🧧
当前总红包：1.78(今日总过期0.00)元 🧧
京喜红包：1.01(今日将过期0.00)元 🧧
极速红包：0.10(今日将过期0.00)元 🧧
京东红包：0.67(今日将过期0.00)元 🧧
健康红包：0.00(今日将过期0.00)元 🧧



********开始【京东账号117】流云如风12138******

2021-08-25日过期京豆：0

2021-08-26日过期京豆：0

2021-08-27日过期京豆：0

2021-08-28日过期京豆：0

2021-08-29日过期京豆：0

2021-08-30日过期京豆：0

2021-08-31日过期京豆：0


==============📣系统通知📣==============
资产变化强化版
📣=============账号117=============📣
账号名称：流云如风12138
今日收入：139京豆 🐶
昨日收入：220京豆 🐶
昨日支出：0京豆 🐶
当前京豆：74017(今日将过期0)京豆🐶
极速金币：0金币(≈0元)
京东赚赚：90400金币(≈9.04元)
京东秒杀：9810秒秒币(≈9.81元)
东东农场：800g百草味零食,进度90.33%,9天后可兑🍉
京喜工厂：当前未开始生产商品,请手动去京东APP->游戏与互动->查看更多->京喜工厂 开启活动🏭
东东工厂：当前未选择商品(或未开启活动) , 请到京东APP=>首页=>京东电器=>(底栏)东东工厂 选择商品!🏭
东东萌宠：USB充电风扇,勋章4/4块(100%)
🧧🧧🧧🧧红包明细🧧🧧🧧🧧
当前总红包：1.54(今日总过期0.58)元 🧧
京喜红包：0.39(今日将过期0.27)元 🧧
极速红包：0.33(今日将过期0.14)元 🧧
京东红包：0.82(今日将过期0.17)元 🧧
健康红包：0.00(今日将过期0.00)元 🧧



********开始【京东账号118】莫得钱钱的小男孩******

2021-08-25日过期京豆：0

2021-08-26日过期京豆：0

2021-08-27日过期京豆：0

2021-08-28日过期京豆：0

2021-08-29日过期京豆：0

2021-08-30日过期京豆：5

2021-08-31日过期京豆：5


==============📣系统通知📣==============
资产变化强化版
📣=============账号118=============📣
账号名称：莫得钱钱的小男孩
今日收入：78京豆 🐶
昨日收入：165京豆 🐶
昨日支出：0京豆 🐶
当前京豆：13983(今日将过期0)京豆🐶
京喜牧场：0枚鸡蛋
极速金币：95985金币(≈9.5985元)
京东赚赚：164700金币(≈16.47元)
京东秒杀：12890秒秒币(≈12.89元)
东东农场：20斤大米,进度49.18%,27天后可兑🍉
京喜工厂：当前未开始生产商品,请手动去京东APP->游戏与互动->查看更多->京喜工厂 开启活动🏭
东东工厂：华为-礼品2 mini音箱 剩余19;电力投入情况 800000/4580000;当前总电力:3716435 ;完成度:81%🏭
东东萌宠：成人声波 电动牙刷,勋章3/5块(4.1%)
🧧🧧🧧🧧红包明细🧧🧧🧧🧧
当前总红包：0.83(今日总过期0.39)元 🧧
京喜红包：0.04(今日将过期0.02)元 🧧
极速红包：0.18(今日将过期0.09)元 🧧
京东红包：0.61(今日将过期0.28)元 🧧
健康红包：0.00(今日将过期0.00)元 🧧



********开始【京东账号119】jd_176339ydh******

2021-08-25日过期京豆：0

2021-08-26日过期京豆：0

2021-08-27日过期京豆：0

2021-08-28日过期京豆：0

2021-08-29日过期京豆：0

2021-08-30日过期京豆：0

2021-08-31日过期京豆：0


==============📣系统通知📣==============
资产变化强化版
📣=============账号119=============📣
账号名称：jd_176339ydh
今日收入：108京豆 🐶
昨日收入：114京豆 🐶
昨日支出：0京豆 🐶
当前京豆：222(今日将过期0)京豆🐶
极速金币：0金币(≈0元)
京东赚赚：3000金币(≈0.3元)
京东秒杀：180秒秒币(≈0.18元)
东东农场：3斤猕猴桃,进度5.50%,19天后可兑🍉
京喜工厂：当前未开始生产商品,请手动去京东APP->游戏与互动->查看更多->京喜工厂 开启活动🏭
东东工厂：华为-礼品2 mini音箱 剩余19;电力投入情况 0/4580000;当前总电力:19158 ;完成度:0%🏭
🧧🧧🧧🧧红包明细🧧🧧🧧🧧
当前总红包：0.44(今日总过期0.00)元 🧧
京喜红包：0.31(今日将过期0.00)元 🧧
极速红包：0.06(今日将过期0.00)元 🧧
京东红包：0.07(今日将过期0.00)元 🧧
健康红包：0.00(今日将过期0.00)元 🧧



********开始【京东账号120】谢天笑666******

2021-08-25日过期京豆：68

2021-08-26日过期京豆：0

2021-08-27日过期京豆：0

2021-08-28日过期京豆：0

2021-08-29日过期京豆：0

2021-08-30日过期京豆：0

2021-08-31日过期京豆：0


==============📣系统通知📣==============
资产变化强化版
📣=============账号120=============📣
账号名称：谢天笑666
今日收入：114京豆 🐶
昨日收入：116京豆 🐶
昨日支出：0京豆 🐶
当前京豆：1282(今日将过期68)京豆🐶
极速金币：0金币(≈0元)
京东赚赚：3000金币(≈0.3元)
京东秒杀：180秒秒币(≈0.18元)
东东农场：2斤奇异果,进度5.42%,19天后可兑🍉
京喜工厂：当前未开始生产商品,请手动去京东APP->游戏与互动->查看更多->京喜工厂 开启活动🏭
东东工厂：华为-礼品2 mini音箱 剩余19;电力投入情况 0/4580000;当前总电力:19156 ;完成度:0%🏭
🧧🧧🧧🧧红包明细🧧🧧🧧🧧
当前总红包：0.29(今日总过期0.00)元 🧧
京喜红包：0.11(今日将过期0.00)元 🧧
极速红包：0.08(今日将过期0.00)元 🧧
京东红包：0.10(今日将过期0.00)元 🧧
健康红包：0.00(今日将过期0.00)元 🧧



********开始【京东账号121】小呆呆哦吼******

2021-08-25日过期京豆：0

2021-08-26日过期京豆：0

2021-08-27日过期京豆：0

2021-08-28日过期京豆：0

2021-08-29日过期京豆：0

2021-08-30日过期京豆：0

2021-08-31日过期京豆：0


==============📣系统通知📣==============
资产变化强化版
📣=============账号121=============📣
账号名称：小呆呆哦吼
今日收入：37京豆 🐶
昨日收入：7京豆 🐶
昨日支出：0京豆 🐶
当前京豆：1657(今日将过期0)京豆🐶
京喜牧场：0枚鸡蛋
极速金币：92619金币(≈9.2619元)
京东赚赚：136950金币(≈13.695元)
京东秒杀：14745秒秒币(≈14.745元)
东东农场：1.5斤大连樱桃,进度68.73%,33天后可兑🍉
京喜工厂：纯棉T恤 ,进度:100.00%🏭
东东工厂：华为-礼品2 mini音箱 剩余19;电力投入情况 3000000/4580000;当前总电力:3026270 ;完成度:66%🏭
东东萌宠：3层抽纸巾30包,勋章4/4块(100%)
🧧🧧🧧🧧红包明细🧧🧧🧧🧧
当前总红包：0.22(今日总过期0.00)元 🧧
京喜红包：0.01(今日将过期0.00)元 🧧
极速红包：0.14(今日将过期0.00)元 🧧
京东红包：0.07(今日将过期0.00)元 🧧
健康红包：0.00(今日将过期0.00)元 🧧



********开始【京东账号122】jd_QMmEhMiFeTOL******

2021-08-25日过期京豆：7

2021-08-26日过期京豆：0

2021-08-27日过期京豆：0

2021-08-28日过期京豆：0

2021-08-29日过期京豆：0

2021-08-30日过期京豆：0

2021-08-31日过期京豆：0


==============📣系统通知📣==============
资产变化强化版
📣=============账号122=============📣
账号名称：jd_QMmEhMiFeTOL
今日收入：78京豆 🐶
昨日收入：2京豆 🐶
昨日支出：0京豆 🐶
当前京豆：3742(今日将过期7)京豆🐶
京喜牧场：0枚鸡蛋
极速金币：418055金币(≈41.8055元)
京东赚赚：91100金币(≈9.11元)
京东秒杀：9205秒秒币(≈9.205元)
东东农场：3盒龙虾尾,进度14.73%,234天后可兑🍉
京喜工厂：当前未开始生产商品,请手动去京东APP->游戏与互动->查看更多->京喜工厂 开启活动🏭
东东工厂：当前未选择商品(或未开启活动) , 请到京东APP=>首页=>京东电器=>(底栏)东东工厂 选择商品!🏭
🧧🧧🧧🧧红包明细🧧🧧🧧🧧
当前总红包：0.45(今日总过期0.07)元 🧧
京喜红包：0.01(今日将过期0.00)元 🧧
极速红包：0.37(今日将过期0.07)元 🧧
京东红包：0.07(今日将过期0.00)元 🧧
健康红包：0.00(今日将过期0.00)元 🧧



********开始【京东账号123】jd_cyPTqrmacepp******

2021-08-25日过期京豆：0

2021-08-26日过期京豆：0

2021-08-27日过期京豆：0

2021-08-28日过期京豆：0

2021-08-29日过期京豆：0

2021-08-30日过期京豆：0

2021-08-31日过期京豆：0


==============📣系统通知📣==============
资产变化强化版
📣=============账号123=============📣
账号名称：jd_cyPTqrmacepp
今日收入：114京豆 🐶
昨日收入：169京豆 🐶
昨日支出：0京豆 🐶
当前京豆：293(今日将过期0)京豆🐶
京喜牧场：1枚鸡蛋
极速金币：0金币(≈0元)
京东赚赚：3000金币(≈0.3元)
京东秒杀：200秒秒币(≈0.2元)
东东农场：4升调和油,进度4.83%,26天后可兑🍉
京喜工厂：当前未开始生产商品,请手动去京东APP->游戏与互动->查看更多->京喜工厂 开启活动🏭
东东工厂：华为-礼品2 mini音箱 剩余19;电力投入情况 0/4580000;当前总电力:19153 ;完成度:0%🏭
东东萌宠：3层抽纸巾30包,勋章1/4块(8%)
🧧🧧🧧🧧红包明细🧧🧧🧧🧧
当前总红包：1.34(今日总过期0.00)元 🧧
京喜红包：1.13(今日将过期0.00)元 🧧
极速红包：0.11(今日将过期0.00)元 🧧
京东红包：0.10(今日将过期0.00)元 🧧
健康红包：0.00(今日将过期0.00)元 🧧



********开始【京东账号124】KingonDavis******

2021-08-25日过期京豆：0

2021-08-26日过期京豆：0

2021-08-27日过期京豆：0

2021-08-28日过期京豆：0

2021-08-29日过期京豆：0

2021-08-30日过期京豆：0

2021-08-31日过期京豆：0


==============📣系统通知📣==============
资产变化强化版
📣=============账号124=============📣
账号名称：KingonDavis
今日收入：200京豆 🐶
昨日收入：16京豆 🐶
昨日支出：0京豆 🐶
当前京豆：1980(今日将过期0)京豆🐶
极速金币：340925金币(≈34.0925元)
京东赚赚：80900金币(≈8.09元)
京东秒杀：8680秒秒币(≈8.68元)
东东农场：3斤甜瓜,进度100.00%
京喜工厂：当前未开始生产商品,请手动去京东APP->游戏与互动->查看更多->京喜工厂 开启活动🏭
东东工厂：当前未选择商品(或未开启活动) , 请到京东APP=>首页=>京东电器=>(底栏)东东工厂 选择商品!🏭
🧧🧧🧧🧧红包明细🧧🧧🧧🧧
当前总红包：0.35(今日总过期0.00)元 🧧
京喜红包：0.11(今日将过期0.00)元 🧧
极速红包：0.14(今日将过期0.00)元 🧧
京东红包：0.10(今日将过期0.00)元 🧧
健康红包：0.00(今日将过期0.00)元 🧧



********开始【京东账号125】Amor鸣哥******

2021-08-25日过期京豆：0

2021-08-26日过期京豆：0

2021-08-27日过期京豆：0

2021-08-28日过期京豆：5

2021-08-29日过期京豆：5

2021-08-30日过期京豆：0

2021-08-31日过期京豆：0


==============📣系统通知📣==============
资产变化强化版
📣=============账号125=============📣
账号名称：Amor鸣哥
今日收入：90京豆 🐶
昨日收入：2京豆 🐶
昨日支出：0京豆 🐶
当前京豆：1477(今日将过期0)京豆🐶
极速金币：9258金币(≈0.9258元)
京东赚赚：8000金币(≈0.8元)
京东秒杀：180秒秒币(≈0.18元)
京喜工厂：当前未开始生产商品,请手动去京东APP->游戏与互动->查看更多->京喜工厂 开启活动🏭
东东工厂：华为-礼品2 mini音箱 剩余19;电力投入情况 0/4580000;当前总电力:79951 ;完成度:2%🏭
🧧🧧🧧🧧红包明细🧧🧧🧧🧧
当前总红包：0.56(今日总过期0.00)元 🧧
京喜红包：0.43(今日将过期0.00)元 🧧
极速红包：0.06(今日将过期0.00)元 🧧
京东红包：0.07(今日将过期0.00)元 🧧
健康红包：0.00(今日将过期0.00)元 🧧



********开始【京东账号126】洛伦兹力做功酶******

2021-08-25日过期京豆：5

2021-08-26日过期京豆：0

2021-08-27日过期京豆：0

2021-08-28日过期京豆：0

2021-08-29日过期京豆：0

2021-08-30日过期京豆：0

2021-08-31日过期京豆：0


==============📣系统通知📣==============
资产变化强化版
📣=============账号126=============📣
账号名称：洛伦兹力做功酶
今日收入：61京豆 🐶
昨日收入：119京豆 🐶
昨日支出：0京豆 🐶
当前京豆：25084(今日将过期5)京豆🐶
京喜牧场：55枚鸡蛋
极速金币：483461金币(≈48.3461元)
京东赚赚：137650金币(≈13.765元)
京东秒杀：19830秒秒币(≈19.83元)
东东农场：4升调和油,进度7.27%,204天后可兑🍉
京喜工厂：中华牙膏2支 ,进度:96.29% ,预计:0.41天可兑换🏭
东东工厂：华为-礼品1 蓝牙音箱 剩余8;电力投入情况 1200000/4580000;当前总电力:1284646 ;完成度:28.000000000000004%🏭
东东萌宠：2只装 大号收纳袋,勋章3/4块(27.6%)
🧧🧧🧧🧧红包明细🧧🧧🧧🧧
当前总红包：1.75(今日总过期0.00)元 🧧
京喜红包：1.54(今日将过期0.00)元 🧧
极速红包：0.14(今日将过期0.00)元 🧧
京东红包：0.07(今日将过期0.00)元 🧧
健康红包：0.00(今日将过期0.00)元 🧧



********开始【京东账号127】广白_b******

2021-08-25日过期京豆：0

2021-08-26日过期京豆：0

2021-08-27日过期京豆：0

2021-08-28日过期京豆：0

2021-08-29日过期京豆：0

2021-08-30日过期京豆：0

2021-08-31日过期京豆：0


==============📣系统通知📣==============
资产变化强化版
📣=============账号127=============📣
账号名称：广白_b
今日收入：122京豆 🐶
昨日收入：1538京豆 🐶
昨日支出：-2000京豆 🐶
当前京豆：18677(今日将过期0)京豆🐶
京喜牧场：119枚鸡蛋
极速金币：44800金币(≈4.48元)
京东赚赚：263750金币(≈26.375元)
京东秒杀：240秒秒币(≈0.24元)
东东农场：4升调和油,进度5.86%,109天后可兑🍉
京喜工厂：兔兔泡泡机 ,进度:84.97% ,预计:2.43天可兑换🏭
东东工厂：华为-礼品1 蓝牙音箱 剩余8;电力投入情况 0/4580000;当前总电力:1983061 ;完成度:43%🏭
东东萌宠：全自动 晴雨伞,勋章1/5块(3.2%)
🧧🧧🧧🧧红包明细🧧🧧🧧🧧
当前总红包：1.28(今日总过期0.33)元 🧧
京喜红包：1.11(今日将过期0.23)元 🧧
极速红包：0.10(今日将过期0.10)元 🧧
京东红包：0.07(今日将过期0.00)元 🧧
健康红包：0.00(今日将过期0.00)元 🧧



********开始【京东账号128】jd_6496ef5c0478b******

2021-08-25日过期京豆：0

2021-08-26日过期京豆：0

2021-08-27日过期京豆：0

2021-08-28日过期京豆：0

2021-08-29日过期京豆：0

2021-08-30日过期京豆：0

2021-08-31日过期京豆：0


==============📣系统通知📣==============
资产变化强化版
📣=============账号128=============📣
账号名称：jd_6496ef5c0478b
今日收入：219京豆 🐶
昨日收入：189京豆 🐶
昨日支出：0京豆 🐶
当前京豆：828(今日将过期0)京豆🐶
京喜牧场：0枚鸡蛋
极速金币：0金币(≈0元)
京东赚赚：3000金币(≈0.3元)
京东秒杀：180秒秒币(≈0.18元)
东东农场：150个口罩,进度7.33%,13天后可兑🍉
京喜工厂：当前未开始生产商品,请手动去京东APP->游戏与互动->查看更多->京喜工厂 开启活动🏭
东东工厂：华为-礼品2 mini音箱 剩余19;电力投入情况 0/4580000;当前总电力:38427 ;完成度:1%🏭
东东萌宠：成人声波 电动牙刷,勋章1/5块(13%)
🧧🧧🧧🧧红包明细🧧🧧🧧🧧
当前总红包：2.01(今日总过期0.85)元 🧧
京喜红包：1.56(今日将过期0.81)元 🧧
极速红包：0.40(今日将过期0.04)元 🧧
京东红包：0.05(今日将过期0.00)元 🧧
健康红包：0.00(今日将过期0.00)元 🧧



********开始【京东账号129】光头强光头强光头******

2021-08-25日过期京豆：0

2021-08-26日过期京豆：0

2021-08-27日过期京豆：0

2021-08-28日过期京豆：0

2021-08-29日过期京豆：0

2021-08-30日过期京豆：0

2021-08-31日过期京豆：0


==============📣系统通知📣==============
资产变化强化版
📣=============账号129=============📣
账号名称：光头强光头强光头
今日收入：38京豆 🐶
昨日收入：6京豆 🐶
昨日支出：-1000京豆 🐶
当前京豆：1281(今日将过期0)京豆🐶
京喜牧场：105枚鸡蛋
极速金币：4836金币(≈0.4836元)
京东赚赚：200250金币(≈20.025元)
京东秒杀：10760秒秒币(≈10.76元)
东东农场：4L金龙鱼调和油,进度97.23%,6天后可兑🍉
京喜工厂：当前未开始生产商品,请手动去京东APP->游戏与互动->查看更多->京喜工厂 开启活动🏭
东东工厂：当前未选择商品(或未开启活动) , 请到京东APP=>首页=>京东电器=>(底栏)东东工厂 选择商品!🏭
东东萌宠：2只装 大号收纳袋,勋章3/4块(32.3%)
🧧🧧🧧🧧红包明细🧧🧧🧧🧧
当前总红包：5.55(今日总过期0.06)元 🧧
京喜红包：3.78(今日将过期0.00)元 🧧
极速红包：0.09(今日将过期0.00)元 🧧
京东红包：1.68(今日将过期0.06)元 🧧
健康红包：0.00(今日将过期0.00)元 🧧



********开始【京东账号130】好帅deB******

2021-08-25日过期京豆：0

2021-08-26日过期京豆：0

2021-08-27日过期京豆：0

2021-08-28日过期京豆：0

2021-08-29日过期京豆：5

2021-08-30日过期京豆：5

2021-08-31日过期京豆：0


==============📣系统通知📣==============
资产变化强化版
📣=============账号130=============📣
账号名称：好帅deB
今日收入：96京豆 🐶
昨日收入：71京豆 🐶
昨日支出：0京豆 🐶
当前京豆：1972(今日将过期0)京豆🐶
京喜牧场：95枚鸡蛋
极速金币：140262金币(≈14.0262元)
京东赚赚：163600金币(≈16.36元)
京东秒杀：16955秒秒币(≈16.955元)
东东农场：3盒龙虾尾,进度17.41%,165天后可兑🍉
京喜工厂：中华牙膏2支 ,进度:78.71% ,预计:2.35天可兑换🏭
东东工厂：华为-礼品1 蓝牙音箱 剩余8;电力投入情况 3400000/4580000;当前总电力:3491103 ;完成度:76%🏭
东东萌宠：犬猫通用营养膏 120g,勋章3/5块(72.1%)
🧧🧧🧧🧧红包明细🧧🧧🧧🧧
当前总红包：1.66(今日总过期0.56)元 🧧
京喜红包：1.17(今日将过期0.38)元 🧧
极速红包：0.00(今日将过期0.00)元 🧧
京东红包：0.49(今日将过期0.18)元 🧧
健康红包：0.00(今日将过期0.00)元 🧧



********开始【京东账号131】RinOrz******

2021-08-25日过期京豆：0

2021-08-26日过期京豆：0

2021-08-27日过期京豆：0

2021-08-28日过期京豆：0

2021-08-29日过期京豆：0

2021-08-30日过期京豆：0

2021-08-31日过期京豆：0


==============📣系统通知📣==============
资产变化强化版
📣=============账号131=============📣
账号名称：RinOrz
今日收入：53京豆 🐶
昨日收入：38京豆 🐶
昨日支出：0京豆 🐶
当前京豆：1179(今日将过期0)京豆🐶
极速金币：0金币(≈0元)
京东赚赚：49200金币(≈4.92元)
京东秒杀：5010秒秒币(≈5.01元)
东东农场：20斤大米,进度40.83%,32天后可兑🍉
京喜工厂：当前未开始生产商品,请手动去京东APP->游戏与互动->查看更多->京喜工厂 开启活动🏭
东东工厂：当前未选择商品(或未开启活动) , 请到京东APP=>首页=>京东电器=>(底栏)东东工厂 选择商品!🏭
🧧🧧🧧🧧红包明细🧧🧧🧧🧧
当前总红包：0.82(今日总过期0.00)元 🧧
京喜红包：0.48(今日将过期0.00)元 🧧
极速红包：0.24(今日将过期0.00)元 🧧
京东红包：0.10(今日将过期0.00)元 🧧
健康红包：0.00(今日将过期0.00)元 🧧


message too long, exceed 20000 bytes


🔔资产变化强化版, 结束! 🕛 1302.601 秒


## 执行结束... 2021-08-25 10:51:43 耗时 1302 秒
