## 开始执行... 2021-08-25 19:15:35


🔔资产变化强化版, 开始!

====================共129个京东账号Cookie=========

==================脚本执行- 北京时间(UTC+8)：2021/8/25 下午7:15:35=====================



********开始【京东账号1】-小东_******

2021-08-25日过期京豆：0

2021-08-26日过期京豆：0

2021-08-27日过期京豆：0

2021-08-28日过期京豆：0

2021-08-29日过期京豆：0

2021-08-30日过期京豆：0

2021-08-31日过期京豆：0


==============📣系统通知📣==============
资产变化强化版
📣=============账号1=============📣
账号名称：-小东_
今日收入：188京豆 🐶
昨日收入：200京豆 🐶
昨日支出：0京豆 🐶
当前京豆：3313(今日将过期0)京豆🐶
京喜牧场：0枚鸡蛋
极速金币：190103金币(≈19.0103元)
京东赚赚：45250金币(≈4.525元)
京东秒杀：3280秒秒币(≈3.28元)
东东农场：4升调和油,进度46.18%,32天后可兑🍉
京喜工厂：当前未开始生产商品,请手动去京东APP->游戏与互动->查看更多->京喜工厂 开启活动🏭
东东工厂：华为-礼品1 蓝牙音箱 剩余8;电力投入情况 1800000/4580000;当前总电力:3804754 ;完成度:83%🏭
东东萌宠：成人声波 电动牙刷,勋章3/5块(7.6%)
🧧🧧🧧🧧红包明细🧧🧧🧧🧧
当前总红包：22.93(今日总过期0.00)元 🧧
京喜红包：11.21(今日将过期0.00)元 🧧
极速红包：0.02(今日将过期0.00)元 🧧
京东红包：11.70(今日将过期0.00)元 🧧
健康红包：0.00(今日将过期0.00)元 🧧



********开始【京东账号2】jd_152183bwj******

2021-08-25日过期京豆：0

2021-08-26日过期京豆：0

2021-08-27日过期京豆：0

2021-08-28日过期京豆：0

2021-08-29日过期京豆：0

2021-08-30日过期京豆：0

2021-08-31日过期京豆：0


==============📣系统通知📣==============
资产变化强化版
📣=============账号2=============📣
账号名称：jd_152183bwj
今日收入：183京豆 🐶
昨日收入：114京豆 🐶
昨日支出：0京豆 🐶
当前京豆：5811(今日将过期0)京豆🐶
京喜牧场：322枚鸡蛋
极速金币：473255金币(≈47.3255元)
京东赚赚：54700金币(≈5.47元)
京东秒杀：3470秒秒币(≈3.47元)
东东农场：20斤大米,进度45.00%,32天后可兑🍉
京喜工厂：儿童棉袜5双 ,进度:100.00%🏭
东东工厂：华为-礼品1 蓝牙音箱 剩余8;电力投入情况 3000000/4580000;当前总电力:3809421 ;完成度:83%🏭
东东萌宠：全自动 晴雨伞,勋章4/5块(87.7%)
🧧🧧🧧🧧红包明细🧧🧧🧧🧧
当前总红包：25.64(今日总过期6.05)元 🧧
京喜红包：17.49(今日将过期2.65)元 🧧
极速红包：0.22(今日将过期0.00)元 🧧
京东红包：7.93(今日将过期3.40)元 🧧
健康红包：0.00(今日将过期0.00)元 🧧



********开始【京东账号3】tryxd22******

2021-08-25日过期京豆：0

2021-08-26日过期京豆：8

2021-08-27日过期京豆：0

2021-08-28日过期京豆：0

2021-08-29日过期京豆：0

2021-08-30日过期京豆：0

2021-08-31日过期京豆：0


==============📣系统通知📣==============
资产变化强化版
📣=============账号3=============📣
账号名称：tryxd22
今日收入：105京豆 🐶
昨日收入：75京豆 🐶
昨日支出：0京豆 🐶
当前京豆：6183(今日将过期0)京豆🐶
京喜牧场：0枚鸡蛋
极速金币：385195金币(≈38.5195元)
京东赚赚：287200金币(≈28.72元)
东东农场：4升调和油,进度63.82%,22天后可兑🍉
京喜工厂：当前未开始生产商品,请手动去京东APP->游戏与互动->查看更多->京喜工厂 开启活动🏭
东东工厂：华为-礼品1 蓝牙音箱 剩余8;电力投入情况 100000/4580000;当前总电力:3103298 ;完成度:68%🏭
东东萌宠：全自动 晴雨伞,勋章4/5块(21.7%)
🧧🧧🧧🧧红包明细🧧🧧🧧🧧
当前总红包：9.45(今日总过期0.09)元 🧧
京喜红包：8.47(今日将过期0.00)元 🧧
极速红包：0.09(今日将过期0.09)元 🧧
京东红包：0.89(今日将过期0.00)元 🧧
健康红包：0.00(今日将过期0.00)元 🧧



********开始【京东账号4】jd_157282zts******

2021-08-25日过期京豆：0

2021-08-26日过期京豆：0

2021-08-27日过期京豆：0

2021-08-28日过期京豆：0

2021-08-29日过期京豆：0

2021-08-30日过期京豆：0

2021-08-31日过期京豆：5


==============📣系统通知📣==============
资产变化强化版
📣=============账号4=============📣
账号名称：jd_157282zts
今日收入：288京豆 🐶
昨日收入：190京豆 🐶
昨日支出：0京豆 🐶
当前京豆：765(今日将过期0)京豆🐶
极速金币：324063金币(≈32.4063元)
京东赚赚：83100金币(≈8.31元)
京东秒杀：4740秒秒币(≈4.74元)
东东农场：4升调和油,进度82.87%,7天后可兑🍉
京喜工厂：当前未开始生产商品,请手动去京东APP->游戏与互动->查看更多->京喜工厂 开启活动🏭
东东工厂：当前未选择商品(或未开启活动) , 请到京东APP=>首页=>京东电器=>(底栏)东东工厂 选择商品!🏭
🧧🧧🧧🧧红包明细🧧🧧🧧🧧
当前总红包：8.08(今日总过期1.13)元 🧧
京喜红包：7.46(今日将过期0.75)元 🧧
极速红包：0.22(今日将过期0.08)元 🧧
京东红包：0.40(今日将过期0.30)元 🧧
健康红包：0.00(今日将过期0.00)元 🧧



********开始【京东账号5】北风一号吹******

2021-08-25日过期京豆：0

2021-08-26日过期京豆：0

2021-08-27日过期京豆：0

2021-08-28日过期京豆：0

2021-08-29日过期京豆：0

2021-08-30日过期京豆：0

2021-08-31日过期京豆：5


==============📣系统通知📣==============
资产变化强化版
📣=============账号5=============📣
账号名称：北风一号吹
今日收入：338京豆 🐶
昨日收入：138京豆 🐶
昨日支出：-1000京豆 🐶
当前京豆：3391(今日将过期0)京豆🐶
京喜牧场：5枚鸡蛋
极速金币：35800金币(≈3.58元)
京东赚赚：66000金币(≈6.6元)
京东秒杀：5180秒秒币(≈5.18元)
东东农场：4升调和油,进度25.00%,44天后可兑🍉
京喜工厂：金典纯牛奶 ,进度:18.24% ,预计:11.45天可兑换🏭
东东工厂：当前未选择商品(或未开启活动) , 请到京东APP=>首页=>京东电器=>(底栏)东东工厂 选择商品!🏭
东东萌宠：全自动 晴雨伞,勋章4/5块(14.3%)
🧧🧧🧧🧧红包明细🧧🧧🧧🧧
当前总红包：2.81(今日总过期0.00)元 🧧
京喜红包：2.81(今日将过期0.00)元 🧧
极速红包：0.00(今日将过期0.00)元 🧧
京东红包：0.00(今日将过期0.00)元 🧧
健康红包：0.00(今日将过期0.00)元 🧧



********开始【京东账号6】jd_135270jzp******

2021-08-25日过期京豆：0

2021-08-26日过期京豆：0

2021-08-27日过期京豆：0

2021-08-28日过期京豆：0

2021-08-29日过期京豆：0

2021-08-30日过期京豆：0

2021-08-31日过期京豆：0


==============📣系统通知📣==============
资产变化强化版
📣=============账号6=============📣
账号名称：jd_135270jzp
今日收入：225京豆 🐶
昨日收入：135京豆 🐶
昨日支出：0京豆 🐶
当前京豆：2573(今日将过期0)京豆🐶
京喜牧场：23枚鸡蛋
极速金币：330669金币(≈33.0669元)
京东赚赚：86000金币(≈8.6元)
京东秒杀：7550秒秒币(≈7.55元)
东东农场：3斤雪花梨,进度94.33%,后天可兑🍉
京喜工厂：当前未开始生产商品,请手动去京东APP->游戏与互动->查看更多->京喜工厂 开启活动🏭
东东工厂：当前未选择商品(或未开启活动) , 请到京东APP=>首页=>京东电器=>(底栏)东东工厂 选择商品!🏭
东东萌宠：全自动 晴雨伞,勋章4/5块(7.5%)
🧧🧧🧧🧧红包明细🧧🧧🧧🧧
当前总红包：7.33(今日总过期1.80)元 🧧
京喜红包：3.91(今日将过期1.20)元 🧧
极速红包：0.33(今日将过期0.33)元 🧧
京东红包：3.09(今日将过期0.27)元 🧧
健康红包：0.00(今日将过期0.00)元 🧧



********开始【京东账号7】Ronxy_******

2021-08-25日过期京豆：0

2021-08-26日过期京豆：0

2021-08-27日过期京豆：5

2021-08-28日过期京豆：5

2021-08-29日过期京豆：5

2021-08-30日过期京豆：0

2021-08-31日过期京豆：0


==============📣系统通知📣==============
资产变化强化版
📣=============账号7=============📣
账号名称：Ronxy_
今日收入：326京豆 🐶
昨日收入：242京豆 🐶
昨日支出：0京豆 🐶
当前京豆：14663(今日将过期0)京豆🐶
京喜牧场：0枚鸡蛋
极速金币：579904金币(≈57.9904元)
京东赚赚：79200金币(≈7.92元)
京东秒杀：1840秒秒币(≈1.84元)
东东农场：1.5斤大连樱桃,进度100.00%
京喜工厂：当前未开始生产商品,请手动去京东APP->游戏与互动->查看更多->京喜工厂 开启活动🏭
东东工厂：华为-礼品1 蓝牙音箱 剩余8;电力投入情况 100000/4580000;当前总电力:3104309 ;完成度:68%🏭
东东萌宠：宠物衣服小恐龙款,勋章2/4块(44.5%)
🧧🧧🧧🧧红包明细🧧🧧🧧🧧
当前总红包：11.20(今日总过期2.52)元 🧧
京喜红包：6.30(今日将过期2.12)元 🧧
极速红包：0.32(今日将过期0.02)元 🧧
京东红包：4.58(今日将过期0.38)元 🧧
健康红包：0.00(今日将过期0.00)元 🧧



********开始【京东账号8】wdCUHKkruSkztY******


==============📣系统通知📣==============
资产变化强化版
【提示】cookie已失效
京东账号8 wdCUHKkruSkztY
请重新登录获取
https://bean.m.jd.com/bean/signIndex.action
钉钉发送通知消息成功🎉。


********开始【京东账号9】Bhiaa******

2021-08-25日过期京豆：0

2021-08-26日过期京豆：0

2021-08-27日过期京豆：0

2021-08-28日过期京豆：0

2021-08-29日过期京豆：0

2021-08-30日过期京豆：0

2021-08-31日过期京豆：5


==============📣系统通知📣==============
资产变化强化版
📣=============账号9=============📣
账号名称：Bhiaa
今日收入：183京豆 🐶
昨日收入：214京豆 🐶
昨日支出：-2000京豆 🐶
当前京豆：13521(今日将过期0)京豆🐶
京喜牧场：0枚鸡蛋
极速金币：594563金币(≈59.4563元)
京东赚赚：184400金币(≈18.44元)
京东秒杀：4375秒秒币(≈4.375元)
东东农场：3盒龙虾尾,进度45.45%,31天后可兑🍉
京喜工厂：当前未开始生产商品,请手动去京东APP->游戏与互动->查看更多->京喜工厂 开启活动🏭
东东工厂：华为-礼品1 蓝牙音箱 剩余8;电力投入情况 1500000/4580000;当前总电力:3575054 ;完成度:78%🏭
东东萌宠：全自动 晴雨伞,勋章3/5块(49%)
🧧🧧🧧🧧红包明细🧧🧧🧧🧧
当前总红包：2.89(今日总过期1.68)元 🧧
京喜红包：2.40(今日将过期1.29)元 🧧
极速红包：0.09(今日将过期0.09)元 🧧
京东红包：0.40(今日将过期0.30)元 🧧
健康红包：0.00(今日将过期0.00)元 🧧



********开始【京东账号10】jd_187020egq******

2021-08-25日过期京豆：0

2021-08-26日过期京豆：0

2021-08-27日过期京豆：0

2021-08-28日过期京豆：0

2021-08-29日过期京豆：0

2021-08-30日过期京豆：0

2021-08-31日过期京豆：0


==============📣系统通知📣==============
资产变化强化版
📣=============账号10=============📣
账号名称：jd_187020egq
今日收入：161京豆 🐶
昨日收入：122京豆 🐶
昨日支出：0京豆 🐶
当前京豆：1796(今日将过期0)京豆🐶
极速金币：195359金币(≈19.5359元)
京东赚赚：56000金币(≈5.6元)
东东农场：USB电风扇,进度95.75%,明天可兑🍉
京喜工厂：当前未开始生产商品,请手动去京东APP->游戏与互动->查看更多->京喜工厂 开启活动🏭
东东工厂：当前未选择商品(或未开启活动) , 请到京东APP=>首页=>京东电器=>(底栏)东东工厂 选择商品!🏭
东东萌宠：2只装 大号收纳袋,勋章2/4块(9.7%)
🧧🧧🧧🧧红包明细🧧🧧🧧🧧
当前总红包：1.01(今日总过期0.40)元 🧧
京喜红包：0.34(今日将过期0.12)元 🧧
极速红包：0.40(今日将过期0.16)元 🧧
京东红包：0.27(今日将过期0.12)元 🧧
健康红包：0.00(今日将过期0.00)元 🧧



********开始【京东账号11】大浈******

2021-08-25日过期京豆：0

2021-08-26日过期京豆：0

2021-08-27日过期京豆：0

2021-08-28日过期京豆：0

2021-08-29日过期京豆：0

2021-08-30日过期京豆：0

2021-08-31日过期京豆：0


==============📣系统通知📣==============
资产变化强化版
📣=============账号11=============📣
账号名称：大浈
今日收入：122京豆 🐶
昨日收入：124京豆 🐶
昨日支出：0京豆 🐶
当前京豆：3185(今日将过期0)京豆🐶
极速金币：12710金币(≈1.271元)
京东赚赚：139050金币(≈13.905元)
京东秒杀：13480秒秒币(≈13.48元)
东东农场：4升调和油,进度23.00%,50天后可兑🍉
京喜工厂：当前未开始生产商品,请手动去京东APP->游戏与互动->查看更多->京喜工厂 开启活动🏭
东东工厂：当前未选择商品(或未开启活动) , 请到京东APP=>首页=>京东电器=>(底栏)东东工厂 选择商品!🏭
东东萌宠：超大容量保温杯,勋章2/4块(50.7%)
🧧🧧🧧🧧红包明细🧧🧧🧧🧧
当前总红包：0.54(今日总过期0.30)元 🧧
京喜红包：0.07(今日将过期0.03)元 🧧
极速红包：0.00(今日将过期0.00)元 🧧
京东红包：0.47(今日将过期0.27)元 🧧
健康红包：0.00(今日将过期0.00)元 🧧



********开始【京东账号12】jd_138554uuq******

2021-08-25日过期京豆：0

2021-08-26日过期京豆：0

2021-08-27日过期京豆：0

2021-08-28日过期京豆：0

2021-08-29日过期京豆：0

2021-08-30日过期京豆：0

2021-08-31日过期京豆：0


==============📣系统通知📣==============
资产变化强化版
📣=============账号12=============📣
账号名称：jd_138554uuq
今日收入：97京豆 🐶
昨日收入：66京豆 🐶
昨日支出：0京豆 🐶
当前京豆：787(今日将过期0)京豆🐶
京喜牧场：0枚鸡蛋
极速金币：256321金币(≈25.6321元)
京东赚赚：113100金币(≈11.31元)
东东农场：20斤大米,进度29.47%,24天后可兑🍉
京喜工厂：当前未开始生产商品,请手动去京东APP->游戏与互动->查看更多->京喜工厂 开启活动🏭
东东工厂：当前未选择商品(或未开启活动) , 请到京东APP=>首页=>京东电器=>(底栏)东东工厂 选择商品!🏭
东东萌宠：声波电动牙刷,勋章3/4块(83.7%)
🧧🧧🧧🧧红包明细🧧🧧🧧🧧
当前总红包：1.50(今日总过期0.79)元 🧧
京喜红包：0.93(今日将过期0.43)元 🧧
极速红包：0.19(今日将过期0.16)元 🧧
京东红包：0.38(今日将过期0.20)元 🧧
健康红包：0.00(今日将过期0.00)元 🧧



********开始【京东账号13】jd_NYuxfBKcYuZO******

2021-08-25日过期京豆：0

2021-08-26日过期京豆：0

2021-08-27日过期京豆：0

2021-08-28日过期京豆：0

2021-08-29日过期京豆：0

2021-08-30日过期京豆：0

2021-08-31日过期京豆：0


==============📣系统通知📣==============
资产变化强化版
📣=============账号13=============📣
账号名称：jd_NYuxfBKcYuZO
今日收入：243京豆 🐶
昨日收入：6000京豆 🐶
昨日支出：-6000京豆 🐶
当前京豆：243(今日将过期0)京豆🐶
京喜牧场：21枚鸡蛋
极速金币：33187金币(≈3.3187元)
京东赚赚：117600金币(≈11.76元)
京东秒杀：11240秒秒币(≈11.24元)
东东农场：11.6斤洗衣液,进度47.88%,12天后可兑🍉
京喜工厂：当前未开始生产商品,请手动去京东APP->游戏与互动->查看更多->京喜工厂 开启活动🏭
东东工厂：当前未选择商品(或未开启活动) , 请到京东APP=>首页=>京东电器=>(底栏)东东工厂 选择商品!🏭
东东萌宠：全自动 晴雨伞,勋章2/5块(20.2%)
🧧🧧🧧🧧红包明细🧧🧧🧧🧧
当前总红包：1.38(今日总过期0.12)元 🧧
京喜红包：0.86(今日将过期0.12)元 🧧
极速红包：0.00(今日将过期0.00)元 🧧
京东红包：0.52(今日将过期0.00)元 🧧
健康红包：0.00(今日将过期0.00)元 🧧



********开始【京东账号14】jd_KxPdrSStDTFp******

2021-08-25日过期京豆：0

2021-08-26日过期京豆：0

2021-08-27日过期京豆：0

2021-08-28日过期京豆：0

2021-08-29日过期京豆：0

2021-08-30日过期京豆：0

2021-08-31日过期京豆：0


==============📣系统通知📣==============
资产变化强化版
📣=============账号14=============📣
账号名称：jd_KxPdrSStDTFp
今日收入：134京豆 🐶
昨日收入：82京豆 🐶
昨日支出：0京豆 🐶
当前京豆：1140(今日将过期0)京豆🐶
极速金币：159146金币(≈15.9146元)
京东赚赚：58300金币(≈5.83元)
东东农场：5斤小麦粉,进度100.00%
京喜工厂：当前未开始生产商品,请手动去京东APP->游戏与互动->查看更多->京喜工厂 开启活动🏭
东东工厂：当前未选择商品(或未开启活动) , 请到京东APP=>首页=>京东电器=>(底栏)东东工厂 选择商品!🏭
东东萌宠：全自动 晴雨伞,勋章2/5块(19.9%)
🧧🧧🧧🧧红包明细🧧🧧🧧🧧
当前总红包：2.73(今日总过期1.67)元 🧧
京喜红包：2.59(今日将过期1.55)元 🧧
极速红包：0.00(今日将过期0.00)元 🧧
京东红包：0.14(今日将过期0.12)元 🧧
健康红包：0.00(今日将过期0.00)元 🧧



********开始【京东账号15】jd_6cb3c0ff32055******

2021-08-25日过期京豆：0

2021-08-26日过期京豆：0

2021-08-27日过期京豆：0

2021-08-28日过期京豆：0

2021-08-29日过期京豆：0

2021-08-30日过期京豆：0

2021-08-31日过期京豆：0


==============📣系统通知📣==============
资产变化强化版
📣=============账号15=============📣
账号名称：jd_6cb3c0ff32055
今日收入：231京豆 🐶
昨日收入：148京豆 🐶
昨日支出：-2000京豆 🐶
当前京豆：466(今日将过期0)京豆🐶
极速金币：340572金币(≈34.0572元)
京东赚赚：103400金币(≈10.34元)
京东秒杀：3880秒秒币(≈3.88元)
东东农场：20斤大米,进度24.93%,22天后可兑🍉
京喜工厂：当前未开始生产商品,请手动去京东APP->游戏与互动->查看更多->京喜工厂 开启活动🏭
东东工厂：当前未选择商品(或未开启活动) , 请到京东APP=>首页=>京东电器=>(底栏)东东工厂 选择商品!🏭
东东萌宠：全自动 晴雨伞,勋章2/5块(17.5%)
🧧🧧🧧🧧红包明细🧧🧧🧧🧧
当前总红包：2.27(今日总过期0.14)元 🧧
京喜红包：0.04(今日将过期0.02)元 🧧
极速红包：0.00(今日将过期0.00)元 🧧
京东红包：2.23(今日将过期0.12)元 🧧
健康红包：0.00(今日将过期0.00)元 🧧



********开始【京东账号16】jd_TKUdSdwtfjaJ******

2021-08-25日过期京豆：0

2021-08-26日过期京豆：0

2021-08-27日过期京豆：0

2021-08-28日过期京豆：0

2021-08-29日过期京豆：0

2021-08-30日过期京豆：0

2021-08-31日过期京豆：0


==============📣系统通知📣==============
资产变化强化版
📣=============账号16=============📣
账号名称：jd_TKUdSdwtfjaJ
今日收入：150京豆 🐶
昨日收入：72京豆 🐶
昨日支出：0京豆 🐶
当前京豆：666(今日将过期0)京豆🐶
京喜牧场：21枚鸡蛋
极速金币：217215金币(≈21.7215元)
京东赚赚：113500金币(≈11.35元)
东东农场：3册口才三绝,进度100.00%
京喜工厂：不锈钢多用盆 ,进度:100.00%🏭
东东工厂：当前未选择商品(或未开启活动) , 请到京东APP=>首页=>京东电器=>(底栏)东东工厂 选择商品!🏭
东东萌宠：全自动 晴雨伞,勋章2/5块(14.6%)
🧧🧧🧧🧧红包明细🧧🧧🧧🧧
当前总红包：1.05(今日总过期0.18)元 🧧
京喜红包：0.86(今日将过期0.06)元 🧧
极速红包：0.00(今日将过期0.00)元 🧧
京东红包：0.19(今日将过期0.12)元 🧧
健康红包：0.00(今日将过期0.00)元 🧧



********开始【京东账号17】小久久诶丶******

2021-08-25日过期京豆：0

2021-08-26日过期京豆：0

2021-08-27日过期京豆：0

2021-08-28日过期京豆：0

2021-08-29日过期京豆：0

2021-08-30日过期京豆：0

2021-08-31日过期京豆：0


==============📣系统通知📣==============
资产变化强化版
📣=============账号17=============📣
账号名称：小久久诶丶
今日收入：243京豆 🐶
昨日收入：1221京豆 🐶
昨日支出：-10京豆 🐶
当前京豆：7031(今日将过期0)京豆🐶
京喜牧场：0枚鸡蛋
极速金币：112666金币(≈11.2666元)
京东赚赚：96000金币(≈9.6元)
京东秒杀：9195秒秒币(≈9.195元)
东东农场：96卷卷纸,进度97.50%,明天可兑🍉
京喜工厂：当前未开始生产商品,请手动去京东APP->游戏与互动->查看更多->京喜工厂 开启活动🏭
东东工厂：当前未选择商品(或未开启活动) , 请到京东APP=>首页=>京东电器=>(底栏)东东工厂 选择商品!🏭
东东萌宠：全自动 晴雨伞,勋章2/5块(18.2%)
🧧🧧🧧🧧红包明细🧧🧧🧧🧧
当前总红包：6.39(今日总过期3.93)元 🧧
京喜红包：5.44(今日将过期3.65)元 🧧
极速红包：0.11(今日将过期0.11)元 🧧
京东红包：0.84(今日将过期0.17)元 🧧
健康红包：0.00(今日将过期0.00)元 🧧



********开始【京东账号18】还有两张运费券******

2021-08-25日过期京豆：7

2021-08-26日过期京豆：7

2021-08-27日过期京豆：0

2021-08-28日过期京豆：0

2021-08-29日过期京豆：0

2021-08-30日过期京豆：0

2021-08-31日过期京豆：0


==============📣系统通知📣==============
资产变化强化版
📣=============账号18=============📣
账号名称：还有两张运费券
今日收入：108京豆 🐶
昨日收入：57京豆 🐶
昨日支出：0京豆 🐶
当前京豆：5539(今日将过期7)京豆🐶
京喜牧场：0枚鸡蛋
极速金币：123535金币(≈12.3535元)
京东赚赚：74500金币(≈7.45元)
京东秒杀：6460秒秒币(≈6.46元)
东东农场：4升调和油,进度24.95%,44天后可兑🍉
京喜工厂：当前未开始生产商品,请手动去京东APP->游戏与互动->查看更多->京喜工厂 开启活动🏭
东东工厂：当前未选择商品(或未开启活动) , 请到京东APP=>首页=>京东电器=>(底栏)东东工厂 选择商品!🏭
东东萌宠：USB充电风扇,勋章3/4块(35.9%)
🧧🧧🧧🧧红包明细🧧🧧🧧🧧
当前总红包：14.68(今日总过期0.87)元 🧧
京喜红包：0.99(今日将过期0.51)元 🧧
极速红包：13.19(今日将过期0.09)元 🧧
京东红包：0.50(今日将过期0.27)元 🧧
健康红包：0.00(今日将过期0.00)元 🧧



********开始【京东账号19】莫得钱钱的大男孩******

2021-08-25日过期京豆：0

2021-08-26日过期京豆：0

2021-08-27日过期京豆：0

2021-08-28日过期京豆：0

2021-08-29日过期京豆：0

2021-08-30日过期京豆：0

2021-08-31日过期京豆：0


==============📣系统通知📣==============
资产变化强化版
📣=============账号19=============📣
账号名称：莫得钱钱的大男孩
今日收入：184京豆 🐶
昨日收入：72京豆 🐶
昨日支出：0京豆 🐶
当前京豆：5736(今日将过期0)京豆🐶
京喜牧场：0枚鸡蛋
极速金币：422645金币(≈42.2645元)
京东赚赚：97100金币(≈9.71元)
东东农场：4升调和油,进度41.20%,24天后可兑🍉
京喜工厂：当前未开始生产商品,请手动去京东APP->游戏与互动->查看更多->京喜工厂 开启活动🏭
东东工厂：华为-礼品1 蓝牙音箱 剩余8;电力投入情况 0/4580000;当前总电力:2263214 ;完成度:49%🏭
东东萌宠：成人声波 电动牙刷,勋章2/5块(93.5%)
🧧🧧🧧🧧红包明细🧧🧧🧧🧧
当前总红包：0.64(今日总过期0.47)元 🧧
京喜红包：0.04(今日将过期0.02)元 🧧
极速红包：0.33(今日将过期0.33)元 🧧
京东红包：0.27(今日将过期0.12)元 🧧
健康红包：0.00(今日将过期0.00)元 🧧



********开始【京东账号20】纯白暖冬******

2021-08-25日过期京豆：0

2021-08-26日过期京豆：0

2021-08-27日过期京豆：0

2021-08-28日过期京豆：0

2021-08-29日过期京豆：5

2021-08-30日过期京豆：5

2021-08-31日过期京豆：5


==============📣系统通知📣==============
资产变化强化版
📣=============账号20=============📣
账号名称：纯白暖冬
今日收入：152京豆 🐶
昨日收入：107京豆 🐶
昨日支出：0京豆 🐶
当前京豆：2531(今日将过期0)京豆🐶
京喜牧场：0枚鸡蛋
极速金币：439123金币(≈43.9123元)
京东赚赚：139500金币(≈13.95元)
京东秒杀：13530秒秒币(≈13.53元)
京喜工厂：香辣小鱼干 ,进度:100.00%🏭
东东工厂：当前未选择商品(或未开启活动) , 请到京东APP=>首页=>京东电器=>(底栏)东东工厂 选择商品!🏭
🧧🧧🧧🧧红包明细🧧🧧🧧🧧
当前总红包：0.44(今日总过期0.27)元 🧧
京喜红包：0.04(今日将过期0.03)元 🧧
极速红包：0.07(今日将过期0.07)元 🧧
京东红包：0.33(今日将过期0.17)元 🧧
健康红包：0.00(今日将过期0.00)元 🧧



********开始【京东账号21】GUYOU7468******

2021-08-25日过期京豆：0

2021-08-26日过期京豆：0

2021-08-27日过期京豆：0

2021-08-28日过期京豆：0

2021-08-29日过期京豆：0

2021-08-30日过期京豆：0

2021-08-31日过期京豆：0


==============📣系统通知📣==============
资产变化强化版
📣=============账号21=============📣
账号名称：GUYOU7468
今日收入：1722京豆 🐶
昨日收入：91京豆 🐶
昨日支出：-5000京豆 🐶
当前京豆：2437(今日将过期0)京豆🐶
京喜牧场：0枚鸡蛋
极速金币：632573金币(≈63.2573元)
京东赚赚：160400金币(≈16.04元)
京东秒杀：15725秒秒币(≈15.725元)
东东农场：2斤青芒果,进度100.00%
京喜工厂：当前未开始生产商品,请手动去京东APP->游戏与互动->查看更多->京喜工厂 开启活动🏭
东东工厂：当前未选择商品(或未开启活动) , 请到京东APP=>首页=>京东电器=>(底栏)东东工厂 选择商品!🏭
🧧🧧🧧🧧红包明细🧧🧧🧧🧧
当前总红包：2.07(今日总过期0.86)元 🧧
京喜红包：1.92(今日将过期0.84)元 🧧
极速红包：0.08(今日将过期0.02)元 🧧
京东红包：0.07(今日将过期0.00)元 🧧
健康红包：0.00(今日将过期0.00)元 🧧



********开始【京东账号22】她是猪丶******

2021-08-25日过期京豆：0

2021-08-26日过期京豆：0

2021-08-27日过期京豆：0

2021-08-28日过期京豆：0

2021-08-29日过期京豆：0

2021-08-30日过期京豆：0

2021-08-31日过期京豆：5


==============📣系统通知📣==============
资产变化强化版
📣=============账号22=============📣
账号名称：她是猪丶
今日收入：164京豆 🐶
昨日收入：313京豆 🐶
昨日支出：0京豆 🐶
当前京豆：939(今日将过期0)京豆🐶
极速金币：191860金币(≈19.186元)
京东赚赚：46300金币(≈4.63元)
京东秒杀：3880秒秒币(≈3.88元)
京喜工厂：当前未开始生产商品,请手动去京东APP->游戏与互动->查看更多->京喜工厂 开启活动🏭
东东工厂：当前未选择商品(或未开启活动) , 请到京东APP=>首页=>京东电器=>(底栏)东东工厂 选择商品!🏭
🧧🧧🧧🧧红包明细🧧🧧🧧🧧
当前总红包：1.75(今日总过期0.46)元 🧧
京喜红包：1.15(今日将过期0.14)元 🧧
极速红包：0.23(今日将过期0.05)元 🧧
京东红包：0.37(今日将过期0.27)元 🧧
健康红包：0.00(今日将过期0.00)元 🧧



********开始【京东账号23】海岸边的海岸******

2021-08-25日过期京豆：0

2021-08-26日过期京豆：0

2021-08-27日过期京豆：0

2021-08-28日过期京豆：0

2021-08-29日过期京豆：5

2021-08-30日过期京豆：5

2021-08-31日过期京豆：5


==============📣系统通知📣==============
资产变化强化版
📣=============账号23=============📣
账号名称：海岸边的海岸
今日收入：149京豆 🐶
昨日收入：82京豆 🐶
昨日支出：0京豆 🐶
当前京豆：803(今日将过期0)京豆🐶
极速金币：164592金币(≈16.4592元)
京东赚赚：350750金币(≈35.075元)
京东秒杀：13310秒秒币(≈13.31元)
东东农场：3斤甜瓜,进度100.00%
京喜工厂：小鱼仔10包 ,进度:100.00%🏭
东东工厂：当前未选择商品(或未开启活动) , 请到京东APP=>首页=>京东电器=>(底栏)东东工厂 选择商品!🏭
🧧🧧🧧🧧红包明细🧧🧧🧧🧧
当前总红包：0.63(今日总过期0.40)元 🧧
京喜红包：0.25(今日将过期0.12)元 🧧
极速红包：0.11(今日将过期0.11)元 🧧
京东红包：0.27(今日将过期0.17)元 🧧
健康红包：0.00(今日将过期0.00)元 🧧



********开始【京东账号24】呃shenma******

2021-08-25日过期京豆：2

2021-08-26日过期京豆：0

2021-08-27日过期京豆：0

2021-08-28日过期京豆：0

2021-08-29日过期京豆：5

2021-08-30日过期京豆：5

2021-08-31日过期京豆：5


==============📣系统通知📣==============
资产变化强化版
📣=============账号24=============📣
账号名称：呃shenma
今日收入：150京豆 🐶
昨日收入：79京豆 🐶
昨日支出：0京豆 🐶
当前京豆：3326(今日将过期2)京豆🐶
极速金币：123283金币(≈12.3283元)
京东赚赚：349500金币(≈34.95元)
京东秒杀：13340秒秒币(≈13.34元)
东东农场：3斤柑橘,进度100.00%
京喜工厂：抽纸4包 ,进度:100.00%🏭
东东工厂：当前未选择商品(或未开启活动) , 请到京东APP=>首页=>京东电器=>(底栏)东东工厂 选择商品!🏭
东东萌宠：超大容量保温杯,勋章4/4块(100%)
🧧🧧🧧🧧红包明细🧧🧧🧧🧧
当前总红包：0.51(今日总过期0.36)元 🧧
京喜红包：0.07(今日将过期0.03)元 🧧
极速红包：0.14(今日将过期0.13)元 🧧
京东红包：0.30(今日将过期0.20)元 🧧
健康红包：0.00(今日将过期0.00)元 🧧



********开始【京东账号25】长大八百标兵******

2021-08-25日过期京豆：0

2021-08-26日过期京豆：0

2021-08-27日过期京豆：0

2021-08-28日过期京豆：0

2021-08-29日过期京豆：0

2021-08-30日过期京豆：0

2021-08-31日过期京豆：0


==============📣系统通知📣==============
资产变化强化版
📣=============账号25=============📣
账号名称：长大八百标兵
今日收入：136京豆 🐶
昨日收入：84京豆 🐶
昨日支出：0京豆 🐶
当前京豆：59(今日将过期0)京豆🐶
京喜牧场：241枚鸡蛋
极速金币：34227金币(≈3.4227元)
京东赚赚：103300金币(≈10.33元)
京东秒杀：6620秒秒币(≈6.62元)
东东农场：1.5斤大连樱桃,进度61.50%,21天后可兑🍉
京喜工厂：可口可乐4瓶 ,进度:61.46% ,预计:6.38天可兑换🏭
东东工厂：当前未选择商品(或未开启活动) , 请到京东APP=>首页=>京东电器=>(底栏)东东工厂 选择商品!🏭
东东萌宠：USB充电风扇,勋章4/4块(100%)
🧧🧧🧧🧧红包明细🧧🧧🧧🧧
当前总红包：0.16(今日总过期0.00)元 🧧
京喜红包：0.08(今日将过期0.00)元 🧧
极速红包：0.00(今日将过期0.00)元 🧧
京东红包：0.08(今日将过期0.00)元 🧧
健康红包：0.00(今日将过期0.00)元 🧧



********开始【京东账号26】人生充满绝望******

2021-08-25日过期京豆：0

2021-08-26日过期京豆：0

2021-08-27日过期京豆：0

2021-08-28日过期京豆：0

2021-08-29日过期京豆：0

2021-08-30日过期京豆：0

2021-08-31日过期京豆：0


==============📣系统通知📣==============
资产变化强化版
📣=============账号26=============📣
账号名称：人生充满绝望
今日收入：167京豆 🐶
昨日收入：95京豆 🐶
昨日支出：0京豆 🐶
当前京豆：3121(今日将过期0)京豆🐶
极速金币：249412金币(≈24.9412元)
京东赚赚：159250金币(≈15.925元)
京东秒杀：15550秒秒币(≈15.55元)
东东农场：11.6斤洗衣液,进度75.50%,8天后可兑🍉
京喜工厂：双层加厚蒸锅 ,进度:100.00%🏭
东东工厂：华为-礼品1 蓝牙音箱 剩余8;电力投入情况 2300000/4580000;当前总电力:3388877 ;完成度:74%🏭
东东萌宠：2只装 大号收纳袋,勋章2/4块(39.1%)
🧧🧧🧧🧧红包明细🧧🧧🧧🧧
当前总红包：0.46(今日总过期0.39)元 🧧
京喜红包：0.05(今日将过期0.01)元 🧧
极速红包：0.20(今日将过期0.20)元 🧧
京东红包：0.21(今日将过期0.18)元 🧧
健康红包：0.00(今日将过期0.00)元 🧧



********开始【京东账号27】男一号杨爸******

2021-08-25日过期京豆：0

2021-08-26日过期京豆：0

2021-08-27日过期京豆：0

2021-08-28日过期京豆：0

2021-08-29日过期京豆：0

2021-08-30日过期京豆：0

2021-08-31日过期京豆：0

异常：{"code":0,"data":{"bizCode":-1001,"bizMsg":"活动太火爆啦","success":false},"msg":"调用成功"}

==============📣系统通知📣==============
资产变化强化版
📣=============账号27=============📣
账号名称：男一号杨爸
今日收入：5京豆 🐶
昨日收入：7京豆 🐶
昨日支出：0京豆 🐶
当前京豆：685(今日将过期0)京豆🐶
京喜牧场：0枚鸡蛋
极速金币：425969金币(≈42.5969元)
京东赚赚：156800金币(≈15.68元)
东东农场：11.6斤洗衣液,进度100.00%
京喜工厂：飘柔护发素 ,进度:100.00%🏭
东东萌宠：2只装 大号收纳袋,勋章2/4块(23.2%)
🧧🧧🧧🧧红包明细🧧🧧🧧🧧
当前总红包：0(今日总过期0.00)元 🧧
京喜红包：0.00(今日将过期0.00)元 🧧
极速红包：0.00(今日将过期0.00)元 🧧
京东红包：0.00(今日将过期0.00)元 🧧
健康红包：0.00(今日将过期0.00)元 🧧



********开始【京东账号28】jd_qdcLZhwxUxWk******

2021-08-25日过期京豆：0

2021-08-26日过期京豆：0

2021-08-27日过期京豆：0

2021-08-28日过期京豆：0

2021-08-29日过期京豆：5

2021-08-30日过期京豆：5

2021-08-31日过期京豆：5


==============📣系统通知📣==============
资产变化强化版
📣=============账号28=============📣
账号名称：jd_qdcLZhwxUxWk
今日收入：175京豆 🐶
昨日收入：112京豆 🐶
昨日支出：0京豆 🐶
当前京豆：1012(今日将过期0)京豆🐶
京喜牧场：0枚鸡蛋
极速金币：178625金币(≈17.8625元)
京东赚赚：43000金币(≈4.3元)
京东秒杀：980秒秒币(≈0.98元)
东东农场：3盒龙虾尾,进度27.80%,33天后可兑🍉
京喜工厂：当前未开始生产商品,请手动去京东APP->游戏与互动->查看更多->京喜工厂 开启活动🏭
东东工厂：华为-礼品1 蓝牙音箱 剩余8;电力投入情况 0/4580000;当前总电力:962090 ;完成度:21%🏭
东东萌宠：宠物衣服小恐龙款,勋章2/4块(51.9%)
🧧🧧🧧🧧红包明细🧧🧧🧧🧧
当前总红包：1.15(今日总过期0.22)元 🧧
京喜红包：0.04(今日将过期0.02)元 🧧
极速红包：0.20(今日将过期0.20)元 🧧
京东红包：0.91(今日将过期0.00)元 🧧
健康红包：0.00(今日将过期0.00)元 🧧



********开始【京东账号29】皇上啊吉祥******

2021-08-25日过期京豆：0

2021-08-26日过期京豆：0

2021-08-27日过期京豆：0

2021-08-28日过期京豆：0

2021-08-29日过期京豆：0

2021-08-30日过期京豆：0

2021-08-31日过期京豆：0


==============📣系统通知📣==============
资产变化强化版
📣=============账号29=============📣
账号名称：皇上啊吉祥
今日收入：127京豆 🐶
昨日收入：109京豆 🐶
昨日支出：0京豆 🐶
当前京豆：3746(今日将过期0)京豆🐶
极速金币：659623金币(≈65.9623元)
京东赚赚：172150金币(≈17.215元)
东东农场：12册上下五千年,进度79.58%,7天后可兑🍉
京喜工厂：当前未开始生产商品,请手动去京东APP->游戏与互动->查看更多->京喜工厂 开启活动🏭
东东工厂：当前未选择商品(或未开启活动) , 请到京东APP=>首页=>京东电器=>(底栏)东东工厂 选择商品!🏭
东东萌宠：2只装 大号收纳袋,勋章3/4块(50.6%)
🧧🧧🧧🧧红包明细🧧🧧🧧🧧
当前总红包：0.42(今日总过期0.27)元 🧧
京喜红包：0.07(今日将过期0.04)元 🧧
极速红包：0.18(今日将过期0.11)元 🧧
京东红包：0.17(今日将过期0.12)元 🧧
健康红包：0.00(今日将过期0.00)元 🧧



********开始【京东账号30】李丶旧友******

2021-08-25日过期京豆：0

2021-08-26日过期京豆：0

2021-08-27日过期京豆：0

2021-08-28日过期京豆：0

2021-08-29日过期京豆：0

2021-08-30日过期京豆：0

2021-08-31日过期京豆：0


==============📣系统通知📣==============
资产变化强化版
📣=============账号30=============📣
账号名称：李丶旧友
今日收入：139京豆 🐶
昨日收入：68京豆 🐶
昨日支出：0京豆 🐶
当前京豆：4836(今日将过期0)京豆🐶
京喜牧场：29枚鸡蛋
极速金币：34763金币(≈3.4763元)
京东赚赚：211800金币(≈21.18元)
京东秒杀：15690秒秒币(≈15.69元)
东东农场：4升调和油,进度46.86%,34天后可兑🍉
京喜工厂：凤梨酥整箱 ,进度:23.51% ,预计:6.68天可兑换🏭
东东工厂：华为-礼品2 mini音箱 剩余18;电力投入情况 3100000/4580000;当前总电力:3227362 ;完成度:70%🏭
东东萌宠：成人声波 电动牙刷,勋章2/5块(41.1%)
🧧🧧🧧🧧红包明细🧧🧧🧧🧧
当前总红包：1.14(今日总过期0.00)元 🧧
京喜红包：0.80(今日将过期0.00)元 🧧
极速红包：0.11(今日将过期0.00)元 🧧
京东红包：0.23(今日将过期0.00)元 🧧
健康红包：0.00(今日将过期0.00)元 🧧



********开始【京东账号31】jd_403ff930050f4******

2021-08-25日过期京豆：0

2021-08-26日过期京豆：0

2021-08-27日过期京豆：0

2021-08-28日过期京豆：0

2021-08-29日过期京豆：0

2021-08-30日过期京豆：0

2021-08-31日过期京豆：0


==============📣系统通知📣==============
资产变化强化版
📣=============账号31=============📣
账号名称：jd_403ff930050f4
今日收入：117京豆 🐶
昨日收入：161京豆 🐶
昨日支出：0京豆 🐶
当前京豆：4480(今日将过期0)京豆🐶
极速金币：130530金币(≈13.053元)
京东赚赚：156300金币(≈15.63元)
京东秒杀：15205秒秒币(≈15.205元)
东东农场：96卷卷纸,进度49.27%,31天后可兑🍉
京喜工厂：当前未开始生产商品,请手动去京东APP->游戏与互动->查看更多->京喜工厂 开启活动🏭
东东工厂：当前未选择商品(或未开启活动) , 请到京东APP=>首页=>京东电器=>(底栏)东东工厂 选择商品!🏭
东东萌宠：3层抽纸巾30包,勋章0/4块(0%)
🧧🧧🧧🧧红包明细🧧🧧🧧🧧
当前总红包：0.34(今日总过期0.22)元 🧧
京喜红包：0.09(今日将过期0.05)元 🧧
极速红包：0.00(今日将过期0.00)元 🧧
京东红包：0.25(今日将过期0.17)元 🧧
健康红包：0.00(今日将过期0.00)元 🧧



********开始【京东账号32】带带弟弟好吗l******

2021-08-25日过期京豆：0

2021-08-26日过期京豆：0

2021-08-27日过期京豆：0

2021-08-28日过期京豆：0

2021-08-29日过期京豆：0

2021-08-30日过期京豆：0

2021-08-31日过期京豆：0


==============📣系统通知📣==============
资产变化强化版
📣=============账号32=============📣
账号名称：带带弟弟好吗l
今日收入：155京豆 🐶
昨日收入：189京豆 🐶
昨日支出：0京豆 🐶
当前京豆：4299(今日将过期0)京豆🐶
极速金币：751492金币(≈75.1492元)
京东赚赚：176700金币(≈17.67元)
京东秒杀：17370秒秒币(≈17.37元)
东东农场：4升调和油,进度7.86%,58天后可兑🍉
京喜工厂：当前未开始生产商品,请手动去京东APP->游戏与互动->查看更多->京喜工厂 开启活动🏭
东东工厂：当前未选择商品(或未开启活动) , 请到京东APP=>首页=>京东电器=>(底栏)东东工厂 选择商品!🏭
东东萌宠：3层抽纸巾30包,勋章2/4块(8.9%)
🧧🧧🧧🧧红包明细🧧🧧🧧🧧
当前总红包：1.22(今日总过期0.12)元 🧧
京喜红包：0.18(今日将过期0.12)元 🧧
极速红包：0.17(今日将过期0.00)元 🧧
京东红包：0.87(今日将过期0.00)元 🧧
健康红包：0.00(今日将过期0.00)元 🧧



********开始【京东账号33】奎星阁******

2021-08-25日过期京豆：0

2021-08-26日过期京豆：0

2021-08-27日过期京豆：0

2021-08-28日过期京豆：0

2021-08-29日过期京豆：0

2021-08-30日过期京豆：0

2021-08-31日过期京豆：0


==============📣系统通知📣==============
资产变化强化版
📣=============账号33=============📣
账号名称：奎星阁
今日收入：133京豆 🐶
昨日收入：111京豆 🐶
昨日支出：-5000京豆 🐶
当前京豆：5956(今日将过期0)京豆🐶
京喜牧场：28枚鸡蛋
极速金币：362565金币(≈36.2565元)
京东赚赚：179400金币(≈17.94元)
京东秒杀：9320秒秒币(≈9.32元)
东东农场：3斤蜜瓜,进度90.67%,后天可兑🍉
京喜工厂：德芙巧克力礼盒 ,进度:82.29% ,预计:3.90天可兑换🏭
东东工厂：华为-礼品1 蓝牙音箱 剩余8;电力投入情况 800000/4580000;当前总电力:3016721 ;完成度:66%🏭
东东萌宠：2只装 大号收纳袋,勋章2/4块(74.6%)
🧧🧧🧧🧧红包明细🧧🧧🧧🧧
当前总红包：0.18(今日总过期0.18)元 🧧
京喜红包：0.00(今日将过期0.00)元 🧧
极速红包：0.18(今日将过期0.18)元 🧧
京东红包：0.00(今日将过期0.00)元 🧧
健康红包：0.00(今日将过期0.00)元 🧧



********开始【京东账号34】无好感了******

2021-08-25日过期京豆：0

2021-08-26日过期京豆：0

2021-08-27日过期京豆：0

2021-08-28日过期京豆：0

2021-08-29日过期京豆：0

2021-08-30日过期京豆：0

2021-08-31日过期京豆：0


==============📣系统通知📣==============
资产变化强化版
📣=============账号34=============📣
账号名称：无好感了
今日收入：116京豆 🐶
昨日收入：84京豆 🐶
昨日支出：0京豆 🐶
当前京豆：3308(今日将过期0)京豆🐶
京喜牧场：1枚鸡蛋
极速金币：1140111金币(≈114.0111元)
京东赚赚：261300金币(≈26.13元)
京东秒杀：24530秒秒币(≈24.53元)
东东农场：2斤黄小米,进度100.00%
京喜工厂：男士挎包 ,进度:59.63% ,预计:7.34天可兑换🏭
东东工厂：当前未选择商品(或未开启活动) , 请到京东APP=>首页=>京东电器=>(底栏)东东工厂 选择商品!🏭
🧧🧧🧧🧧红包明细🧧🧧🧧🧧
当前总红包：2.35(今日总过期0.85)元 🧧
京喜红包：1.70(今日将过期0.54)元 🧧
极速红包：0.11(今日将过期0.03)元 🧧
京东红包：0.54(今日将过期0.28)元 🧧
健康红包：0.00(今日将过期0.00)元 🧧



********开始【京东账号35】山茶V******

2021-08-25日过期京豆：0

2021-08-26日过期京豆：0

2021-08-27日过期京豆：0

2021-08-28日过期京豆：0

2021-08-29日过期京豆：0

2021-08-30日过期京豆：0

2021-08-31日过期京豆：0


==============📣系统通知📣==============
资产变化强化版
📣=============账号35=============📣
账号名称：山茶V
今日收入：140京豆 🐶
昨日收入：108京豆 🐶
昨日支出：0京豆 🐶
当前京豆：2965(今日将过期0)京豆🐶
京喜牧场：0枚鸡蛋
极速金币：553829金币(≈55.3829元)
京东赚赚：129400金币(≈12.94元)
京东秒杀：12710秒秒币(≈12.71元)
东东农场：2.5斤苹果,进度100.00%
京喜工厂：当前未开始生产商品,请手动去京东APP->游戏与互动->查看更多->京喜工厂 开启活动🏭
东东工厂：当前未选择商品(或未开启活动) , 请到京东APP=>首页=>京东电器=>(底栏)东东工厂 选择商品!🏭
🧧🧧🧧🧧红包明细🧧🧧🧧🧧
当前总红包：2.32(今日总过期1.09)元 🧧
京喜红包：1.63(今日将过期0.64)元 🧧
极速红包：0.19(今日将过期0.18)元 🧧
京东红包：0.50(今日将过期0.27)元 🧧
健康红包：0.00(今日将过期0.00)元 🧧



********开始【京东账号36】六次迷雾******

2021-08-25日过期京豆：0

2021-08-26日过期京豆：0

2021-08-27日过期京豆：0

2021-08-28日过期京豆：0

2021-08-29日过期京豆：0

2021-08-30日过期京豆：0

2021-08-31日过期京豆：5


==============📣系统通知📣==============
资产变化强化版
📣=============账号36=============📣
账号名称：六次迷雾
今日收入：178京豆 🐶
昨日收入：159京豆 🐶
昨日支出：0京豆 🐶
当前京豆：1121(今日将过期0)京豆🐶
京喜牧场：246枚鸡蛋
极速金币：389382金币(≈38.9382元)
京东赚赚：265250金币(≈26.525元)
京东秒杀：10610秒秒币(≈10.61元)
东东农场：4升调和油,进度76.77%,14天后可兑🍉
京喜工厂：黑胶防晒伞 ,进度:56.27% ,预计:4.40天可兑换🏭
东东工厂：华为-礼品1 蓝牙音箱 剩余8;电力投入情况 600000/4580000;当前总电力:2665144 ;完成度:57.99999999999999%🏭
东东萌宠：全自动 晴雨伞,勋章5/5块(100%)
🧧🧧🧧🧧红包明细🧧🧧🧧🧧
当前总红包：2.44(今日总过期0.80)元 🧧
京喜红包：2.44(今日将过期0.80)元 🧧
极速红包：0.00(今日将过期0.00)元 🧧
京东红包：0.00(今日将过期0.00)元 🧧
健康红包：0.00(今日将过期0.00)元 🧧



********开始【京东账号37】jd_5d9e93cb86195******

2021-08-25日过期京豆：0

2021-08-26日过期京豆：0

2021-08-27日过期京豆：0

2021-08-28日过期京豆：0

2021-08-29日过期京豆：0

2021-08-30日过期京豆：0

2021-08-31日过期京豆：0


==============📣系统通知📣==============
资产变化强化版
📣=============账号37=============📣
账号名称：jd_5d9e93cb86195
今日收入：177京豆 🐶
昨日收入：97京豆 🐶
昨日支出：0京豆 🐶
当前京豆：2700(今日将过期0)京豆🐶
极速金币：131401金币(≈13.1401元)
京东赚赚：40500金币(≈4.05元)
东东农场：4升调和油,进度83.83%,4天后可兑🍉
京喜工厂：当前未开始生产商品,请手动去京东APP->游戏与互动->查看更多->京喜工厂 开启活动🏭
东东工厂：华为-礼品1 蓝牙音箱 剩余8;电力投入情况 0/4580000;当前总电力:810079 ;完成度:18%🏭
🧧🧧🧧🧧红包明细🧧🧧🧧🧧
当前总红包：1.46(今日总过期0.25)元 🧧
京喜红包：0.94(今日将过期0.02)元 🧧
极速红包：0.21(今日将过期0.11)元 🧧
京东红包：0.31(今日将过期0.12)元 🧧
健康红包：0.00(今日将过期0.00)元 🧧



********开始【京东账号38】忘了时间z******

2021-08-25日过期京豆：0

2021-08-26日过期京豆：0

2021-08-27日过期京豆：0

2021-08-28日过期京豆：0

2021-08-29日过期京豆：0

2021-08-30日过期京豆：0

2021-08-31日过期京豆：0


==============📣系统通知📣==============
资产变化强化版
📣=============账号38=============📣
账号名称：忘了时间z
今日收入：66京豆 🐶
昨日收入：67京豆 🐶
昨日支出：0京豆 🐶
当前京豆：42414(今日将过期0)京豆🐶
京喜牧场：0枚鸡蛋
极速金币：950259金币(≈95.0259元)
京东赚赚：213700金币(≈21.37元)
京东秒杀：3150秒秒币(≈3.15元)
东东农场：96卷卷纸,进度4.36%,42天后可兑🍉
京喜工厂：当前未开始生产商品,请手动去京东APP->游戏与互动->查看更多->京喜工厂 开启活动🏭
东东工厂：当前未选择商品(或未开启活动) , 请到京东APP=>首页=>京东电器=>(底栏)东东工厂 选择商品!🏭
东东萌宠：全自动 晴雨伞,勋章4/5块(22%)
🧧🧧🧧🧧红包明细🧧🧧🧧🧧
当前总红包：26.19(今日总过期1.09)元 🧧
京喜红包：0.04(今日将过期0.02)元 🧧
极速红包：0.84(今日将过期0.80)元 🧧
京东红包：25.31(今日将过期0.27)元 🧧
健康红包：0.00(今日将过期0.00)元 🧧



********开始【京东账号39】大菠萝啊啊吧阿******

2021-08-25日过期京豆：0

2021-08-26日过期京豆：0

2021-08-27日过期京豆：0

2021-08-28日过期京豆：0

2021-08-29日过期京豆：0

2021-08-30日过期京豆：0

2021-08-31日过期京豆：0


==============📣系统通知📣==============
资产变化强化版
📣=============账号39=============📣
账号名称：大菠萝啊啊吧阿
今日收入：131京豆 🐶
昨日收入：207京豆 🐶
昨日支出：0京豆 🐶
当前京豆：26510(今日将过期0)京豆🐶
京喜牧场：243枚鸡蛋
极速金币：325014金币(≈32.5014元)
京东赚赚：208900金币(≈20.89元)
京东秒杀：3235秒秒币(≈3.235元)
东东农场：4升调和油,进度4.09%,42天后可兑🍉
京喜工厂：当前未开始生产商品,请手动去京东APP->游戏与互动->查看更多->京喜工厂 开启活动🏭
东东工厂：当前未选择商品(或未开启活动) , 请到京东APP=>首页=>京东电器=>(底栏)东东工厂 选择商品!🏭
东东萌宠：全自动 晴雨伞,勋章4/5块(68.2%)
🧧🧧🧧🧧红包明细🧧🧧🧧🧧
当前总红包：3.74(今日总过期1.53)元 🧧
京喜红包：3.39(今日将过期1.53)元 🧧
极速红包：0.08(今日将过期0.00)元 🧧
京东红包：0.27(今日将过期0.00)元 🧧
健康红包：0.00(今日将过期0.00)元 🧧



********开始【京东账号40】雪-之-华******

2021-08-25日过期京豆：0

2021-08-26日过期京豆：0

2021-08-27日过期京豆：0

2021-08-28日过期京豆：0

2021-08-29日过期京豆：0

2021-08-30日过期京豆：0

2021-08-31日过期京豆：0


==============📣系统通知📣==============
资产变化强化版
📣=============账号40=============📣
账号名称：雪-之-华
今日收入：118京豆 🐶
昨日收入：111京豆 🐶
昨日支出：0京豆 🐶
当前京豆：3327(今日将过期0)京豆🐶
京喜牧场：57枚鸡蛋
极速金币：109749金币(≈10.9749元)
京东赚赚：34200金币(≈3.42元)
东东农场：4升调和油,进度23.87%,25天后可兑🍉
京喜工厂：双层加厚蒸锅 ,进度:95.62% ,预计:2.47天可兑换🏭
东东工厂：华为-礼品1 蓝牙音箱 剩余8;电力投入情况 400000/4580000;当前总电力:692595 ;完成度:15%🏭
东东萌宠：2只装 大号收纳袋,勋章2/4块(15.4%)
🧧🧧🧧🧧红包明细🧧🧧🧧🧧
当前总红包：3.48(今日总过期0.85)元 🧧
京喜红包：3.25(今日将过期0.73)元 🧧
极速红包：0.00(今日将过期0.00)元 🧧
京东红包：0.23(今日将过期0.12)元 🧧
健康红包：0.00(今日将过期0.00)元 🧧



********开始【京东账号41】jd_kngFJnBdMrAw******

2021-08-25日过期京豆：0

2021-08-26日过期京豆：0

2021-08-27日过期京豆：0

2021-08-28日过期京豆：0

2021-08-29日过期京豆：0

2021-08-30日过期京豆：0

2021-08-31日过期京豆：0


==============📣系统通知📣==============
资产变化强化版
📣=============账号41=============📣
账号名称：jd_kngFJnBdMrAw
今日收入：202京豆 🐶
昨日收入：142京豆 🐶
昨日支出：-5京豆 🐶
当前京豆：2135(今日将过期0)京豆🐶
京喜牧场：0枚鸡蛋
极速金币：97368金币(≈9.7368元)
京东赚赚：34200金币(≈3.42元)
京喜工厂：当前未开始生产商品,请手动去京东APP->游戏与互动->查看更多->京喜工厂 开启活动🏭
东东工厂：华为-礼品1 蓝牙音箱 剩余8;电力投入情况 0/4580000;当前总电力:692759 ;完成度:15%🏭
🧧🧧🧧🧧红包明细🧧🧧🧧🧧
当前总红包：0.43(今日总过期0.23)元 🧧
京喜红包：0.03(今日将过期0.01)元 🧧
极速红包：0.10(今日将过期0.10)元 🧧
京东红包：0.30(今日将过期0.12)元 🧧
健康红包：0.00(今日将过期0.00)元 🧧



********开始【京东账号42】克子大人******

2021-08-25日过期京豆：0

2021-08-26日过期京豆：0

2021-08-27日过期京豆：0

2021-08-28日过期京豆：0

2021-08-29日过期京豆：0

2021-08-30日过期京豆：0

2021-08-31日过期京豆：0


==============📣系统通知📣==============
资产变化强化版
📣=============账号42=============📣
账号名称：克子大人
今日收入：95京豆 🐶
昨日收入：154京豆 🐶
昨日支出：0京豆 🐶
当前京豆：11911(今日将过期0)京豆🐶
极速金币：795404金币(≈79.5404元)
京东赚赚：196550金币(≈19.655元)
京东秒杀：20165秒秒币(≈20.165元)
东东农场：3盒龙虾尾,进度70.14%,18天后可兑🍉
京喜工厂：当前未开始生产商品,请手动去京东APP->游戏与互动->查看更多->京喜工厂 开启活动🏭
东东工厂：华为-礼品2 mini音箱 剩余18;电力投入情况 0/4580000;当前总电力:3000134 ;完成度:66%🏭
东东萌宠：手持便携式小风扇,勋章3/4块(49.5%)
🧧🧧🧧🧧红包明细🧧🧧🧧🧧
当前总红包：0.68(今日总过期0.27)元 🧧
京喜红包：0.07(今日将过期0.03)元 🧧
极速红包：0.28(今日将过期0.06)元 🧧
京东红包：0.33(今日将过期0.18)元 🧧
健康红包：0.00(今日将过期0.00)元 🧧



********开始【京东账号43】遇事不决氪一单******

2021-08-25日过期京豆：0

2021-08-26日过期京豆：0

2021-08-27日过期京豆：0

2021-08-28日过期京豆：0

2021-08-29日过期京豆：0

2021-08-30日过期京豆：0

2021-08-31日过期京豆：0


==============📣系统通知📣==============
资产变化强化版
📣=============账号43=============📣
账号名称：遇事不决氪一单
今日收入：101京豆 🐶
昨日收入：122京豆 🐶
昨日支出：-1950京豆 🐶
当前京豆：21182(今日将过期0)京豆🐶
京喜牧场：4枚鸡蛋
极速金币：142041金币(≈14.2041元)
京东赚赚：170550金币(≈17.055元)
京东秒杀：18080秒秒币(≈18.08元)
东东农场：3盒龙虾尾,进度5.32%,55天后可兑🍉
京喜工厂：当前未开始生产商品,请手动去京东APP->游戏与互动->查看更多->京喜工厂 开启活动🏭
东东工厂：当前未选择商品(或未开启活动) , 请到京东APP=>首页=>京东电器=>(底栏)东东工厂 选择商品!🏭
🧧🧧🧧🧧红包明细🧧🧧🧧🧧
当前总红包：100.87(今日总过期0.30)元 🧧
京喜红包：0.41(今日将过期0.02)元 🧧
极速红包：50.08(今日将过期0.08)元 🧧
京东红包：50.38(今日将过期0.20)元 🧧
健康红包：0.00(今日将过期0.00)元 🧧



********开始【京东账号44】余温犹存-******

2021-08-25日过期京豆：0

2021-08-26日过期京豆：0

2021-08-27日过期京豆：0

2021-08-28日过期京豆：0

2021-08-29日过期京豆：0

2021-08-30日过期京豆：0

2021-08-31日过期京豆：0


==============📣系统通知📣==============
资产变化强化版
📣=============账号44=============📣
账号名称：余温犹存-
今日收入：122京豆 🐶
昨日收入：145京豆 🐶
昨日支出：-1000京豆 🐶
当前京豆：348(今日将过期0)京豆🐶
京喜牧场：0枚鸡蛋
极速金币：105213金币(≈10.5213元)
京东赚赚：34200金币(≈3.42元)
京东秒杀：2420秒秒币(≈2.42元)
东东农场：3斤雪花梨,进度100.00%
京喜工厂：当前未开始生产商品,请手动去京东APP->游戏与互动->查看更多->京喜工厂 开启活动🏭
东东工厂：华为-礼品1 蓝牙音箱 剩余8;电力投入情况 0/4580000;当前总电力:673376 ;完成度:15%🏭
🧧🧧🧧🧧红包明细🧧🧧🧧🧧
当前总红包：0.44(今日总过期0.40)元 🧧
京喜红包：0.03(今日将过期0.01)元 🧧
极速红包：0.39(今日将过期0.39)元 🧧
京东红包：0.02(今日将过期0.00)元 🧧
健康红包：0.00(今日将过期0.00)元 🧧



********开始【京东账号45】The-Spectre23******

2021-08-25日过期京豆：5

2021-08-26日过期京豆：5

2021-08-27日过期京豆：5

2021-08-28日过期京豆：5

2021-08-29日过期京豆：5

2021-08-30日过期京豆：5

2021-08-31日过期京豆：0


==============📣系统通知📣==============
资产变化强化版
📣=============账号45=============📣
账号名称：The-Spectre23
今日收入：60京豆 🐶
昨日收入：106京豆 🐶
昨日支出：-5京豆 🐶
当前京豆：1215(今日将过期5)京豆🐶
京喜牧场：0枚鸡蛋
极速金币：119414金币(≈11.9414元)
京东赚赚：185150金币(≈18.515元)
京东秒杀：18090秒秒币(≈18.09元)
东东农场：3斤水蜜桃,进度54.67%,8天后可兑🍉
京喜工厂：当前未开始生产商品,请手动去京东APP->游戏与互动->查看更多->京喜工厂 开启活动🏭
东东工厂：当前未选择商品(或未开启活动) , 请到京东APP=>首页=>京东电器=>(底栏)东东工厂 选择商品!🏭
东东萌宠：超大容量保温杯,勋章0/4块(0%)
🧧🧧🧧🧧红包明细🧧🧧🧧🧧
当前总红包：0.62(今日总过期0.40)元 🧧
京喜红包：0.04(今日将过期0.02)元 🧧
极速红包：0.20(今日将过期0.10)元 🧧
京东红包：0.38(今日将过期0.28)元 🧧
健康红包：0.00(今日将过期0.00)元 🧧



********开始【京东账号46】超级超级可爱_******

2021-08-25日过期京豆：5

2021-08-26日过期京豆：5

2021-08-27日过期京豆：5

2021-08-28日过期京豆：5

2021-08-29日过期京豆：5

2021-08-30日过期京豆：0

2021-08-31日过期京豆：0


==============📣系统通知📣==============
资产变化强化版
📣=============账号46=============📣
账号名称：超级超级可爱_
今日收入：170京豆 🐶
昨日收入：218京豆 🐶
昨日支出：-5京豆 🐶
当前京豆：4565(今日将过期5)京豆🐶
极速金币：523659金币(≈52.3659元)
京东赚赚：331800金币(≈33.18元)
京东秒杀：21870秒秒币(≈21.87元)
东东农场：3斤雪花梨,进度44.83%,9天后可兑🍉
京喜工厂：${$.productName} ,已经超时失效, 请选择新商品进行制造🏭
东东工厂：华为-礼品2 mini音箱 剩余18;电力投入情况 100000/4580000;当前总电力:3107393 ;完成度:68%🏭
东东萌宠：全自动 晴雨伞,勋章4/5块(73.2%)
🧧🧧🧧🧧红包明细🧧🧧🧧🧧
当前总红包：1.92(今日总过期0.91)元 🧧
京喜红包：1.16(今日将过期0.53)元 🧧
极速红包：0.41(今日将过期0.10)元 🧧
京东红包：0.35(今日将过期0.28)元 🧧
健康红包：0.00(今日将过期0.00)元 🧧



********开始【京东账号47】是个捞仔xbhdi******

2021-08-25日过期京豆：0

2021-08-26日过期京豆：0

2021-08-27日过期京豆：0

2021-08-28日过期京豆：0

2021-08-29日过期京豆：0

2021-08-30日过期京豆：0

2021-08-31日过期京豆：0

