## 开始执行... 2021-08-29 06:30:00


🔔资产变化强化版, 开始!

====================共121个京东账号Cookie=========

==================脚本执行- 北京时间(UTC+8)：2021/8/29 上午6:30:00=====================



********开始【京东账号1】-小东_******

2021-08-29日过期京豆：0

2021-08-30日过期京豆：0

2021-08-31日过期京豆：0

2021-09-01日过期京豆：0

2021-09-02日过期京豆：0

2021-09-03日过期京豆：0

2021-09-04日过期京豆：0


==============📣系统通知📣==============
资产变化强化版
📣=============账号1=============📣
账号名称：-小东_
今日收入：37京豆 🐶
昨日收入：81京豆 🐶
昨日支出：0京豆 🐶
当前京豆：3004(今日将过期0)京豆🐶
京喜牧场：0枚鸡蛋
极速金币：215268金币(≈21.5268元)
京东赚赚：55350金币(≈5.535元)
东东农场：4升调和油,进度52.32%,52天后可兑🍉
京喜工厂：当前未开始生产商品,请手动去京东APP->游戏与互动->查看更多->京喜工厂 开启活动🏭
东东工厂：当前未选择商品(或未开启活动) , 请到京东APP=>首页=>京东电器=>(底栏)东东工厂 选择商品!🏭
东东萌宠：成人声波 电动牙刷,勋章3/5块(20.1%)
🧧🧧🧧🧧红包明细🧧🧧🧧🧧
当前总红包：27.92(今日总过期15.82)元 🧧
京喜红包：17.16(今日将过期9.96)元 🧧
极速红包：0.07(今日将过期0.00)元 🧧
京东红包：10.69(今日将过期5.86)元 🧧
健康红包：0.00(今日将过期0.00)元 🧧



********开始【京东账号2】jd_152183bwj******

2021-08-29日过期京豆：0

2021-08-30日过期京豆：0

2021-08-31日过期京豆：0

2021-09-01日过期京豆：0

2021-09-02日过期京豆：0

2021-09-03日过期京豆：0

2021-09-04日过期京豆：0


==============📣系统通知📣==============
资产变化强化版
📣=============账号2=============📣
账号名称：jd_152183bwj
今日收入：83京豆 🐶
昨日收入：83京豆 🐶
昨日支出：0京豆 🐶
当前京豆：5320(今日将过期0)京豆🐶
京喜牧场：354枚鸡蛋
极速金币：507971金币(≈50.7971元)
京东赚赚：64800金币(≈6.48元)
东东农场：20斤大米,进度51.27%,46天后可兑🍉
京喜工厂：儿童棉袜5双 ,进度:100.00%🏭
东东工厂：当前未选择商品(或未开启活动) , 请到京东APP=>首页=>京东电器=>(底栏)东东工厂 选择商品!🏭
东东萌宠：全自动 晴雨伞,勋章4/5块(97.2%)
🧧🧧🧧🧧红包明细🧧🧧🧧🧧
当前总红包：31.89(今日总过期14.16)元 🧧
京喜红包：19.34(今日将过期7.93)元 🧧
极速红包：0.08(今日将过期0.00)元 🧧
京东红包：12.47(今日将过期6.23)元 🧧
健康红包：0.00(今日将过期0.00)元 🧧



********开始【京东账号3】tryxd22******

2021-08-29日过期京豆：0

2021-08-30日过期京豆：0

2021-08-31日过期京豆：0

2021-09-01日过期京豆：0

2021-09-02日过期京豆：0

2021-09-03日过期京豆：0

2021-09-04日过期京豆：0


==============📣系统通知📣==============
资产变化强化版
📣=============账号3=============📣
账号名称：tryxd22
今日收入：41京豆 🐶
昨日收入：45京豆 🐶
昨日支出：0京豆 🐶
当前京豆：6537(今日将过期0)京豆🐶
京喜牧场：0枚鸡蛋
极速金币：408924金币(≈40.8924元)
京东赚赚：297300金币(≈29.73元)
东东农场：4升调和油,进度70.05%,30天后可兑🍉
京喜工厂：当前未开始生产商品,请手动去京东APP->游戏与互动->查看更多->京喜工厂 开启活动🏭
东东工厂：当前未选择商品(或未开启活动) , 请到京东APP=>首页=>京东电器=>(底栏)东东工厂 选择商品!🏭
东东萌宠：全自动 晴雨伞,勋章4/5块(31.7%)
🧧🧧🧧🧧红包明细🧧🧧🧧🧧
当前总红包：12.49(今日总过期6.92)元 🧧
京喜红包：11.97(今日将过期6.74)元 🧧
极速红包：0.00(今日将过期0.00)元 🧧
京东红包：0.52(今日将过期0.18)元 🧧
健康红包：0.00(今日将过期0.00)元 🧧



********开始【京东账号4】jd_157282zts******

2021-08-29日过期京豆：0

2021-08-30日过期京豆：0

2021-08-31日过期京豆：5

2021-09-01日过期京豆：5

2021-09-02日过期京豆：5

2021-09-03日过期京豆：5

2021-09-04日过期京豆：5


==============📣系统通知📣==============
资产变化强化版
📣=============账号4=============📣
账号名称：jd_157282zts
今日收入：47京豆 🐶
昨日收入：75京豆 🐶
昨日支出：0京豆 🐶
当前京豆：1276(今日将过期0)京豆🐶
极速金币：343089金币(≈34.3089元)
京东赚赚：92900金币(≈9.29元)
东东农场：4升调和油,进度91.73%,7天后可兑🍉
京喜工厂：当前未开始生产商品,请手动去京东APP->游戏与互动->查看更多->京喜工厂 开启活动🏭
东东工厂：当前未选择商品(或未开启活动) , 请到京东APP=>首页=>京东电器=>(底栏)东东工厂 选择商品!🏭
🧧🧧🧧🧧红包明细🧧🧧🧧🧧
当前总红包：7.08(今日总过期3.47)元 🧧
京喜红包：5.09(今日将过期3.10)元 🧧
极速红包：0.34(今日将过期0.01)元 🧧
京东红包：1.65(今日将过期0.36)元 🧧
健康红包：0.00(今日将过期0.00)元 🧧



********开始【京东账号5】北风一号吹******

2021-08-29日过期京豆：0

2021-08-30日过期京豆：0

2021-08-31日过期京豆：5

2021-09-01日过期京豆：5

2021-09-02日过期京豆：5

2021-09-03日过期京豆：5

2021-09-04日过期京豆：5


==============📣系统通知📣==============
资产变化强化版
📣=============账号5=============📣
账号名称：北风一号吹
今日收入：112京豆 🐶
昨日收入：57京豆 🐶
昨日支出：0京豆 🐶
当前京豆：4038(今日将过期0)京豆🐶
京喜牧场：25枚鸡蛋
极速金币：55340金币(≈5.534元)
京东赚赚：75800金币(≈7.58元)
东东农场：4升调和油,进度31.36%,72天后可兑🍉
京喜工厂：金典纯牛奶 ,进度:42.95% ,预计:7.99天可兑换🏭
东东工厂：当前未选择商品(或未开启活动) , 请到京东APP=>首页=>京东电器=>(底栏)东东工厂 选择商品!🏭
东东萌宠：全自动 晴雨伞,勋章4/5块(24.9%)
🧧🧧🧧🧧红包明细🧧🧧🧧🧧
当前总红包：8.63(今日总过期5.42)元 🧧
京喜红包：7.97(今日将过期5.06)元 🧧
极速红包：0.12(今日将过期0.12)元 🧧
京东红包：0.54(今日将过期0.24)元 🧧
健康红包：0.00(今日将过期0.00)元 🧧



********开始【京东账号6】jd_135270jzp******

2021-08-29日过期京豆：0

2021-08-30日过期京豆：0

2021-08-31日过期京豆：0

2021-09-01日过期京豆：0

2021-09-02日过期京豆：0

2021-09-03日过期京豆：0

2021-09-04日过期京豆：0


==============📣系统通知📣==============
资产变化强化版
📣=============账号6=============📣
账号名称：jd_135270jzp
今日收入：44京豆 🐶
昨日收入：82京豆 🐶
昨日支出：0京豆 🐶
当前京豆：3144(今日将过期0)京豆🐶
京喜牧场：49枚鸡蛋
极速金币：350173金币(≈35.0173元)
京东赚赚：95800金币(≈9.58元)
东东农场：3斤猕猴桃,进度19.83%,40天后可兑🍉
京喜工厂：当前未开始生产商品,请手动去京东APP->游戏与互动->查看更多->京喜工厂 开启活动🏭
东东工厂：当前未选择商品(或未开启活动) , 请到京东APP=>首页=>京东电器=>(底栏)东东工厂 选择商品!🏭
东东萌宠：全自动 晴雨伞,勋章4/5块(17.1%)
🧧🧧🧧🧧红包明细🧧🧧🧧🧧
当前总红包：5.42(今日总过期2.09)元 🧧
京喜红包：4.90(今日将过期1.78)元 🧧
极速红包：0.10(今日将过期0.10)元 🧧
京东红包：0.42(今日将过期0.21)元 🧧
健康红包：0.00(今日将过期0.00)元 🧧



********开始【京东账号7】Ronxy_******

2021-08-29日过期京豆：0

2021-08-30日过期京豆：0

2021-08-31日过期京豆：0

2021-09-01日过期京豆：0

2021-09-02日过期京豆：0

2021-09-03日过期京豆：0

2021-09-04日过期京豆：0


==============📣系统通知📣==============
资产变化强化版
📣=============账号7=============📣
账号名称：Ronxy_
今日收入：43京豆 🐶
昨日收入：46京豆 🐶
昨日支出：0京豆 🐶
当前京豆：15474(今日将过期0)京豆🐶
京喜牧场：0枚鸡蛋
极速金币：597600金币(≈59.76元)
京东赚赚：89000金币(≈8.9元)
东东农场：1.5斤大连樱桃,进度100.00%
京喜工厂：当前未开始生产商品,请手动去京东APP->游戏与互动->查看更多->京喜工厂 开启活动🏭
东东工厂：当前未选择商品(或未开启活动) , 请到京东APP=>首页=>京东电器=>(底栏)东东工厂 选择商品!🏭
东东萌宠：宠物衣服小恐龙款,勋章2/4块(61.2%)
🧧🧧🧧🧧红包明细🧧🧧🧧🧧
当前总红包：10.51(今日总过期3.15)元 🧧
京喜红包：8.18(今日将过期2.83)元 🧧
极速红包：0.10(今日将过期0.06)元 🧧
京东红包：2.23(今日将过期0.26)元 🧧
健康红包：0.00(今日将过期0.00)元 🧧



********开始【京东账号8】纯白暖冬******

2021-08-29日过期京豆：5

2021-08-30日过期京豆：5

2021-08-31日过期京豆：5

2021-09-01日过期京豆：5

2021-09-02日过期京豆：5

2021-09-03日过期京豆：5

2021-09-04日过期京豆：5


==============📣系统通知📣==============
资产变化强化版
📣=============账号8=============📣
账号名称：纯白暖冬
今日收入：42京豆 🐶
昨日收入：48京豆 🐶
昨日支出：0京豆 🐶
当前京豆：2902(今日将过期5)京豆🐶
京喜牧场：0枚鸡蛋
极速金币：457640金币(≈45.764元)
京东赚赚：149300金币(≈14.93元)
京喜工厂：香辣小鱼干 ,进度:100.00%🏭
东东工厂：当前未选择商品(或未开启活动) , 请到京东APP=>首页=>京东电器=>(底栏)东东工厂 选择商品!🏭
🧧🧧🧧🧧红包明细🧧🧧🧧🧧
当前总红包：0.86(今日总过期0.14)元 🧧
京喜红包：0.52(今日将过期0.00)元 🧧
极速红包：0.00(今日将过期0.00)元 🧧
京东红包：0.34(今日将过期0.14)元 🧧
健康红包：0.00(今日将过期0.00)元 🧧



********开始【京东账号9】GUYOU7468******

2021-08-29日过期京豆：0

2021-08-30日过期京豆：0

2021-08-31日过期京豆：0

2021-09-01日过期京豆：5

2021-09-02日过期京豆：5

2021-09-03日过期京豆：5

2021-09-04日过期京豆：5


==============📣系统通知📣==============
资产变化强化版
📣=============账号9=============📣
账号名称：GUYOU7468
今日收入：39京豆 🐶
昨日收入：36京豆 🐶
昨日支出：0京豆 🐶
当前京豆：5730(今日将过期0)京豆🐶
京喜牧场：0枚鸡蛋
极速金币：651060金币(≈65.106元)
京东赚赚：170200金币(≈17.02元)
东东农场：2斤青芒果,进度100.00%
京喜工厂：当前未开始生产商品,请手动去京东APP->游戏与互动->查看更多->京喜工厂 开启活动🏭
东东工厂：当前未选择商品(或未开启活动) , 请到京东APP=>首页=>京东电器=>(底栏)东东工厂 选择商品!🏭
🧧🧧🧧🧧红包明细🧧🧧🧧🧧
当前总红包：1.43(今日总过期0.46)元 🧧
京喜红包：1.13(今日将过期0.30)元 🧧
极速红包：0.03(今日将过期0.00)元 🧧
京东红包：0.27(今日将过期0.16)元 🧧
健康红包：0.00(今日将过期0.00)元 🧧



********开始【京东账号10】她是猪丶******

2021-08-29日过期京豆：0

2021-08-30日过期京豆：0

2021-08-31日过期京豆：0

2021-09-01日过期京豆：0

2021-09-02日过期京豆：0

2021-09-03日过期京豆：5

2021-09-04日过期京豆：5


==============📣系统通知📣==============
资产变化强化版
📣=============账号10=============📣
账号名称：她是猪丶
今日收入：45京豆 🐶
昨日收入：60京豆 🐶
昨日支出：0京豆 🐶
当前京豆：382(今日将过期0)京豆🐶
极速金币：211378金币(≈21.1378元)
京东赚赚：55900金币(≈5.59元)
京喜工厂：当前未开始生产商品,请手动去京东APP->游戏与互动->查看更多->京喜工厂 开启活动🏭
东东工厂：当前未选择商品(或未开启活动) , 请到京东APP=>首页=>京东电器=>(底栏)东东工厂 选择商品!🏭
🧧🧧🧧🧧红包明细🧧🧧🧧🧧
当前总红包：2.51(今日总过期1.43)元 🧧
京喜红包：1.17(今日将过期0.27)元 🧧
极速红包：0.07(今日将过期0.00)元 🧧
京东红包：1.27(今日将过期1.16)元 🧧
健康红包：0.00(今日将过期0.00)元 🧧



********开始【京东账号11】海岸边的海岸******

2021-08-29日过期京豆：0

2021-08-30日过期京豆：0

2021-08-31日过期京豆：0

2021-09-01日过期京豆：0

2021-09-02日过期京豆：5

2021-09-03日过期京豆：5

2021-09-04日过期京豆：5


==============📣系统通知📣==============
资产变化强化版
📣=============账号11=============📣
账号名称：海岸边的海岸
今日收入：44京豆 🐶
昨日收入：39京豆 🐶
昨日支出：0京豆 🐶
当前京豆：908(今日将过期0)京豆🐶
极速金币：183675金币(≈18.3675元)
京东赚赚：360550金币(≈36.055元)
东东农场：3斤甜瓜,进度100.00%
京喜工厂：小鱼仔10包 ,进度:100.00%🏭
东东工厂：当前未选择商品(或未开启活动) , 请到京东APP=>首页=>京东电器=>(底栏)东东工厂 选择商品!🏭
🧧🧧🧧🧧红包明细🧧🧧🧧🧧
当前总红包：0.38(今日总过期0.11)元 🧧
京喜红包：0.08(今日将过期0.00)元 🧧
极速红包：0.00(今日将过期0.00)元 🧧
京东红包：0.30(今日将过期0.11)元 🧧
健康红包：0.00(今日将过期0.00)元 🧧



********开始【京东账号12】呃shenma******

2021-08-29日过期京豆：5

2021-08-30日过期京豆：5

2021-08-31日过期京豆：5

2021-09-01日过期京豆：5

2021-09-02日过期京豆：5

2021-09-03日过期京豆：5

2021-09-04日过期京豆：0


==============📣系统通知📣==============
资产变化强化版
📣=============账号12=============📣
账号名称：呃shenma
今日收入：37京豆 🐶
昨日收入：57京豆 🐶
昨日支出：0京豆 🐶
当前京豆：3612(今日将过期5)京豆🐶
极速金币：141782金币(≈14.1782元)
京东赚赚：359300金币(≈35.93元)
东东农场：3斤柑橘,进度100.00%
京喜工厂：抽纸4包 ,进度:100.00%🏭
东东工厂：当前未选择商品(或未开启活动) , 请到京东APP=>首页=>京东电器=>(底栏)东东工厂 选择商品!🏭
东东萌宠：超大容量保温杯,勋章4/4块(100%)
🧧🧧🧧🧧红包明细🧧🧧🧧🧧
当前总红包：0.38(今日总过期0.11)元 🧧
京喜红包：0.08(今日将过期0.00)元 🧧
极速红包：0.00(今日将过期0.00)元 🧧
京东红包：0.30(今日将过期0.11)元 🧧
健康红包：0.00(今日将过期0.00)元 🧧



********开始【京东账号13】长大八百标兵******

2021-08-29日过期京豆：0

2021-08-30日过期京豆：0

2021-08-31日过期京豆：0

2021-09-01日过期京豆：0

2021-09-02日过期京豆：0

2021-09-03日过期京豆：5

2021-09-04日过期京豆：5


==============📣系统通知📣==============
资产变化强化版
📣=============账号13=============📣
账号名称：长大八百标兵
今日收入：48京豆 🐶
昨日收入：58京豆 🐶
昨日支出：0京豆 🐶
当前京豆：1084(今日将过期0)京豆🐶
京喜牧场：271枚鸡蛋
极速金币：53250金币(≈5.325元)
京东赚赚：113100金币(≈11.31元)
东东农场：1.5斤大连樱桃,进度67.09%,51天后可兑🍉
京喜工厂：可口可乐4瓶 ,进度:74.34% ,预计:4.25天可兑换🏭
东东工厂：当前未选择商品(或未开启活动) , 请到京东APP=>首页=>京东电器=>(底栏)东东工厂 选择商品!🏭
东东萌宠：USB充电风扇,勋章4/4块(100%)
🧧🧧🧧🧧红包明细🧧🧧🧧🧧
当前总红包：2.38(今日总过期0.93)元 🧧
京喜红包：2.29(今日将过期0.93)元 🧧
极速红包：0.00(今日将过期0.00)元 🧧
京东红包：0.09(今日将过期0.00)元 🧧
健康红包：0.00(今日将过期0.00)元 🧧



********开始【京东账号14】人生充满绝望******

2021-08-29日过期京豆：0

2021-08-30日过期京豆：0

2021-08-31日过期京豆：0

2021-09-01日过期京豆：0

2021-09-02日过期京豆：0

2021-09-03日过期京豆：0

2021-09-04日过期京豆：0


==============📣系统通知📣==============
资产变化强化版
📣=============账号14=============📣
账号名称：人生充满绝望
今日收入：50京豆 🐶
昨日收入：54京豆 🐶
昨日支出：0京豆 🐶
当前京豆：3488(今日将过期0)京豆🐶
极速金币：267937金币(≈26.7937元)
京东赚赚：169050金币(≈16.905元)
东东农场：11.6斤洗衣液,进度86.58%,10天后可兑🍉
京喜工厂：双层加厚蒸锅 ,进度:100.00%🏭
东东工厂：当前未选择商品(或未开启活动) , 请到京东APP=>首页=>京东电器=>(底栏)东东工厂 选择商品!🏭
东东萌宠：2只装 大号收纳袋,勋章2/4块(58.5%)
🧧🧧🧧🧧红包明细🧧🧧🧧🧧
当前总红包：0.23(今日总过期0.05)元 🧧
京喜红包：0.07(今日将过期0.01)元 🧧
极速红包：0.04(今日将过期0.04)元 🧧
京东红包：0.12(今日将过期0.00)元 🧧
健康红包：0.00(今日将过期0.00)元 🧧



********开始【京东账号15】男一号杨爸******

2021-08-29日过期京豆：0

2021-08-30日过期京豆：0

2021-08-31日过期京豆：0

2021-09-01日过期京豆：0

2021-09-02日过期京豆：0

2021-09-03日过期京豆：0

2021-09-04日过期京豆：0

异常：{"code":0,"data":{"bizCode":-1001,"bizMsg":"活动太火爆啦","success":false},"msg":"调用成功"}

==============📣系统通知📣==============
资产变化强化版
📣=============账号15=============📣
账号名称：男一号杨爸
今日收入：0京豆 🐶
昨日收入：0京豆 🐶
昨日支出：0京豆 🐶
当前京豆：695(今日将过期0)京豆🐶
京喜牧场：0枚鸡蛋
极速金币：426452金币(≈42.6452元)
京东赚赚：166600金币(≈16.66元)
东东农场：11.6斤洗衣液,进度100.00%
京喜工厂：飘柔护发素 ,进度:100.00%🏭
东东萌宠：2只装 大号收纳袋,勋章2/4块(42.9%)
🧧🧧🧧🧧红包明细🧧🧧🧧🧧
当前总红包：0(今日总过期0.00)元 🧧
京喜红包：0.00(今日将过期0.00)元 🧧
极速红包：0.00(今日将过期0.00)元 🧧
京东红包：0.00(今日将过期0.00)元 🧧
健康红包：0.00(今日将过期0.00)元 🧧



********开始【京东账号16】jd_qdcLZhwxUxWk******

2021-08-29日过期京豆：5

2021-08-30日过期京豆：5

2021-08-31日过期京豆：5

2021-09-01日过期京豆：5

2021-09-02日过期京豆：5

2021-09-03日过期京豆：5

2021-09-04日过期京豆：5


==============📣系统通知📣==============
资产变化强化版
📣=============账号16=============📣
账号名称：jd_qdcLZhwxUxWk
今日收入：76京豆 🐶
昨日收入：68京豆 🐶
昨日支出：0京豆 🐶
当前京豆：1450(今日将过期5)京豆🐶
京喜牧场：0枚鸡蛋
极速金币：197665金币(≈19.7665元)
京东赚赚：52800金币(≈5.28元)
东东农场：3盒龙虾尾,进度35.80%,69天后可兑🍉
京喜工厂：当前未开始生产商品,请手动去京东APP->游戏与互动->查看更多->京喜工厂 开启活动🏭
东东工厂：当前未选择商品(或未开启活动) , 请到京东APP=>首页=>京东电器=>(底栏)东东工厂 选择商品!🏭
东东萌宠：宠物衣服小恐龙款,勋章2/4块(71.1%)
🧧🧧🧧🧧红包明细🧧🧧🧧🧧
当前总红包：0.60(今日总过期0.27)元 🧧
京喜红包：0.02(今日将过期0.01)元 🧧
极速红包：0.04(今日将过期0.04)元 🧧
京东红包：0.54(今日将过期0.22)元 🧧
健康红包：0.00(今日将过期0.00)元 🧧



********开始【京东账号17】皇上啊吉祥******

2021-08-29日过期京豆：0

2021-08-30日过期京豆：0

2021-08-31日过期京豆：0

2021-09-01日过期京豆：0

2021-09-02日过期京豆：0

2021-09-03日过期京豆：5

2021-09-04日过期京豆：5


==============📣系统通知📣==============
资产变化强化版
📣=============账号17=============📣
账号名称：皇上啊吉祥
今日收入：38京豆 🐶
昨日收入：46京豆 🐶
昨日支出：0京豆 🐶
当前京豆：3051(今日将过期0)京豆🐶
极速金币：178647金币(≈17.8647元)
京东赚赚：181950金币(≈18.195元)
东东农场：12册上下五千年,进度90.00%,7天后可兑🍉
京喜工厂：当前未开始生产商品,请手动去京东APP->游戏与互动->查看更多->京喜工厂 开启活动🏭
东东工厂：当前未选择商品(或未开启活动) , 请到京东APP=>首页=>京东电器=>(底栏)东东工厂 选择商品!🏭
东东萌宠：2只装 大号收纳袋,勋章3/4块(58.5%)
🧧🧧🧧🧧红包明细🧧🧧🧧🧧
当前总红包：0.37(今日总过期0.07)元 🧧
京喜红包：0.06(今日将过期0.00)元 🧧
极速红包：0.19(今日将过期0.01)元 🧧
京东红包：0.12(今日将过期0.06)元 🧧
健康红包：0.00(今日将过期0.00)元 🧧



********开始【京东账号18】李丶旧友******

2021-08-29日过期京豆：0

2021-08-30日过期京豆：0

2021-08-31日过期京豆：0

2021-09-01日过期京豆：0

2021-09-02日过期京豆：0

2021-09-03日过期京豆：0

2021-09-04日过期京豆：0


==============📣系统通知📣==============
资产变化强化版
📣=============账号18=============📣
账号名称：李丶旧友
今日收入：32京豆 🐶
昨日收入：56京豆 🐶
昨日支出：0京豆 🐶
当前京豆：4160(今日将过期0)京豆🐶
京喜牧场：49枚鸡蛋
极速金币：24227金币(≈2.4227元)
京东赚赚：221600金币(≈22.16元)
东东农场：4升调和油,进度52.95%,61天后可兑🍉
京喜工厂：凤梨酥整箱 ,进度:58.79% ,预计:3.60天可兑换🏭
东东工厂：华为礼品-自拍杆 剩余295;电力投入情况 0/3280000;当前总电力:308110 ;完成度:9%🏭
东东萌宠：成人声波 电动牙刷,勋章2/5块(68.1%)
🧧🧧🧧🧧红包明细🧧🧧🧧🧧
当前总红包：1.35(今日总过期0.00)元 🧧
京喜红包：1.20(今日将过期0.00)元 🧧
极速红包：0.00(今日将过期0.00)元 🧧
京东红包：0.15(今日将过期0.00)元 🧧
健康红包：0.00(今日将过期0.00)元 🧧



********开始【京东账号19】jd_403ff930050f4******

2021-08-29日过期京豆：0

2021-08-30日过期京豆：0

2021-08-31日过期京豆：0

2021-09-01日过期京豆：0

2021-09-02日过期京豆：0

2021-09-03日过期京豆：0

2021-09-04日过期京豆：0


==============📣系统通知📣==============
资产变化强化版
📣=============账号19=============📣
账号名称：jd_403ff930050f4
今日收入：44京豆 🐶
昨日收入：54京豆 🐶
昨日支出：0京豆 🐶
当前京豆：1913(今日将过期0)京豆🐶
极速金币：49978金币(≈4.9978元)
京东赚赚：166100金币(≈16.61元)
东东农场：96卷卷纸,进度55.77%,65天后可兑🍉
京喜工厂：当前未开始生产商品,请手动去京东APP->游戏与互动->查看更多->京喜工厂 开启活动🏭
东东工厂：当前未选择商品(或未开启活动) , 请到京东APP=>首页=>京东电器=>(底栏)东东工厂 选择商品!🏭
东东萌宠：3层抽纸巾30包,勋章0/4块(0%)
🧧🧧🧧🧧红包明细🧧🧧🧧🧧
当前总红包：1.90(今日总过期0.11)元 🧧
京喜红包：0.08(今日将过期0.00)元 🧧
极速红包：0.00(今日将过期0.00)元 🧧
京东红包：1.82(今日将过期0.11)元 🧧
健康红包：0.00(今日将过期0.00)元 🧧



********开始【京东账号20】带带弟弟好吗l******

2021-08-29日过期京豆：0

2021-08-30日过期京豆：0

2021-08-31日过期京豆：0

2021-09-01日过期京豆：0

2021-09-02日过期京豆：0

2021-09-03日过期京豆：0

2021-09-04日过期京豆：0


==============📣系统通知📣==============
资产变化强化版
📣=============账号20=============📣
账号名称：带带弟弟好吗l
今日收入：45京豆 🐶
昨日收入：61京豆 🐶
昨日支出：0京豆 🐶
当前京豆：4596(今日将过期0)京豆🐶
极速金币：770467金币(≈77.0467元)
京东赚赚：186500金币(≈18.65元)
东东农场：4升调和油,进度13.77%,95天后可兑🍉
京喜工厂：当前未开始生产商品,请手动去京东APP->游戏与互动->查看更多->京喜工厂 开启活动🏭
东东工厂：当前未选择商品(或未开启活动) , 请到京东APP=>首页=>京东电器=>(底栏)东东工厂 选择商品!🏭
东东萌宠：3层抽纸巾30包,勋章2/4块(21.5%)
🧧🧧🧧🧧红包明细🧧🧧🧧🧧
当前总红包：2.48(今日总过期2.09)元 🧧
京喜红包：0.08(今日将过期0.00)元 🧧
极速红包：0.10(今日将过期0.00)元 🧧
京东红包：2.30(今日将过期2.09)元 🧧
健康红包：0.00(今日将过期0.00)元 🧧



********开始【京东账号21】奎星阁******

2021-08-29日过期京豆：0

2021-08-30日过期京豆：0

2021-08-31日过期京豆：0

2021-09-01日过期京豆：5

2021-09-02日过期京豆：5

2021-09-03日过期京豆：5

2021-09-04日过期京豆：5


==============📣系统通知📣==============
资产变化强化版
📣=============账号21=============📣
账号名称：奎星阁
今日收入：58京豆 🐶
昨日收入：39京豆 🐶
昨日支出：0京豆 🐶
当前京豆：6394(今日将过期0)京豆🐶
京喜牧场：48枚鸡蛋
极速金币：381546金币(≈38.1546元)
京东赚赚：189200金币(≈18.92元)
东东农场：3斤蜜瓜,进度100.00%
京喜工厂：德芙巧克力礼盒 ,进度:95.83% ,预计:0.92天可兑换🏭
东东工厂：vivo iQOO入耳式耳机 剩余133;电力投入情况 100000/3880000;当前总电力:2397079 ;完成度:62%🏭
东东萌宠：2只装 大号收纳袋,勋章2/4块(90.5%)
🧧🧧🧧🧧红包明细🧧🧧🧧🧧
当前总红包：15.94(今日总过期5.27)元 🧧
京喜红包：11.24(今日将过期3.18)元 🧧
极速红包：0.00(今日将过期0.00)元 🧧
京东红包：4.70(今日将过期2.09)元 🧧
健康红包：0.00(今日将过期0.00)元 🧧



********开始【京东账号22】无好感了******

2021-08-29日过期京豆：0

2021-08-30日过期京豆：0

2021-08-31日过期京豆：0

2021-09-01日过期京豆：0

2021-09-02日过期京豆：0

2021-09-03日过期京豆：0

2021-09-04日过期京豆：0


==============📣系统通知📣==============
资产变化强化版
📣=============账号22=============📣
账号名称：无好感了
今日收入：27京豆 🐶
昨日收入：55京豆 🐶
昨日支出：0京豆 🐶
当前京豆：3603(今日将过期0)京豆🐶
京喜牧场：1枚鸡蛋
极速金币：1158608金币(≈115.8608元)
京东赚赚：271100金币(≈27.11元)
东东农场：2斤黄小米,进度100.00%
京喜工厂：男士挎包 ,进度:78.66% ,预计:3.88天可兑换🏭
东东工厂：当前未选择商品(或未开启活动) , 请到京东APP=>首页=>京东电器=>(底栏)东东工厂 选择商品!🏭
🧧🧧🧧🧧红包明细🧧🧧🧧🧧
当前总红包：2.44(今日总过期0.58)元 🧧
京喜红包：1.70(今日将过期0.37)元 🧧
极速红包：0.07(今日将过期0.00)元 🧧
京东红包：0.67(今日将过期0.21)元 🧧
健康红包：0.00(今日将过期0.00)元 🧧



********开始【京东账号23】山茶V******

2021-08-29日过期京豆：0

2021-08-30日过期京豆：0

2021-08-31日过期京豆：0

2021-09-01日过期京豆：0

2021-09-02日过期京豆：0

2021-09-03日过期京豆：0

2021-09-04日过期京豆：0


==============📣系统通知📣==============
资产变化强化版
📣=============账号23=============📣
账号名称：山茶V
今日收入：39京豆 🐶
昨日收入：46京豆 🐶
昨日支出：0京豆 🐶
当前京豆：3323(今日将过期0)京豆🐶
京喜牧场：0枚鸡蛋
极速金币：572865金币(≈57.2865元)
京东赚赚：139200金币(≈13.92元)
东东农场：2.5斤苹果,进度100.00%
京喜工厂：当前未开始生产商品,请手动去京东APP->游戏与互动->查看更多->京喜工厂 开启活动🏭
东东工厂：当前未选择商品(或未开启活动) , 请到京东APP=>首页=>京东电器=>(底栏)东东工厂 选择商品!🏭
🧧🧧🧧🧧红包明细🧧🧧🧧🧧
当前总红包：2.08(今日总过期0.53)元 🧧
京喜红包：1.51(今日将过期0.35)元 🧧
极速红包：0.01(今日将过期0.00)元 🧧
京东红包：0.56(今日将过期0.18)元 🧧
健康红包：0.00(今日将过期0.00)元 🧧



********开始【京东账号24】六次迷雾******

2021-08-29日过期京豆：0

2021-08-30日过期京豆：0

2021-08-31日过期京豆：5

2021-09-01日过期京豆：5

2021-09-02日过期京豆：5

2021-09-03日过期京豆：5

2021-09-04日过期京豆：5


==============📣系统通知📣==============
资产变化强化版
📣=============账号24=============📣
账号名称：六次迷雾
今日收入：109京豆 🐶
昨日收入：65京豆 🐶
昨日支出：0京豆 🐶
当前京豆：1539(今日将过期0)京豆🐶
京喜牧场：266枚鸡蛋
极速金币：407890金币(≈40.789元)
京东赚赚：275050金币(≈27.505元)
东东农场：4升调和油,进度82.55%,21天后可兑🍉
京喜工厂：黑胶防晒伞 ,进度:90.77% ,预计:0.93天可兑换🏭
东东工厂：当前未选择商品(或未开启活动) , 请到京东APP=>首页=>京东电器=>(底栏)东东工厂 选择商品!🏭
东东萌宠：全自动 晴雨伞,勋章5/5块(100%)
🧧🧧🧧🧧红包明细🧧🧧🧧🧧
当前总红包：2.89(今日总过期0.85)元 🧧
京喜红包：2.37(今日将过期0.63)元 🧧
极速红包：0.00(今日将过期0.00)元 🧧
京东红包：0.52(今日将过期0.22)元 🧧
健康红包：0.00(今日将过期0.00)元 🧧



********开始【京东账号25】jd_5d9e93cb86195******

2021-08-29日过期京豆：0

2021-08-30日过期京豆：0

2021-08-31日过期京豆：0

2021-09-01日过期京豆：0

2021-09-02日过期京豆：0

2021-09-03日过期京豆：0

2021-09-04日过期京豆：0


==============📣系统通知📣==============
资产变化强化版
📣=============账号25=============📣
账号名称：jd_5d9e93cb86195
今日收入：38京豆 🐶
昨日收入：47京豆 🐶
昨日支出：0京豆 🐶
当前京豆：3082(今日将过期0)京豆🐶
极速金币：148719金币(≈14.8719元)
京东赚赚：50300金币(≈5.03元)
东东农场：4升调和油,进度100.00%
京喜工厂：当前未开始生产商品,请手动去京东APP->游戏与互动->查看更多->京喜工厂 开启活动🏭
东东工厂：当前未选择商品(或未开启活动) , 请到京东APP=>首页=>京东电器=>(底栏)东东工厂 选择商品!🏭
🧧🧧🧧🧧红包明细🧧🧧🧧🧧
当前总红包：2.24(今日总过期1.23)元 🧧
京喜红包：0.92(今日将过期0.15)元 🧧
极速红包：0.06(今日将过期0.00)元 🧧
京东红包：1.26(今日将过期1.08)元 🧧
健康红包：0.00(今日将过期0.00)元 🧧



********开始【京东账号26】忘了时间z******

2021-08-29日过期京豆：0

2021-08-30日过期京豆：0

2021-08-31日过期京豆：0

2021-09-01日过期京豆：0

2021-09-02日过期京豆：0

2021-09-03日过期京豆：0

2021-09-04日过期京豆：0


==============📣系统通知📣==============
资产变化强化版
📣=============账号26=============📣
账号名称：忘了时间z
今日收入：40京豆 🐶
昨日收入：134京豆 🐶
昨日支出：0京豆 🐶
当前京豆：42723(今日将过期0)京豆🐶
京喜牧场：0枚鸡蛋
极速金币：968783金币(≈96.8783元)
京东赚赚：223500金币(≈22.35元)
东东农场：96卷卷纸,进度10.14%,110天后可兑🍉
京喜工厂：当前未开始生产商品,请手动去京东APP->游戏与互动->查看更多->京喜工厂 开启活动🏭
东东工厂：当前未选择商品(或未开启活动) , 请到京东APP=>首页=>京东电器=>(底栏)东东工厂 选择商品!🏭
东东萌宠：全自动 晴雨伞,勋章4/5块(30.4%)
🧧🧧🧧🧧红包明细🧧🧧🧧🧧
当前总红包：0.44(今日总过期0.32)元 🧧
京喜红包：0.01(今日将过期0.00)元 🧧
极速红包：0.00(今日将过期0.00)元 🧧
京东红包：0.43(今日将过期0.32)元 🧧
健康红包：0.00(今日将过期0.00)元 🧧



********开始【京东账号27】大菠萝啊啊吧阿******

2021-08-29日过期京豆：0

2021-08-30日过期京豆：0

2021-08-31日过期京豆：0

2021-09-01日过期京豆：0

2021-09-02日过期京豆：0

2021-09-03日过期京豆：0

2021-09-04日过期京豆：0


==============📣系统通知📣==============
资产变化强化版
📣=============账号27=============📣
账号名称：大菠萝啊啊吧阿
今日收入：51京豆 🐶
昨日收入：147京豆 🐶
昨日支出：0京豆 🐶
当前京豆：27055(今日将过期0)京豆🐶
京喜牧场：239枚鸡蛋
极速金币：331186金币(≈33.1186元)
京东赚赚：219000金币(≈21.9元)
东东农场：4升调和油,进度11.32%,56天后可兑🍉
京喜工厂：当前未开始生产商品,请手动去京东APP->游戏与互动->查看更多->京喜工厂 开启活动🏭
东东工厂：当前未选择商品(或未开启活动) , 请到京东APP=>首页=>京东电器=>(底栏)东东工厂 选择商品!🏭
东东萌宠：全自动 晴雨伞,勋章4/5块(78.3%)
🧧🧧🧧🧧红包明细🧧🧧🧧🧧
当前总红包：2.38(今日总过期0.68)元 🧧
京喜红包：1.87(今日将过期0.47)元 🧧
极速红包：0.00(今日将过期0.00)元 🧧
京东红包：0.51(今日将过期0.21)元 🧧
健康红包：0.00(今日将过期0.00)元 🧧



********开始【京东账号28】雪-之-华******

2021-08-29日过期京豆：0

2021-08-30日过期京豆：0

2021-08-31日过期京豆：0

2021-09-01日过期京豆：0

2021-09-02日过期京豆：189

2021-09-03日过期京豆：0

2021-09-04日过期京豆：0


==============📣系统通知📣==============
资产变化强化版
📣=============账号28=============📣
账号名称：雪-之-华
今日收入：62京豆 🐶
昨日收入：86京豆 🐶
昨日支出：0京豆 🐶
当前京豆：3909(今日将过期0)京豆🐶
京喜牧场：90枚鸡蛋
极速金币：115935金币(≈11.5935元)
京东赚赚：44300金币(≈4.43元)
东东农场：4升调和油,进度33.47%,76天后可兑🍉
京喜工厂：undefined ,已经可兑换，请手动兑换🏭
东东工厂：当前未选择商品(或未开启活动) , 请到京东APP=>首页=>京东电器=>(底栏)东东工厂 选择商品!🏭
东东萌宠：2只装 大号收纳袋,勋章2/4块(32.5%)
🧧🧧🧧🧧红包明细🧧🧧🧧🧧
当前总红包：3.13(今日总过期1.02)元 🧧
京喜红包：2.93(今日将过期0.96)元 🧧
极速红包：0.00(今日将过期0.00)元 🧧
京东红包：0.20(今日将过期0.06)元 🧧
健康红包：0.00(今日将过期0.00)元 🧧



********开始【京东账号29】jd_kngFJnBdMrAw******

2021-08-29日过期京豆：0

2021-08-30日过期京豆：0

2021-08-31日过期京豆：0

2021-09-01日过期京豆：0

2021-09-02日过期京豆：0

2021-09-03日过期京豆：5

2021-09-04日过期京豆：5


==============📣系统通知📣==============
资产变化强化版
📣=============账号29=============📣
账号名称：jd_kngFJnBdMrAw
今日收入：42京豆 🐶
昨日收入：53京豆 🐶
昨日支出：0京豆 🐶
当前京豆：1555(今日将过期0)京豆🐶
京喜牧场：0枚鸡蛋
极速金币：103553金币(≈10.3553元)
京东赚赚：44300金币(≈4.43元)
京喜工厂：当前未开始生产商品,请手动去京东APP->游戏与互动->查看更多->京喜工厂 开启活动🏭
东东工厂：当前未选择商品(或未开启活动) , 请到京东APP=>首页=>京东电器=>(底栏)东东工厂 选择商品!🏭
🧧🧧🧧🧧红包明细🧧🧧🧧🧧
当前总红包：0.23(今日总过期0.06)元 🧧
京喜红包：0.03(今日将过期0.00)元 🧧
极速红包：0.00(今日将过期0.00)元 🧧
京东红包：0.20(今日将过期0.06)元 🧧
健康红包：0.00(今日将过期0.00)元 🧧



********开始【京东账号30】克子大人******

2021-08-29日过期京豆：0

2021-08-30日过期京豆：0

2021-08-31日过期京豆：0

2021-09-01日过期京豆：0

2021-09-02日过期京豆：0

2021-09-03日过期京豆：0

2021-09-04日过期京豆：0


==============📣系统通知📣==============
资产变化强化版
📣=============账号30=============📣
账号名称：克子大人
今日收入：188京豆 🐶
昨日收入：58京豆 🐶
昨日支出：0京豆 🐶
当前京豆：12411(今日将过期0)京豆🐶
极速金币：801589金币(≈80.1589元)
京东赚赚：206650金币(≈20.665元)
东东农场：3盒龙虾尾,进度76.18%,30天后可兑🍉
京喜工厂：当前未开始生产商品,请手动去京东APP->游戏与互动->查看更多->京喜工厂 开启活动🏭
东东工厂：当前未选择商品(或未开启活动) , 请到京东APP=>首页=>京东电器=>(底栏)东东工厂 选择商品!🏭
东东萌宠：手持便携式小风扇,勋章3/4块(56.7%)
🧧🧧🧧🧧红包明细🧧🧧🧧🧧
当前总红包：0.67(今日总过期0.18)元 🧧
京喜红包：0.07(今日将过期0.01)元 🧧
极速红包：0.21(今日将过期0.06)元 🧧
京东红包：0.39(今日将过期0.11)元 🧧
健康红包：0.00(今日将过期0.00)元 🧧



********开始【京东账号31】遇事不决氪一单******

2021-08-29日过期京豆：0

2021-08-30日过期京豆：0

2021-08-31日过期京豆：0

2021-09-01日过期京豆：0

2021-09-02日过期京豆：0

2021-09-03日过期京豆：0

2021-09-04日过期京豆：5


==============📣系统通知📣==============
资产变化强化版
📣=============账号31=============📣
账号名称：遇事不决氪一单
今日收入：63京豆 🐶
昨日收入：146京豆 🐶
昨日支出：0京豆 🐶
当前京豆：14646(今日将过期0)京豆🐶
京喜牧场：21枚鸡蛋
极速金币：148689金币(≈14.8689元)
京东赚赚：180650金币(≈18.065元)
东东农场：3盒龙虾尾,进度10.73%,123天后可兑🍉
京喜工厂：当前未开始生产商品,请手动去京东APP->游戏与互动->查看更多->京喜工厂 开启活动🏭
东东工厂：当前未选择商品(或未开启活动) , 请到京东APP=>首页=>京东电器=>(底栏)东东工厂 选择商品!🏭
🧧🧧🧧🧧红包明细🧧🧧🧧🧧
当前总红包：1.71(今日总过期0.48)元 🧧
京喜红包：1.43(今日将过期0.31)元 🧧
极速红包：0.05(今日将过期0.05)元 🧧
京东红包：0.23(今日将过期0.12)元 🧧
健康红包：0.00(今日将过期0.00)元 🧧



********开始【京东账号32】余温犹存-******

2021-08-29日过期京豆：0

2021-08-30日过期京豆：0

2021-08-31日过期京豆：0

2021-09-01日过期京豆：5

2021-09-02日过期京豆：5

2021-09-03日过期京豆：5

2021-09-04日过期京豆：5


==============📣系统通知📣==============
资产变化强化版
📣=============账号32=============📣
账号名称：余温犹存-
今日收入：44京豆 🐶
昨日收入：49京豆 🐶
昨日支出：0京豆 🐶
当前京豆：2836(今日将过期0)京豆🐶
京喜牧场：0枚鸡蛋
极速金币：111410金币(≈11.141元)
京东赚赚：44300金币(≈4.43元)
东东农场：3斤雪花梨,进度100.00%
京喜工厂：当前未开始生产商品,请手动去京东APP->游戏与互动->查看更多->京喜工厂 开启活动🏭
东东工厂：当前未选择商品(或未开启活动) , 请到京东APP=>首页=>京东电器=>(底栏)东东工厂 选择商品!🏭
🧧🧧🧧🧧红包明细🧧🧧🧧🧧
当前总红包：0.55(今日总过期0.31)元 🧧
京喜红包：0.02(今日将过期0.00)元 🧧
极速红包：0.10(今日将过期0.10)元 🧧
京东红包：0.43(今日将过期0.21)元 🧧
健康红包：0.00(今日将过期0.00)元 🧧



********开始【京东账号33】The-Spectre23******

2021-08-29日过期京豆：0

2021-08-30日过期京豆：0

2021-08-31日过期京豆：0

2021-09-01日过期京豆：0

2021-09-02日过期京豆：0

2021-09-03日过期京豆：5

2021-09-04日过期京豆：5


==============📣系统通知📣==============
资产变化强化版
📣=============账号33=============📣
账号名称：The-Spectre23
今日收入：45京豆 🐶
昨日收入：65京豆 🐶
昨日支出：0京豆 🐶
当前京豆：540(今日将过期0)京豆🐶
京喜牧场：0枚鸡蛋
极速金币：25577金币(≈2.5577元)
京东赚赚：195250金币(≈19.525元)
东东农场：3斤水蜜桃,进度76.67%,9天后可兑🍉
京喜工厂：当前未开始生产商品,请手动去京东APP->游戏与互动->查看更多->京喜工厂 开启活动🏭
东东工厂：当前未选择商品(或未开启活动) , 请到京东APP=>首页=>京东电器=>(底栏)东东工厂 选择商品!🏭
东东萌宠：超大容量保温杯,勋章1/4块(43%)
🧧🧧🧧🧧红包明细🧧🧧🧧🧧
当前总红包：0.81(今日总过期0.32)元 🧧
京喜红包：0.02(今日将过期0.01)元 🧧
极速红包：0.23(今日将过期0.09)元 🧧
京东红包：0.56(今日将过期0.22)元 🧧
健康红包：0.00(今日将过期0.00)元 🧧


京东服务器返回空数据

********开始【京东账号34】jd_60630fe975f8f******

2021-08-29日过期京豆：5

2021-08-30日过期京豆：0

2021-08-31日过期京豆：0

2021-09-01日过期京豆：0

2021-09-02日过期京豆：0

2021-09-03日过期京豆：0

2021-09-04日过期京豆：0


==============📣系统通知📣==============
资产变化强化版
📣=============账号34=============📣
账号名称：jd_60630fe975f8f
今日收入：49京豆 🐶
昨日收入：89京豆 🐶
昨日支出：-5京豆 🐶
当前京豆：0(今日将过期5)京豆🐶
极速金币：543147金币(≈54.3147元)
京东赚赚：341900金币(≈34.19元)
东东农场：3斤雪花梨,进度64.00%,100天后可兑🍉
京喜工厂：${$.productName} ,已经超时失效, 请选择新商品进行制造🏭
东东工厂：当前未选择商品(或未开启活动) , 请到京东APP=>首页=>京东电器=>(底栏)东东工厂 选择商品!🏭
东东萌宠：全自动 晴雨伞,勋章4/5块(80.8%)
🧧🧧🧧🧧红包明细🧧🧧🧧🧧
当前总红包：2.06(今日总过期0.86)元 🧧
京喜红包：1.17(今日将过期0.55)元 🧧
极速红包：0.44(今日将过期0.10)元 🧧
京东红包：0.45(今日将过期0.21)元 🧧
健康红包：0.00(今日将过期0.00)元 🧧



********开始【京东账号35】是个捞仔xbhdi******

2021-08-29日过期京豆：0

2021-08-30日过期京豆：0

2021-08-31日过期京豆：0

2021-09-01日过期京豆：5

2021-09-02日过期京豆：5

2021-09-03日过期京豆：5

2021-09-04日过期京豆：5


==============📣系统通知📣==============
资产变化强化版
📣=============账号35=============📣
账号名称：是个捞仔xbhdi
今日收入：52京豆 🐶
昨日收入：50京豆 🐶
昨日支出：0京豆 🐶
当前京豆：1020(今日将过期0)京豆🐶
京喜牧场：0枚鸡蛋
极速金币：293498金币(≈29.3498元)
京东赚赚：90100金币(≈9.01元)
东东农场：40包卤味礼包,进度43.17%
京喜工厂：当前未开始生产商品,请手动去京东APP->游戏与互动->查看更多->京喜工厂 开启活动🏭
东东工厂：当前未选择商品(或未开启活动) , 请到京东APP=>首页=>京东电器=>(底栏)东东工厂 选择商品!🏭
🧧🧧🧧🧧红包明细🧧🧧🧧🧧
当前总红包：0.50(今日总过期0.32)元 🧧
京喜红包：0.02(今日将过期0.00)元 🧧
极速红包：0.16(今日将过期0.16)元 🧧
京东红包：0.32(今日将过期0.16)元 🧧
健康红包：0.00(今日将过期0.00)元 🧧



********开始【京东账号36】在此长书******

2021-08-29日过期京豆：0

2021-08-30日过期京豆：0

2021-08-31日过期京豆：0

2021-09-01日过期京豆：5

2021-09-02日过期京豆：5

2021-09-03日过期京豆：5

2021-09-04日过期京豆：5


==============📣系统通知📣==============
资产变化强化版
📣=============账号36=============📣
账号名称：在此长书
今日收入：42京豆 🐶
昨日收入：48京豆 🐶
昨日支出：0京豆 🐶
当前京豆：1004(今日将过期0)京豆🐶
极速金币：95317金币(≈9.5317元)
京东赚赚：42300金币(≈4.23元)
东东农场：30支衣架,进度25.75%
京喜工厂：当前未开始生产商品,请手动去京东APP->游戏与互动->查看更多->京喜工厂 开启活动🏭
东东工厂：当前未选择商品(或未开启活动) , 请到京东APP=>首页=>京东电器=>(底栏)东东工厂 选择商品!🏭
🧧🧧🧧🧧红包明细🧧🧧🧧🧧
当前总红包：0.54(今日总过期0.23)元 🧧
京喜红包：0.19(今日将过期0.09)元 🧧
极速红包：0.14(今日将过期0.14)元 🧧
京东红包：0.21(今日将过期0.00)元 🧧
健康红包：0.00(今日将过期0.00)元 🧧



********开始【京东账号37】jd_NETpHmEriMHn******

2021-08-29日过期京豆：5

2021-08-30日过期京豆：5

2021-08-31日过期京豆：5

2021-09-01日过期京豆：5

2021-09-02日过期京豆：5

2021-09-03日过期京豆：5

2021-09-04日过期京豆：5


==============📣系统通知📣==============
资产变化强化版
📣=============账号37=============📣
账号名称：jd_NETpHmEriMHn
今日收入：40京豆 🐶
昨日收入：31京豆 🐶
昨日支出：0京豆 🐶
当前京豆：2167(今日将过期5)京豆🐶
极速金币：105193金币(≈10.5193元)
京东赚赚：42300金币(≈4.23元)
京喜工厂：当前未开始生产商品,请手动去京东APP->游戏与互动->查看更多->京喜工厂 开启活动🏭
东东工厂：当前未选择商品(或未开启活动) , 请到京东APP=>首页=>京东电器=>(底栏)东东工厂 选择商品!🏭
🧧🧧🧧🧧红包明细🧧🧧🧧🧧
当前总红包：0.73(今日总过期0.44)元 🧧
京喜红包：0.22(今日将过期0.12)元 🧧
极速红包：0.21(今日将过期0.21)元 🧧
京东红包：0.30(今日将过期0.11)元 🧧
健康红包：0.00(今日将过期0.00)元 🧧



********开始【京东账号38】夏虫轻语冰月******

2021-08-29日过期京豆：20

2021-08-30日过期京豆：0

2021-08-31日过期京豆：0

2021-09-01日过期京豆：0

2021-09-02日过期京豆：0

2021-09-03日过期京豆：0

2021-09-04日过期京豆：0


==============📣系统通知📣==============
资产变化强化版
📣=============账号38=============📣
账号名称：夏虫轻语冰月
今日收入：75京豆 🐶
昨日收入：72京豆 🐶
昨日支出：-20京豆 🐶
当前京豆：6936(今日将过期20)京豆🐶
京喜牧场：0枚鸡蛋
极速金币：469578金币(≈46.9578元)
京东赚赚：134400金币(≈13.44元)
东东农场：4L金龙鱼调和油,进度84.00%
京喜工厂：当前未开始生产商品,请手动去京东APP->游戏与互动->查看更多->京喜工厂 开启活动🏭
东东工厂：当前未选择商品(或未开启活动) , 请到京东APP=>首页=>京东电器=>(底栏)东东工厂 选择商品!🏭
🧧🧧🧧🧧红包明细🧧🧧🧧🧧
当前总红包：0.28(今日总过期0.14)元 🧧
京喜红包：0.02(今日将过期0.00)元 🧧
极速红包：0.00(今日将过期0.00)元 🧧
京东红包：0.26(今日将过期0.14)元 🧧
健康红包：0.00(今日将过期0.00)元 🧧



********开始【京东账号39】摸摸大201314******

2021-08-29日过期京豆：5

2021-08-30日过期京豆：5

2021-08-31日过期京豆：5

2021-09-01日过期京豆：0

2021-09-02日过期京豆：0

2021-09-03日过期京豆：0

2021-09-04日过期京豆：0


==============📣系统通知📣==============
资产变化强化版
📣=============账号39=============📣
账号名称：摸摸大201314
今日收入：51京豆 🐶
昨日收入：48京豆 🐶
昨日支出：-5京豆 🐶
当前京豆：4533(今日将过期5)京豆🐶
极速金币：461203金币(≈46.1203元)
京东赚赚：136900金币(≈13.69元)
东东农场：3斤大蒜
京喜工厂：当前未开始生产商品,请手动去京东APP->游戏与互动->查看更多->京喜工厂 开启活动🏭
东东工厂：当前未选择商品(或未开启活动) , 请到京东APP=>首页=>京东电器=>(底栏)东东工厂 选择商品!🏭
🧧🧧🧧🧧红包明细🧧🧧🧧🧧
当前总红包：0.86(今日总过期0.22)元 🧧
京喜红包：0.09(今日将过期0.01)元 🧧
极速红包：0.08(今日将过期0.00)元 🧧
京东红包：0.69(今日将过期0.21)元 🧧
健康红包：0.00(今日将过期0.00)元 🧧



********开始【京东账号40】jd_131708ruh******

2021-08-29日过期京豆：20

2021-08-30日过期京豆：5

2021-08-31日过期京豆：5

2021-09-01日过期京豆：5

2021-09-02日过期京豆：5

2021-09-03日过期京豆：5

2021-09-04日过期京豆：5


==============📣系统通知📣==============
资产变化强化版
📣=============账号40=============📣
账号名称：jd_131708ruh
今日收入：64京豆 🐶
昨日收入：57京豆 🐶
昨日支出：0京豆 🐶
当前京豆：3801(今日将过期20)京豆🐶
极速金币：422078金币(≈42.2078元)
京东赚赚：126500金币(≈12.65元)
东东农场：16套餐具,进度25.17%
京喜工厂：当前未开始生产商品,请手动去京东APP->游戏与互动->查看更多->京喜工厂 开启活动🏭
东东工厂：当前未选择商品(或未开启活动) , 请到京东APP=>首页=>京东电器=>(底栏)东东工厂 选择商品!🏭
东东萌宠：超大容量保温杯,勋章4/4块(100%)
🧧🧧🧧🧧红包明细🧧🧧🧧🧧
当前总红包：0.72(今日总过期0.21)元 🧧
京喜红包：0.07(今日将过期0.00)元 🧧
极速红包：0.00(今日将过期0.00)元 🧧
京东红包：0.65(今日将过期0.21)元 🧧
健康红包：0.00(今日将过期0.00)元 🧧



********开始【京东账号41】o爬爬爬o******

2021-08-29日过期京豆：0

2021-08-30日过期京豆：0

2021-08-31日过期京豆：0

2021-09-01日过期京豆：0

2021-09-02日过期京豆：0

2021-09-03日过期京豆：0

2021-09-04日过期京豆：0


==============📣系统通知📣==============
资产变化强化版
📣=============账号41=============📣
账号名称：o爬爬爬o
今日收入：49京豆 🐶
昨日收入：668京豆 🐶
昨日支出：-1000京豆 🐶
当前京豆：8930(今日将过期0)京豆🐶
京喜牧场：0枚鸡蛋
极速金币：273340金币(≈27.334元)
京东赚赚：179900金币(≈17.99元)
东东农场：4升调和油,进度78.95%
京喜工厂：当前未开始生产商品,请手动去京东APP->游戏与互动->查看更多->京喜工厂 开启活动🏭
东东工厂：当前未选择商品(或未开启活动) , 请到京东APP=>首页=>京东电器=>(底栏)东东工厂 选择商品!🏭
东东萌宠：全自动 晴雨伞,勋章3/5块(4.5%)
🧧🧧🧧🧧红包明细🧧🧧🧧🧧
当前总红包：0.26(今日总过期0.01)元 🧧
京喜红包：0.02(今日将过期0.01)元 🧧
极速红包：0.00(今日将过期0.00)元 🧧
京东红包：0.24(今日将过期0.00)元 🧧
健康红包：0.00(今日将过期0.00)元 🧧



********开始【京东账号42】jd_HquhXkyEIYkQ******

2021-08-29日过期京豆：5

2021-08-30日过期京豆：0

2021-08-31日过期京豆：0

2021-09-01日过期京豆：0

2021-09-02日过期京豆：0

2021-09-03日过期京豆：0

2021-09-04日过期京豆：0


==============📣系统通知📣==============
资产变化强化版
📣=============账号42=============📣
账号名称：jd_HquhXkyEIYkQ
今日收入：39京豆 🐶
昨日收入：38京豆 🐶
昨日支出：-5京豆 🐶
当前京豆：2440(今日将过期5)京豆🐶
京喜牧场：0枚鸡蛋
极速金币：26497金币(≈2.6497元)
京东赚赚：45000金币(≈4.5元)
东东农场：3斤沃柑,进度100.00%
京喜工厂：当前未开始生产商品,请手动去京东APP->游戏与互动->查看更多->京喜工厂 开启活动🏭
东东工厂：当前未选择商品(或未开启活动) , 请到京东APP=>首页=>京东电器=>(底栏)东东工厂 选择商品!🏭
东东萌宠：宠物衣服小恐龙款,勋章2/4块(49.1%)
🧧🧧🧧🧧红包明细🧧🧧🧧🧧
当前总红包：0.17(今日总过期0.00)元 🧧
京喜红包：0.01(今日将过期0.00)元 🧧
极速红包：0.00(今日将过期0.00)元 🧧
京东红包：0.16(今日将过期0.00)元 🧧
健康红包：0.00(今日将过期0.00)元 🧧



********开始【京东账号43】在此丿******

2021-08-29日过期京豆：0

2021-08-30日过期京豆：0

2021-08-31日过期京豆：0

2021-09-01日过期京豆：0

2021-09-02日过期京豆：0

2021-09-03日过期京豆：0

2021-09-04日过期京豆：0


==============📣系统通知📣==============
资产变化强化版
📣=============账号43=============📣
账号名称：在此丿
今日收入：63京豆 🐶
昨日收入：74京豆 🐶
昨日支出：-3000京豆 🐶
当前京豆：379(今日将过期0)京豆🐶
京喜牧场：0枚鸡蛋
极速金币：456766金币(≈45.6766元)
京东赚赚：139200金币(≈13.92元)
东东农场：1.5斤大连樱桃,进度62.77%
京喜工厂：可口可乐4瓶 ,进度:100.00%🏭
东东工厂：华为礼品-自拍杆 剩余295;电力投入情况 0/3280000;当前总电力:258063 ;完成度:8%🏭
东东萌宠：宠物衣服小恐龙款,勋章4/4块(100%)
🧧🧧🧧🧧红包明细🧧🧧🧧🧧
当前总红包：0.25(今日总过期0.01)元 🧧
京喜红包：0.02(今日将过期0.01)元 🧧
极速红包：0.02(今日将过期0.00)元 🧧
京东红包：0.21(今日将过期0.00)元 🧧
健康红包：0.00(今日将过期0.00)元 🧧



********开始【京东账号44】书剑挂天涯丶******

2021-08-29日过期京豆：0

2021-08-30日过期京豆：0

2021-08-31日过期京豆：0

2021-09-01日过期京豆：0

2021-09-02日过期京豆：5

2021-09-03日过期京豆：5

2021-09-04日过期京豆：5


==============📣系统通知📣==============
资产变化强化版
📣=============账号44=============📣
账号名称：书剑挂天涯丶
今日收入：39京豆 🐶
昨日收入：43京豆 🐶
昨日支出：0京豆 🐶
当前京豆：1100(今日将过期0)京豆🐶
极速金币：363011金币(≈36.3011元)
京东赚赚：107600金币(≈10.76元)
东东农场：4斤木瓜
京喜工厂：当前未开始生产商品,请手动去京东APP->游戏与互动->查看更多->京喜工厂 开启活动🏭
东东工厂：当前未选择商品(或未开启活动) , 请到京东APP=>首页=>京东电器=>(底栏)东东工厂 选择商品!🏭
🧧🧧🧧🧧红包明细🧧🧧🧧🧧
当前总红包：2.64(今日总过期2.22)元 🧧
京喜红包：0.28(今日将过期0.13)元 🧧
极速红包：0.05(今日将过期0.00)元 🧧
京东红包：2.31(今日将过期2.09)元 🧧
健康红包：0.00(今日将过期0.00)元 🧧



********开始【京东账号45】oVvJAksDPbVT******

2021-08-29日过期京豆：0

2021-08-30日过期京豆：0

2021-08-31日过期京豆：0

2021-09-01日过期京豆：0

2021-09-02日过期京豆：0

2021-09-03日过期京豆：0

2021-09-04日过期京豆：0


==============📣系统通知📣==============
资产变化强化版
📣=============账号45=============📣
账号名称：oVvJAksDPbVT
今日收入：41京豆 🐶
昨日收入：61京豆 🐶
昨日支出：-5京豆 🐶
当前京豆：11849(今日将过期0)京豆🐶
京喜牧场：88枚鸡蛋
极速金币：349946金币(≈34.9946元)
京东赚赚：175900金币(≈17.59元)
东东农场：20斤大米,进度48.86%
京喜工厂：当前未开始生产商品,请手动去京东APP->游戏与互动->查看更多->京喜工厂 开启活动🏭
东东工厂：当前未选择商品(或未开启活动) , 请到京东APP=>首页=>京东电器=>(底栏)东东工厂 选择商品!🏭
东东萌宠：超大容量保温杯,勋章4/4块(100%)
🧧🧧🧧🧧红包明细🧧🧧🧧🧧
当前总红包：1.64(今日总过期0.63)元 🧧
京喜红包：1.05(今日将过期0.41)元 🧧
极速红包：0.00(今日将过期0.00)元 🧧
京东红包：0.59(今日将过期0.22)元 🧧
健康红包：0.00(今日将过期0.00)元 🧧



********开始【京东账号46】BotokCODiUSA******

2021-08-29日过期京豆：0

2021-08-30日过期京豆：0

2021-08-31日过期京豆：0

2021-09-01日过期京豆：0

2021-09-02日过期京豆：0

2021-09-03日过期京豆：0

2021-09-04日过期京豆：0


==============📣系统通知📣==============
资产变化强化版
📣=============账号46=============📣
账号名称：BotokCODiUSA
今日收入：46京豆 🐶
昨日收入：54京豆 🐶
昨日支出：0京豆 🐶
当前京豆：2449(今日将过期0)京豆🐶
极速金币：93719金币(≈9.3719元)
京东赚赚：41700金币(≈4.17元)
东东农场：4升调和油,进度64.67%,12天后可兑🍉
京喜工厂：当前未开始生产商品,请手动去京东APP->游戏与互动->查看更多->京喜工厂 开启活动🏭
东东工厂：当前未选择商品(或未开启活动) , 请到京东APP=>首页=>京东电器=>(底栏)东东工厂 选择商品!🏭
🧧🧧🧧🧧红包明细🧧🧧🧧🧧
当前总红包：3.06(今日总过期1.41)元 🧧
京喜红包：1.09(今日将过期0.27)元 🧧
极速红包：0.16(今日将过期0.02)元 🧧
京东红包：1.81(今日将过期1.12)元 🧧
健康红包：0.00(今日将过期0.00)元 🧧



********开始【京东账号47】任世鹏鹏******

2021-08-29日过期京豆：5

2021-08-30日过期京豆：0

2021-08-31日过期京豆：0

2021-09-01日过期京豆：0

2021-09-02日过期京豆：0

2021-09-03日过期京豆：0

2021-09-04日过期京豆：0


==============📣系统通知📣==============
资产变化强化版
📣=============账号47=============📣
账号名称：任世鹏鹏
今日收入：40京豆 🐶
昨日收入：50京豆 🐶
昨日支出：-5京豆 🐶
当前京豆：2860(今日将过期5)京豆🐶
京喜牧场：10枚鸡蛋
极速金币：408013金币(≈40.8013元)
京东赚赚：132800金币(≈13.28元)
东东农场：20斤大米,进度15.82%
京喜工厂：当前未开始生产商品,请手动去京东APP->游戏与互动->查看更多->京喜工厂 开启活动🏭
东东工厂：当前未选择商品(或未开启活动) , 请到京东APP=>首页=>京东电器=>(底栏)东东工厂 选择商品!🏭
东东萌宠：全遮光防晒伞,勋章5/5块(100%)
🧧🧧🧧🧧红包明细🧧🧧🧧🧧
当前总红包：1.80(今日总过期0.39)元 🧧
京喜红包：1.23(今日将过期0.21)元 🧧
极速红包：0.27(今日将过期0.07)元 🧧
京东红包：0.30(今日将过期0.11)元 🧧
健康红包：0.00(今日将过期0.00)元 🧧



********开始【京东账号48】jd_5df51381d398c******

2021-08-29日过期京豆：0

2021-08-30日过期京豆：0

2021-08-31日过期京豆：5

2021-09-01日过期京豆：5

2021-09-02日过期京豆：5

2021-09-03日过期京豆：5

2021-09-04日过期京豆：5


==============📣系统通知📣==============
资产变化强化版
📣=============账号48=============📣
账号名称：jd_5df51381d398c
今日收入：57京豆 🐶
昨日收入：68京豆 🐶
昨日支出：0京豆 🐶
当前京豆：1786(今日将过期0)京豆🐶
京喜牧场：46枚鸡蛋
极速金币：224676金币(≈22.4676元)
京东赚赚：83900金币(≈8.39元)
东东农场：3斤水蜜桃,进度71.25%,113天后可兑🍉
京喜工厂：当前未开始生产商品,请手动去京东APP->游戏与互动->查看更多->京喜工厂 开启活动🏭
东东工厂：当前未选择商品(或未开启活动) , 请到京东APP=>首页=>京东电器=>(底栏)东东工厂 选择商品!🏭
东东萌宠：3层抽纸巾30包,勋章2/4块(15.4%)
🧧🧧🧧🧧红包明细🧧🧧🧧🧧
当前总红包：3.09(今日总过期1.09)元 🧧
京喜红包：2.63(今日将过期0.85)元 🧧
极速红包：0.00(今日将过期0.00)元 🧧
京东红包：0.46(今日将过期0.24)元 🧧
健康红包：0.00(今日将过期0.00)元 🧧



********开始【京东账号49】宵夜mm******

2021-08-29日过期京豆：0

2021-08-30日过期京豆：0

2021-08-31日过期京豆：0

2021-09-01日过期京豆：5

2021-09-02日过期京豆：5

2021-09-03日过期京豆：5

2021-09-04日过期京豆：5


==============📣系统通知📣==============
资产变化强化版
📣=============账号49=============📣
账号名称：宵夜mm
今日收入：49京豆 🐶
昨日收入：58京豆 🐶
昨日支出：0京豆 🐶
当前京豆：2195(今日将过期0)京豆🐶
极速金币：60004金币(≈6.0004元)
京东赚赚：38400金币(≈3.84元)
东东农场： 3斤芒果,进度34.25%
京喜工厂：当前未开始生产商品,请手动去京东APP->游戏与互动->查看更多->京喜工厂 开启活动🏭
东东工厂：当前未选择商品(或未开启活动) , 请到京东APP=>首页=>京东电器=>(底栏)东东工厂 选择商品!🏭
🧧🧧🧧🧧红包明细🧧🧧🧧🧧
当前总红包：2.44(今日总过期1.35)元 🧧
京喜红包：1.08(今日将过期0.23)元 🧧
极速红包：0.05(今日将过期0.00)元 🧧
京东红包：1.31(今日将过期1.12)元 🧧
健康红包：0.00(今日将过期0.00)元 🧧



********开始【京东账号50】jd_183372xnn******

2021-08-29日过期京豆：5

2021-08-30日过期京豆：5

2021-08-31日过期京豆：5

2021-09-01日过期京豆：5

2021-09-02日过期京豆：5

2021-09-03日过期京豆：5

2021-09-04日过期京豆：5


==============📣系统通知📣==============
资产变化强化版
📣=============账号50=============📣
账号名称：jd_183372xnn
今日收入：70京豆 🐶
昨日收入：39京豆 🐶
昨日支出：0京豆 🐶
当前京豆：1395(今日将过期5)京豆🐶
极速金币：48840金币(≈4.884元)
京东赚赚：36600金币(≈3.66元)
京喜工厂：当前未开始生产商品,请手动去京东APP->游戏与互动->查看更多->京喜工厂 开启活动🏭
东东工厂：当前未选择商品(或未开启活动) , 请到京东APP=>首页=>京东电器=>(底栏)东东工厂 选择商品!🏭
🧧🧧🧧🧧红包明细🧧🧧🧧🧧
当前总红包：0.64(今日总过期0.24)元 🧧
京喜红包：0.28(今日将过期0.13)元 🧧
极速红包：0.05(今日将过期0.00)元 🧧
京东红包：0.31(今日将过期0.11)元 🧧
健康红包：0.00(今日将过期0.00)元 🧧



********开始【京东账号51】初见磊******

2021-08-29日过期京豆：17

2021-08-30日过期京豆：0

2021-08-31日过期京豆：0

2021-09-01日过期京豆：0

2021-09-02日过期京豆：0

2021-09-03日过期京豆：0

2021-09-04日过期京豆：0


==============📣系统通知📣==============
资产变化强化版
📣=============账号51=============📣
账号名称：初见磊
今日收入：39京豆 🐶
昨日收入：61京豆 🐶
昨日支出：-4京豆 🐶
当前京豆：25963(今日将过期17)京豆🐶
京喜牧场：369枚鸡蛋
极速金币：614529金币(≈61.4529元)
京东赚赚：168500金币(≈16.85元)
东东农场：96卷卷纸,进度27.77%
京喜工厂：当前未开始生产商品,请手动去京东APP->游戏与互动->查看更多->京喜工厂 开启活动🏭
东东工厂：当前未选择商品(或未开启活动) , 请到京东APP=>首页=>京东电器=>(底栏)东东工厂 选择商品!🏭
东东萌宠：全遮光防晒伞,勋章4/5块(87.1%)
🧧🧧🧧🧧红包明细🧧🧧🧧🧧
当前总红包：2.48(今日总过期0.64)元 🧧
京喜红包：1.85(今日将过期0.52)元 🧧
极速红包：0.36(今日将过期0.06)元 🧧
京东红包：0.27(今日将过期0.06)元 🧧
健康红包：0.00(今日将过期0.00)元 🧧



********开始【京东账号52】都走吧丶******

2021-08-29日过期京豆：0

2021-08-30日过期京豆：0

2021-08-31日过期京豆：0

2021-09-01日过期京豆：0

2021-09-02日过期京豆：0

2021-09-03日过期京豆：0

2021-09-04日过期京豆：0


==============📣系统通知📣==============
资产变化强化版
📣=============账号52=============📣
账号名称：都走吧丶
今日收入：41京豆 🐶
昨日收入：34京豆 🐶
昨日支出：0京豆 🐶
当前京豆：16014(今日将过期0)京豆🐶
京喜牧场：41枚鸡蛋
极速金币：605852金币(≈60.5852元)
京东赚赚：166700金币(≈16.67元)
东东农场：20斤大米,进度85.18%
京喜工厂：维达抽纸5包 ,进度:100.00%🏭
东东工厂：当前未选择商品(或未开启活动) , 请到京东APP=>首页=>京东电器=>(底栏)东东工厂 选择商品!🏭
东东萌宠：全自动 晴雨伞,勋章3/5块(50.4%)
🧧🧧🧧🧧红包明细🧧🧧🧧🧧
当前总红包：1.41(今日总过期0.27)元 🧧
京喜红包：1.09(今日将过期0.11)元 🧧
极速红包：0.00(今日将过期0.00)元 🧧
京东红包：0.32(今日将过期0.16)元 🧧
健康红包：0.00(今日将过期0.00)元 🧧



********开始【京东账号53】龘丶孤岛******

2021-08-29日过期京豆：0

2021-08-30日过期京豆：0

2021-08-31日过期京豆：0

2021-09-01日过期京豆：0

2021-09-02日过期京豆：0

2021-09-03日过期京豆：0

2021-09-04日过期京豆：0


==============📣系统通知📣==============
资产变化强化版
📣=============账号53=============📣
账号名称：龘丶孤岛
今日收入：48京豆 🐶
昨日收入：59京豆 🐶
昨日支出：0京豆 🐶
当前京豆：11996(今日将过期0)京豆🐶
京喜牧场：146枚鸡蛋
极速金币：594446金币(≈59.4446元)
京东赚赚：168600金币(≈16.86元)
东东农场：4升调和油,进度36.05%
京喜工厂：维达抽纸5包 ,进度:100.00%🏭
东东工厂：当前未选择商品(或未开启活动) , 请到京东APP=>首页=>京东电器=>(底栏)东东工厂 选择商品!🏭
东东萌宠：成人声波 电动牙刷,勋章3/5块(98.3%)
🧧🧧🧧🧧红包明细🧧🧧🧧🧧
当前总红包：4.20(今日总过期3.25)元 🧧
京喜红包：3.59(今日将过期3.05)元 🧧
极速红包：0.25(今日将过期0.06)元 🧧
京东红包：0.36(今日将过期0.14)元 🧧
健康红包：0.00(今日将过期0.00)元 🧧



********开始【京东账号54】突突突突y******

2021-08-29日过期京豆：0

2021-08-30日过期京豆：0

2021-08-31日过期京豆：0

2021-09-01日过期京豆：0

2021-09-02日过期京豆：5

2021-09-03日过期京豆：5

2021-09-04日过期京豆：5


==============📣系统通知📣==============
资产变化强化版
📣=============账号54=============📣
账号名称：突突突突y
今日收入：96京豆 🐶
昨日收入：84京豆 🐶
昨日支出：0京豆 🐶
当前京豆：2842(今日将过期0)京豆🐶
京喜牧场：0枚鸡蛋
极速金币：109229金币(≈10.9229元)
京东赚赚：41700金币(≈4.17元)
东东农场：20斤大米,进度17.67%,87天后可兑🍉
京喜工厂：当前未开始生产商品,请手动去京东APP->游戏与互动->查看更多->京喜工厂 开启活动🏭
东东工厂：当前未选择商品(或未开启活动) , 请到京东APP=>首页=>京东电器=>(底栏)东东工厂 选择商品!🏭
东东萌宠：全自动 晴雨伞,勋章3/5块(0.2%)
🧧🧧🧧🧧红包明细🧧🧧🧧🧧
当前总红包：0.16(今日总过期0.06)元 🧧
京喜红包：0.03(今日将过期0.00)元 🧧
极速红包：0.01(今日将过期0.00)元 🧧
京东红包：0.12(今日将过期0.06)元 🧧
健康红包：0.00(今日将过期0.00)元 🧧



********开始【京东账号55】方方还会笑******

2021-08-29日过期京豆：0

2021-08-30日过期京豆：0

2021-08-31日过期京豆：0

2021-09-01日过期京豆：0

2021-09-02日过期京豆：0

2021-09-03日过期京豆：0

2021-09-04日过期京豆：0


==============📣系统通知📣==============
资产变化强化版
📣=============账号55=============📣
账号名称：方方还会笑
今日收入：35京豆 🐶
昨日收入：23京豆 🐶
昨日支出：0京豆 🐶
当前京豆：3967(今日将过期0)京豆🐶
京喜牧场：369枚鸡蛋
极速金币：630755金币(≈63.0755元)
京东赚赚：173400金币(≈17.34元)
东东农场：1.5斤大连樱桃,进度80.36%,29天后可兑🍉
京喜工厂：当前未开始生产商品,请手动去京东APP->游戏与互动->查看更多->京喜工厂 开启活动🏭
东东工厂：当前未选择商品(或未开启活动) , 请到京东APP=>首页=>京东电器=>(底栏)东东工厂 选择商品!🏭
东东萌宠：全自动 晴雨伞,勋章3/5块(19.3%)
🧧🧧🧧🧧红包明细🧧🧧🧧🧧
当前总红包：2.50(今日总过期0.72)元 🧧
京喜红包：2.06(今日将过期0.61)元 🧧
极速红包：0.01(今日将过期0.00)元 🧧
京东红包：0.43(今日将过期0.11)元 🧧
健康红包：0.00(今日将过期0.00)元 🧧



********开始【京东账号56】Niko___******

2021-08-29日过期京豆：0

2021-08-30日过期京豆：0

2021-08-31日过期京豆：0

2021-09-01日过期京豆：0

2021-09-02日过期京豆：0

2021-09-03日过期京豆：0

2021-09-04日过期京豆：0


==============📣系统通知📣==============
资产变化强化版
📣=============账号56=============📣
账号名称：Niko___
今日收入：50京豆 🐶
昨日收入：97京豆 🐶
昨日支出：0京豆 🐶
当前京豆：35423(今日将过期0)京豆🐶
京喜牧场：186枚鸡蛋
极速金币：1115405金币(≈111.5405元)
京东赚赚：270500金币(≈27.05元)
东东农场：4升调和油,进度42.32%,84天后可兑🍉
京喜工厂：undefined ,已经可兑换，请手动兑换🏭
东东工厂：当前未选择商品(或未开启活动) , 请到京东APP=>首页=>京东电器=>(底栏)东东工厂 选择商品!🏭
东东萌宠：成人声波 电动牙刷,勋章4/5块(85.6%)
🧧🧧🧧🧧红包明细🧧🧧🧧🧧
当前总红包：5.78(今日总过期1.23)元 🧧
京喜红包：5.09(今日将过期0.78)元 🧧
极速红包：0.33(今日将过期0.33)元 🧧
京东红包：0.36(今日将过期0.12)元 🧧
健康红包：0.00(今日将过期0.00)元 🧧



********开始【京东账号57】jd_176023elb******

2021-08-29日过期京豆：0

2021-08-30日过期京豆：0

2021-08-31日过期京豆：0

2021-09-01日过期京豆：0

2021-09-02日过期京豆：0

2021-09-03日过期京豆：0

2021-09-04日过期京豆：0


==============📣系统通知📣==============
资产变化强化版
📣=============账号57=============📣
账号名称：jd_176023elb
今日收入：68京豆 🐶
昨日收入：63京豆 🐶
昨日支出：0京豆 🐶
当前京豆：37723(今日将过期0)京豆🐶
京喜牧场：404枚鸡蛋
极速金币：694459金币(≈69.4459元)
京东赚赚：171800金币(≈17.18元)
东东农场：4斤木瓜,进度47.33%,151天后可兑🍉
京喜工厂：可口可乐4瓶 ,进度:100.00%🏭
东东工厂：当前未选择商品(或未开启活动) , 请到京东APP=>首页=>京东电器=>(底栏)东东工厂 选择商品!🏭
东东萌宠：全自动 晴雨伞,勋章2/5块(22.9%)
🧧🧧🧧🧧红包明细🧧🧧🧧🧧
当前总红包：1.91(今日总过期0.51)元 🧧
京喜红包：1.13(今日将过期0.27)元 🧧
极速红包：0.09(今日将过期0.00)元 🧧
京东红包：0.69(今日将过期0.24)元 🧧
健康红包：0.00(今日将过期0.00)元 🧧



********开始【京东账号58】jd_134356jlh******

2021-08-29日过期京豆：0

2021-08-30日过期京豆：0

2021-08-31日过期京豆：0

2021-09-01日过期京豆：0

2021-09-02日过期京豆：0

2021-09-03日过期京豆：0

2021-09-04日过期京豆：0


==============📣系统通知📣==============
资产变化强化版
📣=============账号58=============📣
账号名称：jd_134356jlh
今日收入：44京豆 🐶
昨日收入：35京豆 🐶
昨日支出：0京豆 🐶
当前京豆：2105(今日将过期0)京豆🐶
极速金币：78287金币(≈7.8287元)
京东赚赚：131550金币(≈13.155元)
东东农场：2斤青芒果,进度100.00%
京喜工厂：当前未开始生产商品,请手动去京东APP->游戏与互动->查看更多->京喜工厂 开启活动🏭
东东工厂：当前未选择商品(或未开启活动) , 请到京东APP=>首页=>京东电器=>(底栏)东东工厂 选择商品!🏭
东东萌宠：成人声波 电动牙刷,勋章4/5块(62.9%)
🧧🧧🧧🧧红包明细🧧🧧🧧🧧
当前总红包：2.63(今日总过期0.81)元 🧧
京喜红包：1.10(今日将过期0.24)元 🧧
极速红包：0.36(今日将过期0.36)元 🧧
京东红包：1.17(今日将过期0.21)元 🧧
健康红包：0.00(今日将过期0.00)元 🧧



********开始【京东账号59】y159*****560******

2021-08-29日过期京豆：0

2021-08-30日过期京豆：0

2021-08-31日过期京豆：0

2021-09-01日过期京豆：0

2021-09-02日过期京豆：0

2021-09-03日过期京豆：0

2021-09-04日过期京豆：0


==============📣系统通知📣==============
资产变化强化版
📣=============账号59=============📣
账号名称：y159*****560
今日收入：31京豆 🐶
昨日收入：45京豆 🐶
昨日支出：0京豆 🐶
当前京豆：2375(今日将过期0)京豆🐶
极速金币：79790金币(≈7.979元)
京东赚赚：85500金币(≈8.55元)
东东农场：96卷卷纸,进度73.18%
京喜工厂：坚果组合 ,进度:100.00%🏭
东东工厂：当前未选择商品(或未开启活动) , 请到京东APP=>首页=>京东电器=>(底栏)东东工厂 选择商品!🏭
东东萌宠：声波电动牙刷,勋章3/4块(72.7%)
🧧🧧🧧🧧红包明细🧧🧧🧧🧧
当前总红包：0.94(今日总过期0.43)元 🧧
京喜红包：0.28(今日将过期0.12)元 🧧
极速红包：0.19(今日将过期0.19)元 🧧
京东红包：0.47(今日将过期0.12)元 🧧
健康红包：0.00(今日将过期0.00)元 🧧



********开始【京东账号60】RECCCCB******

2021-08-29日过期京豆：0

2021-08-30日过期京豆：0

2021-08-31日过期京豆：0

2021-09-01日过期京豆：0

2021-09-02日过期京豆：0

2021-09-03日过期京豆：5

2021-09-04日过期京豆：5


==============📣系统通知📣==============
资产变化强化版
📣=============账号60=============📣
账号名称：RECCCCB
今日收入：44京豆 🐶
昨日收入：47京豆 🐶
昨日支出：0京豆 🐶
当前京豆：2297(今日将过期0)京豆🐶
京喜牧场：124枚鸡蛋
极速金币：131901金币(≈13.1901元)
京东赚赚：162550金币(≈16.255元)
东东农场：1.5斤大连樱桃,进度72.41%
京喜工厂：中华牙膏2支 ,进度:100.00%🏭
东东工厂：当前未选择商品(或未开启活动) , 请到京东APP=>首页=>京东电器=>(底栏)东东工厂 选择商品!🏭
东东萌宠：全自动 晴雨伞,勋章3/5块(54.6%)
🧧🧧🧧🧧红包明细🧧🧧🧧🧧
当前总红包：0.92(今日总过期0.14)元 🧧
京喜红包：0.62(今日将过期0.07)元 🧧
极速红包：0.07(今日将过期0.07)元 🧧
京东红包：0.23(今日将过期0.00)元 🧧
健康红包：0.00(今日将过期0.00)元 🧧



********开始【京东账号61】东哥我兄弟来的******

2021-08-29日过期京豆：0

2021-08-30日过期京豆：0

2021-08-31日过期京豆：0

2021-09-01日过期京豆：0

2021-09-02日过期京豆：0

2021-09-03日过期京豆：0

2021-09-04日过期京豆：0


==============📣系统通知📣==============
资产变化强化版
📣=============账号61=============📣
账号名称：东哥我兄弟来的
今日收入：30京豆 🐶
昨日收入：42京豆 🐶
昨日支出：0京豆 🐶
当前京豆：1243(今日将过期0)京豆🐶
京喜牧场：0枚鸡蛋
极速金币：178550金币(≈17.855元)
京东赚赚：193450金币(≈19.345元)
东东农场：3盒龙虾尾,进度53.18%
京喜工厂：当前未开始生产商品,请手动去京东APP->游戏与互动->查看更多->京喜工厂 开启活动🏭
东东工厂：当前未选择商品(或未开启活动) , 请到京东APP=>首页=>京东电器=>(底栏)东东工厂 选择商品!🏭
东东萌宠：3层抽纸巾30包,勋章3/4块(32.7%)
🧧🧧🧧🧧红包明细🧧🧧🧧🧧
当前总红包：3.16(今日总过期2.92)元 🧧
京喜红包：0.03(今日将过期0.01)元 🧧
极速红包：0.27(今日将过期0.27)元 🧧
京东红包：2.86(今日将过期2.64)元 🧧
健康红包：0.00(今日将过期0.00)元 🧧



********开始【京东账号62】jd_lwkbFyVBuQyA******

2021-08-29日过期京豆：0

2021-08-30日过期京豆：0

2021-08-31日过期京豆：0

2021-09-01日过期京豆：0

2021-09-02日过期京豆：0

2021-09-03日过期京豆：0

2021-09-04日过期京豆：0

异常：{"code":0,"data":{"bizCode":-1001,"bizMsg":"活动太火爆啦","success":false},"msg":"调用成功"}

==============📣系统通知📣==============
资产变化强化版
📣=============账号62=============📣
账号名称：jd_lwkbFyVBuQyA
今日收入：49京豆 🐶
昨日收入：55京豆 🐶
昨日支出：0京豆 🐶
当前京豆：552(今日将过期0)京豆🐶
极速金币：69630金币(≈6.963元)
京东赚赚：80100金币(≈8.01元)
东东农场：3盒龙虾尾,进度21.80%
京喜工厂：当前未开始生产商品,请手动去京东APP->游戏与互动->查看更多->京喜工厂 开启活动🏭
🧧🧧🧧🧧红包明细🧧🧧🧧🧧
当前总红包：0.16(今日总过期0.08)元 🧧
京喜红包：0.04(今日将过期0.02)元 🧧
极速红包：0.00(今日将过期0.00)元 🧧
京东红包：0.12(今日将过期0.06)元 🧧
健康红包：0.00(今日将过期0.00)元 🧧



********开始【京东账号63】jd_557dbcece7ccc******

2021-08-29日过期京豆：0

2021-08-30日过期京豆：0

2021-08-31日过期京豆：0

2021-09-01日过期京豆：0

2021-09-02日过期京豆：0

2021-09-03日过期京豆：0

2021-09-04日过期京豆：0


==============📣系统通知📣==============
资产变化强化版
📣=============账号63=============📣
账号名称：jd_557dbcece7ccc
今日收入：46京豆 🐶
昨日收入：81京豆 🐶
昨日支出：0京豆 🐶
当前京豆：2183(今日将过期0)京豆🐶
极速金币：291698金币(≈29.1698元)
京东赚赚：80000金币(≈8元)
东东农场：3斤雪花梨,进度97.33%,8天后可兑🍉
京喜工厂：当前未开始生产商品,请手动去京东APP->游戏与互动->查看更多->京喜工厂 开启活动🏭
东东工厂：当前未选择商品(或未开启活动) , 请到京东APP=>首页=>京东电器=>(底栏)东东工厂 选择商品!🏭
东东萌宠：2只装 大号收纳袋,勋章3/4块(29.4%)
🧧🧧🧧🧧红包明细🧧🧧🧧🧧
当前总红包：3.30(今日总过期1.46)元 🧧
京喜红包：1.11(今日将过期0.24)元 🧧
极速红包：0.10(今日将过期0.00)元 🧧
京东红包：2.09(今日将过期1.22)元 🧧
健康红包：0.00(今日将过期0.00)元 🧧



********开始【京东账号64】kid14121412******

2021-08-29日过期京豆：0

2021-08-30日过期京豆：0

2021-08-31日过期京豆：0

2021-09-01日过期京豆：0

2021-09-02日过期京豆：0

2021-09-03日过期京豆：0

2021-09-04日过期京豆：0

异常：{"code":0,"data":{"bizCode":-1001,"bizMsg":"活动太火爆啦","success":false},"msg":"调用成功"}

==============📣系统通知📣==============
资产变化强化版
📣=============账号64=============📣
账号名称：kid14121412
今日收入：31京豆 🐶
昨日收入：63京豆 🐶
昨日支出：0京豆 🐶
当前京豆：1161(今日将过期0)京豆🐶
京喜牧场：0枚鸡蛋
极速金币：37153金币(≈3.7153元)
京东赚赚：80000金币(≈8元)
东东农场：96卷卷纸,进度37.33%
京喜工厂：当前未开始生产商品,请手动去京东APP->游戏与互动->查看更多->京喜工厂 开启活动🏭
东东萌宠：狗狗零食牛肉水晶肠,勋章3/4块(32.2%)
🧧🧧🧧🧧红包明细🧧🧧🧧🧧
当前总红包：0.38(今日总过期0.14)元 🧧
京喜红包：0.03(今日将过期0.01)元 🧧
极速红包：0.11(今日将过期0.00)元 🧧
京东红包：0.24(今日将过期0.13)元 🧧
健康红包：0.00(今日将过期0.00)元 🧧



********开始【京东账号65】jd_7f95d793a368f******

2021-08-29日过期京豆：0

2021-08-30日过期京豆：0

2021-08-31日过期京豆：0

2021-09-01日过期京豆：0

2021-09-02日过期京豆：0

2021-09-03日过期京豆：0

2021-09-04日过期京豆：0


==============📣系统通知📣==============
资产变化强化版
📣=============账号65=============📣
账号名称：jd_7f95d793a368f
今日收入：88京豆 🐶
昨日收入：46京豆 🐶
昨日支出：0京豆 🐶
当前京豆：5096(今日将过期0)京豆🐶
京喜牧场：0枚鸡蛋
极速金币：132489金币(≈13.2489元)
京东赚赚：71800金币(≈7.18元)
东东农场：4升调和油,进度39.93%
京喜工厂：当前未开始生产商品,请手动去京东APP->游戏与互动->查看更多->京喜工厂 开启活动🏭
东东工厂：当前未选择商品(或未开启活动) , 请到京东APP=>首页=>京东电器=>(底栏)东东工厂 选择商品!🏭
🧧🧧🧧🧧红包明细🧧🧧🧧🧧
当前总红包：0.63(今日总过期0.17)元 🧧
京喜红包：0.03(今日将过期0.01)元 🧧
极速红包：0.24(今日将过期0.10)元 🧧
京东红包：0.36(今日将过期0.06)元 🧧
健康红包：0.00(今日将过期0.00)元 🧧



********开始【京东账号66】2Yavi******

2021-08-29日过期京豆：0

2021-08-30日过期京豆：0

2021-08-31日过期京豆：0

2021-09-01日过期京豆：0

2021-09-02日过期京豆：0

2021-09-03日过期京豆：0

2021-09-04日过期京豆：0


==============📣系统通知📣==============
资产变化强化版
📣=============账号66=============📣
账号名称：2Yavi
今日收入：82京豆 🐶
昨日收入：42京豆 🐶
昨日支出：-2京豆 🐶
当前京豆：5215(今日将过期0)京豆🐶
极速金币：1204468金币(≈120.4468元)
京东赚赚：312100金币(≈31.21元)
东东农场：20斤大米,进度57.77%
京喜工厂：舒肤佳沐浴露 ,进度:100.00%🏭
东东工厂：当前未选择商品(或未开启活动) , 请到京东APP=>首页=>京东电器=>(底栏)东东工厂 选择商品!🏭
东东萌宠：全自动 晴雨伞,勋章5/5块(100%)
🧧🧧🧧🧧红包明细🧧🧧🧧🧧
当前总红包：0.82(今日总过期0.17)元 🧧
京喜红包：0.08(今日将过期0.01)元 🧧
极速红包：0.28(今日将过期0.05)元 🧧
京东红包：0.46(今日将过期0.11)元 🧧
健康红包：0.00(今日将过期0.00)元 🧧



********开始【京东账号67】女一号庞妈******

2021-08-29日过期京豆：0

2021-08-30日过期京豆：0

2021-08-31日过期京豆：0

2021-09-01日过期京豆：0

2021-09-02日过期京豆：0

2021-09-03日过期京豆：0

2021-09-04日过期京豆：0

异常：{"code":0,"data":{"bizCode":-1001,"bizMsg":"活动太火爆啦","success":false},"msg":"调用成功"}

==============📣系统通知📣==============
资产变化强化版
📣=============账号67=============📣
账号名称：女一号庞妈
今日收入：29京豆 🐶
昨日收入：45京豆 🐶
昨日支出：0京豆 🐶
当前京豆：2934(今日将过期0)京豆🐶
京喜牧场：0枚鸡蛋
极速金币：39988金币(≈3.9988元)
京东赚赚：107550金币(≈10.755元)
东东农场：11.6斤洗衣液,进度81.00%
京喜工厂：当前未开始生产商品,请手动去京东APP->游戏与互动->查看更多->京喜工厂 开启活动🏭
东东萌宠：2只装 大号收纳袋,勋章2/4块(91.4%)
🧧🧧🧧🧧红包明细🧧🧧🧧🧧
当前总红包：0.48(今日总过期0.12)元 🧧
京喜红包：0.02(今日将过期0.00)元 🧧
极速红包：0.10(今日将过期0.00)元 🧧
京东红包：0.36(今日将过期0.12)元 🧧
健康红包：0.00(今日将过期0.00)元 🧧



********开始【京东账号68】如果我不是梁炽培******

2021-08-29日过期京豆：0

2021-08-30日过期京豆：0

2021-08-31日过期京豆：0

2021-09-01日过期京豆：0

2021-09-02日过期京豆：0

2021-09-03日过期京豆：0

2021-09-04日过期京豆：0


==============📣系统通知📣==============
资产变化强化版
📣=============账号68=============📣
账号名称：如果我不是梁炽培
今日收入：60京豆 🐶
昨日收入：56京豆 🐶
昨日支出：0京豆 🐶
当前京豆：18827(今日将过期0)京豆🐶
京喜牧场：193枚鸡蛋
极速金币：557112金币(≈55.7112元)
京东赚赚：157700金币(≈15.77元)
东东农场：5个压缩毛巾,进度92.17%
京喜工厂：牙线棒2盒 ,进度:78.38% ,预计:2.34天可兑换🏭
东东工厂：当前未选择商品(或未开启活动) , 请到京东APP=>首页=>京东电器=>(底栏)东东工厂 选择商品!🏭
东东萌宠：成人声波 电动牙刷,勋章2/5块(94.8%)
🧧🧧🧧🧧红包明细🧧🧧🧧🧧
当前总红包：2.49(今日总过期0.51)元 🧧
京喜红包：1.98(今日将过期0.29)元 🧧
极速红包：0.00(今日将过期0.00)元 🧧
京东红包：0.51(今日将过期0.22)元 🧧
健康红包：0.00(今日将过期0.00)元 🧧



********开始【京东账号69】wangjunpe******

2021-08-29日过期京豆：0

2021-08-30日过期京豆：0

2021-08-31日过期京豆：0

2021-09-01日过期京豆：0

2021-09-02日过期京豆：0

2021-09-03日过期京豆：0

2021-09-04日过期京豆：0


==============📣系统通知📣==============
资产变化强化版
📣=============账号69=============📣
账号名称：wangjunpe
今日收入：80京豆 🐶
昨日收入：45京豆 🐶
昨日支出：0京豆 🐶
当前京豆：6479(今日将过期0)京豆🐶
极速金币：216705金币(≈21.6705元)
京东赚赚：59400金币(≈5.94元)
东东农场：4升调和油,进度41.50%,39天后可兑🍉
京喜工厂：当前未开始生产商品,请手动去京东APP->游戏与互动->查看更多->京喜工厂 开启活动🏭
东东工厂：当前未选择商品(或未开启活动) , 请到京东APP=>首页=>京东电器=>(底栏)东东工厂 选择商品!🏭
东东萌宠：声波电动牙刷,勋章4/4块(100%)
🧧🧧🧧🧧红包明细🧧🧧🧧🧧
当前总红包：2.38(今日总过期0.80)元 🧧
京喜红包：1.08(今日将过期0.24)元 🧧
极速红包：0.34(今日将过期0.34)元 🧧
京东红包：0.96(今日将过期0.22)元 🧧
健康红包：0.00(今日将过期0.00)元 🧧



********开始【京东账号70】陈予森******

2021-08-29日过期京豆：5

2021-08-30日过期京豆：5

2021-08-31日过期京豆：5

2021-09-01日过期京豆：5

2021-09-02日过期京豆：0

2021-09-03日过期京豆：0

2021-09-04日过期京豆：0


==============📣系统通知📣==============
资产变化强化版
📣=============账号70=============📣
账号名称：陈予森
今日收入：46京豆 🐶
昨日收入：50京豆 🐶
昨日支出：0京豆 🐶
当前京豆：4242(今日将过期5)京豆🐶
极速金币：406653金币(≈40.6653元)
京东赚赚：113700金币(≈11.37元)
东东农场：3斤新鲜脐橙,进度70.17%
京喜工厂：当前未开始生产商品,请手动去京东APP->游戏与互动->查看更多->京喜工厂 开启活动🏭
东东工厂：当前未选择商品(或未开启活动) , 请到京东APP=>首页=>京东电器=>(底栏)东东工厂 选择商品!🏭
🧧🧧🧧🧧红包明细🧧🧧🧧🧧
当前总红包：2.40(今日总过期0.40)元 🧧
京喜红包：1.09(今日将过期0.24)元 🧧
极速红包：0.03(今日将过期0.00)元 🧧
京东红包：1.28(今日将过期0.16)元 🧧
健康红包：0.00(今日将过期0.00)元 🧧



********开始【京东账号71】jd_187767cbu******

2021-08-29日过期京豆：5

2021-08-30日过期京豆：5

2021-08-31日过期京豆：5

2021-09-01日过期京豆：5

2021-09-02日过期京豆：5

2021-09-03日过期京豆：5

2021-09-04日过期京豆：5


==============📣系统通知📣==============
资产变化强化版
📣=============账号71=============📣
账号名称：jd_187767cbu
今日收入：44京豆 🐶
昨日收入：48京豆 🐶
昨日支出：0京豆 🐶
当前京豆：1549(今日将过期5)京豆🐶
极速金币：32112金币(≈3.2112元)
京东赚赚：109300金币(≈10.93元)
东东农场：6桶酸辣粉,进度86.33%
京喜工厂：当前未开始生产商品,请手动去京东APP->游戏与互动->查看更多->京喜工厂 开启活动🏭
东东工厂：当前未选择商品(或未开启活动) , 请到京东APP=>首页=>京东电器=>(底栏)东东工厂 选择商品!🏭
🧧🧧🧧🧧红包明细🧧🧧🧧🧧
当前总红包：2.54(今日总过期0.35)元 🧧
京喜红包：1.06(今日将过期0.24)元 🧧
极速红包：0.08(今日将过期0.00)元 🧧
京东红包：1.40(今日将过期0.11)元 🧧
健康红包：0.00(今日将过期0.00)元 🧧



********开始【京东账号72】习惯性的等候******

2021-08-29日过期京豆：0

2021-08-30日过期京豆：0

2021-08-31日过期京豆：0

2021-09-01日过期京豆：0

2021-09-02日过期京豆：0

2021-09-03日过期京豆：0

2021-09-04日过期京豆：0


==============📣系统通知📣==============
资产变化强化版
📣=============账号72=============📣
账号名称：习惯性的等候
今日收入：74京豆 🐶
昨日收入：50京豆 🐶
昨日支出：0京豆 🐶
当前京豆：31127(今日将过期0)京豆🐶
京喜牧场：34枚鸡蛋
极速金币：321971金币(≈32.1971元)
京东赚赚：152500金币(≈15.25元)
东东农场：3盒龙虾尾,进度57.36%
京喜工厂：${$.productName} ,已经超时失效, 请选择新商品进行制造🏭
东东工厂：当前未选择商品(或未开启活动) , 请到京东APP=>首页=>京东电器=>(底栏)东东工厂 选择商品!🏭
🧧🧧🧧🧧红包明细🧧🧧🧧🧧
当前总红包：2.13(今日总过期0.72)元 🧧
京喜红包：1.26(今日将过期0.51)元 🧧
极速红包：0.11(今日将过期0.00)元 🧧
京东红包：0.76(今日将过期0.21)元 🧧
健康红包：0.00(今日将过期0.00)元 🧧


京东服务器返回空数据

********开始【京东账号73】jd_6950c7c6d4e9d******

2021-08-29日过期京豆：0

2021-08-30日过期京豆：0

2021-08-31日过期京豆：0

2021-09-01日过期京豆：0

2021-09-02日过期京豆：0

2021-09-03日过期京豆：0

2021-09-04日过期京豆：0


==============📣系统通知📣==============
资产变化强化版
📣=============账号73=============📣
账号名称：jd_6950c7c6d4e9d
今日收入：53京豆 🐶
昨日收入：112京豆 🐶
昨日支出：0京豆 🐶
当前京豆：0(今日将过期0)京豆🐶
京喜牧场：106枚鸡蛋
极速金币：4353金币(≈0.4353元)
京东赚赚：74100金币(≈7.41元)
东东农场：16套餐具,进度65.25%
京喜工厂：双层加厚蒸锅 ,进度:90.13% ,预计:1.51天可兑换🏭
东东工厂：当前未选择商品(或未开启活动) , 请到京东APP=>首页=>京东电器=>(底栏)东东工厂 选择商品!🏭
东东萌宠：超大容量保温杯,勋章3/4块(22.5%)
🧧🧧🧧🧧红包明细🧧🧧🧧🧧
当前总红包：12.99(今日总过期2.61)元 🧧
京喜红包：10.41(今日将过期2.61)元 🧧
极速红包：0.00(今日将过期0.00)元 🧧
京东红包：2.58(今日将过期0.00)元 🧧
健康红包：0.00(今日将过期0.00)元 🧧


京东服务器返回空数据

********开始【京东账号74】jd_RaZinwPYHdgh******

2021-08-29日过期京豆：0

2021-08-30日过期京豆：0

2021-08-31日过期京豆：0

2021-09-01日过期京豆：0

2021-09-02日过期京豆：0

2021-09-03日过期京豆：5

2021-09-04日过期京豆：5


==============📣系统通知📣==============
资产变化强化版
📣=============账号74=============📣
账号名称：jd_RaZinwPYHdgh
今日收入：63京豆 🐶
昨日收入：62京豆 🐶
昨日支出：0京豆 🐶
当前京豆：0(今日将过期0)京豆🐶
京喜牧场：104枚鸡蛋
极速金币：37977金币(≈3.7977元)
京东赚赚：44000金币(≈4.4元)
东东农场：3斤苹果,进度91.00%,5天后可兑🍉
京喜工厂：凤梨酥整箱 ,进度:29.17% ,预计:6.19天可兑换🏭
东东工厂：vivo iQOO入耳式耳机 剩余133;电力投入情况 3000000/3880000;当前总电力:3105807 ;完成度:80%🏭
东东萌宠：超大容量保温杯,勋章2/4块(44.2%)
🧧🧧🧧🧧红包明细🧧🧧🧧🧧
当前总红包：7.99(今日总过期4.58)元 🧧
京喜红包：4.28(今日将过期1.06)元 🧧
极速红包：3.03(今日将过期3.00)元 🧧
京东红包：0.68(今日将过期0.52)元 🧧
健康红包：0.00(今日将过期0.00)元 🧧



********开始【京东账号75】songgggggggggggg******

2021-08-29日过期京豆：0

2021-08-30日过期京豆：0

2021-08-31日过期京豆：0

2021-09-01日过期京豆：0

2021-09-02日过期京豆：0

2021-09-03日过期京豆：0

2021-09-04日过期京豆：0


==============📣系统通知📣==============
资产变化强化版
📣=============账号75=============📣
账号名称：songgggggggggggg
今日收入：39京豆 🐶
昨日收入：33京豆 🐶
昨日支出：-1000京豆 🐶
当前京豆：410(今日将过期0)京豆🐶
极速金币：597589金币(≈59.7589元)
京东赚赚：154850金币(≈15.485元)
京喜工厂：当前未开始生产商品,请手动去京东APP->游戏与互动->查看更多->京喜工厂 开启活动🏭
东东工厂：当前未选择商品(或未开启活动) , 请到京东APP=>首页=>京东电器=>(底栏)东东工厂 选择商品!🏭
🧧🧧🧧🧧红包明细🧧🧧🧧🧧
当前总红包：0.19(今日总过期0.00)元 🧧
京喜红包：0.07(今日将过期0.00)元 🧧
极速红包：0.00(今日将过期0.00)元 🧧
京东红包：0.12(今日将过期0.00)元 🧧
健康红包：0.00(今日将过期0.00)元 🧧



********开始【京东账号76】jd_136531eny******

2021-08-29日过期京豆：0

2021-08-30日过期京豆：0

2021-08-31日过期京豆：0

2021-09-01日过期京豆：0

2021-09-02日过期京豆：0

2021-09-03日过期京豆：0

2021-09-04日过期京豆：0


==============📣系统通知📣==============
资产变化强化版
📣=============账号76=============📣
账号名称：jd_136531eny
今日收入：39京豆 🐶
昨日收入：59京豆 🐶
昨日支出：0京豆 🐶
当前京豆：8899(今日将过期0)京豆🐶
京喜牧场：481枚鸡蛋
极速金币：128945金币(≈12.8945元)
京东赚赚：155050金币(≈15.505元)
东东农场：4升调和油,进度71.86%
京喜工厂：螺蛳粉 ,进度:29.22% ,预计:3.73天可兑换🏭
东东工厂：华为礼品-自拍杆 剩余295;电力投入情况 0/3280000;当前总电力:281420 ;完成度:9%🏭
东东萌宠：全自动 晴雨伞,勋章3/5块(75.1%)
🧧🧧🧧🧧红包明细🧧🧧🧧🧧
当前总红包：0.27(今日总过期0.00)元 🧧
京喜红包：0.05(今日将过期0.00)元 🧧
极速红包：0.00(今日将过期0.00)元 🧧
京东红包：0.22(今日将过期0.00)元 🧧
健康红包：0.00(今日将过期0.00)元 🧧



********开始【京东账号77】l--155******

2021-08-29日过期京豆：0

2021-08-30日过期京豆：0

2021-08-31日过期京豆：0

2021-09-01日过期京豆：0

2021-09-02日过期京豆：0

2021-09-03日过期京豆：0

2021-09-04日过期京豆：0


==============📣系统通知📣==============
资产变化强化版
📣=============账号77=============📣
账号名称：l--155
今日收入：57京豆 🐶
昨日收入：46京豆 🐶
昨日支出：0京豆 🐶
当前京豆：12631(今日将过期0)京豆🐶
京喜牧场：519枚鸡蛋
极速金币：35361金币(≈3.5361元)
京东赚赚：160800金币(≈16.08元)
东东农场：3盒龙虾尾,进度22.09%
京喜工厂：当前未开始生产商品,请手动去京东APP->游戏与互动->查看更多->京喜工厂 开启活动🏭
东东工厂：当前未选择商品(或未开启活动) , 请到京东APP=>首页=>京东电器=>(底栏)东东工厂 选择商品!🏭
东东萌宠：全自动 晴雨伞,勋章3/5块(81.8%)
🧧🧧🧧🧧红包明细🧧🧧🧧🧧
当前总红包：0.19(今日总过期0.07)元 🧧
京喜红包：0.03(今日将过期0.01)元 🧧
极速红包：0.04(今日将过期0.00)元 🧧
京东红包：0.12(今日将过期0.06)元 🧧
健康红包：0.00(今日将过期0.00)元 🧧



********开始【京东账号78】jd_4efd91598a200******

2021-08-29日过期京豆：5

2021-08-30日过期京豆：5

2021-08-31日过期京豆：5

2021-09-01日过期京豆：5

2021-09-02日过期京豆：5

2021-09-03日过期京豆：5

2021-09-04日过期京豆：5


==============📣系统通知📣==============
资产变化强化版
📣=============账号78=============📣
账号名称：jd_4efd91598a200
今日收入：36京豆 🐶
昨日收入：39京豆 🐶
昨日支出：0京豆 🐶
当前京豆：1437(今日将过期5)京豆🐶
极速金币：27476金币(≈2.7476元)
京东赚赚：28200金币(≈2.82元)
东东农场：14包抽纸,进度100.00%
京喜工厂：当前未开始生产商品,请手动去京东APP->游戏与互动->查看更多->京喜工厂 开启活动🏭
东东工厂：当前未选择商品(或未开启活动) , 请到京东APP=>首页=>京东电器=>(底栏)东东工厂 选择商品!🏭
🧧🧧🧧🧧红包明细🧧🧧🧧🧧
当前总红包：1.34(今日总过期0.20)元 🧧
京喜红包：0.20(今日将过期0.08)元 🧧
极速红包：0.00(今日将过期0.00)元 🧧
京东红包：1.14(今日将过期0.12)元 🧧
健康红包：0.00(今日将过期0.00)元 🧧



********开始【京东账号79】jd_FMmRkEqVsaSp******

2021-08-29日过期京豆：5

2021-08-30日过期京豆：5

2021-08-31日过期京豆：5

2021-09-01日过期京豆：5

2021-09-02日过期京豆：5

2021-09-03日过期京豆：5

2021-09-04日过期京豆：5


==============📣系统通知📣==============
资产变化强化版
📣=============账号79=============📣
账号名称：jd_FMmRkEqVsaSp
今日收入：47京豆 🐶
昨日收入：68京豆 🐶
昨日支出：0京豆 🐶
当前京豆：1412(今日将过期5)京豆🐶
极速金币：26440金币(≈2.644元)
京东赚赚：28200金币(≈2.82元)
东东农场：3斤雪花梨,进度100.00%
京喜工厂：当前未开始生产商品,请手动去京东APP->游戏与互动->查看更多->京喜工厂 开启活动🏭
东东工厂：当前未选择商品(或未开启活动) , 请到京东APP=>首页=>京东电器=>(底栏)东东工厂 选择商品!🏭
🧧🧧🧧🧧红包明细🧧🧧🧧🧧
当前总红包：1.46(今日总过期0.22)元 🧧
京喜红包：0.32(今日将过期0.11)元 🧧
极速红包：0.00(今日将过期0.00)元 🧧
京东红包：1.14(今日将过期0.11)元 🧧
健康红包：0.00(今日将过期0.00)元 🧧



********开始【京东账号80】坤大少呦丶******

2021-08-29日过期京豆：0

2021-08-30日过期京豆：0

2021-08-31日过期京豆：0

2021-09-01日过期京豆：0

2021-09-02日过期京豆：0

2021-09-03日过期京豆：0

2021-09-04日过期京豆：5


==============📣系统通知📣==============
资产变化强化版
📣=============账号80=============📣
账号名称：坤大少呦丶
今日收入：44京豆 🐶
昨日收入：128京豆 🐶
昨日支出：0京豆 🐶
当前京豆：8844(今日将过期0)京豆🐶
京喜牧场：129枚鸡蛋
极速金币：550010金币(≈55.001元)
京东赚赚：159500金币(≈15.95元)
东东农场：移动电源,进度6.09%
京喜工厂：兔兔泡泡机 ,进度:30.97% ,预计:11.14天可兑换🏭
东东工厂：vivo iQOO入耳式耳机 剩余133;电力投入情况 0/3880000;当前总电力:2750954 ;完成度:71%🏭
东东萌宠：超大容量保温杯,勋章2/4块(97.7%)
🧧🧧🧧🧧红包明细🧧🧧🧧🧧
当前总红包：2.80(今日总过期0.70)元 🧧
京喜红包：2.27(今日将过期0.48)元 🧧
极速红包：0.09(今日将过期0.00)元 🧧
京东红包：0.44(今日将过期0.22)元 🧧
健康红包：0.00(今日将过期0.00)元 🧧



********开始【京东账号81】简单点yb******

2021-08-29日过期京豆：5

2021-08-30日过期京豆：5

2021-08-31日过期京豆：5

2021-09-01日过期京豆：5

2021-09-02日过期京豆：5

2021-09-03日过期京豆：5

2021-09-04日过期京豆：0


==============📣系统通知📣==============
资产变化强化版
📣=============账号81=============📣
账号名称：简单点yb
今日收入：37京豆 🐶
昨日收入：43京豆 🐶
昨日支出：0京豆 🐶
当前京豆：2191(今日将过期5)京豆🐶
京喜牧场：0枚鸡蛋
极速金币：128864金币(≈12.8864元)
京东赚赚：173900金币(≈17.39元)
东东农场：3盒龙虾尾,进度3.14%
京喜工厂：当前未开始生产商品,请手动去京东APP->游戏与互动->查看更多->京喜工厂 开启活动🏭
东东工厂：当前未选择商品(或未开启活动) , 请到京东APP=>首页=>京东电器=>(底栏)东东工厂 选择商品!🏭
东东萌宠：2只装 大号收纳袋,勋章3/4块(60.7%)
🧧🧧🧧🧧红包明细🧧🧧🧧🧧
当前总红包：0.81(今日总过期0.58)元 🧧
京喜红包：0.03(今日将过期0.02)元 🧧
极速红包：0.30(今日将过期0.30)元 🧧
京东红包：0.48(今日将过期0.26)元 🧧
健康红包：0.00(今日将过期0.00)元 🧧



********开始【京东账号82】jd_RQvkPfyRNOuZ******

2021-08-29日过期京豆：0

2021-08-30日过期京豆：0

2021-08-31日过期京豆：0

2021-09-01日过期京豆：0

2021-09-02日过期京豆：0

2021-09-03日过期京豆：0

2021-09-04日过期京豆：0

异常：{"code":0,"data":{"bizCode":-1001,"bizMsg":"活动太火爆啦","success":false},"msg":"调用成功"}

==============📣系统通知📣==============
资产变化强化版
📣=============账号82=============📣
账号名称：jd_RQvkPfyRNOuZ
今日收入：33京豆 🐶
昨日收入：25京豆 🐶
昨日支出：0京豆 🐶
当前京豆：7135(今日将过期0)京豆🐶
京喜牧场：0枚鸡蛋
极速金币：498086金币(≈49.8086元)
京东赚赚：156500金币(≈15.65元)
东东农场：3盒龙虾尾,进度11.41%
京喜工厂：当前未开始生产商品,请手动去京东APP->游戏与互动->查看更多->京喜工厂 开启活动🏭
东东萌宠：超大容量保温杯,勋章3/4块(28%)
🧧🧧🧧🧧红包明细🧧🧧🧧🧧
当前总红包：0.14(今日总过期0.06)元 🧧
京喜红包：0.02(今日将过期0.00)元 🧧
极速红包：0.00(今日将过期0.00)元 🧧
京东红包：0.12(今日将过期0.06)元 🧧
健康红包：0.00(今日将过期0.00)元 🧧



********开始【京东账号83】干掉熊猫做_国宝******

2021-08-29日过期京豆：0

2021-08-30日过期京豆：0

2021-08-31日过期京豆：0

2021-09-01日过期京豆：0

2021-09-02日过期京豆：0

2021-09-03日过期京豆：0

2021-09-04日过期京豆：0


==============📣系统通知📣==============
资产变化强化版
📣=============账号83=============📣
账号名称：干掉熊猫做_国宝
今日收入：39京豆 🐶
昨日收入：34京豆 🐶
昨日支出：0京豆 🐶
当前京豆：4168(今日将过期0)京豆🐶
极速金币：269701金币(≈26.9701元)
京东赚赚：118700金币(≈11.87元)
东东农场：12枚百香果,进度100.00%
京喜工厂：当前未开始生产商品,请手动去京东APP->游戏与互动->查看更多->京喜工厂 开启活动🏭
东东工厂：当前未选择商品(或未开启活动) , 请到京东APP=>首页=>京东电器=>(底栏)东东工厂 选择商品!🏭
🧧🧧🧧🧧红包明细🧧🧧🧧🧧
当前总红包：0.90(今日总过期0.25)元 🧧
京喜红包：0.08(今日将过期0.00)元 🧧
极速红包：0.16(今日将过期0.04)元 🧧
京东红包：0.66(今日将过期0.21)元 🧧
健康红包：0.00(今日将过期0.00)元 🧧



********开始【京东账号84】jd_4a0cbd4b9e891******

2021-08-29日过期京豆：0

2021-08-30日过期京豆：0

2021-08-31日过期京豆：0

2021-09-01日过期京豆：0

2021-09-02日过期京豆：0

2021-09-03日过期京豆：0

2021-09-04日过期京豆：0


==============📣系统通知📣==============
资产变化强化版
📣=============账号84=============📣
账号名称：jd_4a0cbd4b9e891
今日收入：49京豆 🐶
昨日收入：32京豆 🐶
昨日支出：0京豆 🐶
当前京豆：1225(今日将过期0)京豆🐶
极速金币：53550金币(≈5.355元)
京东赚赚：27200金币(≈2.72元)
京喜工厂：当前未开始生产商品,请手动去京东APP->游戏与互动->查看更多->京喜工厂 开启活动🏭
东东工厂：当前未选择商品(或未开启活动) , 请到京东APP=>首页=>京东电器=>(底栏)东东工厂 选择商品!🏭
🧧🧧🧧🧧红包明细🧧🧧🧧🧧
当前总红包：0.84(今日总过期0.18)元 🧧
京喜红包：0.08(今日将过期0.00)元 🧧
极速红包：0.28(今日将过期0.02)元 🧧
京东红包：0.48(今日将过期0.16)元 🧧
健康红包：0.00(今日将过期0.00)元 🧧



********开始【京东账号85】L2250608307******

2021-08-29日过期京豆：0

2021-08-30日过期京豆：0

2021-08-31日过期京豆：0

2021-09-01日过期京豆：0

2021-09-02日过期京豆：5

2021-09-03日过期京豆：5

2021-09-04日过期京豆：5

异常：{"code":0,"data":{"bizCode":-1001,"bizMsg":"活动太火爆啦","success":false},"msg":"调用成功"}

==============📣系统通知📣==============
资产变化强化版
📣=============账号85=============📣
账号名称：L2250608307
今日收入：35京豆 🐶
昨日收入：40京豆 🐶
昨日支出：0京豆 🐶
当前京豆：2952(今日将过期0)京豆🐶
京喜牧场：58枚鸡蛋
极速金币：29050金币(≈2.905元)
京东赚赚：59100金币(≈5.91元)
东东农场：11.6斤洗衣液,进度62.75%,24天后可兑🍉
京喜工厂：夹心小面包 ,进度:23.31% ,预计:8.92天可兑换🏭
东东萌宠：手持便携式小风扇,勋章2/4块(50%)
🧧🧧🧧🧧红包明细🧧🧧🧧🧧
当前总红包：3.67(今日总过期0.00)元 🧧
京喜红包：3.61(今日将过期0.00)元 🧧
极速红包：0.00(今日将过期0.00)元 🧧
京东红包：0.06(今日将过期0.00)元 🧧
健康红包：0.00(今日将过期0.00)元 🧧



********开始【京东账号86】李政景******

2021-08-29日过期京豆：0

2021-08-30日过期京豆：0

2021-08-31日过期京豆：0

2021-09-01日过期京豆：0

2021-09-02日过期京豆：0

2021-09-03日过期京豆：0

2021-09-04日过期京豆：0


==============📣系统通知📣==============
资产变化强化版
📣=============账号86=============📣
账号名称：李政景
今日收入：25京豆 🐶
昨日收入：58京豆 🐶
昨日支出：0京豆 🐶
当前京豆：11055(今日将过期0)京豆🐶
京喜牧场：210枚鸡蛋
极速金币：526878金币(≈52.6878元)
京东赚赚：150500金币(≈15.05元)
东东农场：14包抽纸,进度22.17%
京喜工厂：洁柔抽纸24包 ,进度:100.00%🏭
东东工厂：当前未选择商品(或未开启活动) , 请到京东APP=>首页=>京东电器=>(底栏)东东工厂 选择商品!🏭
🧧🧧🧧🧧红包明细🧧🧧🧧🧧
当前总红包：1.37(今日总过期0.38)元 🧧
京喜红包：0.70(今日将过期0.27)元 🧧
极速红包：0.11(今日将过期0.00)元 🧧
京东红包：0.56(今日将过期0.11)元 🧧
健康红包：0.00(今日将过期0.00)元 🧧



********开始【京东账号87】忘了他芭******

2021-08-29日过期京豆：0

2021-08-30日过期京豆：0

2021-08-31日过期京豆：0

2021-09-01日过期京豆：0

2021-09-02日过期京豆：0

2021-09-03日过期京豆：0

2021-09-04日过期京豆：0

异常：{"code":0,"data":{"bizCode":-1001,"bizMsg":"活动太火爆啦","success":false},"msg":"调用成功"}

==============📣系统通知📣==============
资产变化强化版
📣=============账号87=============📣
账号名称：忘了他芭
今日收入：0京豆 🐶
昨日收入：13京豆 🐶
昨日支出：0京豆 🐶
当前京豆：1187(今日将过期0)京豆🐶
京喜牧场：0枚鸡蛋
极速金币：18722金币(≈1.8722元)
京东赚赚：68200金币(≈6.82元)
东东农场：4升调和油,进度42.00%
京喜工厂：当前未开始生产商品,请手动去京东APP->游戏与互动->查看更多->京喜工厂 开启活动🏭
东东萌宠：2只装 大号收纳袋,勋章2/4块(93.8%)
🧧🧧🧧🧧红包明细🧧🧧🧧🧧
当前总红包：0(今日总过期0.00)元 🧧
京喜红包：0.00(今日将过期0.00)元 🧧
极速红包：0.00(今日将过期0.00)元 🧧
京东红包：0.00(今日将过期0.00)元 🧧
健康红包：0.00(今日将过期0.00)元 🧧



********开始【京东账号88】小东西给爷爬******

2021-08-29日过期京豆：0

2021-08-30日过期京豆：0

2021-08-31日过期京豆：0

2021-09-01日过期京豆：0

2021-09-02日过期京豆：0

2021-09-03日过期京豆：0

2021-09-04日过期京豆：0


==============📣系统通知📣==============
资产变化强化版
📣=============账号88=============📣
账号名称：小东西给爷爬
今日收入：39京豆 🐶
昨日收入：72京豆 🐶
昨日支出：0京豆 🐶
当前京豆：2972(今日将过期0)京豆🐶
京喜牧场：266枚鸡蛋
极速金币：413830金币(≈41.383元)
京东赚赚：137950金币(≈13.795元)
东东农场：5册励志丛书,进度97.00%
京喜工厂：凤梨酥整箱 ,进度:91.67% ,预计:1.21天可兑换🏭
东东工厂：华为礼品-自拍杆 剩余295;电力投入情况 1300000/3280000;当前总电力:1463476 ;完成度:45%🏭
东东萌宠：宠物衣服小恐龙款,勋章3/4块(17.2%)
🧧🧧🧧🧧红包明细🧧🧧🧧🧧
当前总红包：7.81(今日总过期5.35)元 🧧
京喜红包：4.94(今日将过期3.54)元 🧧
极速红包：0.00(今日将过期0.00)元 🧧
京东红包：2.87(今日将过期1.81)元 🧧
健康红包：0.00(今日将过期0.00)元 🧧



********开始【京东账号89】俺叫黄灰红******

2021-08-29日过期京豆：0

2021-08-30日过期京豆：0

2021-08-31日过期京豆：0

2021-09-01日过期京豆：0

2021-09-02日过期京豆：0

2021-09-03日过期京豆：0

2021-09-04日过期京豆：0

异常：{"code":0,"data":{"bizCode":-1001,"bizMsg":"活动太火爆啦","success":false},"msg":"调用成功"}

==============📣系统通知📣==============
资产变化强化版
📣=============账号89=============📣
账号名称：俺叫黄灰红
今日收入：35京豆 🐶
昨日收入：54京豆 🐶
昨日支出：0京豆 🐶
当前京豆：1935(今日将过期0)京豆🐶
极速金币：85066金币(≈8.5066元)
京东赚赚：39200金币(≈3.92元)
东东农场：3斤雪花梨,进度100.00%
京喜工厂：当前未开始生产商品,请手动去京东APP->游戏与互动->查看更多->京喜工厂 开启活动🏭
东东萌宠：超大容量保温杯,勋章2/4块(41.5%)
🧧🧧🧧🧧红包明细🧧🧧🧧🧧
当前总红包：0.52(今日总过期0.27)元 🧧
京喜红包：0.03(今日将过期0.00)元 🧧
极速红包：0.06(今日将过期0.06)元 🧧
京东红包：0.43(今日将过期0.21)元 🧧
健康红包：0.00(今日将过期0.00)元 🧧



********开始【京东账号90】你自己玩吧我不玩******

2021-08-29日过期京豆：0

2021-08-30日过期京豆：0

2021-08-31日过期京豆：5

2021-09-01日过期京豆：5

2021-09-02日过期京豆：0

2021-09-03日过期京豆：0

2021-09-04日过期京豆：27


==============📣系统通知📣==============
资产变化强化版
📣=============账号90=============📣
账号名称：你自己玩吧我不玩
今日收入：63京豆 🐶
昨日收入：75京豆 🐶
昨日支出：0京豆 🐶
当前京豆：36882(今日将过期0)京豆🐶
京喜牧场：288枚鸡蛋
极速金币：276013金币(≈27.6013元)
京东赚赚：148350金币(≈14.835元)
东东农场：3盒龙虾尾,进度87.91%,22天后可兑🍉
京喜工厂：高级香薰精油 ,进度:59.39% ,预计:5.15天可兑换🏭
东东工厂：华为礼品-自拍杆 剩余295;电力投入情况 100000/3280000;当前总电力:201260 ;完成度:6%🏭
东东萌宠：全自动 晴雨伞,勋章3/5块(19.6%)
🧧🧧🧧🧧红包明细🧧🧧🧧🧧
当前总红包：2.09(今日总过期0.60)元 🧧
京喜红包：1.51(今日将过期0.27)元 🧧
极速红包：0.13(今日将过期0.09)元 🧧
京东红包：0.45(今日将过期0.24)元 🧧
健康红包：0.00(今日将过期0.00)元 🧧



********开始【京东账号91】jd_158567hmf******

2021-08-29日过期京豆：0

2021-08-30日过期京豆：0

2021-08-31日过期京豆：0

2021-09-01日过期京豆：0

2021-09-02日过期京豆：0

2021-09-03日过期京豆：0

2021-09-04日过期京豆：0


==============📣系统通知📣==============
资产变化强化版
📣=============账号91=============📣
账号名称：jd_158567hmf
今日收入：39京豆 🐶
昨日收入：63京豆 🐶
昨日支出：0京豆 🐶
当前京豆：2723(今日将过期0)京豆🐶
京喜牧场：251枚鸡蛋
极速金币：325704金币(≈32.5704元)
京东赚赚：131500金币(≈13.15元)
东东农场：3盒龙虾尾,进度32.64%
京喜工厂：维达抽纸5包 ,进度:96.67% ,预计:1.66天可兑换🏭
东东工厂：当前未选择商品(或未开启活动) , 请到京东APP=>首页=>京东电器=>(底栏)东东工厂 选择商品!🏭
🧧🧧🧧🧧红包明细🧧🧧🧧🧧
当前总红包：2.99(今日总过期1.36)元 🧧
京喜红包：2.49(今日将过期1.08)元 🧧
极速红包：0.00(今日将过期0.00)元 🧧
京东红包：0.50(今日将过期0.28)元 🧧
健康红包：0.00(今日将过期0.00)元 🧧



********开始【京东账号92】小小33333770******

2021-08-29日过期京豆：0

2021-08-30日过期京豆：0

2021-08-31日过期京豆：0

2021-09-01日过期京豆：0

2021-09-02日过期京豆：0

2021-09-03日过期京豆：0

2021-09-04日过期京豆：0


==============📣系统通知📣==============
资产变化强化版
📣=============账号92=============📣
账号名称：小小33333770
今日收入：38京豆 🐶
昨日收入：80京豆 🐶
昨日支出：0京豆 🐶
当前京豆：993(今日将过期0)京豆🐶
京喜牧场：0枚鸡蛋
极速金币：231827金币(≈23.1827元)
京东赚赚：266600金币(≈26.66元)
东东农场：4升调和油,进度54.00%
京喜工厂：舒肤佳沐浴露 ,进度:97.16% ,预计:0.69天可兑换🏭
东东工厂：当前未选择商品(或未开启活动) , 请到京东APP=>首页=>京东电器=>(底栏)东东工厂 选择商品!🏭
🧧🧧🧧🧧红包明细🧧🧧🧧🧧
当前总红包：0.77(今日总过期0.30)元 🧧
京喜红包：0.25(今日将过期0.16)元 🧧
极速红包：0.00(今日将过期0.00)元 🧧
京东红包：0.52(今日将过期0.14)元 🧧
健康红包：0.00(今日将过期0.00)元 🧧



********开始【京东账号93】jd_小橘子-******

2021-08-29日过期京豆：0

2021-08-30日过期京豆：0

2021-08-31日过期京豆：0

2021-09-01日过期京豆：0

2021-09-02日过期京豆：0

2021-09-03日过期京豆：0

2021-09-04日过期京豆：0


==============📣系统通知📣==============
资产变化强化版
📣=============账号93=============📣
账号名称：jd_小橘子-
今日收入：37京豆 🐶
昨日收入：95京豆 🐶
昨日支出：0京豆 🐶
当前京豆：5686(今日将过期0)京豆🐶
京喜牧场：469枚鸡蛋
极速金币：38719金币(≈3.8719元)
京东赚赚：146600金币(≈14.66元)
东东农场：3盒龙虾尾,进度49.32%
京喜工厂：牙线棒2盒 ,进度:37.38% ,预计:6.78天可兑换🏭
东东工厂：华为礼品-自拍杆 剩余295;电力投入情况 0/3280000;当前总电力:2228644 ;完成度:68%🏭
东东萌宠：犬猫通用营养膏 120g,勋章2/5块(82.7%)
🧧🧧🧧🧧红包明细🧧🧧🧧🧧
当前总红包：3.18(今日总过期0.60)元 🧧
京喜红包：0.37(今日将过期0.28)元 🧧
极速红包：0.17(今日将过期0.10)元 🧧
京东红包：2.64(今日将过期0.22)元 🧧
健康红包：0.00(今日将过期0.00)元 🧧



********开始【京东账号94】UncleLuka******

2021-08-29日过期京豆：5

2021-08-30日过期京豆：5

2021-08-31日过期京豆：5

2021-09-01日过期京豆：5

2021-09-02日过期京豆：5

2021-09-03日过期京豆：5

2021-09-04日过期京豆：5


==============📣系统通知📣==============
资产变化强化版
📣=============账号94=============📣
账号名称：UncleLuka
今日收入：43京豆 🐶
昨日收入：86京豆 🐶
昨日支出：0京豆 🐶
当前京豆：1638(今日将过期5)京豆🐶
京喜牧场：342枚鸡蛋
极速金币：0金币(≈0元)
京东赚赚：110100金币(≈11.01元)
东东农场：20斤大米,进度12.68%
京喜工厂：洗脸巾2包 ,进度:45.65% ,预计:8.08天可兑换🏭
东东工厂：当前未选择商品(或未开启活动) , 请到京东APP=>首页=>京东电器=>(底栏)东东工厂 选择商品!🏭
东东萌宠：全自动 晴雨伞,勋章4/5块(38.8%)
🧧🧧🧧🧧红包明细🧧🧧🧧🧧
当前总红包：2.97(今日总过期1.28)元 🧧
京喜红包：2.43(今日将过期0.90)元 🧧
极速红包：0.22(今日将过期0.22)元 🧧
京东红包：0.32(今日将过期0.16)元 🧧
健康红包：0.00(今日将过期0.00)元 🧧



********开始【京东账号95】jd_oQenMGpUByJx******

2021-08-29日过期京豆：0

2021-08-30日过期京豆：0

2021-08-31日过期京豆：0

2021-09-01日过期京豆：0

2021-09-02日过期京豆：0

2021-09-03日过期京豆：0

2021-09-04日过期京豆：0


==============📣系统通知📣==============
资产变化强化版
📣=============账号95=============📣
账号名称：jd_oQenMGpUByJx
今日收入：50京豆 🐶
昨日收入：37京豆 🐶
昨日支出：0京豆 🐶
当前京豆：682(今日将过期0)京豆🐶
极速金币：26031金币(≈2.6031元)
京东赚赚：15100金币(≈1.51元)
东东农场：3斤苹果,进度68.50%
京喜工厂：当前未开始生产商品,请手动去京东APP->游戏与互动->查看更多->京喜工厂 开启活动🏭
东东工厂：当前未选择商品(或未开启活动) , 请到京东APP=>首页=>京东电器=>(底栏)东东工厂 选择商品!🏭
🧧🧧🧧🧧红包明细🧧🧧🧧🧧
当前总红包：1.07(今日总过期0.28)元 🧧
京喜红包：0.28(今日将过期0.15)元 🧧
极速红包：0.33(今日将过期0.02)元 🧧
京东红包：0.46(今日将过期0.11)元 🧧
健康红包：0.00(今日将过期0.00)元 🧧



********开始【京东账号96】南萧紫陌客******

2021-08-29日过期京豆：0

2021-08-30日过期京豆：5

2021-08-31日过期京豆：5

2021-09-01日过期京豆：5

2021-09-02日过期京豆：5

2021-09-03日过期京豆：5

2021-09-04日过期京豆：5


==============📣系统通知📣==============
资产变化强化版
📣=============账号96=============📣
账号名称：南萧紫陌客
今日收入：42京豆 🐶
昨日收入：42京豆 🐶
昨日支出：0京豆 🐶
当前京豆：1380(今日将过期0)京豆🐶
极速金币：0金币(≈0元)
京东赚赚：56300金币(≈5.63元)
京喜工厂：当前未开始生产商品,请手动去京东APP->游戏与互动->查看更多->京喜工厂 开启活动🏭
东东工厂：当前未选择商品(或未开启活动) , 请到京东APP=>首页=>京东电器=>(底栏)东东工厂 选择商品!🏭
🧧🧧🧧🧧红包明细🧧🧧🧧🧧
当前总红包：0.49(今日总过期0.26)元 🧧
京喜红包：0.13(今日将过期0.06)元 🧧
极速红包：0.13(今日将过期0.08)元 🧧
京东红包：0.23(今日将过期0.12)元 🧧
健康红包：0.00(今日将过期0.00)元 🧧



********开始【京东账号97】硕果蕾蕾2021******

2021-08-29日过期京豆：0

2021-08-30日过期京豆：5

2021-08-31日过期京豆：5

2021-09-01日过期京豆：5

2021-09-02日过期京豆：5

2021-09-03日过期京豆：5

2021-09-04日过期京豆：5


==============📣系统通知📣==============
资产变化强化版
📣=============账号97=============📣
账号名称：硕果蕾蕾2021
今日收入：70京豆 🐶
昨日收入：43京豆 🐶
昨日支出：0京豆 🐶
当前京豆：699(今日将过期0)京豆🐶
极速金币：0金币(≈0元)
京东赚赚：60800金币(≈6.08元)
东东农场：8册十万个为什么,进度100.00%
京喜工厂：铁艺小风扇 ,进度:100.00%🏭
东东工厂：当前未选择商品(或未开启活动) , 请到京东APP=>首页=>京东电器=>(底栏)东东工厂 选择商品!🏭
🧧🧧🧧🧧红包明细🧧🧧🧧🧧
当前总红包：0.95(今日总过期0.40)元 🧧
京喜红包：0.25(今日将过期0.09)元 🧧
极速红包：0.27(今日将过期0.10)元 🧧
京东红包：0.43(今日将过期0.21)元 🧧
健康红包：0.00(今日将过期0.00)元 🧧



********开始【京东账号98】你妹夫_******

2021-08-29日过期京豆：5

2021-08-30日过期京豆：0

2021-08-31日过期京豆：0

2021-09-01日过期京豆：0

2021-09-02日过期京豆：0

2021-09-03日过期京豆：0

2021-09-04日过期京豆：0


==============📣系统通知📣==============
资产变化强化版
📣=============账号98=============📣
账号名称：你妹夫_
今日收入：47京豆 🐶
昨日收入：65京豆 🐶
昨日支出：0京豆 🐶
当前京豆：8097(今日将过期5)京豆🐶
京喜牧场：264枚鸡蛋
极速金币：132583金币(≈13.2583元)
京东赚赚：371300金币(≈37.13元)
东东农场：移动电源,进度33.41%,1450天后可兑🍉
京喜工厂：undefined ,已经可兑换，请手动兑换🏭
东东工厂：vivo iQOO入耳式耳机 剩余133;电力投入情况 100000/3880000;当前总电力:3073264 ;完成度:79%🏭
东东萌宠：超大容量保温杯,勋章2/4块(21.8%)
🧧🧧🧧🧧红包明细🧧🧧🧧🧧
当前总红包：6.31(今日总过期4.02)元 🧧
京喜红包：3.61(今日将过期1.89)元 🧧
极速红包：0.00(今日将过期0.00)元 🧧
京东红包：2.70(今日将过期2.13)元 🧧
健康红包：0.00(今日将过期0.00)元 🧧



********开始【京东账号99】流云如风12138******

2021-08-29日过期京豆：0

2021-08-30日过期京豆：0

2021-08-31日过期京豆：0

2021-09-01日过期京豆：0

2021-09-02日过期京豆：0

2021-09-03日过期京豆：0

2021-09-04日过期京豆：0


==============📣系统通知📣==============
资产变化强化版
📣=============账号99=============📣
账号名称：流云如风12138
今日收入：36京豆 🐶
昨日收入：168京豆 🐶
昨日支出：0京豆 🐶
当前京豆：74815(今日将过期0)京豆🐶
京喜牧场：0枚鸡蛋
极速金币：0金币(≈0元)
京东赚赚：100200金币(≈10.02元)
东东农场：800g百草味零食,进度97.33%
京喜工厂：运动男短裤 ,进度:90.68% ,预计:5.30天可兑换🏭
东东工厂：当前未选择商品(或未开启活动) , 请到京东APP=>首页=>京东电器=>(底栏)东东工厂 选择商品!🏭
东东萌宠：USB充电风扇,勋章4/4块(100%)
🧧🧧🧧🧧红包明细🧧🧧🧧🧧
当前总红包：2.69(今日总过期0.99)元 🧧
京喜红包：2.02(今日将过期0.77)元 🧧
极速红包：0.19(今日将过期0.10)元 🧧
京东红包：0.48(今日将过期0.12)元 🧧
健康红包：0.00(今日将过期0.00)元 🧧



********开始【京东账号100】莫得钱钱的小男孩******

2021-08-29日过期京豆：0

2021-08-30日过期京豆：5

2021-08-31日过期京豆：5

2021-09-01日过期京豆：5

2021-09-02日过期京豆：5

2021-09-03日过期京豆：5

2021-09-04日过期京豆：5


==============📣系统通知📣==============
资产变化强化版
📣=============账号100=============📣
账号名称：莫得钱钱的小男孩
今日收入：61京豆 🐶
昨日收入：70京豆 🐶
昨日支出：0京豆 🐶
当前京豆：14459(今日将过期0)京豆🐶
京喜牧场：0枚鸡蛋
极速金币：109342金币(≈10.9342元)
京东赚赚：174500金币(≈17.45元)
东东农场：20斤大米,进度55.59%,57天后可兑🍉
京喜工厂：当前未开始生产商品,请手动去京东APP->游戏与互动->查看更多->京喜工厂 开启活动🏭
东东工厂：当前未选择商品(或未开启活动) , 请到京东APP=>首页=>京东电器=>(底栏)东东工厂 选择商品!🏭
东东萌宠：成人声波 电动牙刷,勋章3/5块(19.6%)
🧧🧧🧧🧧红包明细🧧🧧🧧🧧
当前总红包：0.61(今日总过期0.22)元 🧧
京喜红包：0.03(今日将过期0.01)元 🧧
极速红包：0.00(今日将过期0.00)元 🧧
京东红包：0.58(今日将过期0.21)元 🧧
健康红包：0.00(今日将过期0.00)元 🧧



********开始【京东账号101】jd_176339ydh******

2021-08-29日过期京豆：0

2021-08-30日过期京豆：0

2021-08-31日过期京豆：0

2021-09-01日过期京豆：5

2021-09-02日过期京豆：5

2021-09-03日过期京豆：5

2021-09-04日过期京豆：5


==============📣系统通知📣==============
资产变化强化版
📣=============账号101=============📣
账号名称：jd_176339ydh
今日收入：28京豆 🐶
昨日收入：55京豆 🐶
昨日支出：0京豆 🐶
当前京豆：607(今日将过期0)京豆🐶
极速金币：0金币(≈0元)
京东赚赚：12800金币(≈1.28元)
东东农场：3斤猕猴桃,进度41.00%
京喜工厂：当前未开始生产商品,请手动去京东APP->游戏与互动->查看更多->京喜工厂 开启活动🏭
东东工厂：当前未选择商品(或未开启活动) , 请到京东APP=>首页=>京东电器=>(底栏)东东工厂 选择商品!🏭
🧧🧧🧧🧧红包明细🧧🧧🧧🧧
当前总红包：2.80(今日总过期0.58)元 🧧
京喜红包：0.72(今日将过期0.14)元 🧧
极速红包：0.35(今日将过期0.23)元 🧧
京东红包：1.73(今日将过期0.21)元 🧧
健康红包：0.00(今日将过期0.00)元 🧧



********开始【京东账号102】谢天笑666******

2021-08-29日过期京豆：0

2021-08-30日过期京豆：0

2021-08-31日过期京豆：0

2021-09-01日过期京豆：5

2021-09-02日过期京豆：5

2021-09-03日过期京豆：5

2021-09-04日过期京豆：5


==============📣系统通知📣==============
资产变化强化版
📣=============账号102=============📣
账号名称：谢天笑666
今日收入：30京豆 🐶
昨日收入：80京豆 🐶
昨日支出：0京豆 🐶
当前京豆：1661(今日将过期0)京豆🐶
极速金币：0金币(≈0元)
京东赚赚：12800金币(≈1.28元)
东东农场：2斤奇异果,进度40.83%
京喜工厂：当前未开始生产商品,请手动去京东APP->游戏与互动->查看更多->京喜工厂 开启活动🏭
东东工厂：当前未选择商品(或未开启活动) , 请到京东APP=>首页=>京东电器=>(底栏)东东工厂 选择商品!🏭
🧧🧧🧧🧧红包明细🧧🧧🧧🧧
当前总红包：1.55(今日总过期0.39)元 🧧
京喜红包：0.29(今日将过期0.17)元 🧧
极速红包：0.03(今日将过期0.00)元 🧧
京东红包：1.23(今日将过期0.22)元 🧧
健康红包：0.00(今日将过期0.00)元 🧧



********开始【京东账号103】小呆呆哦吼******

2021-08-29日过期京豆：0

2021-08-30日过期京豆：0

2021-08-31日过期京豆：0

2021-09-01日过期京豆：5

2021-09-02日过期京豆：5

2021-09-03日过期京豆：5

2021-09-04日过期京豆：5


==============📣系统通知📣==============
资产变化强化版
📣=============账号103=============📣
账号名称：小呆呆哦吼
今日收入：18京豆 🐶
昨日收入：34京豆 🐶
昨日支出：0京豆 🐶
当前京豆：1883(今日将过期0)京豆🐶
京喜牧场：0枚鸡蛋
极速金币：0金币(≈0元)
京东赚赚：146750金币(≈14.675元)
东东农场：1.5斤大连樱桃,进度72.09%
京喜工厂：纯棉T恤 ,进度:100.00%🏭
东东工厂：当前未选择商品(或未开启活动) , 请到京东APP=>首页=>京东电器=>(底栏)东东工厂 选择商品!🏭
东东萌宠：3层抽纸巾30包,勋章4/4块(100%)
🧧🧧🧧🧧红包明细🧧🧧🧧🧧
当前总红包：0.55(今日总过期0.23)元 🧧
京喜红包：0.03(今日将过期0.02)元 🧧
极速红包：0.10(今日将过期0.00)元 🧧
京东红包：0.42(今日将过期0.21)元 🧧
健康红包：0.00(今日将过期0.00)元 🧧



********开始【京东账号104】jd_QMmEhMiFeTOL******

2021-08-29日过期京豆：0

2021-08-30日过期京豆：0

2021-08-31日过期京豆：0

2021-09-01日过期京豆：0

2021-09-02日过期京豆：0

2021-09-03日过期京豆：0

2021-09-04日过期京豆：0


==============📣系统通知📣==============
资产变化强化版
📣=============账号104=============📣
账号名称：jd_QMmEhMiFeTOL
今日收入：33京豆 🐶
昨日收入：46京豆 🐶
昨日支出：0京豆 🐶
当前京豆：4215(今日将过期0)京豆🐶
京喜牧场：0枚鸡蛋
极速金币：0金币(≈0元)
京东赚赚：100900金币(≈10.09元)
东东农场：3盒龙虾尾,进度17.91%
京喜工厂：当前未开始生产商品,请手动去京东APP->游戏与互动->查看更多->京喜工厂 开启活动🏭
东东工厂：当前未选择商品(或未开启活动) , 请到京东APP=>首页=>京东电器=>(底栏)东东工厂 选择商品!🏭
🧧🧧🧧🧧红包明细🧧🧧🧧🧧
当前总红包：0.65(今日总过期0.35)元 🧧
京喜红包：0.02(今日将过期0.01)元 🧧
极速红包：0.17(今日将过期0.10)元 🧧
京东红包：0.46(今日将过期0.24)元 🧧
健康红包：0.00(今日将过期0.00)元 🧧



********开始【京东账号105】jd_cyPTqrmacepp******

2021-08-29日过期京豆：0

2021-08-30日过期京豆：0

2021-08-31日过期京豆：0

2021-09-01日过期京豆：5

2021-09-02日过期京豆：5

2021-09-03日过期京豆：5

2021-09-04日过期京豆：5


==============📣系统通知📣==============
资产变化强化版
📣=============账号105=============📣
账号名称：jd_cyPTqrmacepp
今日收入：37京豆 🐶
昨日收入：39京豆 🐶
昨日支出：0京豆 🐶
当前京豆：897(今日将过期0)京豆🐶
京喜牧场：1枚鸡蛋
极速金币：0金币(≈0元)
京东赚赚：12800金币(≈1.28元)
东东农场：4升调和油,进度24.17%
京喜工厂：当前未开始生产商品,请手动去京东APP->游戏与互动->查看更多->京喜工厂 开启活动🏭
东东工厂：当前未选择商品(或未开启活动) , 请到京东APP=>首页=>京东电器=>(底栏)东东工厂 选择商品!🏭
东东萌宠：3层抽纸巾30包,勋章1/4块(73.2%)
🧧🧧🧧🧧红包明细🧧🧧🧧🧧
当前总红包：1.83(今日总过期0.25)元 🧧
京喜红包：0.74(今日将过期0.14)元 🧧
极速红包：0.07(今日将过期0.00)元 🧧
京东红包：1.02(今日将过期0.11)元 🧧
健康红包：0.00(今日将过期0.00)元 🧧



********开始【京东账号106】KingonDavis******

2021-08-29日过期京豆：0

2021-08-30日过期京豆：0

2021-08-31日过期京豆：0

2021-09-01日过期京豆：0

2021-09-02日过期京豆：0

2021-09-03日过期京豆：0

2021-09-04日过期京豆：0


==============📣系统通知📣==============
资产变化强化版
📣=============账号106=============📣
账号名称：KingonDavis
今日收入：31京豆 🐶
昨日收入：43京豆 🐶
昨日支出：0京豆 🐶
当前京豆：2330(今日将过期0)京豆🐶
极速金币：340925金币(≈34.0925元)
京东赚赚：90700金币(≈9.07元)
东东农场：3斤甜瓜,进度100.00%
京喜工厂：当前未开始生产商品,请手动去京东APP->游戏与互动->查看更多->京喜工厂 开启活动🏭
东东工厂：当前未选择商品(或未开启活动) , 请到京东APP=>首页=>京东电器=>(底栏)东东工厂 选择商品!🏭
🧧🧧🧧🧧红包明细🧧🧧🧧🧧
当前总红包：0.51(今日总过期0.22)元 🧧
京喜红包：0.26(今日将过期0.11)元 🧧
极速红包：0.02(今日将过期0.00)元 🧧
京东红包：0.23(今日将过期0.11)元 🧧
健康红包：0.00(今日将过期0.00)元 🧧



********开始【京东账号107】Amor鸣哥******

2021-08-29日过期京豆：5

2021-08-30日过期京豆：0

2021-08-31日过期京豆：0

2021-09-01日过期京豆：5

2021-09-02日过期京豆：5

2021-09-03日过期京豆：5

2021-09-04日过期京豆：5


==============📣系统通知📣==============
资产变化强化版
📣=============账号107=============📣
账号名称：Amor鸣哥
今日收入：35京豆 🐶
昨日收入：109京豆 🐶
昨日支出：0京豆 🐶
当前京豆：1916(今日将过期5)京豆🐶
极速金币：9258金币(≈0.9258元)
京东赚赚：17800金币(≈1.78元)
东东农场：3斤蜜瓜,进度6.67%
京喜工厂：当前未开始生产商品,请手动去京东APP->游戏与互动->查看更多->京喜工厂 开启活动🏭
东东工厂：华为礼品-自拍杆 剩余295;电力投入情况 100000/3280000;当前总电力:268234 ;完成度:8%🏭
🧧🧧🧧🧧红包明细🧧🧧🧧🧧
当前总红包：2.60(今日总过期0.53)元 🧧
京喜红包：0.86(今日将过期0.31)元 🧧
极速红包：0.13(今日将过期0.11)元 🧧
京东红包：1.61(今日将过期0.11)元 🧧
健康红包：0.00(今日将过期0.00)元 🧧



********开始【京东账号108】洛伦兹力做功酶******

2021-08-29日过期京豆：0

2021-08-30日过期京豆：0

2021-08-31日过期京豆：0

2021-09-01日过期京豆：0

2021-09-02日过期京豆：0

2021-09-03日过期京豆：0

2021-09-04日过期京豆：0


==============📣系统通知📣==============
资产变化强化版
📣=============账号108=============📣
账号名称：洛伦兹力做功酶
今日收入：86京豆 🐶
昨日收入：55京豆 🐶
昨日支出：0京豆 🐶
当前京豆：25420(今日将过期0)京豆🐶
京喜牧场：84枚鸡蛋
极速金币：483461金币(≈48.3461元)
京东赚赚：147450金币(≈14.745元)
东东农场：4升调和油,进度10.36%
京喜工厂：娃哈哈AD钙奶 ,进度:23.81% ,预计:8.47天可兑换🏭
东东工厂：当前未选择商品(或未开启活动) , 请到京东APP=>首页=>京东电器=>(底栏)东东工厂 选择商品!🏭
东东萌宠：2只装 大号收纳袋,勋章3/4块(36.2%)
🧧🧧🧧🧧红包明细🧧🧧🧧🧧
当前总红包：2.73(今日总过期0.94)元 🧧
京喜红包：2.18(今日将过期0.68)元 🧧
极速红包：0.00(今日将过期0.00)元 🧧
京东红包：0.55(今日将过期0.26)元 🧧
健康红包：0.00(今日将过期0.00)元 🧧



********开始【京东账号109】jd_6496ef5c0478b******

2021-08-29日过期京豆：0

2021-08-30日过期京豆：0

2021-08-31日过期京豆：0

2021-09-01日过期京豆：0

2021-09-02日过期京豆：0

2021-09-03日过期京豆：5

2021-09-04日过期京豆：5


==============📣系统通知📣==============
资产变化强化版
📣=============账号109=============📣
账号名称：jd_6496ef5c0478b
今日收入：54京豆 🐶
昨日收入：113京豆 🐶
昨日支出：0京豆 🐶
当前京豆：1487(今日将过期0)京豆🐶
京喜牧场：0枚鸡蛋
极速金币：50金币(≈0.005元)
京东赚赚：12800金币(≈1.28元)
东东农场：150个口罩,进度61.33%
京喜工厂：当前未开始生产商品,请手动去京东APP->游戏与互动->查看更多->京喜工厂 开启活动🏭
东东工厂：当前未选择商品(或未开启活动) , 请到京东APP=>首页=>京东电器=>(底栏)东东工厂 选择商品!🏭
东东萌宠：成人声波 电动牙刷,勋章1/5块(76.3%)
🧧🧧🧧🧧红包明细🧧🧧🧧🧧
当前总红包：1.50(今日总过期0.99)元 🧧
京喜红包：0.03(今日将过期0.02)元 🧧
极速红包：0.35(今日将过期0.01)元 🧧
京东红包：1.12(今日将过期0.96)元 🧧
健康红包：0.00(今日将过期0.00)元 🧧



********开始【京东账号110】好帅deB******

2021-08-29日过期京豆：5

2021-08-30日过期京豆：5

2021-08-31日过期京豆：0

2021-09-01日过期京豆：0

2021-09-02日过期京豆：0

2021-09-03日过期京豆：0

2021-09-04日过期京豆：0


==============📣系统通知📣==============
资产变化强化版
📣=============账号110=============📣
账号名称：好帅deB
今日收入：56京豆 🐶
昨日收入：66京豆 🐶
昨日支出：0京豆 🐶
当前京豆：2358(今日将过期5)京豆🐶
京喜牧场：115枚鸡蛋
极速金币：153127金币(≈15.3127元)
京东赚赚：173400金币(≈17.34元)
东东农场：3盒龙虾尾,进度20.23%
京喜工厂：undefined ,已经可兑换，请手动兑换🏭
东东工厂：当前未选择商品(或未开启活动) , 请到京东APP=>首页=>京东电器=>(底栏)东东工厂 选择商品!🏭
东东萌宠：犬猫通用营养膏 120g,勋章3/5块(83.7%)
🧧🧧🧧🧧红包明细🧧🧧🧧🧧
当前总红包：2.11(今日总过期0.62)元 🧧
京喜红包：1.64(今日将过期0.42)元 🧧
极速红包：0.00(今日将过期0.00)元 🧧
京东红包：0.47(今日将过期0.20)元 🧧
健康红包：0.00(今日将过期0.00)元 🧧



********开始【京东账号111】RinOrz******

2021-08-29日过期京豆：0

2021-08-30日过期京豆：0

2021-08-31日过期京豆：0

2021-09-01日过期京豆：5

2021-09-02日过期京豆：5

2021-09-03日过期京豆：5

2021-09-04日过期京豆：5


==============📣系统通知📣==============
资产变化强化版
📣=============账号111=============📣
账号名称：RinOrz
今日收入：52京豆 🐶
昨日收入：65京豆 🐶
昨日支出：0京豆 🐶
当前京豆：1560(今日将过期0)京豆🐶
极速金币：0金币(≈0元)
京东赚赚：59000金币(≈5.9元)
东东农场：20斤大米,进度54.33%,16天后可兑🍉
京喜工厂：当前未开始生产商品,请手动去京东APP->游戏与互动->查看更多->京喜工厂 开启活动🏭
东东工厂：当前未选择商品(或未开启活动) , 请到京东APP=>首页=>京东电器=>(底栏)东东工厂 选择商品!🏭
🧧🧧🧧🧧红包明细🧧🧧🧧🧧
当前总红包：2.20(今日总过期0.36)元 🧧
京喜红包：0.66(今日将过期0.14)元 🧧
极速红包：0.10(今日将过期0.00)元 🧧
京东红包：1.44(今日将过期0.22)元 🧧
健康红包：0.00(今日将过期0.00)元 🧧


京东服务器返回空数据

********开始【京东账号112】jd_6950c7c6d4e9d******

2021-08-29日过期京豆：0

2021-08-30日过期京豆：0

2021-08-31日过期京豆：0

2021-09-01日过期京豆：0

2021-09-02日过期京豆：0

2021-09-03日过期京豆：0

2021-09-04日过期京豆：0


==============📣系统通知📣==============
资产变化强化版
📣=============账号112=============📣
账号名称：jd_6950c7c6d4e9d
今日收入：53京豆 🐶
昨日收入：112京豆 🐶
昨日支出：0京豆 🐶
当前京豆：0(今日将过期0)京豆🐶
京喜牧场：106枚鸡蛋
极速金币：4353金币(≈0.4353元)
京东赚赚：74100金币(≈7.41元)
东东农场：16套餐具,进度65.25%
京喜工厂：双层加厚蒸锅 ,进度:90.13% ,预计:1.51天可兑换🏭
东东工厂：当前未选择商品(或未开启活动) , 请到京东APP=>首页=>京东电器=>(底栏)东东工厂 选择商品!🏭
东东萌宠：超大容量保温杯,勋章3/4块(22.5%)
🧧🧧🧧🧧红包明细🧧🧧🧧🧧
当前总红包：12.99(今日总过期2.61)元 🧧
京喜红包：10.41(今日将过期2.61)元 🧧
极速红包：0.00(今日将过期0.00)元 🧧
京东红包：2.58(今日将过期0.00)元 🧧
健康红包：0.00(今日将过期0.00)元 🧧



********开始【京东账号113】jd_NYuxfBKcYuZO******

2021-08-29日过期京豆：0

2021-08-30日过期京豆：0

2021-08-31日过期京豆：0

2021-09-01日过期京豆：0

2021-09-02日过期京豆：0

2021-09-03日过期京豆：5

2021-09-04日过期京豆：5


==============📣系统通知📣==============
资产变化强化版
📣=============账号113=============📣
账号名称：jd_NYuxfBKcYuZO
今日收入：85京豆 🐶
昨日收入：240京豆 🐶
昨日支出：0京豆 🐶
当前京豆：1897(今日将过期0)京豆🐶
京喜牧场：41枚鸡蛋
极速金币：45545金币(≈4.5545元)
京东赚赚：127400金币(≈12.74元)
东东农场：11.6斤洗衣液,进度60.50%
京喜工厂：当前未开始生产商品,请手动去京东APP->游戏与互动->查看更多->京喜工厂 开启活动🏭
东东工厂：当前未选择商品(或未开启活动) , 请到京东APP=>首页=>京东电器=>(底栏)东东工厂 选择商品!🏭
东东萌宠：全自动 晴雨伞,勋章2/5块(47.6%)
🧧🧧🧧🧧红包明细🧧🧧🧧🧧
当前总红包：2.12(今日总过期0.68)元 🧧
京喜红包：1.69(今日将过期0.46)元 🧧
极速红包：0.00(今日将过期0.00)元 🧧
京东红包：0.43(今日将过期0.22)元 🧧
健康红包：0.00(今日将过期0.00)元 🧧



********开始【京东账号114】jd_187719lhv******

2021-08-29日过期京豆：0

2021-08-30日过期京豆：0

2021-08-31日过期京豆：0

2021-09-01日过期京豆：5

2021-09-02日过期京豆：5

2021-09-03日过期京豆：5

2021-09-04日过期京豆：5


==============📣系统通知📣==============
资产变化强化版
📣=============账号114=============📣
账号名称：jd_187719lhv
今日收入：53京豆 🐶
昨日收入：50京豆 🐶
昨日支出：0京豆 🐶
当前京豆：521(今日将过期0)京豆🐶
京喜牧场：0枚鸡蛋
极速金币：0金币(≈0元)
京东赚赚：9800金币(≈0.98元)
东东农场：14包抽纸,进度62.67%
京喜工厂：当前未开始生产商品,请手动去京东APP->游戏与互动->查看更多->京喜工厂 开启活动🏭
东东工厂：当前未选择商品(或未开启活动) , 请到京东APP=>首页=>京东电器=>(底栏)东东工厂 选择商品!🏭
🧧🧧🧧🧧红包明细🧧🧧🧧🧧
当前总红包：3.16(今日总过期1.27)元 🧧
京喜红包：1.53(今日将过期1.15)元 🧧
极速红包：0.10(今日将过期0.00)元 🧧
京东红包：1.53(今日将过期0.12)元 🧧
健康红包：0.00(今日将过期0.00)元 🧧



********开始【京东账号115】jd_sHLvpeNfvecm******

2021-08-29日过期京豆：0

2021-08-30日过期京豆：0

2021-08-31日过期京豆：0

2021-09-01日过期京豆：0

2021-09-02日过期京豆：0

2021-09-03日过期京豆：0

2021-09-04日过期京豆：0

异常：{"code":0,"data":{"bizCode":-1001,"bizMsg":"活动太火爆啦","success":false},"msg":"调用成功"}

==============📣系统通知📣==============
资产变化强化版
📣=============账号115=============📣
账号名称：jd_sHLvpeNfvecm
今日收入：0京豆 🐶
昨日收入：0京豆 🐶
昨日支出：0京豆 🐶
当前京豆：52(今日将过期0)京豆🐶
京喜牧场：0枚鸡蛋
极速金币：0金币(≈0元)
京东赚赚：9800金币(≈0.98元)
京喜工厂：当前未开始生产商品,请手动去京东APP->游戏与互动->查看更多->京喜工厂 开启活动🏭
🧧🧧🧧🧧红包明细🧧🧧🧧🧧
当前总红包：0(今日总过期0.00)元 🧧
京喜红包：0.00(今日将过期0.00)元 🧧
极速红包：0.00(今日将过期0.00)元 🧧
京东红包：0.00(今日将过期0.00)元 🧧
健康红包：0.00(今日将过期0.00)元 🧧



********开始【京东账号116】lithium锂离子******

2021-08-29日过期京豆：0

2021-08-30日过期京豆：5

2021-08-31日过期京豆：5

2021-09-01日过期京豆：5

2021-09-02日过期京豆：5

2021-09-03日过期京豆：5

2021-09-04日过期京豆：5


==============📣系统通知📣==============
资产变化强化版
📣=============账号116=============📣
账号名称：lithium锂离子
今日收入：35京豆 🐶
昨日收入：59京豆 🐶
昨日支出：0京豆 🐶
当前京豆：2147(今日将过期0)京豆🐶
京喜牧场：0枚鸡蛋
极速金币：45532金币(≈4.5532元)
京东赚赚：49100金币(≈4.91元)
东东农场：4支玉米,进度100.00%
京喜工厂：落日氛围灯 ,进度:26.54% ,预计:10.67天可兑换🏭
东东工厂：当前未选择商品(或未开启活动) , 请到京东APP=>首页=>京东电器=>(底栏)东东工厂 选择商品!🏭
东东萌宠：3层抽纸巾30包,勋章2/4块(55.1%)
🧧🧧🧧🧧红包明细🧧🧧🧧🧧
当前总红包：1.88(今日总过期0.88)元 🧧
京喜红包：1.60(今日将过期0.66)元 🧧
极速红包：0.00(今日将过期0.00)元 🧧
京东红包：0.28(今日将过期0.22)元 🧧
健康红包：0.00(今日将过期0.00)元 🧧



********开始【京东账号117】drt6******

2021-08-29日过期京豆：0

2021-08-30日过期京豆：0

2021-08-31日过期京豆：0

2021-09-01日过期京豆：0

2021-09-02日过期京豆：0

2021-09-03日过期京豆：0

2021-09-04日过期京豆：5


==============📣系统通知📣==============
资产变化强化版
📣=============账号117=============📣
账号名称：drt6
今日收入：53京豆 🐶
昨日收入：57京豆 🐶
昨日支出：0京豆 🐶
当前京豆：233(今日将过期0)京豆🐶
京喜牧场：127枚鸡蛋
极速金币：52890金币(≈5.289元)
京东赚赚：49100金币(≈4.91元)
东东农场：4升调和油,进度2.23%
京喜工厂：中华牙膏2支 ,进度:68.34% ,预计:3.50天可兑换🏭
东东工厂：当前未选择商品(或未开启活动) , 请到京东APP=>首页=>京东电器=>(底栏)东东工厂 选择商品!🏭
东东萌宠：USB充电风扇,勋章2/4块(60.5%)
🧧🧧🧧🧧红包明细🧧🧧🧧🧧
当前总红包：3.29(今日总过期0.22)元 🧧
京喜红包：2.88(今日将过期0.00)元 🧧
极速红包：0.02(今日将过期0.00)元 🧧
京东红包：0.39(今日将过期0.22)元 🧧
健康红包：0.00(今日将过期0.00)元 🧧



********开始【京东账号118】红梅qaq******

2021-08-29日过期京豆：0

2021-08-30日过期京豆：0

2021-08-31日过期京豆：0

2021-09-01日过期京豆：5

2021-09-02日过期京豆：5

2021-09-03日过期京豆：5

2021-09-04日过期京豆：5


==============📣系统通知📣==============
资产变化强化版
📣=============账号118=============📣
账号名称：红梅qaq
今日收入：135京豆 🐶
昨日收入：43京豆 🐶
昨日支出：0京豆 🐶
当前京豆：676(今日将过期0)京豆🐶
京喜牧场：21枚鸡蛋
极速金币：0金币(≈0元)
京东赚赚：9800金币(≈0.98元)
东东农场：4升调和油,进度17.67%
京喜工厂：凤梨酥整箱 ,进度:86.53% ,预计:1.95天可兑换🏭
东东工厂：当前未选择商品(或未开启活动) , 请到京东APP=>首页=>京东电器=>(底栏)东东工厂 选择商品!🏭
东东萌宠：2只装 大号收纳袋,勋章1/4块(26.3%)
🧧🧧🧧🧧红包明细🧧🧧🧧🧧
当前总红包：2.01(今日总过期1.80)元 🧧
京喜红包：1.80(今日将过期1.69)元 🧧
极速红包：0.04(今日将过期0.00)元 🧧
京东红包：0.17(今日将过期0.11)元 🧧
健康红包：0.00(今日将过期0.00)元 🧧



********开始【京东账号119】笑无谌******

2021-08-29日过期京豆：0

2021-08-30日过期京豆：0

2021-08-31日过期京豆：0

2021-09-01日过期京豆：0

2021-09-02日过期京豆：0

2021-09-03日过期京豆：0

2021-09-04日过期京豆：0


==============📣系统通知📣==============
资产变化强化版
📣=============账号119=============📣
账号名称：笑无谌
今日收入：19京豆 🐶
昨日收入：22京豆 🐶
昨日支出：0京豆 🐶
当前京豆：10106(今日将过期0)京豆🐶
京喜牧场：0枚鸡蛋
极速金币：527462金币(≈52.7462元)
京东赚赚：147100金币(≈14.71元)
东东农场：3盒龙虾尾,进度4.86%
京喜工厂：当前未开始生产商品,请手动去京东APP->游戏与互动->查看更多->京喜工厂 开启活动🏭
东东工厂：当前未选择商品(或未开启活动) , 请到京东APP=>首页=>京东电器=>(底栏)东东工厂 选择商品!🏭
🧧🧧🧧🧧红包明细🧧🧧🧧🧧
当前总红包：0.15(今日总过期0.07)元 🧧
京喜红包：0.03(今日将过期0.01)元 🧧
极速红包：0.00(今日将过期0.00)元 🧧
京东红包：0.12(今日将过期0.06)元 🧧
健康红包：0.00(今日将过期0.00)元 🧧



********开始【京东账号120】jd_5c433efd297d8******

2021-08-29日过期京豆：0

2021-08-30日过期京豆：0

2021-08-31日过期京豆：0

2021-09-01日过期京豆：0

2021-09-02日过期京豆：0

2021-09-03日过期京豆：0

2021-09-04日过期京豆：0


==============📣系统通知📣==============
资产变化强化版
📣=============账号120=============📣
账号名称：jd_5c433efd297d8
今日收入：64京豆 🐶
昨日收入：44京豆 🐶
昨日支出：0京豆 🐶
当前京豆：3025(今日将过期0)京豆🐶
京喜牧场：0枚鸡蛋
极速金币：12767金币(≈1.2767元)
京东赚赚：107100金币(≈10.71元)
东东农场：5斤红酥梨,进度100.00%
京喜工厂：当前未开始生产商品,请手动去京东APP->游戏与互动->查看更多->京喜工厂 开启活动🏭
东东工厂：当前未选择商品(或未开启活动) , 请到京东APP=>首页=>京东电器=>(底栏)东东工厂 选择商品!🏭
东东萌宠：超大容量保温杯,勋章4/4块(100%)
🧧🧧🧧🧧红包明细🧧🧧🧧🧧
当前总红包：1.18(今日总过期0.66)元 🧧
京喜红包：0.86(今日将过期0.54)元 🧧
极速红包：0.00(今日将过期0.00)元 🧧
京东红包：0.32(今日将过期0.12)元 🧧
健康红包：0.00(今日将过期0.00)元 🧧



********开始【京东账号121】风间柚木******

2021-08-29日过期京豆：0

2021-08-30日过期京豆：0

2021-08-31日过期京豆：0

2021-09-01日过期京豆：0

2021-09-02日过期京豆：0

2021-09-03日过期京豆：0

2021-09-04日过期京豆：0


==============📣系统通知📣==============
资产变化强化版
📣=============账号121=============📣
账号名称：风间柚木
今日收入：33京豆 🐶
昨日收入：50京豆 🐶
昨日支出：0京豆 🐶
当前京豆：1068(今日将过期0)京豆🐶
极速金币：13166金币(≈1.3166元)
京东赚赚：9800金币(≈0.98元)
东东农场：2.5斤苹果,进度51.67%
京喜工厂：当前未开始生产商品,请手动去京东APP->游戏与互动->查看更多->京喜工厂 开启活动🏭
东东工厂：当前未选择商品(或未开启活动) , 请到京东APP=>首页=>京东电器=>(底栏)东东工厂 选择商品!🏭
东东萌宠：芒果草莓干甘栗仁,勋章1/5块(90.7%)
🧧🧧🧧🧧红包明细🧧🧧🧧🧧
当前总红包：1.40(今日总过期0.20)元 🧧
京喜红包：0.25(今日将过期0.09)元 🧧
极速红包：0.00(今日将过期0.00)元 🧧
京东红包：1.15(今日将过期0.11)元 🧧
健康红包：0.00(今日将过期0.00)元 🧧


message too long, exceed 20000 bytes


🔔资产变化强化版, 结束! 🕛 1201.5 秒


## 执行结束... 2021-08-29 06:50:02 耗时 1202 秒
